--------
Total Statistics
--------
Total Instructions: 2172105007
Total Cycles: 5226446913
IPC: 0.415599

--------
Single level Tlb hierarchy
--------
  Data Tlb:
    Entries:          64
    Page Size(B):   4096
    Associativity:      4

Latencies:    0   50
Tlb-Sets:   16 - LRU - assoc:   4

Tlb Stats:
Tlb-Load-Hits:         567190320   94.21%
Tlb-Load-Misses:        34832724    5.79%
Tlb-Load-Accesses:     602023044  100.00%

Tlb-Store-Hits:         130400812   99.68%
Tlb-Store-Misses:          421300    0.32%
Tlb-Store-Accesses:     130822112  100.00%

Tlb-Total-Hits:         697591132   95.19%
Tlb-Total-Misses:        35254024    4.81%
Tlb-Total-Accesses:     732845156  100.00%



--------
Two level Cache hierarchy
--------
  L1-Data Cache:
    Size(KB):          64
    Block Size(B):     64
    Associativity:      4

  L2-Data Cache:
    Size(KB):        1024
    Block Size(B):    128
    Associativity:      8

Latencies:    1   10  150
L1-Sets:  256 - LRU - assoc:   4
L2-Sets: 1024 - LRU - assoc:   8
Store_allocation: Yes
L2_inclusive: Yes
L2_prefetching: No

L1 Cache Stats:
L1-Load-Hits:         568313939   94.40%
L1-Load-Misses:        33709105    5.60%
L1-Load-Accesses:     602023044  100.00%

L1-Store-Hits:         130157852   99.49%
L1-Store-Misses:          664260    0.51%
L1-Store-Accesses:     130822112  100.00%

L1-Total-Hits:         698471791   95.31%
L1-Total-Misses:        34373365    4.69%
L1-Total-Accesses:     732845156  100.00%

L2 Cache Stats:
L2-Load-Hits:          32480264   96.35%
L2-Load-Misses:         1228841    3.65%
L2-Load-Accesses:      33709105  100.00%

L2-Store-Hits:            459355   69.15%
L2-Store-Misses:          204905   30.85%
L2-Store-Accesses:        664260  100.00%

L2-Total-Hits:          32939619   95.83%
L2-Total-Misses:         1433746    4.17%
L2-Total-Accesses:      34373365  100.00%

