--------
Total Statistics
--------
Total Instructions: 2172105007
Total Cycles: 5296070893
IPC: 0.410135

--------
Single level Tlb hierarchy
--------
  Data Tlb:
    Entries:          64
    Page Size(B):   4096
    Associativity:      4

Latencies:    0   50
Tlb-Sets:   16 - LRU - assoc:   4

Tlb Stats:
Tlb-Load-Hits:         567190319   94.21%
Tlb-Load-Misses:        34832725    5.79%
Tlb-Load-Accesses:     602023044  100.00%

Tlb-Store-Hits:         130400812   99.68%
Tlb-Store-Misses:          421300    0.32%
Tlb-Store-Accesses:     130822112  100.00%

Tlb-Total-Hits:         697591131   95.19%
Tlb-Total-Misses:        35254025    4.81%
Tlb-Total-Accesses:     732845156  100.00%



--------
Two level Cache hierarchy
--------
  L1-Data Cache:
    Size(KB):          16
    Block Size(B):     32
    Associativity:      4

  L2-Data Cache:
    Size(KB):        1024
    Block Size(B):    128
    Associativity:      8

Latencies:    1   10  150
L1-Sets:  128 - LRU - assoc:   4
L2-Sets: 1024 - LRU - assoc:   8
Store_allocation: Yes
L2_inclusive: Yes
L2_prefetching: No

L1 Cache Stats:
L1-Load-Hits:         561870037   93.33%
L1-Load-Misses:        40153007    6.67%
L1-Load-Accesses:     602023044  100.00%

L1-Store-Hits:         129639361   99.10%
L1-Store-Misses:         1182751    0.90%
L1-Store-Accesses:     130822112  100.00%

L1-Total-Hits:         691509398   94.36%
L1-Total-Misses:        41335758    5.64%
L1-Total-Accesses:     732845156  100.00%

L2 Cache Stats:
L2-Load-Hits:          38924167   96.94%
L2-Load-Misses:         1228840    3.06%
L2-Load-Accesses:      40153007  100.00%

L2-Store-Hits:            977845   82.68%
L2-Store-Misses:          204906   17.32%
L2-Store-Accesses:       1182751  100.00%

L2-Total-Hits:          39902012   96.53%
L2-Total-Misses:         1433746    3.47%
L2-Total-Accesses:      41335758  100.00%

