--------
Total Statistics
--------
Total Instructions: 2172104973
Total Cycles: 5296014370
IPC: 0.41014

--------
Single level Tlb hierarchy
--------
  Data Tlb:
    Entries:          64
    Page Size(B):   4096
    Associativity:      4

Latencies:    0   50
Tlb-Sets:   16 - LRU - assoc:   4

Tlb Stats:
Tlb-Load-Hits:         567190406   94.21%
Tlb-Load-Misses:        34832624    5.79%
Tlb-Load-Accesses:     602023030  100.00%

Tlb-Store-Hits:         130400806   99.68%
Tlb-Store-Misses:          421301    0.32%
Tlb-Store-Accesses:     130822107  100.00%

Tlb-Total-Hits:         697591212   95.19%
Tlb-Total-Misses:        35253925    4.81%
Tlb-Total-Accesses:     732845137  100.00%



--------
Two level Cache hierarchy
--------
  L1-Data Cache:
    Size(KB):          16
    Block Size(B):     64
    Associativity:      4

  L2-Data Cache:
    Size(KB):        1024
    Block Size(B):    128
    Associativity:      8

Latencies:    1   10  150
L1-Sets:   64 - LRU - assoc:   4
L2-Sets: 1024 - LRU - assoc:   8
Store_allocation: Yes
L2_inclusive: Yes
L2_prefetching: No

L1 Cache Stats:
L1-Load-Hits:         561414870   93.25%
L1-Load-Misses:        40608160    6.75%
L1-Load-Accesses:     602023030  100.00%

L1-Store-Hits:         130099656   99.45%
L1-Store-Misses:          722451    0.55%
L1-Store-Accesses:     130822107  100.00%

L1-Total-Hits:         691514526   94.36%
L1-Total-Misses:        41330611    5.64%
L1-Total-Accesses:     732845137  100.00%

L2 Cache Stats:
L2-Load-Hits:          39379319   96.97%
L2-Load-Misses:         1228841    3.03%
L2-Load-Accesses:      40608160  100.00%

L2-Store-Hits:            517546   71.64%
L2-Store-Misses:          204905   28.36%
L2-Store-Accesses:        722451  100.00%

L2-Total-Hits:          39896865   96.53%
L2-Total-Misses:         1433746    3.47%
L2-Total-Accesses:      41330611  100.00%

