--------
Total Statistics
--------
Total Instructions: 2172105007
Total Cycles: 4926201923
IPC: 0.440929

--------
Single level Tlb hierarchy
--------
  Data Tlb:
    Entries:          64
    Page Size(B):   4096
    Associativity:      4

Latencies:    0   50
Tlb-Sets:   16 - LRU - assoc:   4

Tlb Stats:
Tlb-Load-Hits:         567190320   94.21%
Tlb-Load-Misses:        34832724    5.79%
Tlb-Load-Accesses:     602023044  100.00%

Tlb-Store-Hits:         130400812   99.68%
Tlb-Store-Misses:          421300    0.32%
Tlb-Store-Accesses:     130822112  100.00%

Tlb-Total-Hits:         697591132   95.19%
Tlb-Total-Misses:        35254024    4.81%
Tlb-Total-Accesses:     732845156  100.00%



--------
Two level Cache hierarchy
--------
  L1-Data Cache:
    Size(KB):          32
    Block Size(B):     64
    Associativity:      8

  L2-Data Cache:
    Size(KB):        1024
    Block Size(B):    128
    Associativity:      8

Latencies:    1   10  150
L1-Sets:   64 - LRU - assoc:   8
L2-Sets: 1024 - LRU - assoc:   8
Store_allocation: Yes
L2_inclusive: Yes
L2_prefetching: No

L1 Cache Stats:
L1-Load-Hits:         598315180   99.38%
L1-Load-Misses:         3707864    0.62%
L1-Load-Accesses:     602023044  100.00%

L1-Store-Hits:         130190080   99.52%
L1-Store-Misses:          632032    0.48%
L1-Store-Accesses:     130822112  100.00%

L1-Total-Hits:         728505260   99.41%
L1-Total-Misses:         4339896    0.59%
L1-Total-Accesses:     732845156  100.00%

L2 Cache Stats:
L2-Load-Hits:           2478426   66.84%
L2-Load-Misses:         1229438   33.16%
L2-Load-Accesses:       3707864  100.00%

L2-Store-Hits:            427126   67.58%
L2-Store-Misses:          204906   32.42%
L2-Store-Accesses:        632032  100.00%

L2-Total-Hits:           2905552   66.95%
L2-Total-Misses:         1434344   33.05%
L2-Total-Accesses:       4339896  100.00%

