--------
Total Statistics
--------
Total Instructions: 2172104973
Total Cycles: 5235993390
IPC: 0.414841

--------
Single level Tlb hierarchy
--------
  Data Tlb:
    Entries:          64
    Page Size(B):   4096
    Associativity:      4

Latencies:    0   50
Tlb-Sets:   16 - LRU - assoc:   4

Tlb Stats:
Tlb-Load-Hits:         567190306   94.21%
Tlb-Load-Misses:        34832724    5.79%
Tlb-Load-Accesses:     602023030  100.00%

Tlb-Store-Hits:         130400807   99.68%
Tlb-Store-Misses:          421300    0.32%
Tlb-Store-Accesses:     130822107  100.00%

Tlb-Total-Hits:         697591113   95.19%
Tlb-Total-Misses:        35254024    4.81%
Tlb-Total-Accesses:     732845137  100.00%



--------
Two level Cache hierarchy
--------
  L1-Data Cache:
    Size(KB):          32
    Block Size(B):     32
    Associativity:      4

  L2-Data Cache:
    Size(KB):        1024
    Block Size(B):    128
    Associativity:      8

Latencies:    1   10  150
L1-Sets:  256 - LRU - assoc:   4
L2-Sets: 1024 - LRU - assoc:   8
Store_allocation: Yes
L2_inclusive: Yes
L2_prefetching: No

L1 Cache Stats:
L1-Load-Hits:         567803993   94.32%
L1-Load-Misses:        34219037    5.68%
L1-Load-Accesses:     602023030  100.00%

L1-Store-Hits:         129713096   99.15%
L1-Store-Misses:         1109011    0.85%
L1-Store-Accesses:     130822107  100.00%

L1-Total-Hits:         697517089   95.18%
L1-Total-Misses:        35328048    4.82%
L1-Total-Accesses:     732845137  100.00%

L2 Cache Stats:
L2-Load-Hits:          32990197   96.41%
L2-Load-Misses:         1228840    3.59%
L2-Load-Accesses:      34219037  100.00%

L2-Store-Hits:            904107   81.52%
L2-Store-Misses:          204904   18.48%
L2-Store-Accesses:       1109011  100.00%

L2-Total-Hits:          33894304   95.94%
L2-Total-Misses:         1433744    4.06%
L2-Total-Accesses:      35328048  100.00%

