--------
Total Statistics
--------
Total Instructions: 2172105007
Total Cycles: 5225202713
IPC: 0.415698

--------
Single level Tlb hierarchy
--------
  Data Tlb:
    Entries:          64
    Page Size(B):   4096
    Associativity:      4

Latencies:    0   50
Tlb-Sets:   16 - LRU - assoc:   4

Tlb Stats:
Tlb-Load-Hits:         567190320   94.21%
Tlb-Load-Misses:        34832724    5.79%
Tlb-Load-Accesses:     602023044  100.00%

Tlb-Store-Hits:         130400812   99.68%
Tlb-Store-Misses:          421300    0.32%
Tlb-Store-Accesses:     130822112  100.00%

Tlb-Total-Hits:         697591132   95.19%
Tlb-Total-Misses:        35254024    4.81%
Tlb-Total-Accesses:     732845156  100.00%



--------
Two level Cache hierarchy
--------
  L1-Data Cache:
    Size(KB):          32
    Block Size(B):    128
    Associativity:      4

  L2-Data Cache:
    Size(KB):        1024
    Block Size(B):    128
    Associativity:      8

Latencies:    1   10  150
L1-Sets:   64 - LRU - assoc:   4
L2-Sets: 1024 - LRU - assoc:   8
Store_allocation: Yes
L2_inclusive: Yes
L2_prefetching: No

L1 Cache Stats:
L1-Load-Hits:         568085705   94.36%
L1-Load-Misses:        33937339    5.64%
L1-Load-Accesses:     602023044  100.00%

L1-Store-Hits:         130510506   99.76%
L1-Store-Misses:          311606    0.24%
L1-Store-Accesses:     130822112  100.00%

L1-Total-Hits:         698596211   95.33%
L1-Total-Misses:        34248945    4.67%
L1-Total-Accesses:     732845156  100.00%

L2 Cache Stats:
L2-Load-Hits:          32708499   96.38%
L2-Load-Misses:         1228840    3.62%
L2-Load-Accesses:      33937339  100.00%

L2-Store-Hits:            106700   34.24%
L2-Store-Misses:          204906   65.76%
L2-Store-Accesses:        311606  100.00%

L2-Total-Hits:          32815199   95.81%
L2-Total-Misses:         1433746    4.19%
L2-Total-Accesses:      34248945  100.00%

