--------
Total Statistics
--------
Total Instructions: 2172105007
Total Cycles: 4926033043
IPC: 0.440944

--------
Single level Tlb hierarchy
--------
  Data Tlb:
    Entries:          64
    Page Size(B):   4096
    Associativity:      4

Latencies:    0   50
Tlb-Sets:   16 - LRU - assoc:   4

Tlb Stats:
Tlb-Load-Hits:         567190320   94.21%
Tlb-Load-Misses:        34832724    5.79%
Tlb-Load-Accesses:     602023044  100.00%

Tlb-Store-Hits:         130400812   99.68%
Tlb-Store-Misses:          421300    0.32%
Tlb-Store-Accesses:     130822112  100.00%

Tlb-Total-Hits:         697591132   95.19%
Tlb-Total-Misses:        35254024    4.81%
Tlb-Total-Accesses:     732845156  100.00%



--------
Two level Cache hierarchy
--------
  L1-Data Cache:
    Size(KB):          64
    Block Size(B):     64
    Associativity:      8

  L2-Data Cache:
    Size(KB):        1024
    Block Size(B):    128
    Associativity:      8

Latencies:    1   10  150
L1-Sets:  128 - LRU - assoc:   8
L2-Sets: 1024 - LRU - assoc:   8
Store_allocation: Yes
L2_inclusive: Yes
L2_prefetching: No

L1 Cache Stats:
L1-Load-Hits:         598319296   99.38%
L1-Load-Misses:         3703748    0.62%
L1-Load-Accesses:     602023044  100.00%

L1-Store-Hits:         130199822   99.52%
L1-Store-Misses:          622290    0.48%
L1-Store-Accesses:     130822112  100.00%

L1-Total-Hits:         728519118   99.41%
L1-Total-Misses:         4326038    0.59%
L1-Total-Accesses:     732845156  100.00%

L2 Cache Stats:
L2-Load-Hits:           2474510   66.81%
L2-Load-Misses:         1229238   33.19%
L2-Load-Accesses:       3703748  100.00%

L2-Store-Hits:            417386   67.07%
L2-Store-Misses:          204904   32.93%
L2-Store-Accesses:        622290  100.00%

L2-Total-Hits:           2891896   66.85%
L2-Total-Misses:         1434142   33.15%
L2-Total-Accesses:       4326038  100.00%

