--------
Total Statistics
--------
Total Instructions: 11723409626
Total Cycles: 16275011151
IPC: 0.720332

--------
Single level Tlb hierarchy
--------
  Data Tlb:
    Entries:          64
    Page Size(B):   4096
    Associativity:      4

Latencies:    0   50
Tlb-Sets:   16 - LRU - assoc:   4

Tlb Stats:
Tlb-Load-Hits:        2184709411   99.39%
Tlb-Load-Misses:        13503577    0.61%
Tlb-Load-Accesses:    2198212988  100.00%

Tlb-Store-Hits:         516242096   99.97%
Tlb-Store-Misses:          180231    0.03%
Tlb-Store-Accesses:     516422327  100.00%

Tlb-Total-Hits:        2700951507   99.50%
Tlb-Total-Misses:        13683808    0.50%
Tlb-Total-Accesses:    2714635315  100.00%



--------
Two level Cache hierarchy
--------
  L1-Data Cache:
    Size(KB):          16
    Block Size(B):    128
    Associativity:      4

  L2-Data Cache:
    Size(KB):        1024
    Block Size(B):    128
    Associativity:      8

Latencies:    1   10  150
L1-Sets:   32 - LRU - assoc:   4
L2-Sets: 1024 - LRU - assoc:   8
Store_allocation: Yes
L2_inclusive: Yes
L2_prefetching: No

L1 Cache Stats:
L1-Load-Hits:        2102763132   95.66%
L1-Load-Misses:        95449856    4.34%
L1-Load-Accesses:    2198212988  100.00%

L1-Store-Hits:         512825997   99.30%
L1-Store-Misses:         3596330    0.70%
L1-Store-Accesses:     516422327  100.00%

L1-Total-Hits:        2615589129   96.35%
L1-Total-Misses:        99046186    3.65%
L1-Total-Accesses:    2714635315  100.00%

L2 Cache Stats:
L2-Load-Hits:          94836549   99.36%
L2-Load-Misses:          613307    0.64%
L2-Load-Accesses:      95449856  100.00%

L2-Store-Hits:           3127544   86.96%
L2-Store-Misses:          468786   13.04%
L2-Store-Accesses:       3596330  100.00%

L2-Total-Hits:          97964093   98.91%
L2-Total-Misses:         1082093    1.09%
L2-Total-Accesses:      99046186  100.00%

