--------
Total Statistics
--------
Total Instructions: 11723409626
Total Cycles: 16231692331
IPC: 0.722254

--------
Single level Tlb hierarchy
--------
  Data Tlb:
    Entries:          64
    Page Size(B):   4096
    Associativity:      4

Latencies:    0   50
Tlb-Sets:   16 - LRU - assoc:   4

Tlb Stats:
Tlb-Load-Hits:        2184689098   99.38%
Tlb-Load-Misses:        13523890    0.62%
Tlb-Load-Accesses:    2198212988  100.00%

Tlb-Store-Hits:         516162078   99.95%
Tlb-Store-Misses:          260249    0.05%
Tlb-Store-Accesses:     516422327  100.00%

Tlb-Total-Hits:        2700851176   99.49%
Tlb-Total-Misses:        13784139    0.51%
Tlb-Total-Accesses:    2714635315  100.00%



--------
Two level Cache hierarchy
--------
  L1-Data Cache:
    Size(KB):          32
    Block Size(B):    128
    Associativity:      4

  L2-Data Cache:
    Size(KB):        1024
    Block Size(B):    128
    Associativity:      8

Latencies:    1   10  150
L1-Sets:   64 - LRU - assoc:   4
L2-Sets: 1024 - LRU - assoc:   8
Store_allocation: Yes
L2_inclusive: Yes
L2_prefetching: No

L1 Cache Stats:
L1-Load-Hits:        2107320677   95.87%
L1-Load-Misses:        90892311    4.13%
L1-Load-Accesses:    2198212988  100.00%

L1-Store-Hits:         513094144   99.36%
L1-Store-Misses:         3328183    0.64%
L1-Store-Accesses:     516422327  100.00%

L1-Total-Hits:        2620414821   96.53%
L1-Total-Misses:        94220494    3.47%
L1-Total-Accesses:    2714635315  100.00%

L2 Cache Stats:
L2-Load-Hits:          90279550   99.33%
L2-Load-Misses:          612761    0.67%
L2-Load-Accesses:      90892311  100.00%

L2-Store-Hits:           2859374   85.91%
L2-Store-Misses:          468809   14.09%
L2-Store-Accesses:       3328183  100.00%

L2-Total-Hits:          93138924   98.85%
L2-Total-Misses:         1081570    1.15%
L2-Total-Accesses:      94220494  100.00%

