--------
Total Statistics
--------
Total Instructions: 11723409660
Total Cycles: 16689658254
IPC: 0.702436

--------
Single level Tlb hierarchy
--------
  Data Tlb:
    Entries:          64
    Page Size(B):   4096
    Associativity:      4

Latencies:    0   50
Tlb-Sets:   16 - LRU - assoc:   4

Tlb Stats:
Tlb-Load-Hits:        2184707598   99.39%
Tlb-Load-Misses:        13505404    0.61%
Tlb-Load-Accesses:    2198213002  100.00%

Tlb-Store-Hits:         516242021   99.97%
Tlb-Store-Misses:          180311    0.03%
Tlb-Store-Accesses:     516422332  100.00%

Tlb-Total-Hits:        2700949619   99.50%
Tlb-Total-Misses:        13685715    0.50%
Tlb-Total-Accesses:    2714635334  100.00%



--------
Two level Cache hierarchy
--------
  L1-Data Cache:
    Size(KB):          16
    Block Size(B):     32
    Associativity:      4

  L2-Data Cache:
    Size(KB):        1024
    Block Size(B):    128
    Associativity:      8

Latencies:    1   10  150
L1-Sets:  128 - LRU - assoc:   4
L2-Sets: 1024 - LRU - assoc:   8
Store_allocation: Yes
L2_inclusive: Yes
L2_prefetching: No

L1 Cache Stats:
L1-Load-Hits:        2070172547   94.18%
L1-Load-Misses:       128040455    5.82%
L1-Load-Accesses:    2198213002  100.00%

L1-Store-Hits:         503949311   97.58%
L1-Store-Misses:        12473021    2.42%
L1-Store-Accesses:     516422332  100.00%

L1-Total-Hits:        2574121858   94.82%
L1-Total-Misses:       140513476    5.18%
L1-Total-Accesses:    2714635334  100.00%

L2 Cache Stats:
L2-Load-Hits:         127427710   99.52%
L2-Load-Misses:          612745    0.48%
L2-Load-Accesses:     128040455  100.00%

L2-Store-Hits:          12004481   96.24%
L2-Store-Misses:          468540    3.76%
L2-Store-Accesses:      12473021  100.00%

L2-Total-Hits:         139432191   99.23%
L2-Total-Misses:         1081285    0.77%
L2-Total-Accesses:     140513476  100.00%

