--------
Total Statistics
--------
Total Instructions: 11723409626
Total Cycles: 16308797811
IPC: 0.71884

--------
Single level Tlb hierarchy
--------
  Data Tlb:
    Entries:          64
    Page Size(B):   4096
    Associativity:      4

Latencies:    0   50
Tlb-Sets:   16 - LRU - assoc:   4

Tlb Stats:
Tlb-Load-Hits:        2184692752   99.38%
Tlb-Load-Misses:        13520236    0.62%
Tlb-Load-Accesses:    2198212988  100.00%

Tlb-Store-Hits:         516241717   99.97%
Tlb-Store-Misses:          180610    0.03%
Tlb-Store-Accesses:     516422327  100.00%

Tlb-Total-Hits:        2700934469   99.50%
Tlb-Total-Misses:        13700846    0.50%
Tlb-Total-Accesses:    2714635315  100.00%



--------
Two level Cache hierarchy
--------
  L1-Data Cache:
    Size(KB):          64
    Block Size(B):     64
    Associativity:      4

  L2-Data Cache:
    Size(KB):        1024
    Block Size(B):    128
    Associativity:      8

Latencies:    1   10  150
L1-Sets:  256 - LRU - assoc:   4
L2-Sets: 1024 - LRU - assoc:   8
Store_allocation: Yes
L2_inclusive: Yes
L2_prefetching: No

L1 Cache Stats:
L1-Load-Hits:        2101465745   95.60%
L1-Load-Misses:        96747243    4.40%
L1-Load-Accesses:    2198212988  100.00%

L1-Store-Hits:         510866268   98.92%
L1-Store-Misses:         5556059    1.08%
L1-Store-Accesses:     516422327  100.00%

L1-Total-Hits:        2612332013   96.23%
L1-Total-Misses:       102303302    3.77%
L1-Total-Accesses:    2714635315  100.00%

L2 Cache Stats:
L2-Load-Hits:          96131281   99.36%
L2-Load-Misses:          615962    0.64%
L2-Load-Accesses:      96747243  100.00%

L2-Store-Hits:           5087504   91.57%
L2-Store-Misses:          468555    8.43%
L2-Store-Accesses:       5556059  100.00%

L2-Total-Hits:         101218785   98.94%
L2-Total-Misses:         1084517    1.06%
L2-Total-Accesses:     102303302  100.00%

