--------
Total Statistics
--------
Total Instructions: 11723409626
Total Cycles: 16506275721
IPC: 0.71024

--------
Single level Tlb hierarchy
--------
  Data Tlb:
    Entries:          64
    Page Size(B):   4096
    Associativity:      4

Latencies:    0   50
Tlb-Sets:   16 - LRU - assoc:   4

Tlb Stats:
Tlb-Load-Hits:        2184778869   99.39%
Tlb-Load-Misses:        13434119    0.61%
Tlb-Load-Accesses:    2198212988  100.00%

Tlb-Store-Hits:         516161900   99.95%
Tlb-Store-Misses:          260427    0.05%
Tlb-Store-Accesses:     516422327  100.00%

Tlb-Total-Hits:        2700940769   99.50%
Tlb-Total-Misses:        13694546    0.50%
Tlb-Total-Accesses:    2714635315  100.00%



--------
Two level Cache hierarchy
--------
  L1-Data Cache:
    Size(KB):          16
    Block Size(B):     64
    Associativity:      4

  L2-Data Cache:
    Size(KB):        1024
    Block Size(B):    128
    Associativity:      8

Latencies:    1   10  150
L1-Sets:   64 - LRU - assoc:   4
L2-Sets: 1024 - LRU - assoc:   8
Store_allocation: Yes
L2_inclusive: Yes
L2_prefetching: No

L1 Cache Stats:
L1-Load-Hits:        2083251119   94.77%
L1-Load-Misses:       114961869    5.23%
L1-Load-Accesses:    2198212988  100.00%

L1-Store-Hits:         509249283   98.61%
L1-Store-Misses:         7173044    1.39%
L1-Store-Accesses:     516422327  100.00%

L1-Total-Hits:        2592500402   95.50%
L1-Total-Misses:       122134913    4.50%
L1-Total-Accesses:    2714635315  100.00%

L2 Cache Stats:
L2-Load-Hits:         114349613   99.47%
L2-Load-Misses:          612256    0.53%
L2-Load-Accesses:     114961869  100.00%

L2-Store-Hits:           6704271   93.46%
L2-Store-Misses:          468773    6.54%
L2-Store-Accesses:       7173044  100.00%

L2-Total-Hits:         121053884   99.11%
L2-Total-Misses:         1081029    0.89%
L2-Total-Accesses:     122134913  100.00%

