--------
Total Statistics
--------
Total Instructions: 11723409626
Total Cycles: 16357023911
IPC: 0.71672

--------
Single level Tlb hierarchy
--------
  Data Tlb:
    Entries:          64
    Page Size(B):   4096
    Associativity:      4

Latencies:    0   50
Tlb-Sets:   16 - LRU - assoc:   4

Tlb Stats:
Tlb-Load-Hits:        2184714829   99.39%
Tlb-Load-Misses:        13498159    0.61%
Tlb-Load-Accesses:    2198212988  100.00%

Tlb-Store-Hits:         516161900   99.95%
Tlb-Store-Misses:          260427    0.05%
Tlb-Store-Accesses:     516422327  100.00%

Tlb-Total-Hits:        2700876729   99.49%
Tlb-Total-Misses:        13758586    0.51%
Tlb-Total-Accesses:    2714635315  100.00%



--------
Two level Cache hierarchy
--------
  L1-Data Cache:
    Size(KB):          64
    Block Size(B):     64
    Associativity:      8

  L2-Data Cache:
    Size(KB):        1024
    Block Size(B):    128
    Associativity:      8

Latencies:    1   10  150
L1-Sets:  128 - LRU - assoc:   8
L2-Sets: 1024 - LRU - assoc:   8
Store_allocation: Yes
L2_inclusive: Yes
L2_prefetching: No

L1 Cache Stats:
L1-Load-Hits:        2096655275   95.38%
L1-Load-Misses:       101557713    4.62%
L1-Load-Accesses:    2198212988  100.00%

L1-Store-Hits:         511128038   98.97%
L1-Store-Misses:         5294289    1.03%
L1-Store-Accesses:     516422327  100.00%

L1-Total-Hits:        2607783313   96.06%
L1-Total-Misses:       106852002    3.94%
L1-Total-Accesses:    2714635315  100.00%

L2 Cache Stats:
L2-Load-Hits:         100942932   99.39%
L2-Load-Misses:          614781    0.61%
L2-Load-Accesses:     101557713  100.00%

L2-Store-Hits:           4825539   91.15%
L2-Store-Misses:          468750    8.85%
L2-Store-Accesses:       5294289  100.00%

L2-Total-Hits:         105768471   98.99%
L2-Total-Misses:         1083531    1.01%
L2-Total-Accesses:     106852002  100.00%

