--------
Total Statistics
--------
Total Instructions: 11723409626
Total Cycles: 16464007871
IPC: 0.712063

--------
Single level Tlb hierarchy
--------
  Data Tlb:
    Entries:          64
    Page Size(B):   4096
    Associativity:      4

Latencies:    0   50
Tlb-Sets:   16 - LRU - assoc:   4

Tlb Stats:
Tlb-Load-Hits:        2184770007   99.39%
Tlb-Load-Misses:        13442981    0.61%
Tlb-Load-Accesses:    2198212988  100.00%

Tlb-Store-Hits:         516242100   99.97%
Tlb-Store-Misses:          180227    0.03%
Tlb-Store-Accesses:     516422327  100.00%

Tlb-Total-Hits:        2701012107   99.50%
Tlb-Total-Misses:        13623208    0.50%
Tlb-Total-Accesses:    2714635315  100.00%



--------
Two level Cache hierarchy
--------
  L1-Data Cache:
    Size(KB):          32
    Block Size(B):     64
    Associativity:      8

  L2-Data Cache:
    Size(KB):        1024
    Block Size(B):    128
    Associativity:      8

Latencies:    1   10  150
L1-Sets:   64 - LRU - assoc:   8
L2-Sets: 1024 - LRU - assoc:   8
Store_allocation: Yes
L2_inclusive: Yes
L2_prefetching: No

L1 Cache Stats:
L1-Load-Hits:        2086327271   94.91%
L1-Load-Misses:       111885717    5.09%
L1-Load-Accesses:    2198212988  100.00%

L1-Store-Hits:         510048686   98.77%
L1-Store-Misses:         6373641    1.23%
L1-Store-Accesses:     516422327  100.00%

L1-Total-Hits:        2596375957   95.64%
L1-Total-Misses:       118259358    4.36%
L1-Total-Accesses:    2714635315  100.00%

L2 Cache Stats:
L2-Load-Hits:         111273013   99.45%
L2-Load-Misses:          612704    0.55%
L2-Load-Accesses:     111885717  100.00%

L2-Store-Hits:           5904952   92.65%
L2-Store-Misses:          468689    7.35%
L2-Store-Accesses:       6373641  100.00%

L2-Total-Hits:         117177965   99.09%
L2-Total-Misses:         1081393    0.91%
L2-Total-Accesses:     118259358  100.00%

