--------
Total Statistics
--------
Total Instructions: 11723409660
Total Cycles: 16535414504
IPC: 0.708988

--------
Single level Tlb hierarchy
--------
  Data Tlb:
    Entries:          64
    Page Size(B):   4096
    Associativity:      4

Latencies:    0   50
Tlb-Sets:   16 - LRU - assoc:   4

Tlb Stats:
Tlb-Load-Hits:        2184780284   99.39%
Tlb-Load-Misses:        13432718    0.61%
Tlb-Load-Accesses:    2198213002  100.00%

Tlb-Store-Hits:         516241650   99.97%
Tlb-Store-Misses:          180682    0.03%
Tlb-Store-Accesses:     516422332  100.00%

Tlb-Total-Hits:        2701021934   99.50%
Tlb-Total-Misses:        13613400    0.50%
Tlb-Total-Accesses:    2714635334  100.00%



--------
Two level Cache hierarchy
--------
  L1-Data Cache:
    Size(KB):          32
    Block Size(B):     32
    Associativity:      4

  L2-Data Cache:
    Size(KB):        1024
    Block Size(B):    128
    Associativity:      8

Latencies:    1   10  150
L1-Sets:  256 - LRU - assoc:   4
L2-Sets: 1024 - LRU - assoc:   8
Store_allocation: Yes
L2_inclusive: Yes
L2_prefetching: No

L1 Cache Stats:
L1-Load-Hits:        2082795163   94.75%
L1-Load-Misses:       115417839    5.25%
L1-Load-Accesses:    2198213002  100.00%

L1-Store-Hits:         506373730   98.05%
L1-Store-Misses:        10048602    1.95%
L1-Store-Accesses:     516422332  100.00%

L1-Total-Hits:        2589168893   95.38%
L1-Total-Misses:       125466441    4.62%
L1-Total-Accesses:    2714635334  100.00%

L2 Cache Stats:
L2-Load-Hits:         114806286   99.47%
L2-Load-Misses:          611553    0.53%
L2-Load-Accesses:     115417839  100.00%

L2-Store-Hits:           9579921   95.34%
L2-Store-Misses:          468681    4.66%
L2-Store-Accesses:      10048602  100.00%

L2-Total-Hits:         124386207   99.14%
L2-Total-Misses:         1080234    0.86%
L2-Total-Accesses:     125466441  100.00%

