--------
Total Statistics
--------
Total Instructions: 11723409626
Total Cycles: 16206361751
IPC: 0.723383

--------
Single level Tlb hierarchy
--------
  Data Tlb:
    Entries:          64
    Page Size(B):   4096
    Associativity:      4

Latencies:    0   50
Tlb-Sets:   16 - LRU - assoc:   4

Tlb Stats:
Tlb-Load-Hits:        2184747305   99.39%
Tlb-Load-Misses:        13465683    0.61%
Tlb-Load-Accesses:    2198212988  100.00%

Tlb-Store-Hits:         516162170   99.95%
Tlb-Store-Misses:          260157    0.05%
Tlb-Store-Accesses:     516422327  100.00%

Tlb-Total-Hits:        2700909475   99.49%
Tlb-Total-Misses:        13725840    0.51%
Tlb-Total-Accesses:    2714635315  100.00%



--------
Two level Cache hierarchy
--------
  L1-Data Cache:
    Size(KB):          64
    Block Size(B):    128
    Associativity:      4

  L2-Data Cache:
    Size(KB):        1024
    Block Size(B):    128
    Associativity:      8

Latencies:    1   10  150
L1-Sets:  128 - LRU - assoc:   4
L2-Sets: 1024 - LRU - assoc:   8
Store_allocation: Yes
L2_inclusive: Yes
L2_prefetching: No

L1 Cache Stats:
L1-Load-Hits:        2109092353   95.95%
L1-Load-Misses:        89120635    4.05%
L1-Load-Accesses:    2198212988  100.00%

L1-Store-Hits:         513604261   99.45%
L1-Store-Misses:         2818066    0.55%
L1-Store-Accesses:     516422327  100.00%

L1-Total-Hits:        2622696614   96.61%
L1-Total-Misses:        91938701    3.39%
L1-Total-Accesses:    2714635315  100.00%

L2 Cache Stats:
L2-Load-Hits:          88505293   99.31%
L2-Load-Misses:          615342    0.69%
L2-Load-Accesses:      89120635  100.00%

L2-Store-Hits:           2349156   83.36%
L2-Store-Misses:          468910   16.64%
L2-Store-Accesses:       2818066  100.00%

L2-Total-Hits:          90854449   98.82%
L2-Total-Misses:         1084252    1.18%
L2-Total-Accesses:      91938701  100.00%

