--------
Total Statistics
--------
Total Instructions: 1682276506
Total Cycles: 9320889402
IPC: 0.180485

--------
Single level Tlb hierarchy
--------
  Data Tlb:
    Entries:          64
    Page Size(B):   4096
    Associativity:      4

Latencies:    0   50
Tlb-Sets:   16 - LRU - assoc:   4

Tlb Stats:
Tlb-Load-Hits:         280747122   87.31%
Tlb-Load-Misses:        40808347   12.69%
Tlb-Load-Accesses:     321555469  100.00%

Tlb-Store-Hits:         132164589  100.00%
Tlb-Store-Misses:              18    0.00%
Tlb-Store-Accesses:     132164607  100.00%

Tlb-Total-Hits:         412911711   91.01%
Tlb-Total-Misses:        40808365    8.99%
Tlb-Total-Accesses:     453720076  100.00%



--------
Two level Cache hierarchy
--------
  L1-Data Cache:
    Size(KB):          32
    Block Size(B):    128
    Associativity:      4

  L2-Data Cache:
    Size(KB):        1024
    Block Size(B):    128
    Associativity:      8

Latencies:    1   10  150
L1-Sets:   64 - LRU - assoc:   4
L2-Sets: 1024 - LRU - assoc:   8
Store_allocation: Yes
L2_inclusive: Yes
L2_prefetching: No

L1 Cache Stats:
L1-Load-Hits:         286254099   89.02%
L1-Load-Misses:        35301370   10.98%
L1-Load-Accesses:     321555469  100.00%

L1-Store-Hits:         132141185   99.98%
L1-Store-Misses:           23422    0.02%
L1-Store-Accesses:     132164607  100.00%

L1-Total-Hits:         418395284   92.21%
L1-Total-Misses:        35324792    7.79%
L1-Total-Accesses:     453720076  100.00%

L2 Cache Stats:
L2-Load-Hits:           3363413    9.53%
L2-Load-Misses:        31937957   90.47%
L2-Load-Accesses:      35301370  100.00%

L2-Store-Hits:             19868   84.83%
L2-Store-Misses:            3554   15.17%
L2-Store-Accesses:         23422  100.00%

L2-Total-Hits:           3383281    9.58%
L2-Total-Misses:        31941511   90.42%
L2-Total-Accesses:      35324792  100.00%

