--------
Total Statistics
--------
Total Instructions: 1682276472
Total Cycles: 9789280809
IPC: 0.171849

--------
Single level Tlb hierarchy
--------
  Data Tlb:
    Entries:          64
    Page Size(B):   4096
    Associativity:      4

Latencies:    0   50
Tlb-Sets:   16 - LRU - assoc:   4

Tlb Stats:
Tlb-Load-Hits:         278298864   86.55%
Tlb-Load-Misses:        43256591   13.45%
Tlb-Load-Accesses:     321555455  100.00%

Tlb-Store-Hits:         132164582  100.00%
Tlb-Store-Misses:              20    0.00%
Tlb-Store-Accesses:     132164602  100.00%

Tlb-Total-Hits:         410463446   90.47%
Tlb-Total-Misses:        43256611    9.53%
Tlb-Total-Accesses:     453720057  100.00%



--------
Two level Cache hierarchy
--------
  L1-Data Cache:
    Size(KB):          64
    Block Size(B):     64
    Associativity:      4

  L2-Data Cache:
    Size(KB):        1024
    Block Size(B):    128
    Associativity:      8

Latencies:    1   10  150
L1-Sets:  256 - LRU - assoc:   4
L2-Sets: 1024 - LRU - assoc:   8
Store_allocation: Yes
L2_inclusive: Yes
L2_prefetching: No

L1 Cache Stats:
L1-Load-Hits:         251713435   78.28%
L1-Load-Misses:        69842020   21.72%
L1-Load-Accesses:     321555455  100.00%

L1-Store-Hits:         132146044   99.99%
L1-Store-Misses:           18558    0.01%
L1-Store-Accesses:     132164602  100.00%

L1-Total-Hits:         383859479   84.60%
L1-Total-Misses:        69860578   15.40%
L1-Total-Accesses:     453720057  100.00%

L2 Cache Stats:
L2-Load-Hits:          37901650   54.27%
L2-Load-Misses:        31940370   45.73%
L2-Load-Accesses:      69842020  100.00%

L2-Store-Hits:             13275   71.53%
L2-Store-Misses:            5283   28.47%
L2-Store-Accesses:         18558  100.00%

L2-Total-Hits:          37914925   54.27%
L2-Total-Misses:        31945653   45.73%
L2-Total-Accesses:      69860578  100.00%

