--------
Total Statistics
--------
Total Instructions: 1682276472
Total Cycles: 9635615739
IPC: 0.174589

--------
Single level Tlb hierarchy
--------
  Data Tlb:
    Entries:          64
    Page Size(B):   4096
    Associativity:      4

Latencies:    0   50
Tlb-Sets:   16 - LRU - assoc:   4

Tlb Stats:
Tlb-Load-Hits:         281448388   87.53%
Tlb-Load-Misses:        40107067   12.47%
Tlb-Load-Accesses:     321555455  100.00%

Tlb-Store-Hits:         132164571  100.00%
Tlb-Store-Misses:              31    0.00%
Tlb-Store-Accesses:     132164602  100.00%

Tlb-Total-Hits:         413612959   91.16%
Tlb-Total-Misses:        40107098    8.84%
Tlb-Total-Accesses:     453720057  100.00%



--------
Two level Cache hierarchy
--------
  L1-Data Cache:
    Size(KB):          64
    Block Size(B):     64
    Associativity:      8

  L2-Data Cache:
    Size(KB):        1024
    Block Size(B):    128
    Associativity:      8

Latencies:    1   10  150
L1-Sets:  128 - LRU - assoc:   8
L2-Sets: 1024 - LRU - assoc:   8
Store_allocation: Yes
L2_inclusive: Yes
L2_prefetching: No

L1 Cache Stats:
L1-Load-Hits:         250991326   78.06%
L1-Load-Misses:        70564129   21.94%
L1-Load-Accesses:     321555455  100.00%

L1-Store-Hits:         132159720  100.00%
L1-Store-Misses:            4882    0.00%
L1-Store-Accesses:     132164602  100.00%

L1-Total-Hits:         383151046   84.45%
L1-Total-Misses:        70569011   15.55%
L1-Total-Accesses:     453720057  100.00%

L2 Cache Stats:
L2-Load-Hits:          38642231   54.76%
L2-Load-Misses:        31921898   45.24%
L2-Load-Accesses:      70564129  100.00%

L2-Store-Hits:              2952   60.47%
L2-Store-Misses:            1930   39.53%
L2-Store-Accesses:          4882  100.00%

L2-Total-Hits:          38645183   54.76%
L2-Total-Misses:        31923828   45.24%
L2-Total-Accesses:      70569011  100.00%

