--------
Total Statistics
--------
Total Instructions: 1682276472
Total Cycles: 9765833429
IPC: 0.172261

--------
Single level Tlb hierarchy
--------
  Data Tlb:
    Entries:          64
    Page Size(B):   4096
    Associativity:      4

Latencies:    0   50
Tlb-Sets:   16 - LRU - assoc:   4

Tlb Stats:
Tlb-Load-Hits:         278594527   86.64%
Tlb-Load-Misses:        42960928   13.36%
Tlb-Load-Accesses:     321555455  100.00%

Tlb-Store-Hits:         132164571  100.00%
Tlb-Store-Misses:              31    0.00%
Tlb-Store-Accesses:     132164602  100.00%

Tlb-Total-Hits:         410759098   90.53%
Tlb-Total-Misses:        42960959    9.47%
Tlb-Total-Accesses:     453720057  100.00%



--------
Two level Cache hierarchy
--------
  L1-Data Cache:
    Size(KB):         128
    Block Size(B):     64
    Associativity:      8

  L2-Data Cache:
    Size(KB):        1024
    Block Size(B):    128
    Associativity:      8

Latencies:    1   10  150
L1-Sets:  256 - LRU - assoc:   8
L2-Sets: 1024 - LRU - assoc:   8
Store_allocation: Yes
L2_inclusive: Yes
L2_prefetching: No

L1 Cache Stats:
L1-Load-Hits:         252327839   78.47%
L1-Load-Misses:        69227616   21.53%
L1-Load-Accesses:     321555455  100.00%

L1-Store-Hits:         132163443  100.00%
L1-Store-Misses:            1159    0.00%
L1-Store-Accesses:     132164602  100.00%

L1-Total-Hits:         384491282   84.74%
L1-Total-Misses:        69228775   15.26%
L1-Total-Accesses:     453720057  100.00%

L2 Cache Stats:
L2-Load-Hits:          37298081   53.88%
L2-Load-Misses:        31929535   46.12%
L2-Load-Accesses:      69227616  100.00%

L2-Store-Hits:               686   59.19%
L2-Store-Misses:             473   40.81%
L2-Store-Accesses:          1159  100.00%

L2-Total-Hits:          37298767   53.88%
L2-Total-Misses:        31930008   46.12%
L2-Total-Accesses:      69228775  100.00%

