--------
Total Statistics
--------
Total Instructions: 1682276472
Total Cycles: 9831695519
IPC: 0.171107

--------
Single level Tlb hierarchy
--------
  Data Tlb:
    Entries:          64
    Page Size(B):   4096
    Associativity:      4

Latencies:    0   50
Tlb-Sets:   16 - LRU - assoc:   4

Tlb Stats:
Tlb-Load-Hits:         278350399   86.56%
Tlb-Load-Misses:        43205056   13.44%
Tlb-Load-Accesses:     321555455  100.00%

Tlb-Store-Hits:         132164582  100.00%
Tlb-Store-Misses:              20    0.00%
Tlb-Store-Accesses:     132164602  100.00%

Tlb-Total-Hits:         410514981   90.48%
Tlb-Total-Misses:        43205076    9.52%
Tlb-Total-Accesses:     453720057  100.00%



--------
Two level Cache hierarchy
--------
  L1-Data Cache:
    Size(KB):          16
    Block Size(B):     64
    Associativity:      4

  L2-Data Cache:
    Size(KB):        1024
    Block Size(B):    128
    Associativity:      8

Latencies:    1   10  150
L1-Sets:   64 - LRU - assoc:   4
L2-Sets: 1024 - LRU - assoc:   8
Store_allocation: Yes
L2_inclusive: Yes
L2_prefetching: No

L1 Cache Stats:
L1-Load-Hits:         247035056   76.83%
L1-Load-Misses:        74520399   23.17%
L1-Load-Accesses:     321555455  100.00%

L1-Store-Hits:         131935472   99.83%
L1-Store-Misses:          229130    0.17%
L1-Store-Accesses:     132164602  100.00%

L1-Total-Hits:         378970528   83.53%
L1-Total-Misses:        74749529   16.47%
L1-Total-Accesses:     453720057  100.00%

L2 Cache Stats:
L2-Load-Hits:          42601333   57.17%
L2-Load-Misses:        31919066   42.83%
L2-Load-Accesses:      74520399  100.00%

L2-Store-Hits:            228530   99.74%
L2-Store-Misses:             600    0.26%
L2-Store-Accesses:        229130  100.00%

L2-Total-Hits:          42829863   57.30%
L2-Total-Misses:        31919666   42.70%
L2-Total-Accesses:      74749529  100.00%

