--------
Total Statistics
--------
Total Instructions: 1682276506
Total Cycles: 9789714702
IPC: 0.171841

--------
Single level Tlb hierarchy
--------
  Data Tlb:
    Entries:          64
    Page Size(B):   4096
    Associativity:      4

Latencies:    0   50
Tlb-Sets:   16 - LRU - assoc:   4

Tlb Stats:
Tlb-Load-Hits:         278957308   86.75%
Tlb-Load-Misses:        42598161   13.25%
Tlb-Load-Accesses:     321555469  100.00%

Tlb-Store-Hits:         132164588  100.00%
Tlb-Store-Misses:              19    0.00%
Tlb-Store-Accesses:     132164607  100.00%

Tlb-Total-Hits:         411121896   90.61%
Tlb-Total-Misses:        42598180    9.39%
Tlb-Total-Accesses:     453720076  100.00%



--------
Two level Cache hierarchy
--------
  L1-Data Cache:
    Size(KB):          64
    Block Size(B):     32
    Associativity:      4

  L2-Data Cache:
    Size(KB):        1024
    Block Size(B):    128
    Associativity:      8

Latencies:    1   10  150
L1-Sets:  512 - LRU - assoc:   4
L2-Sets: 1024 - LRU - assoc:   8
Store_allocation: Yes
L2_inclusive: Yes
L2_prefetching: No

L1 Cache Stats:
L1-Load-Hits:         248223854   77.19%
L1-Load-Misses:        73331615   22.81%
L1-Load-Accesses:     321555469  100.00%

L1-Store-Hits:         132110175   99.96%
L1-Store-Misses:           54432    0.04%
L1-Store-Accesses:     132164607  100.00%

L1-Total-Hits:         380334029   83.83%
L1-Total-Misses:        73386047   16.17%
L1-Total-Accesses:     453720076  100.00%

L2 Cache Stats:
L2-Load-Hits:          41399047   56.45%
L2-Load-Misses:        31932568   43.55%
L2-Load-Accesses:      73331615  100.00%

L2-Store-Hits:             54009   99.22%
L2-Store-Misses:             423    0.78%
L2-Store-Accesses:         54432  100.00%

L2-Total-Hits:          41453056   56.49%
L2-Total-Misses:        31932991   43.51%
L2-Total-Accesses:      73386047  100.00%

