--------
Total Statistics
--------
Total Instructions: 1682276472
Total Cycles: 9750130339
IPC: 0.172539

--------
Single level Tlb hierarchy
--------
  Data Tlb:
    Entries:          64
    Page Size(B):   4096
    Associativity:      4

Latencies:    0   50
Tlb-Sets:   16 - LRU - assoc:   4

Tlb Stats:
Tlb-Load-Hits:         279564680   86.94%
Tlb-Load-Misses:        41990775   13.06%
Tlb-Load-Accesses:     321555455  100.00%

Tlb-Store-Hits:         132164571  100.00%
Tlb-Store-Misses:              31    0.00%
Tlb-Store-Accesses:     132164602  100.00%

Tlb-Total-Hits:         411729251   90.75%
Tlb-Total-Misses:        41990806    9.25%
Tlb-Total-Accesses:     453720057  100.00%



--------
Two level Cache hierarchy
--------
  L1-Data Cache:
    Size(KB):          32
    Block Size(B):     64
    Associativity:      8

  L2-Data Cache:
    Size(KB):        1024
    Block Size(B):    128
    Associativity:      8

Latencies:    1   10  150
L1-Sets:   64 - LRU - assoc:   8
L2-Sets: 1024 - LRU - assoc:   8
Store_allocation: Yes
L2_inclusive: Yes
L2_prefetching: No

L1 Cache Stats:
L1-Load-Hits:         249172123   77.49%
L1-Load-Misses:        72383332   22.51%
L1-Load-Accesses:     321555455  100.00%

L1-Store-Hits:         132137343   99.98%
L1-Store-Misses:           27259    0.02%
L1-Store-Accesses:     132164602  100.00%

L1-Total-Hits:         381309466   84.04%
L1-Total-Misses:        72410591   15.96%
L1-Total-Accesses:     453720057  100.00%

L2 Cache Stats:
L2-Load-Hits:          40450625   55.88%
L2-Load-Misses:        31932707   44.12%
L2-Load-Accesses:      72383332  100.00%

L2-Store-Hits:             23382   85.78%
L2-Store-Misses:            3877   14.22%
L2-Store-Accesses:         27259  100.00%

L2-Total-Hits:          40474007   55.90%
L2-Total-Misses:        31936584   44.10%
L2-Total-Accesses:      72410591  100.00%

