--------
Total Statistics
--------
Total Instructions: 1682276472
Total Cycles: 9372010279
IPC: 0.1795

--------
Single level Tlb hierarchy
--------
  Data Tlb:
    Entries:          64
    Page Size(B):   4096
    Associativity:      4

Latencies:    0   50
Tlb-Sets:   16 - LRU - assoc:   4

Tlb Stats:
Tlb-Load-Hits:         280225797   87.15%
Tlb-Load-Misses:        41329658   12.85%
Tlb-Load-Accesses:     321555455  100.00%

Tlb-Store-Hits:         132164584  100.00%
Tlb-Store-Misses:              18    0.00%
Tlb-Store-Accesses:     132164602  100.00%

Tlb-Total-Hits:         412390381   90.89%
Tlb-Total-Misses:        41329676    9.11%
Tlb-Total-Accesses:     453720057  100.00%



--------
Two level Cache hierarchy
--------
  L1-Data Cache:
    Size(KB):          16
    Block Size(B):    128
    Associativity:      4

  L2-Data Cache:
    Size(KB):        1024
    Block Size(B):    128
    Associativity:      8

Latencies:    1   10  150
L1-Sets:   32 - LRU - assoc:   4
L2-Sets: 1024 - LRU - assoc:   8
Store_allocation: Yes
L2_inclusive: Yes
L2_prefetching: No

L1 Cache Stats:
L1-Load-Hits:         283549522   88.18%
L1-Load-Misses:        38005933   11.82%
L1-Load-Accesses:     321555455  100.00%

L1-Store-Hits:         132001520   99.88%
L1-Store-Misses:          163082    0.12%
L1-Store-Accesses:     132164602  100.00%

L1-Total-Hits:         415551042   91.59%
L1-Total-Misses:        38169015    8.41%
L1-Total-Accesses:     453720057  100.00%

L2 Cache Stats:
L2-Load-Hits:           6087394   16.02%
L2-Load-Misses:        31918539   83.98%
L2-Load-Accesses:      38005933  100.00%

L2-Store-Hits:            162689   99.76%
L2-Store-Misses:             393    0.24%
L2-Store-Accesses:        163082  100.00%

L2-Total-Hits:           6250083   16.37%
L2-Total-Misses:        31918932   83.63%
L2-Total-Accesses:      38169015  100.00%

