--------
Total Statistics
--------
Total Instructions: 20881570020
Total Cycles: 44882282794
IPC: 0.465252

--------
Single level Tlb hierarchy
--------
  Data Tlb:
    Entries:          64
    Page Size(B):   4096
    Associativity:      4

Latencies:    0   50
Tlb-Sets:   16 - LRU - assoc:   4

Tlb Stats:
Tlb-Load-Hits:        6323002130   99.52%
Tlb-Load-Misses:        30693682    0.48%
Tlb-Load-Accesses:    6353695812  100.00%

Tlb-Store-Hits:        2639636928   99.85%
Tlb-Store-Misses:         3903844    0.15%
Tlb-Store-Accesses:    2643540772  100.00%

Tlb-Total-Hits:        8962639058   99.62%
Tlb-Total-Misses:        34597526    0.38%
Tlb-Total-Accesses:    8997236584  100.00%



--------
Two level Cache hierarchy
--------
  L1-Data Cache:
    Size(KB):          16
    Block Size(B):     64
    Associativity:      4

  L2-Data Cache:
    Size(KB):        1024
    Block Size(B):    128
    Associativity:      8

Latencies:    1   10  150
L1-Sets:   64 - LRU - assoc:   4
L2-Sets: 1024 - LRU - assoc:   8
Store_allocation: Yes
L2_inclusive: Yes
L2_prefetching: No

L1 Cache Stats:
L1-Load-Hits:        6106552935   96.11%
L1-Load-Misses:       247142877    3.89%
L1-Load-Accesses:    6353695812  100.00%

L1-Store-Hits:        2621050430   99.15%
L1-Store-Misses:        22490342    0.85%
L1-Store-Accesses:    2643540772  100.00%

L1-Total-Hits:        8727603365   97.00%
L1-Total-Misses:       269633219    3.00%
L1-Total-Accesses:    8997236584  100.00%

L2 Cache Stats:
L2-Load-Hits:         182176270   73.71%
L2-Load-Misses:        64966607   26.29%
L2-Load-Accesses:     247142877  100.00%

L2-Store-Hits:          16941831   75.33%
L2-Store-Misses:         5548511   24.67%
L2-Store-Accesses:      22490342  100.00%

L2-Total-Hits:         199118101   73.85%
L2-Total-Misses:        70515118   26.15%
L2-Total-Accesses:     269633219  100.00%

