--------
Total Statistics
--------
Total Instructions: 20881569992
Total Cycles: 44631084965
IPC: 0.467871

--------
Single level Tlb hierarchy
--------
  Data Tlb:
    Entries:          64
    Page Size(B):   4096
    Associativity:      4

Latencies:    0   50
Tlb-Sets:   16 - LRU - assoc:   4

Tlb Stats:
Tlb-Load-Hits:        6319319929   99.46%
Tlb-Load-Misses:        34375872    0.54%
Tlb-Load-Accesses:    6353695801  100.00%

Tlb-Store-Hits:        2638874206   99.82%
Tlb-Store-Misses:         4666556    0.18%
Tlb-Store-Accesses:    2643540762  100.00%

Tlb-Total-Hits:        8958194135   99.57%
Tlb-Total-Misses:        39042428    0.43%
Tlb-Total-Accesses:    8997236563  100.00%



--------
Two level Cache hierarchy
--------
  L1-Data Cache:
    Size(KB):         128
    Block Size(B):     64
    Associativity:      8

  L2-Data Cache:
    Size(KB):        1024
    Block Size(B):    128
    Associativity:      8

Latencies:    1   10  150
L1-Sets:  256 - LRU - assoc:   8
L2-Sets: 1024 - LRU - assoc:   8
Store_allocation: Yes
L2_inclusive: Yes
L2_prefetching: No

L1 Cache Stats:
L1-Load-Hits:        6150404440   96.80%
L1-Load-Misses:       203291361    3.20%
L1-Load-Accesses:    6353695801  100.00%

L1-Store-Hits:        2624923277   99.30%
L1-Store-Misses:        18617485    0.70%
L1-Store-Accesses:    2643540762  100.00%

L1-Total-Hits:        8775327717   97.53%
L1-Total-Misses:       221908846    2.47%
L1-Total-Accesses:    8997236563  100.00%

L2 Cache Stats:
L2-Load-Hits:         138303080   68.03%
L2-Load-Misses:        64988281   31.97%
L2-Load-Accesses:     203291361  100.00%

L2-Store-Hits:          13065309   70.18%
L2-Store-Misses:         5552176   29.82%
L2-Store-Accesses:      18617485  100.00%

L2-Total-Hits:         151368389   68.21%
L2-Total-Misses:        70540457   31.79%
L2-Total-Accesses:     221908846  100.00%

