--------
Total Statistics
--------
Total Instructions: 20881569864
Total Cycles: 44764518582
IPC: 0.466476

--------
Single level Tlb hierarchy
--------
  Data Tlb:
    Entries:          64
    Page Size(B):   4096
    Associativity:      4

Latencies:    0   50
Tlb-Sets:   16 - LRU - assoc:   4

Tlb Stats:
Tlb-Load-Hits:        6320360879   99.48%
Tlb-Load-Misses:        33334886    0.52%
Tlb-Load-Accesses:    6353695765  100.00%

Tlb-Store-Hits:        2638901354   99.82%
Tlb-Store-Misses:         4639389    0.18%
Tlb-Store-Accesses:    2643540743  100.00%

Tlb-Total-Hits:        8959262233   99.58%
Tlb-Total-Misses:        37974275    0.42%
Tlb-Total-Accesses:    8997236508  100.00%



--------
Two level Cache hierarchy
--------
  L1-Data Cache:
    Size(KB):          32
    Block Size(B):     64
    Associativity:      8

  L2-Data Cache:
    Size(KB):        1024
    Block Size(B):    128
    Associativity:      8

Latencies:    1   10  150
L1-Sets:   64 - LRU - assoc:   8
L2-Sets: 1024 - LRU - assoc:   8
Store_allocation: Yes
L2_inclusive: Yes
L2_prefetching: No

L1 Cache Stats:
L1-Load-Hits:        6132023831   96.51%
L1-Load-Misses:       221671934    3.49%
L1-Load-Accesses:    6353695765  100.00%

L1-Store-Hits:        2624372561   99.27%
L1-Store-Misses:        19168182    0.73%
L1-Store-Accesses:    2643540743  100.00%

L1-Total-Hits:        8756396392   97.32%
L1-Total-Misses:       240840116    2.68%
L1-Total-Accesses:    8997236508  100.00%

L2 Cache Stats:
L2-Load-Hits:         156699148   70.69%
L2-Load-Misses:        64972786   29.31%
L2-Load-Accesses:     221671934  100.00%

L2-Store-Hits:          13616986   71.04%
L2-Store-Misses:         5551196   28.96%
L2-Store-Accesses:      19168182  100.00%

L2-Total-Hits:         170316134   70.72%
L2-Total-Misses:        70523982   29.28%
L2-Total-Accesses:     240840116  100.00%

