--------
Total Statistics
--------
Total Instructions: 20881569993
Total Cycles: 43706845442
IPC: 0.477764

--------
Single level Tlb hierarchy
--------
  Data Tlb:
    Entries:          64
    Page Size(B):   4096
    Associativity:      4

Latencies:    0   50
Tlb-Sets:   16 - LRU - assoc:   4

Tlb Stats:
Tlb-Load-Hits:        6323228154   99.52%
Tlb-Load-Misses:        30467644    0.48%
Tlb-Load-Accesses:    6353695798  100.00%

Tlb-Store-Hits:        2638700025   99.82%
Tlb-Store-Misses:         4840736    0.18%
Tlb-Store-Accesses:    2643540761  100.00%

Tlb-Total-Hits:        8961928179   99.61%
Tlb-Total-Misses:        35308380    0.39%
Tlb-Total-Accesses:    8997236559  100.00%



--------
Two level Cache hierarchy
--------
  L1-Data Cache:
    Size(KB):          16
    Block Size(B):    128
    Associativity:      4

  L2-Data Cache:
    Size(KB):        1024
    Block Size(B):    128
    Associativity:      8

Latencies:    1   10  150
L1-Sets:   32 - LRU - assoc:   4
L2-Sets: 1024 - LRU - assoc:   8
Store_allocation: Yes
L2_inclusive: Yes
L2_prefetching: No

L1 Cache Stats:
L1-Load-Hits:        6218928204   97.88%
L1-Load-Misses:       134767594    2.12%
L1-Load-Accesses:    6353695798  100.00%

L1-Store-Hits:        2629776511   99.48%
L1-Store-Misses:        13764250    0.52%
L1-Store-Accesses:    2643540761  100.00%

L1-Total-Hits:        8848704715   98.35%
L1-Total-Misses:       148531844    1.65%
L1-Total-Accesses:    8997236559  100.00%

L2 Cache Stats:
L2-Load-Hits:          69800723   51.79%
L2-Load-Misses:        64966871   48.21%
L2-Load-Accesses:     134767594  100.00%

L2-Store-Hits:           8215778   59.69%
L2-Store-Misses:         5548472   40.31%
L2-Store-Accesses:      13764250  100.00%

L2-Total-Hits:          78016501   52.53%
L2-Total-Misses:        70515343   47.47%
L2-Total-Accesses:     148531844  100.00%

