--------
Total Statistics
--------
Total Instructions: 20881570134
Total Cycles: 46068713778
IPC: 0.45327

--------
Single level Tlb hierarchy
--------
  Data Tlb:
    Entries:          64
    Page Size(B):   4096
    Associativity:      4

Latencies:    0   50
Tlb-Sets:   16 - LRU - assoc:   4

Tlb Stats:
Tlb-Load-Hits:        6319300094   99.46%
Tlb-Load-Misses:        34395737    0.54%
Tlb-Load-Accesses:    6353695831  100.00%

Tlb-Store-Hits:        2639359428   99.84%
Tlb-Store-Misses:         4181345    0.16%
Tlb-Store-Accesses:    2643540773  100.00%

Tlb-Total-Hits:        8958659522   99.57%
Tlb-Total-Misses:        38577082    0.43%
Tlb-Total-Accesses:    8997236604  100.00%



--------
Two level Cache hierarchy
--------
  L1-Data Cache:
    Size(KB):          64
    Block Size(B):     32
    Associativity:      4

  L2-Data Cache:
    Size(KB):        1024
    Block Size(B):    128
    Associativity:      8

Latencies:    1   10  150
L1-Sets:  512 - LRU - assoc:   4
L2-Sets: 1024 - LRU - assoc:   8
Store_allocation: Yes
L2_inclusive: Yes
L2_prefetching: No

L1 Cache Stats:
L1-Load-Hits:        6014626371   94.66%
L1-Load-Misses:       339069460    5.34%
L1-Load-Accesses:    6353695831  100.00%

L1-Store-Hits:        2614419539   98.90%
L1-Store-Misses:        29121234    1.10%
L1-Store-Accesses:    2643540773  100.00%

L1-Total-Hits:        8629045910   95.91%
L1-Total-Misses:       368190694    4.09%
L1-Total-Accesses:    8997236604  100.00%

L2 Cache Stats:
L2-Load-Hits:         274094995   80.84%
L2-Load-Misses:        64974465   19.16%
L2-Load-Accesses:     339069460  100.00%

L2-Store-Hits:          23568059   80.93%
L2-Store-Misses:         5553175   19.07%
L2-Store-Accesses:      29121234  100.00%

L2-Total-Hits:         297663054   80.84%
L2-Total-Misses:        70527640   19.16%
L2-Total-Accesses:     368190694  100.00%

