--------
Total Statistics
--------
Total Instructions: 20881569933
Total Cycles: 46128528361
IPC: 0.452682

--------
Single level Tlb hierarchy
--------
  Data Tlb:
    Entries:          64
    Page Size(B):   4096
    Associativity:      4

Latencies:    0   50
Tlb-Sets:   16 - LRU - assoc:   4

Tlb Stats:
Tlb-Load-Hits:        6324931070   99.55%
Tlb-Load-Misses:        28764723    0.45%
Tlb-Load-Accesses:    6353695793  100.00%

Tlb-Store-Hits:        2639015975   99.83%
Tlb-Store-Misses:         4524780    0.17%
Tlb-Store-Accesses:    2643540755  100.00%

Tlb-Total-Hits:        8963947045   99.63%
Tlb-Total-Misses:        33289503    0.37%
Tlb-Total-Accesses:    8997236548  100.00%



--------
Two level Cache hierarchy
--------
  L1-Data Cache:
    Size(KB):          16
    Block Size(B):     32
    Associativity:      4

  L2-Data Cache:
    Size(KB):        1024
    Block Size(B):    128
    Associativity:      8

Latencies:    1   10  150
L1-Sets:  128 - LRU - assoc:   4
L2-Sets: 1024 - LRU - assoc:   8
Store_allocation: Yes
L2_inclusive: Yes
L2_prefetching: No

L1 Cache Stats:
L1-Load-Hits:        5984107059   94.18%
L1-Load-Misses:       369588734    5.82%
L1-Load-Accesses:    6353695793  100.00%

L1-Store-Hits:        2612221351   98.82%
L1-Store-Misses:        31319404    1.18%
L1-Store-Accesses:    2643540755  100.00%

L1-Total-Hits:        8596328410   95.54%
L1-Total-Misses:       400908138    4.46%
L1-Total-Accesses:    8997236548  100.00%

L2 Cache Stats:
L2-Load-Hits:         304629508   82.42%
L2-Load-Misses:        64959226   17.58%
L2-Load-Accesses:     369588734  100.00%

L2-Store-Hits:          25770861   82.28%
L2-Store-Misses:         5548543   17.72%
L2-Store-Accesses:      31319404  100.00%

L2-Total-Hits:         330400369   82.41%
L2-Total-Misses:        70507769   17.59%
L2-Total-Accesses:     400908138  100.00%

