--------
Total Statistics
--------
Total Instructions: 29792922834
Total Cycles: 59960022388
IPC: 0.49688

--------
Single level Tlb hierarchy
--------
  Data Tlb:
    Entries:          64
    Page Size(B):   4096
    Associativity:      4

Latencies:    0   50
Tlb-Sets:   16 - LRU - assoc:   4

Tlb Stats:
Tlb-Load-Hits:        7089004686   99.02%
Tlb-Load-Misses:        70204613    0.98%
Tlb-Load-Accesses:    7159209299  100.00%

Tlb-Store-Hits:        6860832139   99.96%
Tlb-Store-Misses:         2881326    0.04%
Tlb-Store-Accesses:    6863713465  100.00%

Tlb-Total-Hits:       13949836825   99.48%
Tlb-Total-Misses:        73085939    0.52%
Tlb-Total-Accesses:   14022922764  100.00%



--------
Two level Cache hierarchy
--------
  L1-Data Cache:
    Size(KB):          16
    Block Size(B):     32
    Associativity:      4

  L2-Data Cache:
    Size(KB):        1024
    Block Size(B):    128
    Associativity:      8

Latencies:    1   10  150
L1-Sets:  128 - LRU - assoc:   4
L2-Sets: 1024 - LRU - assoc:   8
Store_allocation: Yes
L2_inclusive: Yes
L2_prefetching: No

L1 Cache Stats:
L1-Load-Hits:        6865723665   95.90%
L1-Load-Misses:       293485634    4.10%
L1-Load-Accesses:    7159209299  100.00%

L1-Store-Hits:        6660110130   97.03%
L1-Store-Misses:       203603335    2.97%
L1-Store-Accesses:    6863713465  100.00%

L1-Total-Hits:       13525833795   96.46%
L1-Total-Misses:       497088969    3.54%
L1-Total-Accesses:   14022922764  100.00%

L2 Cache Stats:
L2-Load-Hits:         247453087   84.32%
L2-Load-Misses:        46032547   15.68%
L2-Load-Accesses:     293485634  100.00%

L2-Store-Hits:         199509281   97.99%
L2-Store-Misses:         4094054    2.01%
L2-Store-Accesses:     203603335  100.00%

L2-Total-Hits:         446962368   89.92%
L2-Total-Misses:        50126601   10.08%
L2-Total-Accesses:     497088969  100.00%

