--------
Total Statistics
--------
Total Instructions: 29792922561
Total Cycles: 57107861049
IPC: 0.521696

--------
Single level Tlb hierarchy
--------
  Data Tlb:
    Entries:          64
    Page Size(B):   4096
    Associativity:      4

Latencies:    0   50
Tlb-Sets:   16 - LRU - assoc:   4

Tlb Stats:
Tlb-Load-Hits:        7127271427   99.55%
Tlb-Load-Misses:        31937872    0.45%
Tlb-Load-Accesses:    7159209299  100.00%

Tlb-Store-Hits:        6861394271   99.97%
Tlb-Store-Misses:         2319038    0.03%
Tlb-Store-Accesses:    6863713309  100.00%

Tlb-Total-Hits:       13988665698   99.76%
Tlb-Total-Misses:        34256910    0.24%
Tlb-Total-Accesses:   14022922608  100.00%



--------
Two level Cache hierarchy
--------
  L1-Data Cache:
    Size(KB):          64
    Block Size(B):     32
    Associativity:      4

  L2-Data Cache:
    Size(KB):        1024
    Block Size(B):    128
    Associativity:      8

Latencies:    1   10  150
L1-Sets:  512 - LRU - assoc:   4
L2-Sets: 1024 - LRU - assoc:   8
Store_allocation: Yes
L2_inclusive: Yes
L2_prefetching: No

L1 Cache Stats:
L1-Load-Hits:        6952581483   97.11%
L1-Load-Misses:       206627816    2.89%
L1-Load-Accesses:    7159209299  100.00%

L1-Store-Hits:        6664359432   97.10%
L1-Store-Misses:       199353877    2.90%
L1-Store-Accesses:    6863713309  100.00%

L1-Total-Hits:       13616940915   97.10%
L1-Total-Misses:       405981693    2.90%
L1-Total-Accesses:   14022922608  100.00%

L2 Cache Stats:
L2-Load-Hits:         160591152   77.72%
L2-Load-Misses:        46036664   22.28%
L2-Load-Accesses:     206627816  100.00%

L2-Store-Hits:         195261518   97.95%
L2-Store-Misses:         4092359    2.05%
L2-Store-Accesses:     199353877  100.00%

L2-Total-Hits:         355852670   87.65%
L2-Total-Misses:        50129023   12.35%
L2-Total-Accesses:     405981693  100.00%

