--------
Total Statistics
--------
Total Instructions: 29792923877
Total Cycles: 54990080867
IPC: 0.541787

--------
Single level Tlb hierarchy
--------
  Data Tlb:
    Entries:          64
    Page Size(B):   4096
    Associativity:      4

Latencies:    0   50
Tlb-Sets:   16 - LRU - assoc:   4

Tlb Stats:
Tlb-Load-Hits:        7122849956   99.49%
Tlb-Load-Misses:        36359343    0.51%
Tlb-Load-Accesses:    7159209299  100.00%

Tlb-Store-Hits:        6860550426   99.95%
Tlb-Store-Misses:         3163635    0.05%
Tlb-Store-Accesses:    6863714061  100.00%

Tlb-Total-Hits:       13983400382   99.72%
Tlb-Total-Misses:        39522978    0.28%
Tlb-Total-Accesses:   14022923360  100.00%



--------
Two level Cache hierarchy
--------
  L1-Data Cache:
    Size(KB):          32
    Block Size(B):    128
    Associativity:      4

  L2-Data Cache:
    Size(KB):        1024
    Block Size(B):    128
    Associativity:      8

Latencies:    1   10  150
L1-Sets:   64 - LRU - assoc:   4
L2-Sets: 1024 - LRU - assoc:   8
Store_allocation: Yes
L2_inclusive: Yes
L2_prefetching: No

L1 Cache Stats:
L1-Load-Hits:        7044052234   98.39%
L1-Load-Misses:       115157065    1.61%
L1-Load-Accesses:    7159209299  100.00%

L1-Store-Hits:        6811886508   99.24%
L1-Store-Misses:        51827553    0.76%
L1-Store-Accesses:    6863714061  100.00%

L1-Total-Hits:       13855938742   98.81%
L1-Total-Misses:       166984618    1.19%
L1-Total-Accesses:   14022923360  100.00%

L2 Cache Stats:
L2-Load-Hits:          69056186   59.97%
L2-Load-Misses:        46100879   40.03%
L2-Load-Accesses:     115157065  100.00%

L2-Store-Hits:          47740175   92.11%
L2-Store-Misses:         4087378    7.89%
L2-Store-Accesses:      51827553  100.00%

L2-Total-Hits:         116796361   69.94%
L2-Total-Misses:        50188257   30.06%
L2-Total-Accesses:     166984618  100.00%

