--------
Total Statistics
--------
Total Instructions: 29792922800
Total Cycles: 56064427615
IPC: 0.531405

--------
Single level Tlb hierarchy
--------
  Data Tlb:
    Entries:          64
    Page Size(B):   4096
    Associativity:      4

Latencies:    0   50
Tlb-Sets:   16 - LRU - assoc:   4

Tlb Stats:
Tlb-Load-Hits:        7122758791   99.49%
Tlb-Load-Misses:        36450494    0.51%
Tlb-Load-Accesses:    7159209285  100.00%

Tlb-Store-Hits:        6860365394   99.95%
Tlb-Store-Misses:         3348066    0.05%
Tlb-Store-Accesses:    6863713460  100.00%

Tlb-Total-Hits:       13983124185   99.72%
Tlb-Total-Misses:        39798560    0.28%
Tlb-Total-Accesses:   14022922745  100.00%



--------
Two level Cache hierarchy
--------
  L1-Data Cache:
    Size(KB):          32
    Block Size(B):     64
    Associativity:      8

  L2-Data Cache:
    Size(KB):        1024
    Block Size(B):    128
    Associativity:      8

Latencies:    1   10  150
L1-Sets:   64 - LRU - assoc:   8
L2-Sets: 1024 - LRU - assoc:   8
Store_allocation: Yes
L2_inclusive: Yes
L2_prefetching: No

L1 Cache Stats:
L1-Load-Hits:        6989789307   97.63%
L1-Load-Misses:       169419978    2.37%
L1-Load-Accesses:    7159209285  100.00%

L1-Store-Hits:        6759535446   98.48%
L1-Store-Misses:       104178014    1.52%
L1-Store-Accesses:    6863713460  100.00%

L1-Total-Hits:       13749324753   98.05%
L1-Total-Misses:       273597992    1.95%
L1-Total-Accesses:   14022922745  100.00%

L2 Cache Stats:
L2-Load-Hits:         123359648   72.81%
L2-Load-Misses:        46060330   27.19%
L2-Load-Accesses:     169419978  100.00%

L2-Store-Hits:         100087183   96.07%
L2-Store-Misses:         4090831    3.93%
L2-Store-Accesses:     104178014  100.00%

L2-Total-Hits:         223446831   81.67%
L2-Total-Misses:        50151161   18.33%
L2-Total-Accesses:     273597992  100.00%

