--------
Total Statistics
--------
Total Instructions: 29792922030
Total Cycles: 54515341235
IPC: 0.546505

--------
Single level Tlb hierarchy
--------
  Data Tlb:
    Entries:          64
    Page Size(B):   4096
    Associativity:      4

Latencies:    0   50
Tlb-Sets:   16 - LRU - assoc:   4

Tlb Stats:
Tlb-Load-Hits:        7125029499   99.52%
Tlb-Load-Misses:        34179786    0.48%
Tlb-Load-Accesses:    7159209285  100.00%

Tlb-Store-Hits:        6860535249   99.95%
Tlb-Store-Misses:         3177771    0.05%
Tlb-Store-Accesses:    6863713020  100.00%

Tlb-Total-Hits:       13985564748   99.73%
Tlb-Total-Misses:        37357557    0.27%
Tlb-Total-Accesses:   14022922305  100.00%



--------
Two level Cache hierarchy
--------
  L1-Data Cache:
    Size(KB):          64
    Block Size(B):    128
    Associativity:      4

  L2-Data Cache:
    Size(KB):        1024
    Block Size(B):    128
    Associativity:      8

Latencies:    1   10  150
L1-Sets:  128 - LRU - assoc:   4
L2-Sets: 1024 - LRU - assoc:   8
Store_allocation: Yes
L2_inclusive: Yes
L2_prefetching: No

L1 Cache Stats:
L1-Load-Hits:        7079130051   98.88%
L1-Load-Misses:        80079234    1.12%
L1-Load-Accesses:    7159209285  100.00%

L1-Store-Hits:        6813714979   99.27%
L1-Store-Misses:        49998041    0.73%
L1-Store-Accesses:    6863713020  100.00%

L1-Total-Hits:       13892845030   99.07%
L1-Total-Misses:       130077275    0.93%
L1-Total-Accesses:   14022922305  100.00%

L2 Cache Stats:
L2-Load-Hits:          33968154   42.42%
L2-Load-Misses:        46111080   57.58%
L2-Load-Accesses:      80079234  100.00%

L2-Store-Hits:          45903479   91.81%
L2-Store-Misses:         4094562    8.19%
L2-Store-Accesses:      49998041  100.00%

L2-Total-Hits:          79871633   61.40%
L2-Total-Misses:        50205642   38.60%
L2-Total-Accesses:     130077275  100.00%

