--------
Total Statistics
--------
Total Instructions: 29792923877
Total Cycles: 55562484567
IPC: 0.536206

--------
Single level Tlb hierarchy
--------
  Data Tlb:
    Entries:          64
    Page Size(B):   4096
    Associativity:      4

Latencies:    0   50
Tlb-Sets:   16 - LRU - assoc:   4

Tlb Stats:
Tlb-Load-Hits:        7124388469   99.51%
Tlb-Load-Misses:        34820830    0.49%
Tlb-Load-Accesses:    7159209299  100.00%

Tlb-Store-Hits:        6860729483   99.96%
Tlb-Store-Misses:         2984578    0.04%
Tlb-Store-Accesses:    6863714061  100.00%

Tlb-Total-Hits:       13985117952   99.73%
Tlb-Total-Misses:        37805408    0.27%
Tlb-Total-Accesses:   14022923360  100.00%



--------
Two level Cache hierarchy
--------
  L1-Data Cache:
    Size(KB):          16
    Block Size(B):    128
    Associativity:      4

  L2-Data Cache:
    Size(KB):        1024
    Block Size(B):    128
    Associativity:      8

Latencies:    1   10  150
L1-Sets:   32 - LRU - assoc:   4
L2-Sets: 1024 - LRU - assoc:   8
Store_allocation: Yes
L2_inclusive: Yes
L2_prefetching: No

L1 Cache Stats:
L1-Load-Hits:        6981593740   97.52%
L1-Load-Misses:       177615559    2.48%
L1-Load-Accesses:    7159209299  100.00%

L1-Store-Hits:        6808518417   99.20%
L1-Store-Misses:        55195644    0.80%
L1-Store-Accesses:    6863714061  100.00%

L1-Total-Hits:       13790112157   98.34%
L1-Total-Misses:       232811203    1.66%
L1-Total-Accesses:   14022923360  100.00%

L2 Cache Stats:
L2-Load-Hits:         131518005   74.05%
L2-Load-Misses:        46097554   25.95%
L2-Load-Accesses:     177615559  100.00%

L2-Store-Hits:          51104832   92.59%
L2-Store-Misses:         4090812    7.41%
L2-Store-Accesses:      55195644  100.00%

L2-Total-Hits:         182622837   78.44%
L2-Total-Misses:        50188366   21.56%
L2-Total-Accesses:     232811203  100.00%

