--------
Total Statistics
--------
Total Instructions: 29792923843
Total Cycles: 56043102964
IPC: 0.531607

--------
Single level Tlb hierarchy
--------
  Data Tlb:
    Entries:          64
    Page Size(B):   4096
    Associativity:      4

Latencies:    0   50
Tlb-Sets:   16 - LRU - assoc:   4

Tlb Stats:
Tlb-Load-Hits:        7120126853   99.45%
Tlb-Load-Misses:        39082432    0.55%
Tlb-Load-Accesses:    7159209285  100.00%

Tlb-Store-Hits:        6859904535   99.94%
Tlb-Store-Misses:         3809521    0.06%
Tlb-Store-Accesses:    6863714056  100.00%

Tlb-Total-Hits:       13980031388   99.69%
Tlb-Total-Misses:        42891953    0.31%
Tlb-Total-Accesses:   14022923341  100.00%



--------
Two level Cache hierarchy
--------
  L1-Data Cache:
    Size(KB):          64
    Block Size(B):     64
    Associativity:      8

  L2-Data Cache:
    Size(KB):        1024
    Block Size(B):    128
    Associativity:      8

Latencies:    1   10  150
L1-Sets:  128 - LRU - assoc:   8
L2-Sets: 1024 - LRU - assoc:   8
Store_allocation: Yes
L2_inclusive: Yes
L2_prefetching: No

L1 Cache Stats:
L1-Load-Hits:        7006528948   97.87%
L1-Load-Misses:       152680337    2.13%
L1-Load-Accesses:    7159209285  100.00%

L1-Store-Hits:        6760572815   98.50%
L1-Store-Misses:       103141241    1.50%
L1-Store-Accesses:    6863714056  100.00%

L1-Total-Hits:       13767101763   98.18%
L1-Total-Misses:       255821578    1.82%
L1-Total-Accesses:   14022923341  100.00%

L2 Cache Stats:
L2-Load-Hits:         106611742   69.83%
L2-Load-Misses:        46068595   30.17%
L2-Load-Accesses:     152680337  100.00%

L2-Store-Hits:          99046887   96.03%
L2-Store-Misses:         4094354    3.97%
L2-Store-Accesses:     103141241  100.00%

L2-Total-Hits:         205658629   80.39%
L2-Total-Misses:        50162949   19.61%
L2-Total-Accesses:     255821578  100.00%

