--------
Total Statistics
--------
Total Instructions: 29792922030
Total Cycles: 54895799215
IPC: 0.542718

--------
Single level Tlb hierarchy
--------
  Data Tlb:
    Entries:          64
    Page Size(B):   4096
    Associativity:      4

Latencies:    0   50
Tlb-Sets:   16 - LRU - assoc:   4

Tlb Stats:
Tlb-Load-Hits:        7123852852   99.51%
Tlb-Load-Misses:        35356433    0.49%
Tlb-Load-Accesses:    7159209285  100.00%

Tlb-Store-Hits:        6860507549   99.95%
Tlb-Store-Misses:         3205471    0.05%
Tlb-Store-Accesses:    6863713020  100.00%

Tlb-Total-Hits:       13984360401   99.73%
Tlb-Total-Misses:        38561904    0.27%
Tlb-Total-Accesses:   14022922305  100.00%



--------
Two level Cache hierarchy
--------
  L1-Data Cache:
    Size(KB):         128
    Block Size(B):     64
    Associativity:      8

  L2-Data Cache:
    Size(KB):        1024
    Block Size(B):    128
    Associativity:      8

Latencies:    1   10  150
L1-Sets:  256 - LRU - assoc:   8
L2-Sets: 1024 - LRU - assoc:   8
Store_allocation: Yes
L2_inclusive: Yes
L2_prefetching: No

L1 Cache Stats:
L1-Load-Hits:        7017177368   98.02%
L1-Load-Misses:       142031917    1.98%
L1-Load-Accesses:    7159209285  100.00%

L1-Store-Hits:        6843785049   99.71%
L1-Store-Misses:        19927971    0.29%
L1-Store-Accesses:    6863713020  100.00%

L1-Total-Hits:       13860962417   98.85%
L1-Total-Misses:       161959888    1.15%
L1-Total-Accesses:   14022922305  100.00%

L2 Cache Stats:
L2-Load-Hits:          95915431   67.53%
L2-Load-Misses:        46116486   32.47%
L2-Load-Accesses:     142031917  100.00%

L2-Store-Hits:          15829385   79.43%
L2-Store-Misses:         4098586   20.57%
L2-Store-Accesses:      19927971  100.00%

L2-Total-Hits:         111744816   69.00%
L2-Total-Misses:        50215072   31.00%
L2-Total-Accesses:     161959888  100.00%

