--------
Total Statistics
--------
Total Instructions: 29792922064
Total Cycles: 57625820098
IPC: 0.517006

--------
Single level Tlb hierarchy
--------
  Data Tlb:
    Entries:          64
    Page Size(B):   4096
    Associativity:      4

Latencies:    0   50
Tlb-Sets:   16 - LRU - assoc:   4

Tlb Stats:
Tlb-Load-Hits:        7122051757   99.48%
Tlb-Load-Misses:        37157542    0.52%
Tlb-Load-Accesses:    7159209299  100.00%

Tlb-Store-Hits:        6859849143   99.94%
Tlb-Store-Misses:         3863882    0.06%
Tlb-Store-Accesses:    6863713025  100.00%

Tlb-Total-Hits:       13981900900   99.71%
Tlb-Total-Misses:        41021424    0.29%
Tlb-Total-Accesses:   14022922324  100.00%



--------
Two level Cache hierarchy
--------
  L1-Data Cache:
    Size(KB):          32
    Block Size(B):     32
    Associativity:      4

  L2-Data Cache:
    Size(KB):        1024
    Block Size(B):    128
    Associativity:      8

Latencies:    1   10  150
L1-Sets:  256 - LRU - assoc:   4
L2-Sets: 1024 - LRU - assoc:   8
Store_allocation: Yes
L2_inclusive: Yes
L2_prefetching: No

L1 Cache Stats:
L1-Load-Hits:        6936522541   96.89%
L1-Load-Misses:       222686758    3.11%
L1-Load-Accesses:    7159209299  100.00%

L1-Store-Hits:        6662609842   97.07%
L1-Store-Misses:       201103183    2.93%
L1-Store-Accesses:    6863713025  100.00%

L1-Total-Hits:       13599132383   96.98%
L1-Total-Misses:       423789941    3.02%
L1-Total-Accesses:   14022922324  100.00%

L2 Cache Stats:
L2-Load-Hits:         176638644   79.32%
L2-Load-Misses:        46048114   20.68%
L2-Load-Accesses:     222686758  100.00%

L2-Store-Hits:         197011263   97.97%
L2-Store-Misses:         4091920    2.03%
L2-Store-Accesses:     201103183  100.00%

L2-Total-Hits:         373649907   88.17%
L2-Total-Misses:        50140034   11.83%
L2-Total-Accesses:     423789941  100.00%

