--------
Total Statistics
--------
Total Instructions: 7968636854
Total Cycles: 11646973311
IPC: 0.684181

--------
Single level Tlb hierarchy
--------
  Data Tlb:
    Entries:          64
    Page Size(B):   4096
    Associativity:      4

Latencies:    0   50
Tlb-Sets:   16 - LRU - assoc:   4

Tlb Stats:
Tlb-Load-Hits:        1867741529   99.97%
Tlb-Load-Misses:          564748    0.03%
Tlb-Load-Accesses:    1868306277  100.00%

Tlb-Store-Hits:         190047485   99.85%
Tlb-Store-Misses:          279845    0.15%
Tlb-Store-Accesses:     190327330  100.00%

Tlb-Total-Hits:        2057789014   99.96%
Tlb-Total-Misses:          844593    0.04%
Tlb-Total-Accesses:    2058633607  100.00%



--------
Two level Cache hierarchy
--------
  L1-Data Cache:
    Size(KB):          32
    Block Size(B):     64
    Associativity:      8

  L2-Data Cache:
    Size(KB):        1024
    Block Size(B):    128
    Associativity:      8

Latencies:    1   10  150
L1-Sets:   64 - LRU - assoc:   8
L2-Sets: 1024 - LRU - assoc:   8
Store_allocation: Yes
L2_inclusive: Yes
L2_prefetching: No

L1 Cache Stats:
L1-Load-Hits:        1846308729   98.82%
L1-Load-Misses:        21997548    1.18%
L1-Load-Accesses:    1868306277  100.00%

L1-Store-Hits:         184832098   97.11%
L1-Store-Misses:         5495232    2.89%
L1-Store-Accesses:     190327330  100.00%

L1-Total-Hits:        2031140827   98.66%
L1-Total-Misses:        27492780    1.34%
L1-Total-Accesses:    2058633607  100.00%

L2 Cache Stats:
L2-Load-Hits:          16032833   72.88%
L2-Load-Misses:         5964715   27.12%
L2-Load-Accesses:      21997548  100.00%

L2-Store-Hits:           2776311   50.52%
L2-Store-Misses:         2718921   49.48%
L2-Store-Accesses:       5495232  100.00%

L2-Total-Hits:          18809144   68.41%
L2-Total-Misses:         8683636   31.59%
L2-Total-Accesses:      27492780  100.00%

