--------
Total Statistics
--------
Total Instructions: 7968636854
Total Cycles: 11590354911
IPC: 0.687523

--------
Single level Tlb hierarchy
--------
  Data Tlb:
    Entries:          64
    Page Size(B):   4096
    Associativity:      4

Latencies:    0   50
Tlb-Sets:   16 - LRU - assoc:   4

Tlb Stats:
Tlb-Load-Hits:        1867741374   99.97%
Tlb-Load-Misses:          564903    0.03%
Tlb-Load-Accesses:    1868306277  100.00%

Tlb-Store-Hits:         190047485   99.85%
Tlb-Store-Misses:          279845    0.15%
Tlb-Store-Accesses:     190327330  100.00%

Tlb-Total-Hits:        2057788859   99.96%
Tlb-Total-Misses:          844748    0.04%
Tlb-Total-Accesses:    2058633607  100.00%



--------
Two level Cache hierarchy
--------
  L1-Data Cache:
    Size(KB):         128
    Block Size(B):     64
    Associativity:      8

  L2-Data Cache:
    Size(KB):        1024
    Block Size(B):    128
    Associativity:      8

Latencies:    1   10  150
L1-Sets:  256 - LRU - assoc:   8
L2-Sets: 1024 - LRU - assoc:   8
Store_allocation: Yes
L2_inclusive: Yes
L2_prefetching: No

L1 Cache Stats:
L1-Load-Hits:        1851958731   99.13%
L1-Load-Misses:        16347546    0.87%
L1-Load-Accesses:    1868306277  100.00%

L1-Store-Hits:         184854851   97.12%
L1-Store-Misses:         5472479    2.88%
L1-Store-Accesses:     190327330  100.00%

L1-Total-Hits:        2036813582   98.94%
L1-Total-Misses:        21820025    1.06%
L1-Total-Accesses:    2058633607  100.00%

L2 Cache Stats:
L2-Load-Hits:          10382385   63.51%
L2-Load-Misses:         5965161   36.49%
L2-Load-Accesses:      16347546  100.00%

L2-Store-Hits:           2753328   50.31%
L2-Store-Misses:         2719151   49.69%
L2-Store-Accesses:       5472479  100.00%

L2-Total-Hits:          13135713   60.20%
L2-Total-Misses:         8684312   39.80%
L2-Total-Accesses:      21820025  100.00%

