--------
Total Statistics
--------
Total Instructions: 7968636854
Total Cycles: 11527813671
IPC: 0.691253

--------
Single level Tlb hierarchy
--------
  Data Tlb:
    Entries:          64
    Page Size(B):   4096
    Associativity:      4

Latencies:    0   50
Tlb-Sets:   16 - LRU - assoc:   4

Tlb Stats:
Tlb-Load-Hits:        1867741110   99.97%
Tlb-Load-Misses:          565167    0.03%
Tlb-Load-Accesses:    1868306277  100.00%

Tlb-Store-Hits:         190047476   99.85%
Tlb-Store-Misses:          279854    0.15%
Tlb-Store-Accesses:     190327330  100.00%

Tlb-Total-Hits:        2057788586   99.96%
Tlb-Total-Misses:          845021    0.04%
Tlb-Total-Accesses:    2058633607  100.00%



--------
Two level Cache hierarchy
--------
  L1-Data Cache:
    Size(KB):          32
    Block Size(B):    128
    Associativity:      4

  L2-Data Cache:
    Size(KB):        1024
    Block Size(B):    128
    Associativity:      8

Latencies:    1   10  150
L1-Sets:   64 - LRU - assoc:   4
L2-Sets: 1024 - LRU - assoc:   8
Store_allocation: Yes
L2_inclusive: Yes
L2_prefetching: No

L1 Cache Stats:
L1-Load-Hits:        1855532272   99.32%
L1-Load-Misses:        12774005    0.68%
L1-Load-Accesses:    1868306277  100.00%

L1-Store-Hits:         187567204   98.55%
L1-Store-Misses:         2760126    1.45%
L1-Store-Accesses:     190327330  100.00%

L1-Total-Hits:        2043099476   99.25%
L1-Total-Misses:        15534131    0.75%
L1-Total-Accesses:    2058633607  100.00%

L2 Cache Stats:
L2-Load-Hits:           6806570   53.28%
L2-Load-Misses:         5967435   46.72%
L2-Load-Accesses:      12774005  100.00%

L2-Store-Hits:             41222    1.49%
L2-Store-Misses:         2718904   98.51%
L2-Store-Accesses:       2760126  100.00%

L2-Total-Hits:           6847792   44.08%
L2-Total-Misses:         8686339   55.92%
L2-Total-Accesses:      15534131  100.00%

