--------
Total Statistics
--------
Total Instructions: 7968636854
Total Cycles: 11612579911
IPC: 0.686207

--------
Single level Tlb hierarchy
--------
  Data Tlb:
    Entries:          64
    Page Size(B):   4096
    Associativity:      4

Latencies:    0   50
Tlb-Sets:   16 - LRU - assoc:   4

Tlb Stats:
Tlb-Load-Hits:        1867730478   99.97%
Tlb-Load-Misses:          575799    0.03%
Tlb-Load-Accesses:    1868306277  100.00%

Tlb-Store-Hits:         190047485   99.85%
Tlb-Store-Misses:          279845    0.15%
Tlb-Store-Accesses:     190327330  100.00%

Tlb-Total-Hits:        2057777963   99.96%
Tlb-Total-Misses:          855644    0.04%
Tlb-Total-Accesses:    2058633607  100.00%



--------
Two level Cache hierarchy
--------
  L1-Data Cache:
    Size(KB):          64
    Block Size(B):     64
    Associativity:      4

  L2-Data Cache:
    Size(KB):        1024
    Block Size(B):    128
    Associativity:      8

Latencies:    1   10  150
L1-Sets:  256 - LRU - assoc:   4
L2-Sets: 1024 - LRU - assoc:   8
Store_allocation: Yes
L2_inclusive: Yes
L2_prefetching: No

L1 Cache Stats:
L1-Load-Hits:        1849784881   99.01%
L1-Load-Misses:        18521396    0.99%
L1-Load-Accesses:    1868306277  100.00%

L1-Store-Hits:         184849101   97.12%
L1-Store-Misses:         5478229    2.88%
L1-Store-Accesses:     190327330  100.00%

L1-Total-Hits:        2034633982   98.83%
L1-Total-Misses:        23999625    1.17%
L1-Total-Accesses:    2058633607  100.00%

L2 Cache Stats:
L2-Load-Hits:          12557007   67.80%
L2-Load-Misses:         5964389   32.20%
L2-Load-Accesses:      18521396  100.00%

L2-Store-Hits:           2759078   50.36%
L2-Store-Misses:         2719151   49.64%
L2-Store-Accesses:       5478229  100.00%

L2-Total-Hits:          15316085   63.82%
L2-Total-Misses:         8683540   36.18%
L2-Total-Accesses:      23999625  100.00%

