--------
Total Statistics
--------
Total Instructions: 7968636888
Total Cycles: 11657008144
IPC: 0.683592

--------
Single level Tlb hierarchy
--------
  Data Tlb:
    Entries:          64
    Page Size(B):   4096
    Associativity:      4

Latencies:    0   50
Tlb-Sets:   16 - LRU - assoc:   4

Tlb Stats:
Tlb-Load-Hits:        1867741018   99.97%
Tlb-Load-Misses:          565273    0.03%
Tlb-Load-Accesses:    1868306291  100.00%

Tlb-Store-Hits:         190047490   99.85%
Tlb-Store-Misses:          279845    0.15%
Tlb-Store-Accesses:     190327335  100.00%

Tlb-Total-Hits:        2057788508   99.96%
Tlb-Total-Misses:          845118    0.04%
Tlb-Total-Accesses:    2058633626  100.00%



--------
Two level Cache hierarchy
--------
  L1-Data Cache:
    Size(KB):          16
    Block Size(B):     64
    Associativity:      4

  L2-Data Cache:
    Size(KB):        1024
    Block Size(B):    128
    Associativity:      8

Latencies:    1   10  150
L1-Sets:   64 - LRU - assoc:   4
L2-Sets: 1024 - LRU - assoc:   8
Store_allocation: Yes
L2_inclusive: Yes
L2_prefetching: No

L1 Cache Stats:
L1-Load-Hits:        1845342417   98.77%
L1-Load-Misses:        22963874    1.23%
L1-Load-Accesses:    1868306291  100.00%

L1-Store-Hits:         184793841   97.09%
L1-Store-Misses:         5533494    2.91%
L1-Store-Accesses:     190327335  100.00%

L1-Total-Hits:        2030136258   98.62%
L1-Total-Misses:        28497368    1.38%
L1-Total-Accesses:    2058633626  100.00%

L2 Cache Stats:
L2-Load-Hits:          16999370   74.03%
L2-Load-Misses:         5964504   25.97%
L2-Load-Accesses:      22963874  100.00%

L2-Store-Hits:           2814611   50.86%
L2-Store-Misses:         2718883   49.14%
L2-Store-Accesses:       5533494  100.00%

L2-Total-Hits:          19813981   69.53%
L2-Total-Misses:         8683387   30.47%
L2-Total-Accesses:      28497368  100.00%

