--------
Total Statistics
--------
Total Instructions: 7968636854
Total Cycles: 11705200321
IPC: 0.680777

--------
Single level Tlb hierarchy
--------
  Data Tlb:
    Entries:          64
    Page Size(B):   4096
    Associativity:      4

Latencies:    0   50
Tlb-Sets:   16 - LRU - assoc:   4

Tlb Stats:
Tlb-Load-Hits:        1867740488   99.97%
Tlb-Load-Misses:          565789    0.03%
Tlb-Load-Accesses:    1868306277  100.00%

Tlb-Store-Hits:         190047485   99.85%
Tlb-Store-Misses:          279845    0.15%
Tlb-Store-Accesses:     190327330  100.00%

Tlb-Total-Hits:        2057787973   99.96%
Tlb-Total-Misses:          845634    0.04%
Tlb-Total-Accesses:    2058633607  100.00%



--------
Two level Cache hierarchy
--------
  L1-Data Cache:
    Size(KB):          32
    Block Size(B):     32
    Associativity:      4

  L2-Data Cache:
    Size(KB):        1024
    Block Size(B):    128
    Associativity:      8

Latencies:    1   10  150
L1-Sets:  256 - LRU - assoc:   4
L2-Sets: 1024 - LRU - assoc:   8
Store_allocation: Yes
L2_inclusive: Yes
L2_prefetching: No

L1 Cache Stats:
L1-Load-Hits:        1841813810   98.58%
L1-Load-Misses:        26492467    1.42%
L1-Load-Accesses:    1868306277  100.00%

L1-Store-Hits:         183502291   96.41%
L1-Store-Misses:         6825039    3.59%
L1-Store-Accesses:     190327330  100.00%

L1-Total-Hits:        2025316101   98.38%
L1-Total-Misses:        33317506    1.62%
L1-Total-Accesses:    2058633607  100.00%

L2 Cache Stats:
L2-Load-Hits:          20528199   77.49%
L2-Load-Misses:         5964268   22.51%
L2-Load-Accesses:      26492467  100.00%

L2-Store-Hits:           4106153   60.16%
L2-Store-Misses:         2718886   39.84%
L2-Store-Accesses:       6825039  100.00%

L2-Total-Hits:          24634352   73.94%
L2-Total-Misses:         8683154   26.06%
L2-Total-Accesses:      33317506  100.00%

