--------
Total Statistics
--------
Total Instructions: 7968636854
Total Cycles: 11502961691
IPC: 0.692747

--------
Single level Tlb hierarchy
--------
  Data Tlb:
    Entries:          64
    Page Size(B):   4096
    Associativity:      4

Latencies:    0   50
Tlb-Sets:   16 - LRU - assoc:   4

Tlb Stats:
Tlb-Load-Hits:        1867741246   99.97%
Tlb-Load-Misses:          565031    0.03%
Tlb-Load-Accesses:    1868306277  100.00%

Tlb-Store-Hits:         190047477   99.85%
Tlb-Store-Misses:          279853    0.15%
Tlb-Store-Accesses:     190327330  100.00%

Tlb-Total-Hits:        2057788723   99.96%
Tlb-Total-Misses:          844884    0.04%
Tlb-Total-Accesses:    2058633607  100.00%



--------
Two level Cache hierarchy
--------
  L1-Data Cache:
    Size(KB):          64
    Block Size(B):    128
    Associativity:      4

  L2-Data Cache:
    Size(KB):        1024
    Block Size(B):    128
    Associativity:      8

Latencies:    1   10  150
L1-Sets:  128 - LRU - assoc:   4
L2-Sets: 1024 - LRU - assoc:   8
Store_allocation: Yes
L2_inclusive: Yes
L2_prefetching: No

L1 Cache Stats:
L1-Load-Hits:        1857990706   99.45%
L1-Load-Misses:        10315571    0.55%
L1-Load-Accesses:    1868306277  100.00%

L1-Store-Hits:         187603108   98.57%
L1-Store-Misses:         2724222    1.43%
L1-Store-Accesses:     190327330  100.00%

L1-Total-Hits:        2045593814   99.37%
L1-Total-Misses:        13039793    0.63%
L1-Total-Accesses:    2058633607  100.00%

L2 Cache Stats:
L2-Load-Hits:           4347815   42.15%
L2-Load-Misses:         5967756   57.85%
L2-Load-Accesses:      10315571  100.00%

L2-Store-Hits:              4984    0.18%
L2-Store-Misses:         2719238   99.82%
L2-Store-Accesses:       2724222  100.00%

L2-Total-Hits:           4352799   33.38%
L2-Total-Misses:         8686994   66.62%
L2-Total-Accesses:      13039793  100.00%

