--------
Total Statistics
--------
Total Instructions: 7968636854
Total Cycles: 11667190021
IPC: 0.682995

--------
Single level Tlb hierarchy
--------
  Data Tlb:
    Entries:          64
    Page Size(B):   4096
    Associativity:      4

Latencies:    0   50
Tlb-Sets:   16 - LRU - assoc:   4

Tlb Stats:
Tlb-Load-Hits:        1867735477   99.97%
Tlb-Load-Misses:          570800    0.03%
Tlb-Load-Accesses:    1868306277  100.00%

Tlb-Store-Hits:         190047469   99.85%
Tlb-Store-Misses:          279861    0.15%
Tlb-Store-Accesses:     190327330  100.00%

Tlb-Total-Hits:        2057782946   99.96%
Tlb-Total-Misses:          850661    0.04%
Tlb-Total-Accesses:    2058633607  100.00%



--------
Two level Cache hierarchy
--------
  L1-Data Cache:
    Size(KB):          64
    Block Size(B):     32
    Associativity:      4

  L2-Data Cache:
    Size(KB):        1024
    Block Size(B):    128
    Associativity:      8

Latencies:    1   10  150
L1-Sets:  512 - LRU - assoc:   4
L2-Sets: 1024 - LRU - assoc:   8
Store_allocation: Yes
L2_inclusive: Yes
L2_prefetching: No

L1 Cache Stats:
L1-Load-Hits:        1845638137   98.79%
L1-Load-Misses:        22668140    1.21%
L1-Load-Accesses:    1868306277  100.00%

L1-Store-Hits:         183514794   96.42%
L1-Store-Misses:         6812536    3.58%
L1-Store-Accesses:     190327330  100.00%

L1-Total-Hits:        2029152931   98.57%
L1-Total-Misses:        29480676    1.43%
L1-Total-Accesses:    2058633607  100.00%

L2 Cache Stats:
L2-Load-Hits:          16703675   73.69%
L2-Load-Misses:         5964465   26.31%
L2-Load-Accesses:      22668140  100.00%

L2-Store-Hits:           4093136   60.08%
L2-Store-Misses:         2719400   39.92%
L2-Store-Accesses:       6812536  100.00%

L2-Total-Hits:          20796811   70.54%
L2-Total-Misses:         8683865   29.46%
L2-Total-Accesses:      29480676  100.00%

