--------
Total Statistics
--------
Total Instructions: 7968636854
Total Cycles: 11622860141
IPC: 0.6856

--------
Single level Tlb hierarchy
--------
  Data Tlb:
    Entries:          64
    Page Size(B):   4096
    Associativity:      4

Latencies:    0   50
Tlb-Sets:   16 - LRU - assoc:   4

Tlb Stats:
Tlb-Load-Hits:        1867741791   99.97%
Tlb-Load-Misses:          564486    0.03%
Tlb-Load-Accesses:    1868306277  100.00%

Tlb-Store-Hits:         190047484   99.85%
Tlb-Store-Misses:          279846    0.15%
Tlb-Store-Accesses:     190327330  100.00%

Tlb-Total-Hits:        2057789275   99.96%
Tlb-Total-Misses:          844332    0.04%
Tlb-Total-Accesses:    2058633607  100.00%



--------
Two level Cache hierarchy
--------
  L1-Data Cache:
    Size(KB):          64
    Block Size(B):     64
    Associativity:      8

  L2-Data Cache:
    Size(KB):        1024
    Block Size(B):    128
    Associativity:      8

Latencies:    1   10  150
L1-Sets:  128 - LRU - assoc:   8
L2-Sets: 1024 - LRU - assoc:   8
Store_allocation: Yes
L2_inclusive: Yes
L2_prefetching: No

L1 Cache Stats:
L1-Load-Hits:        1848713197   98.95%
L1-Load-Misses:        19593080    1.05%
L1-Load-Accesses:    1868306277  100.00%

L1-Store-Hits:         184847197   97.12%
L1-Store-Misses:         5480133    2.88%
L1-Store-Accesses:     190327330  100.00%

L1-Total-Hits:        2033560394   98.78%
L1-Total-Misses:        25073213    1.22%
L1-Total-Accesses:    2058633607  100.00%

L2 Cache Stats:
L2-Load-Hits:          13627741   69.55%
L2-Load-Misses:         5965339   30.45%
L2-Load-Accesses:      19593080  100.00%

L2-Store-Hits:           2761199   50.39%
L2-Store-Misses:         2718934   49.61%
L2-Store-Accesses:       5480133  100.00%

L2-Total-Hits:          16388940   65.36%
L2-Total-Misses:         8684273   34.64%
L2-Total-Accesses:      25073213  100.00%

