--------
Total Statistics
--------
Total Instructions: 7968636888
Total Cycles: 11535113114
IPC: 0.690816

--------
Single level Tlb hierarchy
--------
  Data Tlb:
    Entries:          64
    Page Size(B):   4096
    Associativity:      4

Latencies:    0   50
Tlb-Sets:   16 - LRU - assoc:   4

Tlb Stats:
Tlb-Load-Hits:        1867741595   99.97%
Tlb-Load-Misses:          564696    0.03%
Tlb-Load-Accesses:    1868306291  100.00%

Tlb-Store-Hits:         190047490   99.85%
Tlb-Store-Misses:          279845    0.15%
Tlb-Store-Accesses:     190327335  100.00%

Tlb-Total-Hits:        2057789085   99.96%
Tlb-Total-Misses:          844541    0.04%
Tlb-Total-Accesses:    2058633626  100.00%



--------
Two level Cache hierarchy
--------
  L1-Data Cache:
    Size(KB):          16
    Block Size(B):    128
    Associativity:      4

  L2-Data Cache:
    Size(KB):        1024
    Block Size(B):    128
    Associativity:      8

Latencies:    1   10  150
L1-Sets:   32 - LRU - assoc:   4
L2-Sets: 1024 - LRU - assoc:   8
Store_allocation: Yes
L2_inclusive: Yes
L2_prefetching: No

L1 Cache Stats:
L1-Load-Hits:        1854813327   99.28%
L1-Load-Misses:        13492964    0.72%
L1-Load-Accesses:    1868306291  100.00%

L1-Store-Hits:         187550769   98.54%
L1-Store-Misses:         2776566    1.46%
L1-Store-Accesses:     190327335  100.00%

L1-Total-Hits:        2042364096   99.21%
L1-Total-Misses:        16269530    0.79%
L1-Total-Accesses:    2058633626  100.00%

L2 Cache Stats:
L2-Load-Hits:           7525733   55.78%
L2-Load-Misses:         5967231   44.22%
L2-Load-Accesses:      13492964  100.00%

L2-Store-Hits:             57662    2.08%
L2-Store-Misses:         2718904   97.92%
L2-Store-Accesses:       2776566  100.00%

L2-Total-Hits:           7583395   46.61%
L2-Total-Misses:         8686135   53.39%
L2-Total-Accesses:      16269530  100.00%

