--------
Total Statistics
--------
Total Instructions: 31246957013
Total Cycles: 48049167801
IPC: 0.650312

--------
Single level Tlb hierarchy
--------
  Data Tlb:
    Entries:          64
    Page Size(B):   4096
    Associativity:      4

Latencies:    0   50
Tlb-Sets:   16 - LRU - assoc:   4

Tlb Stats:
Tlb-Load-Hits:        9377604199   99.87%
Tlb-Load-Misses:        12134418    0.13%
Tlb-Load-Accesses:    9389738617  100.00%

Tlb-Store-Hits:        4904497533   99.93%
Tlb-Store-Misses:         3676998    0.07%
Tlb-Store-Accesses:    4908174531  100.00%

Tlb-Total-Hits:       14282101732   99.89%
Tlb-Total-Misses:        15811416    0.11%
Tlb-Total-Accesses:   14297913148  100.00%



--------
Two level Cache hierarchy
--------
  L1-Data Cache:
    Size(KB):          64
    Block Size(B):     64
    Associativity:      8

  L2-Data Cache:
    Size(KB):        1024
    Block Size(B):    128
    Associativity:      8

Latencies:    1   10  150
L1-Sets:  128 - LRU - assoc:   8
L2-Sets: 1024 - LRU - assoc:   8
Store_allocation: Yes
L2_inclusive: Yes
L2_prefetching: No

L1 Cache Stats:
L1-Load-Hits:        9353650218   99.62%
L1-Load-Misses:        36088399    0.38%
L1-Load-Accesses:    9389738617  100.00%

L1-Store-Hits:        4898874616   99.81%
L1-Store-Misses:         9299915    0.19%
L1-Store-Accesses:    4908174531  100.00%

L1-Total-Hits:       14252524834   99.68%
L1-Total-Misses:        45388314    0.32%
L1-Total-Accesses:   14297913148  100.00%

L2 Cache Stats:
L2-Load-Hits:          29960102   83.02%
L2-Load-Misses:         6128297   16.98%
L2-Load-Accesses:      36088399  100.00%

L2-Store-Hits:           7029254   75.58%
L2-Store-Misses:         2270661   24.42%
L2-Store-Accesses:       9299915  100.00%

L2-Total-Hits:          36989356   81.50%
L2-Total-Misses:         8398958   18.50%
L2-Total-Accesses:      45388314  100.00%

