--------
Total Statistics
--------
Total Instructions: 31246957013
Total Cycles: 48670532701
IPC: 0.64201

--------
Single level Tlb hierarchy
--------
  Data Tlb:
    Entries:          64
    Page Size(B):   4096
    Associativity:      4

Latencies:    0   50
Tlb-Sets:   16 - LRU - assoc:   4

Tlb Stats:
Tlb-Load-Hits:        9373873479   99.83%
Tlb-Load-Misses:        15865138    0.17%
Tlb-Load-Accesses:    9389738617  100.00%

Tlb-Store-Hits:        4902955303   99.89%
Tlb-Store-Misses:         5219228    0.11%
Tlb-Store-Accesses:    4908174531  100.00%

Tlb-Total-Hits:       14276828782   99.85%
Tlb-Total-Misses:        21084366    0.15%
Tlb-Total-Accesses:   14297913148  100.00%



--------
Two level Cache hierarchy
--------
  L1-Data Cache:
    Size(KB):          16
    Block Size(B):    128
    Associativity:      4

  L2-Data Cache:
    Size(KB):        1024
    Block Size(B):    128
    Associativity:      8

Latencies:    1   10  150
L1-Sets:   32 - LRU - assoc:   4
L2-Sets: 1024 - LRU - assoc:   8
Store_allocation: Yes
L2_inclusive: Yes
L2_prefetching: No

L1 Cache Stats:
L1-Load-Hits:        9321382765   99.27%
L1-Load-Misses:        68355852    0.73%
L1-Load-Accesses:    9389738617  100.00%

L1-Store-Hits:        4895121779   99.73%
L1-Store-Misses:        13052752    0.27%
L1-Store-Accesses:    4908174531  100.00%

L1-Total-Hits:       14216504544   99.43%
L1-Total-Misses:        81408604    0.57%
L1-Total-Accesses:   14297913148  100.00%

L2 Cache Stats:
L2-Load-Hits:          62241213   91.05%
L2-Load-Misses:         6114639    8.95%
L2-Load-Accesses:      68355852  100.00%

L2-Store-Hits:          10785003   82.63%
L2-Store-Misses:         2267749   17.37%
L2-Store-Accesses:      13052752  100.00%

L2-Total-Hits:          73026216   89.70%
L2-Total-Misses:         8382388   10.30%
L2-Total-Accesses:      81408604  100.00%

