--------
Total Statistics
--------
Total Instructions: 31246957013
Total Cycles: 48350930731
IPC: 0.646253

--------
Single level Tlb hierarchy
--------
  Data Tlb:
    Entries:          64
    Page Size(B):   4096
    Associativity:      4

Latencies:    0   50
Tlb-Sets:   16 - LRU - assoc:   4

Tlb Stats:
Tlb-Load-Hits:        9377510398   99.87%
Tlb-Load-Misses:        12228219    0.13%
Tlb-Load-Accesses:    9389738617  100.00%

Tlb-Store-Hits:        4904476901   99.92%
Tlb-Store-Misses:         3697630    0.08%
Tlb-Store-Accesses:    4908174531  100.00%

Tlb-Total-Hits:       14281987299   99.89%
Tlb-Total-Misses:        15925849    0.11%
Tlb-Total-Accesses:   14297913148  100.00%



--------
Two level Cache hierarchy
--------
  L1-Data Cache:
    Size(KB):          32
    Block Size(B):     32
    Associativity:      4

  L2-Data Cache:
    Size(KB):        1024
    Block Size(B):    128
    Associativity:      8

Latencies:    1   10  150
L1-Sets:  256 - LRU - assoc:   4
L2-Sets: 1024 - LRU - assoc:   8
Store_allocation: Yes
L2_inclusive: Yes
L2_prefetching: No

L1 Cache Stats:
L1-Load-Hits:        9329279573   99.36%
L1-Load-Misses:        60459044    0.64%
L1-Load-Accesses:    9389738617  100.00%

L1-Store-Hits:        4893425838   99.70%
L1-Store-Misses:        14748693    0.30%
L1-Store-Accesses:    4908174531  100.00%

L1-Total-Hits:       14222705411   99.47%
L1-Total-Misses:        75207737    0.53%
L1-Total-Accesses:   14297913148  100.00%

L2 Cache Stats:
L2-Load-Hits:          54343245   89.88%
L2-Load-Misses:         6115799   10.12%
L2-Load-Accesses:      60459044  100.00%

L2-Store-Hits:          12479887   84.62%
L2-Store-Misses:         2268806   15.38%
L2-Store-Accesses:      14748693  100.00%

L2-Total-Hits:          66823132   88.85%
L2-Total-Misses:         8384605   11.15%
L2-Total-Accesses:      75207737  100.00%

