--------
Total Statistics
--------
Total Instructions: 31246957013
Total Cycles: 48141040211
IPC: 0.649071

--------
Single level Tlb hierarchy
--------
  Data Tlb:
    Entries:          64
    Page Size(B):   4096
    Associativity:      4

Latencies:    0   50
Tlb-Sets:   16 - LRU - assoc:   4

Tlb Stats:
Tlb-Load-Hits:        9376802415   99.86%
Tlb-Load-Misses:        12936202    0.14%
Tlb-Load-Accesses:    9389738617  100.00%

Tlb-Store-Hits:        4904064620   99.92%
Tlb-Store-Misses:         4109911    0.08%
Tlb-Store-Accesses:    4908174531  100.00%

Tlb-Total-Hits:       14280867035   99.88%
Tlb-Total-Misses:        17046113    0.12%
Tlb-Total-Accesses:   14297913148  100.00%



--------
Two level Cache hierarchy
--------
  L1-Data Cache:
    Size(KB):          32
    Block Size(B):    128
    Associativity:      4

  L2-Data Cache:
    Size(KB):        1024
    Block Size(B):    128
    Associativity:      8

Latencies:    1   10  150
L1-Sets:   64 - LRU - assoc:   4
L2-Sets: 1024 - LRU - assoc:   8
Store_allocation: Yes
L2_inclusive: Yes
L2_prefetching: No

L1 Cache Stats:
L1-Load-Hits:        9347090131   99.55%
L1-Load-Misses:        42648486    0.45%
L1-Load-Accesses:    9389738617  100.00%

L1-Store-Hits:        4902323312   99.88%
L1-Store-Misses:         5851219    0.12%
L1-Store-Accesses:    4908174531  100.00%

L1-Total-Hits:       14249413443   99.66%
L1-Total-Misses:        48499705    0.34%
L1-Total-Accesses:   14297913148  100.00%

L2 Cache Stats:
L2-Load-Hits:          36525419   85.64%
L2-Load-Misses:         6123067   14.36%
L2-Load-Accesses:      42648486  100.00%

L2-Store-Hits:           3581837   61.22%
L2-Store-Misses:         2269382   38.78%
L2-Store-Accesses:       5851219  100.00%

L2-Total-Hits:          40107256   82.70%
L2-Total-Misses:         8392449   17.30%
L2-Total-Accesses:      48499705  100.00%

