--------
Total Statistics
--------
Total Instructions: 31246957013
Total Cycles: 48208152001
IPC: 0.648167

--------
Single level Tlb hierarchy
--------
  Data Tlb:
    Entries:          64
    Page Size(B):   4096
    Associativity:      4

Latencies:    0   50
Tlb-Sets:   16 - LRU - assoc:   4

Tlb Stats:
Tlb-Load-Hits:        9377544640   99.87%
Tlb-Load-Misses:        12193977    0.13%
Tlb-Load-Accesses:    9389738617  100.00%

Tlb-Store-Hits:        4904496992   99.93%
Tlb-Store-Misses:         3677539    0.07%
Tlb-Store-Accesses:    4908174531  100.00%

Tlb-Total-Hits:       14282041632   99.89%
Tlb-Total-Misses:        15871516    0.11%
Tlb-Total-Accesses:   14297913148  100.00%



--------
Two level Cache hierarchy
--------
  L1-Data Cache:
    Size(KB):          32
    Block Size(B):     64
    Associativity:      4

  L2-Data Cache:
    Size(KB):        1024
    Block Size(B):    128
    Associativity:      8

Latencies:    1   10  150
L1-Sets:  128 - LRU - assoc:   4
L2-Sets: 1024 - LRU - assoc:   8
Store_allocation: Yes
L2_inclusive: Yes
L2_prefetching: No

L1 Cache Stats:
L1-Load-Hits:        9338714122   99.46%
L1-Load-Misses:        51024495    0.54%
L1-Load-Accesses:    9389738617  100.00%

L1-Store-Hits:        4897998397   99.79%
L1-Store-Misses:        10176134    0.21%
L1-Store-Accesses:    4908174531  100.00%

L1-Total-Hits:       14236712519   99.57%
L1-Total-Misses:        61200629    0.43%
L1-Total-Accesses:   14297913148  100.00%

L2 Cache Stats:
L2-Load-Hits:          44907951   88.01%
L2-Load-Misses:         6116544   11.99%
L2-Load-Accesses:      51024495  100.00%

L2-Store-Hits:           7908013   77.71%
L2-Store-Misses:         2268121   22.29%
L2-Store-Accesses:      10176134  100.00%

L2-Total-Hits:          52815964   86.30%
L2-Total-Misses:         8384665   13.70%
L2-Total-Accesses:      61200629  100.00%

