--------
Total Statistics
--------
Total Instructions: 31246957013
Total Cycles: 55841234771
IPC: 0.559568

--------
Single level Tlb hierarchy
--------
  Data Tlb:
    Entries:          64
    Page Size(B):   4096
    Associativity:      4

Latencies:    0   50
Tlb-Sets:   16 - LRU - assoc:   4

Tlb Stats:
Tlb-Load-Hits:        9283568147   98.87%
Tlb-Load-Misses:       106170470    1.13%
Tlb-Load-Accesses:    9389738617  100.00%

Tlb-Store-Hits:        4852183735   98.86%
Tlb-Store-Misses:        55990796    1.14%
Tlb-Store-Accesses:    4908174531  100.00%

Tlb-Total-Hits:       14135751882   98.87%
Tlb-Total-Misses:       162161266    1.13%
Tlb-Total-Accesses:   14297913148  100.00%



--------
Two level Cache hierarchy
--------
  L1-Data Cache:
    Size(KB):          16
    Block Size(B):     64
    Associativity:      4

  L2-Data Cache:
    Size(KB):        1024
    Block Size(B):    128
    Associativity:      8

Latencies:    1   10  150
L1-Sets:   64 - LRU - assoc:   4
L2-Sets: 1024 - LRU - assoc:   8
Store_allocation: Yes
L2_inclusive: Yes
L2_prefetching: No

L1 Cache Stats:
L1-Load-Hits:        9313825928   99.19%
L1-Load-Misses:        75912689    0.81%
L1-Load-Accesses:    9389738617  100.00%

L1-Store-Hits:        4890981974   99.65%
L1-Store-Misses:        17192557    0.35%
L1-Store-Accesses:    4908174531  100.00%

L1-Total-Hits:       14204807902   99.35%
L1-Total-Misses:        93105246    0.65%
L1-Total-Accesses:   14297913148  100.00%

L2 Cache Stats:
L2-Load-Hits:          69798219   91.95%
L2-Load-Misses:         6114470    8.05%
L2-Load-Accesses:      75912689  100.00%

L2-Store-Hits:          14925368   86.81%
L2-Store-Misses:         2267189   13.19%
L2-Store-Accesses:      17192557  100.00%

L2-Total-Hits:          84723587   91.00%
L2-Total-Misses:         8381659    9.00%
L2-Total-Accesses:      93105246  100.00%

