--------
Total Statistics
--------
Total Instructions: 31246957013
Total Cycles: 47980855021
IPC: 0.651238

--------
Single level Tlb hierarchy
--------
  Data Tlb:
    Entries:          64
    Page Size(B):   4096
    Associativity:      4

Latencies:    0   50
Tlb-Sets:   16 - LRU - assoc:   4

Tlb Stats:
Tlb-Load-Hits:        9377521937   99.87%
Tlb-Load-Misses:        12216680    0.13%
Tlb-Load-Accesses:    9389738617  100.00%

Tlb-Store-Hits:        4904479788   99.92%
Tlb-Store-Misses:         3694743    0.08%
Tlb-Store-Accesses:    4908174531  100.00%

Tlb-Total-Hits:       14282001725   99.89%
Tlb-Total-Misses:        15911423    0.11%
Tlb-Total-Accesses:   14297913148  100.00%



--------
Two level Cache hierarchy
--------
  L1-Data Cache:
    Size(KB):         128
    Block Size(B):     64
    Associativity:      8

  L2-Data Cache:
    Size(KB):        1024
    Block Size(B):    128
    Associativity:      8

Latencies:    1   10  150
L1-Sets:  256 - LRU - assoc:   8
L2-Sets: 1024 - LRU - assoc:   8
Store_allocation: Yes
L2_inclusive: Yes
L2_prefetching: No

L1 Cache Stats:
L1-Load-Hits:        9360653776   99.69%
L1-Load-Misses:        29084841    0.31%
L1-Load-Accesses:    9389738617  100.00%

L1-Store-Hits:        4899587331   99.83%
L1-Store-Misses:         8587200    0.17%
L1-Store-Accesses:    4908174531  100.00%

L1-Total-Hits:       14260241107   99.74%
L1-Total-Misses:        37672041    0.26%
L1-Total-Accesses:   14297913148  100.00%

L2 Cache Stats:
L2-Load-Hits:          22933462   78.85%
L2-Load-Misses:         6151379   21.15%
L2-Load-Accesses:      29084841  100.00%

L2-Store-Hits:           6313957   73.53%
L2-Store-Misses:         2273243   26.47%
L2-Store-Accesses:       8587200  100.00%

L2-Total-Hits:          29247419   77.64%
L2-Total-Misses:         8424622   22.36%
L2-Total-Accesses:      37672041  100.00%

