--------
Total Statistics
--------
Total Instructions: 31246957013
Total Cycles: 48570894761
IPC: 0.643327

--------
Single level Tlb hierarchy
--------
  Data Tlb:
    Entries:          64
    Page Size(B):   4096
    Associativity:      4

Latencies:    0   50
Tlb-Sets:   16 - LRU - assoc:   4

Tlb Stats:
Tlb-Load-Hits:        9369659433   99.79%
Tlb-Load-Misses:        20079184    0.21%
Tlb-Load-Accesses:    9389738617  100.00%

Tlb-Store-Hits:        4899175639   99.82%
Tlb-Store-Misses:         8998892    0.18%
Tlb-Store-Accesses:    4908174531  100.00%

Tlb-Total-Hits:       14268835072   99.80%
Tlb-Total-Misses:        29078076    0.20%
Tlb-Total-Accesses:   14297913148  100.00%



--------
Two level Cache hierarchy
--------
  L1-Data Cache:
    Size(KB):          64
    Block Size(B):    128
    Associativity:      4

  L2-Data Cache:
    Size(KB):        1024
    Block Size(B):    128
    Associativity:      8

Latencies:    1   10  150
L1-Sets:  128 - LRU - assoc:   4
L2-Sets: 1024 - LRU - assoc:   8
Store_allocation: Yes
L2_inclusive: Yes
L2_prefetching: No

L1 Cache Stats:
L1-Load-Hits:        9363150912   99.72%
L1-Load-Misses:        26587705    0.28%
L1-Load-Accesses:    9389738617  100.00%

L1-Store-Hits:        4903544111   99.91%
L1-Store-Misses:         4630420    0.09%
L1-Store-Accesses:    4908174531  100.00%

L1-Total-Hits:       14266695023   99.78%
L1-Total-Misses:        31218125    0.22%
L1-Total-Accesses:   14297913148  100.00%

L2 Cache Stats:
L2-Load-Hits:          20460291   76.95%
L2-Load-Misses:         6127414   23.05%
L2-Load-Accesses:      26587705  100.00%

L2-Store-Hits:           2358237   50.93%
L2-Store-Misses:         2272183   49.07%
L2-Store-Accesses:       4630420  100.00%

L2-Total-Hits:          22818528   73.09%
L2-Total-Misses:         8399597   26.91%
L2-Total-Accesses:      31218125  100.00%

