--------
Total Statistics
--------
Total Instructions: 6899721493
Total Cycles: 9640093326
IPC: 0.715732

--------
Single level Tlb hierarchy
--------
  Data Tlb:
    Entries:          64
    Page Size(B):   4096
    Associativity:      4

Latencies:    0   50
Tlb-Sets:   16 - LRU - assoc:   4

Tlb Stats:
Tlb-Load-Hits:        1840021750   99.97%
Tlb-Load-Misses:          556700    0.03%
Tlb-Load-Accesses:    1840578450  100.00%

Tlb-Store-Hits:         682040569   99.99%
Tlb-Store-Misses:           52894    0.01%
Tlb-Store-Accesses:     682093463  100.00%

Tlb-Total-Hits:        2522062319   99.98%
Tlb-Total-Misses:          609594    0.02%
Tlb-Total-Accesses:    2522671913  100.00%



--------
Two level Cache hierarchy
--------
  L1-Data Cache:
    Size(KB):          32
    Block Size(B):     64
    Associativity:      4

  L2-Data Cache:
    Size(KB):        1024
    Block Size(B):    128
    Associativity:      8

Latencies:    1   10  150
L1-Sets:  128 - LRU - assoc:   4
L2-Sets: 1024 - LRU - assoc:   8
Store_allocation: Yes
L2_inclusive: Yes
L2_prefetching: No

L1 Cache Stats:
L1-Load-Hits:        1836986813   99.80%
L1-Load-Misses:         3591637    0.20%
L1-Load-Accesses:    1840578450  100.00%

L1-Store-Hits:         681463623   99.91%
L1-Store-Misses:          629840    0.09%
L1-Store-Accesses:     682093463  100.00%

L1-Total-Hits:        2518450436   99.83%
L1-Total-Misses:         4221477    0.17%
L1-Total-Accesses:    2522671913  100.00%

L2 Cache Stats:
L2-Load-Hits:           2820023   78.52%
L2-Load-Misses:          771614   21.48%
L2-Load-Accesses:       3591637  100.00%

L2-Store-Hits:            434751   69.03%
L2-Store-Misses:          195089   30.97%
L2-Store-Accesses:        629840  100.00%

L2-Total-Hits:           3254774   77.10%
L2-Total-Misses:          966703   22.90%
L2-Total-Accesses:       4221477  100.00%

