--------
Total Statistics
--------
Total Instructions: 6899721527
Total Cycles: 9634495379
IPC: 0.716148

--------
Single level Tlb hierarchy
--------
  Data Tlb:
    Entries:          64
    Page Size(B):   4096
    Associativity:      4

Latencies:    0   50
Tlb-Sets:   16 - LRU - assoc:   4

Tlb Stats:
Tlb-Load-Hits:        1840030263   99.97%
Tlb-Load-Misses:          548201    0.03%
Tlb-Load-Accesses:    1840578464  100.00%

Tlb-Store-Hits:         682041481   99.99%
Tlb-Store-Misses:           51987    0.01%
Tlb-Store-Accesses:     682093468  100.00%

Tlb-Total-Hits:        2522071744   99.98%
Tlb-Total-Misses:          600188    0.02%
Tlb-Total-Accesses:    2522671932  100.00%



--------
Two level Cache hierarchy
--------
  L1-Data Cache:
    Size(KB):          64
    Block Size(B):     64
    Associativity:      4

  L2-Data Cache:
    Size(KB):        1024
    Block Size(B):    128
    Associativity:      8

Latencies:    1   10  150
L1-Sets:  256 - LRU - assoc:   4
L2-Sets: 1024 - LRU - assoc:   8
Store_allocation: Yes
L2_inclusive: Yes
L2_prefetching: No

L1 Cache Stats:
L1-Load-Hits:        1837462540   99.83%
L1-Load-Misses:         3115924    0.17%
L1-Load-Accesses:    1840578464  100.00%

L1-Store-Hits:         681505710   99.91%
L1-Store-Misses:          587758    0.09%
L1-Store-Accesses:     682093468  100.00%

L1-Total-Hits:        2518968250   99.85%
L1-Total-Misses:         3703682    0.15%
L1-Total-Accesses:    2522671932  100.00%

L2 Cache Stats:
L2-Load-Hits:           2344176   75.23%
L2-Load-Misses:          771748   24.77%
L2-Load-Accesses:       3115924  100.00%

L2-Store-Hits:            392468   66.77%
L2-Store-Misses:          195290   33.23%
L2-Store-Accesses:        587758  100.00%

L2-Total-Hits:           2736644   73.89%
L2-Total-Misses:          967038   26.11%
L2-Total-Accesses:       3703682  100.00%

