--------
Total Statistics
--------
Total Instructions: 6899721493
Total Cycles: 9641009956
IPC: 0.715664

--------
Single level Tlb hierarchy
--------
  Data Tlb:
    Entries:          64
    Page Size(B):   4096
    Associativity:      4

Latencies:    0   50
Tlb-Sets:   16 - LRU - assoc:   4

Tlb Stats:
Tlb-Load-Hits:        1839998510   99.97%
Tlb-Load-Misses:          579940    0.03%
Tlb-Load-Accesses:    1840578450  100.00%

Tlb-Store-Hits:         682038267   99.99%
Tlb-Store-Misses:           55196    0.01%
Tlb-Store-Accesses:     682093463  100.00%

Tlb-Total-Hits:        2522036777   99.97%
Tlb-Total-Misses:          635136    0.03%
Tlb-Total-Accesses:    2522671913  100.00%



--------
Two level Cache hierarchy
--------
  L1-Data Cache:
    Size(KB):          32
    Block Size(B):     64
    Associativity:      8

  L2-Data Cache:
    Size(KB):        1024
    Block Size(B):    128
    Associativity:      8

Latencies:    1   10  150
L1-Sets:   64 - LRU - assoc:   8
L2-Sets: 1024 - LRU - assoc:   8
Store_allocation: Yes
L2_inclusive: Yes
L2_prefetching: No

L1 Cache Stats:
L1-Load-Hits:        1837014972   99.81%
L1-Load-Misses:         3563478    0.19%
L1-Load-Accesses:    1840578450  100.00%

L1-Store-Hits:         681463156   99.91%
L1-Store-Misses:          630307    0.09%
L1-Store-Accesses:     682093463  100.00%

L1-Total-Hits:        2518478128   99.83%
L1-Total-Misses:         4193785    0.17%
L1-Total-Accesses:    2522671913  100.00%

L2 Cache Stats:
L2-Load-Hits:           2792524   78.37%
L2-Load-Misses:          770954   21.63%
L2-Load-Accesses:       3563478  100.00%

L2-Store-Hits:            435115   69.03%
L2-Store-Misses:          195192   30.97%
L2-Store-Accesses:        630307  100.00%

L2-Total-Hits:           3227639   76.96%
L2-Total-Misses:          966146   23.04%
L2-Total-Accesses:       4193785  100.00%

