--------
Total Statistics
--------
Total Instructions: 6899721527
Total Cycles: 9638644139
IPC: 0.715839

--------
Single level Tlb hierarchy
--------
  Data Tlb:
    Entries:          64
    Page Size(B):   4096
    Associativity:      4

Latencies:    0   50
Tlb-Sets:   16 - LRU - assoc:   4

Tlb Stats:
Tlb-Load-Hits:        1839891946   99.96%
Tlb-Load-Misses:          686518    0.04%
Tlb-Load-Accesses:    1840578464  100.00%

Tlb-Store-Hits:         681999096   99.99%
Tlb-Store-Misses:           94372    0.01%
Tlb-Store-Accesses:     682093468  100.00%

Tlb-Total-Hits:        2521891042   99.97%
Tlb-Total-Misses:          780890    0.03%
Tlb-Total-Accesses:    2522671932  100.00%



--------
Two level Cache hierarchy
--------
  L1-Data Cache:
    Size(KB):          16
    Block Size(B):    128
    Associativity:      4

  L2-Data Cache:
    Size(KB):        1024
    Block Size(B):    128
    Associativity:      8

Latencies:    1   10  150
L1-Sets:   32 - LRU - assoc:   4
L2-Sets: 1024 - LRU - assoc:   8
Store_allocation: Yes
L2_inclusive: Yes
L2_prefetching: No

L1 Cache Stats:
L1-Load-Hits:        1837714009   99.84%
L1-Load-Misses:         2864455    0.16%
L1-Load-Accesses:    1840578464  100.00%

L1-Store-Hits:         681696195   99.94%
L1-Store-Misses:          397273    0.06%
L1-Store-Accesses:     682093468  100.00%

L1-Total-Hits:        2519410204   99.87%
L1-Total-Misses:         3261728    0.13%
L1-Total-Accesses:    2522671932  100.00%

L2 Cache Stats:
L2-Load-Hits:           2095151   73.14%
L2-Load-Misses:          769304   26.86%
L2-Load-Accesses:       2864455  100.00%

L2-Store-Hits:            202651   51.01%
L2-Store-Misses:          194622   48.99%
L2-Store-Accesses:        397273  100.00%

L2-Total-Hits:           2297802   70.45%
L2-Total-Misses:          963926   29.55%
L2-Total-Accesses:       3261728  100.00%

