--------
Total Statistics
--------
Total Instructions: 6899721493
Total Cycles: 9614882116
IPC: 0.717609

--------
Single level Tlb hierarchy
--------
  Data Tlb:
    Entries:          64
    Page Size(B):   4096
    Associativity:      4

Latencies:    0   50
Tlb-Sets:   16 - LRU - assoc:   4

Tlb Stats:
Tlb-Load-Hits:        1840025555   99.97%
Tlb-Load-Misses:          552895    0.03%
Tlb-Load-Accesses:    1840578450  100.00%

Tlb-Store-Hits:         682040902   99.99%
Tlb-Store-Misses:           52561    0.01%
Tlb-Store-Accesses:     682093463  100.00%

Tlb-Total-Hits:        2522066457   99.98%
Tlb-Total-Misses:          605456    0.02%
Tlb-Total-Accesses:    2522671913  100.00%



--------
Two level Cache hierarchy
--------
  L1-Data Cache:
    Size(KB):          64
    Block Size(B):    128
    Associativity:      4

  L2-Data Cache:
    Size(KB):        1024
    Block Size(B):    128
    Associativity:      8

Latencies:    1   10  150
L1-Sets:  128 - LRU - assoc:   4
L2-Sets: 1024 - LRU - assoc:   8
Store_allocation: Yes
L2_inclusive: Yes
L2_prefetching: No

L1 Cache Stats:
L1-Load-Hits:        1839091557   99.92%
L1-Load-Misses:         1486893    0.08%
L1-Load-Accesses:    1840578450  100.00%

L1-Store-Hits:         681881480   99.97%
L1-Store-Misses:          211983    0.03%
L1-Store-Accesses:     682093463  100.00%

L1-Total-Hits:        2520973037   99.93%
L1-Total-Misses:         1698876    0.07%
L1-Total-Accesses:    2522671913  100.00%

L2 Cache Stats:
L2-Load-Hits:            714092   48.03%
L2-Load-Misses:          772801   51.97%
L2-Load-Accesses:       1486893  100.00%

L2-Store-Hits:             16603    7.83%
L2-Store-Misses:          195380   92.17%
L2-Store-Accesses:        211983  100.00%

L2-Total-Hits:            730695   43.01%
L2-Total-Misses:          968181   56.99%
L2-Total-Accesses:       1698876  100.00%

