--------
Total Statistics
--------
Total Instructions: 6899721493
Total Cycles: 9619683446
IPC: 0.71725

--------
Single level Tlb hierarchy
--------
  Data Tlb:
    Entries:          64
    Page Size(B):   4096
    Associativity:      4

Latencies:    0   50
Tlb-Sets:   16 - LRU - assoc:   4

Tlb Stats:
Tlb-Load-Hits:        1840026134   99.97%
Tlb-Load-Misses:          552316    0.03%
Tlb-Load-Accesses:    1840578450  100.00%

Tlb-Store-Hits:         682041210   99.99%
Tlb-Store-Misses:           52253    0.01%
Tlb-Store-Accesses:     682093463  100.00%

Tlb-Total-Hits:        2522067344   99.98%
Tlb-Total-Misses:          604569    0.02%
Tlb-Total-Accesses:    2522671913  100.00%



--------
Two level Cache hierarchy
--------
  L1-Data Cache:
    Size(KB):          32
    Block Size(B):    128
    Associativity:      4

  L2-Data Cache:
    Size(KB):        1024
    Block Size(B):    128
    Associativity:      8

Latencies:    1   10  150
L1-Sets:   64 - LRU - assoc:   4
L2-Sets: 1024 - LRU - assoc:   8
Store_allocation: Yes
L2_inclusive: Yes
L2_prefetching: No

L1 Cache Stats:
L1-Load-Hits:        1838617269   99.89%
L1-Load-Misses:         1961181    0.11%
L1-Load-Accesses:    1840578450  100.00%

L1-Store-Hits:         681835515   99.96%
L1-Store-Misses:          257948    0.04%
L1-Store-Accesses:     682093463  100.00%

L1-Total-Hits:        2520452784   99.91%
L1-Total-Misses:         2219129    0.09%
L1-Total-Accesses:    2522671913  100.00%

L2 Cache Stats:
L2-Load-Hits:           1190349   60.70%
L2-Load-Misses:          770832   39.30%
L2-Load-Accesses:       1961181  100.00%

L2-Store-Hits:             62978   24.41%
L2-Store-Misses:          194970   75.59%
L2-Store-Accesses:        257948  100.00%

L2-Total-Hits:           1253327   56.48%
L2-Total-Misses:          965802   43.52%
L2-Total-Accesses:       2219129  100.00%

