--------
Total Statistics
--------
Total Instructions: 6899721493
Total Cycles: 9676134226
IPC: 0.713066

--------
Single level Tlb hierarchy
--------
  Data Tlb:
    Entries:          64
    Page Size(B):   4096
    Associativity:      4

Latencies:    0   50
Tlb-Sets:   16 - LRU - assoc:   4

Tlb Stats:
Tlb-Load-Hits:        1839912171   99.96%
Tlb-Load-Misses:          666279    0.04%
Tlb-Load-Accesses:    1840578450  100.00%

Tlb-Store-Hits:         682000488   99.99%
Tlb-Store-Misses:           92975    0.01%
Tlb-Store-Accesses:     682093463  100.00%

Tlb-Total-Hits:        2521912659   99.97%
Tlb-Total-Misses:          759254    0.03%
Tlb-Total-Accesses:    2522671913  100.00%



--------
Two level Cache hierarchy
--------
  L1-Data Cache:
    Size(KB):          16
    Block Size(B):     32
    Associativity:      4

  L2-Data Cache:
    Size(KB):        1024
    Block Size(B):    128
    Associativity:      8

Latencies:    1   10  150
L1-Sets:  128 - LRU - assoc:   4
L2-Sets: 1024 - LRU - assoc:   8
Store_allocation: Yes
L2_inclusive: Yes
L2_prefetching: No

L1 Cache Stats:
L1-Load-Hits:        1834622903   99.68%
L1-Load-Misses:         5955547    0.32%
L1-Load-Accesses:    1840578450  100.00%

L1-Store-Hits:         680940753   99.83%
L1-Store-Misses:         1152710    0.17%
L1-Store-Accesses:     682093463  100.00%

L1-Total-Hits:        2515563656   99.72%
L1-Total-Misses:         7108257    0.28%
L1-Total-Accesses:    2522671913  100.00%

L2 Cache Stats:
L2-Load-Hits:           5185536   87.07%
L2-Load-Misses:          770011   12.93%
L2-Load-Accesses:       5955547  100.00%

L2-Store-Hits:            958084   83.12%
L2-Store-Misses:          194626   16.88%
L2-Store-Accesses:       1152710  100.00%

L2-Total-Hits:           6143620   86.43%
L2-Total-Misses:          964637   13.57%
L2-Total-Accesses:       7108257  100.00%

