--------
Total Statistics
--------
Total Instructions: 6899721493
Total Cycles: 9636132236
IPC: 0.716026

--------
Single level Tlb hierarchy
--------
  Data Tlb:
    Entries:          64
    Page Size(B):   4096
    Associativity:      4

Latencies:    0   50
Tlb-Sets:   16 - LRU - assoc:   4

Tlb Stats:
Tlb-Load-Hits:        1839998475   99.97%
Tlb-Load-Misses:          579975    0.03%
Tlb-Load-Accesses:    1840578450  100.00%

Tlb-Store-Hits:         682032943   99.99%
Tlb-Store-Misses:           60520    0.01%
Tlb-Store-Accesses:     682093463  100.00%

Tlb-Total-Hits:        2522031418   99.97%
Tlb-Total-Misses:          640495    0.03%
Tlb-Total-Accesses:    2522671913  100.00%



--------
Two level Cache hierarchy
--------
  L1-Data Cache:
    Size(KB):          64
    Block Size(B):     64
    Associativity:      8

  L2-Data Cache:
    Size(KB):        1024
    Block Size(B):    128
    Associativity:      8

Latencies:    1   10  150
L1-Sets:  128 - LRU - assoc:   8
L2-Sets: 1024 - LRU - assoc:   8
Store_allocation: Yes
L2_inclusive: Yes
L2_prefetching: No

L1 Cache Stats:
L1-Load-Hits:        1837501580   99.83%
L1-Load-Misses:         3076870    0.17%
L1-Load-Accesses:    1840578450  100.00%

L1-Store-Hits:         681504255   99.91%
L1-Store-Misses:          589208    0.09%
L1-Store-Accesses:     682093463  100.00%

L1-Total-Hits:        2519005835   99.85%
L1-Total-Misses:         3666078    0.15%
L1-Total-Accesses:    2522671913  100.00%

L2 Cache Stats:
L2-Load-Hits:           2305126   74.92%
L2-Load-Misses:          771744   25.08%
L2-Load-Accesses:       3076870  100.00%

L2-Store-Hits:            393930   66.86%
L2-Store-Misses:          195278   33.14%
L2-Store-Accesses:        589208  100.00%

L2-Total-Hits:           2699056   73.62%
L2-Total-Misses:          967022   26.38%
L2-Total-Accesses:       3666078  100.00%

