--------
Total Statistics
--------
Total Instructions: 6899721493
Total Cycles: 9651218996
IPC: 0.714907

--------
Single level Tlb hierarchy
--------
  Data Tlb:
    Entries:          64
    Page Size(B):   4096
    Associativity:      4

Latencies:    0   50
Tlb-Sets:   16 - LRU - assoc:   4

Tlb Stats:
Tlb-Load-Hits:        1840016781   99.97%
Tlb-Load-Misses:          561669    0.03%
Tlb-Load-Accesses:    1840578450  100.00%

Tlb-Store-Hits:         682041209   99.99%
Tlb-Store-Misses:           52254    0.01%
Tlb-Store-Accesses:     682093463  100.00%

Tlb-Total-Hits:        2522057990   99.98%
Tlb-Total-Misses:          613923    0.02%
Tlb-Total-Accesses:    2522671913  100.00%



--------
Two level Cache hierarchy
--------
  L1-Data Cache:
    Size(KB):          64
    Block Size(B):     32
    Associativity:      4

  L2-Data Cache:
    Size(KB):        1024
    Block Size(B):    128
    Associativity:      8

Latencies:    1   10  150
L1-Sets:  512 - LRU - assoc:   4
L2-Sets: 1024 - LRU - assoc:   8
Store_allocation: Yes
L2_inclusive: Yes
L2_prefetching: No

L1 Cache Stats:
L1-Load-Hits:        1836253623   99.77%
L1-Load-Misses:         4324827    0.23%
L1-Load-Accesses:    1840578450  100.00%

L1-Store-Hits:         681122136   99.86%
L1-Store-Misses:          971327    0.14%
L1-Store-Accesses:     682093463  100.00%

L1-Total-Hits:        2517375759   99.79%
L1-Total-Misses:         5296154    0.21%
L1-Total-Accesses:    2522671913  100.00%

L2 Cache Stats:
L2-Load-Hits:           3552512   82.14%
L2-Load-Misses:          772315   17.86%
L2-Load-Accesses:       4324827  100.00%

L2-Store-Hits:            775856   79.88%
L2-Store-Misses:          195471   20.12%
L2-Store-Accesses:        971327  100.00%

L2-Total-Hits:           4328368   81.73%
L2-Total-Misses:          967786   18.27%
L2-Total-Accesses:       5296154  100.00%

