--------
Total Statistics
--------
Total Instructions: 6899721493
Total Cycles: 9658713596
IPC: 0.714352

--------
Single level Tlb hierarchy
--------
  Data Tlb:
    Entries:          64
    Page Size(B):   4096
    Associativity:      4

Latencies:    0   50
Tlb-Sets:   16 - LRU - assoc:   4

Tlb Stats:
Tlb-Load-Hits:        1839907522   99.96%
Tlb-Load-Misses:          670928    0.04%
Tlb-Load-Accesses:    1840578450  100.00%

Tlb-Store-Hits:         681999603   99.99%
Tlb-Store-Misses:           93860    0.01%
Tlb-Store-Accesses:     682093463  100.00%

Tlb-Total-Hits:        2521907125   99.97%
Tlb-Total-Misses:          764788    0.03%
Tlb-Total-Accesses:    2522671913  100.00%



--------
Two level Cache hierarchy
--------
  L1-Data Cache:
    Size(KB):          16
    Block Size(B):     64
    Associativity:      4

  L2-Data Cache:
    Size(KB):        1024
    Block Size(B):    128
    Associativity:      8

Latencies:    1   10  150
L1-Sets:   64 - LRU - assoc:   4
L2-Sets: 1024 - LRU - assoc:   8
Store_allocation: Yes
L2_inclusive: Yes
L2_prefetching: No

L1 Cache Stats:
L1-Load-Hits:        1835955282   99.75%
L1-Load-Misses:         4623168    0.25%
L1-Load-Accesses:    1840578450  100.00%

L1-Store-Hits:         681366197   99.89%
L1-Store-Misses:          727266    0.11%
L1-Store-Accesses:     682093463  100.00%

L1-Total-Hits:        2517321479   99.79%
L1-Total-Misses:         5350434    0.21%
L1-Total-Accesses:    2522671913  100.00%

L2 Cache Stats:
L2-Load-Hits:           3853937   83.36%
L2-Load-Misses:          769231   16.64%
L2-Load-Accesses:       4623168  100.00%

L2-Store-Hits:            532654   73.24%
L2-Store-Misses:          194612   26.76%
L2-Store-Accesses:        727266  100.00%

L2-Total-Hits:           4386591   81.99%
L2-Total-Misses:          963843   18.01%
L2-Total-Accesses:       5350434  100.00%

