--------
Total Statistics
--------
Total Instructions: 19352350984
Total Cycles: 60165258301
IPC: 0.321653

--------
Single level Tlb hierarchy
--------
  Data Tlb:
    Entries:          64
    Page Size(B):   4096
    Associativity:      4

Latencies:    0   50
Tlb-Sets:   16 - LRU - assoc:   4

Tlb Stats:
Tlb-Load-Hits:        8634549904   99.61%
Tlb-Load-Misses:        33420415    0.39%
Tlb-Load-Accesses:    8667970319  100.00%

Tlb-Store-Hits:         326734414   99.96%
Tlb-Store-Misses:          146304    0.04%
Tlb-Store-Accesses:     326880718  100.00%

Tlb-Total-Hits:        8961284318   99.63%
Tlb-Total-Misses:        33566719    0.37%
Tlb-Total-Accesses:    8994851037  100.00%



--------
Two level Cache hierarchy
--------
  L1-Data Cache:
    Size(KB):          16
    Block Size(B):     32
    Associativity:      4

  L2-Data Cache:
    Size(KB):        1024
    Block Size(B):    128
    Associativity:      8

Latencies:    1   10  150
L1-Sets:  128 - LRU - assoc:   4
L2-Sets: 1024 - LRU - assoc:   8
Store_allocation: Yes
L2_inclusive: Yes
L2_prefetching: No

L1 Cache Stats:
L1-Load-Hits:        7959001793   91.82%
L1-Load-Misses:       708968526    8.18%
L1-Load-Accesses:    8667970319  100.00%

L1-Store-Hits:         324194241   99.18%
L1-Store-Misses:         2686477    0.82%
L1-Store-Accesses:     326880718  100.00%

L1-Total-Hits:        8283196034   92.09%
L1-Total-Misses:       711655003    7.91%
L1-Total-Accesses:    8994851037  100.00%

L2 Cache Stats:
L2-Load-Hits:         555953953   78.42%
L2-Load-Misses:       153014573   21.58%
L2-Load-Accesses:     708968526  100.00%

L2-Store-Hits:           2213248   82.38%
L2-Store-Misses:          473229   17.62%
L2-Store-Accesses:       2686477  100.00%

L2-Total-Hits:         558167201   78.43%
L2-Total-Misses:       153487802   21.57%
L2-Total-Accesses:     711655003  100.00%

