--------
Total Statistics
--------
Total Instructions: 19352350950
Total Cycles: 57556950278
IPC: 0.33623

--------
Single level Tlb hierarchy
--------
  Data Tlb:
    Entries:          64
    Page Size(B):   4096
    Associativity:      4

Latencies:    0   50
Tlb-Sets:   16 - LRU - assoc:   4

Tlb Stats:
Tlb-Load-Hits:        8634565677   99.61%
Tlb-Load-Misses:        33404628    0.39%
Tlb-Load-Accesses:    8667970305  100.00%

Tlb-Store-Hits:         326714925   99.95%
Tlb-Store-Misses:          165788    0.05%
Tlb-Store-Accesses:     326880713  100.00%

Tlb-Total-Hits:        8961280602   99.63%
Tlb-Total-Misses:        33570416    0.37%
Tlb-Total-Accesses:    8994851018  100.00%



--------
Two level Cache hierarchy
--------
  L1-Data Cache:
    Size(KB):          64
    Block Size(B):     64
    Associativity:      8

  L2-Data Cache:
    Size(KB):        1024
    Block Size(B):    128
    Associativity:      8

Latencies:    1   10  150
L1-Sets:  128 - LRU - assoc:   8
L2-Sets: 1024 - LRU - assoc:   8
Store_allocation: Yes
L2_inclusive: Yes
L2_prefetching: No

L1 Cache Stats:
L1-Load-Hits:        8218756825   94.82%
L1-Load-Misses:       449213480    5.18%
L1-Load-Accesses:    8667970305  100.00%

L1-Store-Hits:         325132937   99.47%
L1-Store-Misses:         1747776    0.53%
L1-Store-Accesses:     326880713  100.00%

L1-Total-Hits:        8543889762   94.99%
L1-Total-Misses:       450961256    5.01%
L1-Total-Accesses:    8994851018  100.00%

L2 Cache Stats:
L2-Load-Hits:         296197138   65.94%
L2-Load-Misses:       153016342   34.06%
L2-Load-Accesses:     449213480  100.00%

L2-Store-Hits:           1286685   73.62%
L2-Store-Misses:          461091   26.38%
L2-Store-Accesses:       1747776  100.00%

L2-Total-Hits:         297483823   65.97%
L2-Total-Misses:       153477433   34.03%
L2-Total-Accesses:     450961256  100.00%

