--------
Total Statistics
--------
Total Instructions: 19352350950
Total Cycles: 57646487888
IPC: 0.335707

--------
Single level Tlb hierarchy
--------
  Data Tlb:
    Entries:          64
    Page Size(B):   4096
    Associativity:      4

Latencies:    0   50
Tlb-Sets:   16 - LRU - assoc:   4

Tlb Stats:
Tlb-Load-Hits:        8634539560   99.61%
Tlb-Load-Misses:        33430745    0.39%
Tlb-Load-Accesses:    8667970305  100.00%

Tlb-Store-Hits:         326735528   99.96%
Tlb-Store-Misses:          145185    0.04%
Tlb-Store-Accesses:     326880713  100.00%

Tlb-Total-Hits:        8961275088   99.63%
Tlb-Total-Misses:        33575930    0.37%
Tlb-Total-Accesses:    8994851018  100.00%



--------
Two level Cache hierarchy
--------
  L1-Data Cache:
    Size(KB):          16
    Block Size(B):     64
    Associativity:      4

  L2-Data Cache:
    Size(KB):        1024
    Block Size(B):    128
    Associativity:      8

Latencies:    1   10  150
L1-Sets:   64 - LRU - assoc:   4
L2-Sets: 1024 - LRU - assoc:   8
Store_allocation: Yes
L2_inclusive: Yes
L2_prefetching: No

L1 Cache Stats:
L1-Load-Hits:        8211065381   94.73%
L1-Load-Misses:       456904924    5.27%
L1-Load-Accesses:    8667970305  100.00%

L1-Store-Hits:         324840265   99.38%
L1-Store-Misses:         2040448    0.62%
L1-Store-Accesses:     326880713  100.00%

L1-Total-Hits:        8535905646   94.90%
L1-Total-Misses:       458945372    5.10%
L1-Total-Accesses:    8994851018  100.00%

L2 Cache Stats:
L2-Load-Hits:         303833175   66.50%
L2-Load-Misses:       153071749   33.50%
L2-Load-Accesses:     456904924  100.00%

L2-Store-Hits:           1571959   77.04%
L2-Store-Misses:          468489   22.96%
L2-Store-Accesses:       2040448  100.00%

L2-Total-Hits:         305405134   66.54%
L2-Total-Misses:       153540238   33.46%
L2-Total-Accesses:     458945372  100.00%

