--------
Total Statistics
--------
Total Instructions: 19352350984
Total Cycles: 60017335451
IPC: 0.322446

--------
Single level Tlb hierarchy
--------
  Data Tlb:
    Entries:          64
    Page Size(B):   4096
    Associativity:      4

Latencies:    0   50
Tlb-Sets:   16 - LRU - assoc:   4

Tlb Stats:
Tlb-Load-Hits:        8634613757   99.62%
Tlb-Load-Misses:        33356562    0.38%
Tlb-Load-Accesses:    8667970319  100.00%

Tlb-Store-Hits:         326734728   99.96%
Tlb-Store-Misses:          145990    0.04%
Tlb-Store-Accesses:     326880718  100.00%

Tlb-Total-Hits:        8961348485   99.63%
Tlb-Total-Misses:        33502552    0.37%
Tlb-Total-Accesses:    8994851037  100.00%



--------
Two level Cache hierarchy
--------
  L1-Data Cache:
    Size(KB):          64
    Block Size(B):     32
    Associativity:      4

  L2-Data Cache:
    Size(KB):        1024
    Block Size(B):    128
    Associativity:      8

Latencies:    1   10  150
L1-Sets:  512 - LRU - assoc:   4
L2-Sets: 1024 - LRU - assoc:   8
Store_allocation: Yes
L2_inclusive: Yes
L2_prefetching: No

L1 Cache Stats:
L1-Load-Hits:        7974153912   92.00%
L1-Load-Misses:       693816407    8.00%
L1-Load-Accesses:    8667970319  100.00%

L1-Store-Hits:         324648712   99.32%
L1-Store-Misses:         2232006    0.68%
L1-Store-Accesses:     326880718  100.00%

L1-Total-Hits:        8298802624   92.26%
L1-Total-Misses:       696048413    7.74%
L1-Total-Accesses:    8994851037  100.00%

L2 Cache Stats:
L2-Load-Hits:         540723542   77.93%
L2-Load-Misses:       153092865   22.07%
L2-Load-Accesses:     693816407  100.00%

L2-Store-Hits:           1761393   78.92%
L2-Store-Misses:          470613   21.08%
L2-Store-Accesses:       2232006  100.00%

L2-Total-Hits:         542484935   77.94%
L2-Total-Misses:       153563478   22.06%
L2-Total-Accesses:     696048413  100.00%

