--------
Total Statistics
--------
Total Instructions: 19352350950
Total Cycles: 54671951368
IPC: 0.353972

--------
Single level Tlb hierarchy
--------
  Data Tlb:
    Entries:          64
    Page Size(B):   4096
    Associativity:      4

Latencies:    0   50
Tlb-Sets:   16 - LRU - assoc:   4

Tlb Stats:
Tlb-Load-Hits:        8634587155   99.61%
Tlb-Load-Misses:        33383150    0.39%
Tlb-Load-Accesses:    8667970305  100.00%

Tlb-Store-Hits:         326737178   99.96%
Tlb-Store-Misses:          143535    0.04%
Tlb-Store-Accesses:     326880713  100.00%

Tlb-Total-Hits:        8961324333   99.63%
Tlb-Total-Misses:        33526685    0.37%
Tlb-Total-Accesses:    8994851018  100.00%



--------
Two level Cache hierarchy
--------
  L1-Data Cache:
    Size(KB):          16
    Block Size(B):    128
    Associativity:      4

  L2-Data Cache:
    Size(KB):        1024
    Block Size(B):    128
    Associativity:      8

Latencies:    1   10  150
L1-Sets:   32 - LRU - assoc:   4
L2-Sets: 1024 - LRU - assoc:   8
Store_allocation: Yes
L2_inclusive: Yes
L2_prefetching: No

L1 Cache Stats:
L1-Load-Hits:        8507048871   98.14%
L1-Load-Misses:       160921434    1.86%
L1-Load-Accesses:    8667970305  100.00%

L1-Store-Hits:         326106247   99.76%
L1-Store-Misses:          774466    0.24%
L1-Store-Accesses:     326880713  100.00%

L1-Total-Hits:        8833155118   98.20%
L1-Total-Misses:       161695900    1.80%
L1-Total-Accesses:    8994851018  100.00%

L2 Cache Stats:
L2-Load-Hits:           7843391    4.87%
L2-Load-Misses:       153078043   95.13%
L2-Load-Accesses:     160921434  100.00%

L2-Store-Hits:            309468   39.96%
L2-Store-Misses:          464998   60.04%
L2-Store-Accesses:        774466  100.00%

L2-Total-Hits:           8152859    5.04%
L2-Total-Misses:       153543041   94.96%
L2-Total-Accesses:     161695900  100.00%

