--------
Total Statistics
--------
Total Instructions: 19352350950
Total Cycles: 54642005618
IPC: 0.354166

--------
Single level Tlb hierarchy
--------
  Data Tlb:
    Entries:          64
    Page Size(B):   4096
    Associativity:      4

Latencies:    0   50
Tlb-Sets:   16 - LRU - assoc:   4

Tlb Stats:
Tlb-Load-Hits:        8634605224   99.62%
Tlb-Load-Misses:        33365081    0.38%
Tlb-Load-Accesses:    8667970305  100.00%

Tlb-Store-Hits:         326744136   99.96%
Tlb-Store-Misses:          136577    0.04%
Tlb-Store-Accesses:     326880713  100.00%

Tlb-Total-Hits:        8961349360   99.63%
Tlb-Total-Misses:        33501658    0.37%
Tlb-Total-Accesses:    8994851018  100.00%



--------
Two level Cache hierarchy
--------
  L1-Data Cache:
    Size(KB):          64
    Block Size(B):    128
    Associativity:      4

  L2-Data Cache:
    Size(KB):        1024
    Block Size(B):    128
    Associativity:      8

Latencies:    1   10  150
L1-Sets:  128 - LRU - assoc:   4
L2-Sets: 1024 - LRU - assoc:   8
Store_allocation: Yes
L2_inclusive: Yes
L2_prefetching: No

L1 Cache Stats:
L1-Load-Hits:        8510851893   98.19%
L1-Load-Misses:       157118412    1.81%
L1-Load-Accesses:    8667970305  100.00%

L1-Store-Hits:         326355820   99.84%
L1-Store-Misses:          524893    0.16%
L1-Store-Accesses:     326880713  100.00%

L1-Total-Hits:        8837207713   98.25%
L1-Total-Misses:       157643305    1.75%
L1-Total-Accesses:    8994851018  100.00%

L2 Cache Stats:
L2-Load-Hits:           3969148    2.53%
L2-Load-Misses:       153149264   97.47%
L2-Load-Accesses:     157118412  100.00%

L2-Store-Hits:             52239    9.95%
L2-Store-Misses:          472654   90.05%
L2-Store-Accesses:        524893  100.00%

L2-Total-Hits:           4021387    2.55%
L2-Total-Misses:       153621918   97.45%
L2-Total-Accesses:     157643305  100.00%

