--------
Total Statistics
--------
Total Instructions: 19352350950
Total Cycles: 57512212368
IPC: 0.336491

--------
Single level Tlb hierarchy
--------
  Data Tlb:
    Entries:          64
    Page Size(B):   4096
    Associativity:      4

Latencies:    0   50
Tlb-Sets:   16 - LRU - assoc:   4

Tlb Stats:
Tlb-Load-Hits:        8634527319   99.61%
Tlb-Load-Misses:        33442986    0.39%
Tlb-Load-Accesses:    8667970305  100.00%

Tlb-Store-Hits:         326737795   99.96%
Tlb-Store-Misses:          142918    0.04%
Tlb-Store-Accesses:     326880713  100.00%

Tlb-Total-Hits:        8961265114   99.63%
Tlb-Total-Misses:        33585904    0.37%
Tlb-Total-Accesses:    8994851018  100.00%



--------
Two level Cache hierarchy
--------
  L1-Data Cache:
    Size(KB):         128
    Block Size(B):     64
    Associativity:      8

  L2-Data Cache:
    Size(KB):        1024
    Block Size(B):    128
    Associativity:      8

Latencies:    1   10  150
L1-Sets:  256 - LRU - assoc:   8
L2-Sets: 1024 - LRU - assoc:   8
Store_allocation: Yes
L2_inclusive: Yes
L2_prefetching: No

L1 Cache Stats:
L1-Load-Hits:        8223942596   94.88%
L1-Load-Misses:       444027709    5.12%
L1-Load-Accesses:    8667970305  100.00%

L1-Store-Hits:         325293502   99.51%
L1-Store-Misses:         1587211    0.49%
L1-Store-Accesses:     326880713  100.00%

L1-Total-Hits:        8549236098   95.05%
L1-Total-Misses:       445614920    4.95%
L1-Total-Accesses:    8994851018  100.00%

L2 Cache Stats:
L2-Load-Hits:         290965946   65.53%
L2-Load-Misses:       153061763   34.47%
L2-Load-Accesses:     444027709  100.00%

L2-Store-Hits:           1118534   70.47%
L2-Store-Misses:          468677   29.53%
L2-Store-Accesses:       1587211  100.00%

L2-Total-Hits:         292084480   65.55%
L2-Total-Misses:       153530440   34.45%
L2-Total-Accesses:     445614920  100.00%

