--------
Total Statistics
--------
Total Instructions: 19352350950
Total Cycles: 57501384278
IPC: 0.336555

--------
Single level Tlb hierarchy
--------
  Data Tlb:
    Entries:          64
    Page Size(B):   4096
    Associativity:      4

Latencies:    0   50
Tlb-Sets:   16 - LRU - assoc:   4

Tlb Stats:
Tlb-Load-Hits:        8634605655   99.62%
Tlb-Load-Misses:        33364650    0.38%
Tlb-Load-Accesses:    8667970305  100.00%

Tlb-Store-Hits:         326711607   99.95%
Tlb-Store-Misses:          169106    0.05%
Tlb-Store-Accesses:     326880713  100.00%

Tlb-Total-Hits:        8961317262   99.63%
Tlb-Total-Misses:        33533756    0.37%
Tlb-Total-Accesses:    8994851018  100.00%



--------
Two level Cache hierarchy
--------
  L1-Data Cache:
    Size(KB):          64
    Block Size(B):     64
    Associativity:      4

  L2-Data Cache:
    Size(KB):        1024
    Block Size(B):    128
    Associativity:      8

Latencies:    1   10  150
L1-Sets:  256 - LRU - assoc:   4
L2-Sets: 1024 - LRU - assoc:   8
Store_allocation: Yes
L2_inclusive: Yes
L2_prefetching: No

L1 Cache Stats:
L1-Load-Hits:        8225303931   94.89%
L1-Load-Misses:       442666374    5.11%
L1-Load-Accesses:    8667970305  100.00%

L1-Store-Hits:         325272606   99.51%
L1-Store-Misses:         1608107    0.49%
L1-Store-Accesses:     326880713  100.00%

L1-Total-Hits:        8550576537   95.06%
L1-Total-Misses:       444274481    4.94%
L1-Total-Accesses:    8994851018  100.00%

L2 Cache Stats:
L2-Load-Hits:         289566813   65.41%
L2-Load-Misses:       153099561   34.59%
L2-Load-Accesses:     442666374  100.00%

L2-Store-Hits:           1142670   71.06%
L2-Store-Misses:          465437   28.94%
L2-Store-Accesses:       1608107  100.00%

L2-Total-Hits:         290709483   65.43%
L2-Total-Misses:       153564998   34.57%
L2-Total-Accesses:     444274481  100.00%

