--------
Total Statistics
--------
Total Instructions: 19352350984
Total Cycles: 57702481151
IPC: 0.335382

--------
Single level Tlb hierarchy
--------
  Data Tlb:
    Entries:          64
    Page Size(B):   4096
    Associativity:      4

Latencies:    0   50
Tlb-Sets:   16 - LRU - assoc:   4

Tlb Stats:
Tlb-Load-Hits:        8634518359   99.61%
Tlb-Load-Misses:        33451960    0.39%
Tlb-Load-Accesses:    8667970319  100.00%

Tlb-Store-Hits:         326742617   99.96%
Tlb-Store-Misses:          138101    0.04%
Tlb-Store-Accesses:     326880718  100.00%

Tlb-Total-Hits:        8961260976   99.63%
Tlb-Total-Misses:        33590061    0.37%
Tlb-Total-Accesses:    8994851037  100.00%



--------
Two level Cache hierarchy
--------
  L1-Data Cache:
    Size(KB):          32
    Block Size(B):     64
    Associativity:      8

  L2-Data Cache:
    Size(KB):        1024
    Block Size(B):    128
    Associativity:      8

Latencies:    1   10  150
L1-Sets:   64 - LRU - assoc:   8
L2-Sets: 1024 - LRU - assoc:   8
Store_allocation: Yes
L2_inclusive: Yes
L2_prefetching: No

L1 Cache Stats:
L1-Load-Hits:        8205519567   94.66%
L1-Load-Misses:       462450752    5.34%
L1-Load-Accesses:    8667970319  100.00%

L1-Store-Hits:         324899177   99.39%
L1-Store-Misses:         1981541    0.61%
L1-Store-Accesses:     326880718  100.00%

L1-Total-Hits:        8530418744   94.84%
L1-Total-Misses:       464432293    5.16%
L1-Total-Accesses:    8994851037  100.00%

L2 Cache Stats:
L2-Load-Hits:         309375457   66.90%
L2-Load-Misses:       153075295   33.10%
L2-Load-Accesses:     462450752  100.00%

L2-Store-Hits:           1513815   76.40%
L2-Store-Misses:          467726   23.60%
L2-Store-Accesses:       1981541  100.00%

L2-Total-Hits:         310889272   66.94%
L2-Total-Misses:       153543021   33.06%
L2-Total-Accesses:     464432293  100.00%

