--------
Total Statistics
--------
Total Instructions: 19352350950
Total Cycles: 60075262338
IPC: 0.322135

--------
Single level Tlb hierarchy
--------
  Data Tlb:
    Entries:          64
    Page Size(B):   4096
    Associativity:      4

Latencies:    0   50
Tlb-Sets:   16 - LRU - assoc:   4

Tlb Stats:
Tlb-Load-Hits:        8634548017   99.61%
Tlb-Load-Misses:        33422288    0.39%
Tlb-Load-Accesses:    8667970305  100.00%

Tlb-Store-Hits:         326734708   99.96%
Tlb-Store-Misses:          146005    0.04%
Tlb-Store-Accesses:     326880713  100.00%

Tlb-Total-Hits:        8961282725   99.63%
Tlb-Total-Misses:        33568293    0.37%
Tlb-Total-Accesses:    8994851018  100.00%



--------
Two level Cache hierarchy
--------
  L1-Data Cache:
    Size(KB):          32
    Block Size(B):     32
    Associativity:      4

  L2-Data Cache:
    Size(KB):        1024
    Block Size(B):    128
    Associativity:      8

Latencies:    1   10  150
L1-Sets:  256 - LRU - assoc:   4
L2-Sets: 1024 - LRU - assoc:   8
Store_allocation: Yes
L2_inclusive: Yes
L2_prefetching: No

L1 Cache Stats:
L1-Load-Hits:        7968594323   91.93%
L1-Load-Misses:       699375982    8.07%
L1-Load-Accesses:    8667970305  100.00%

L1-Store-Hits:         324587183   99.30%
L1-Store-Misses:         2293530    0.70%
L1-Store-Accesses:     326880713  100.00%

L1-Total-Hits:        8293181506   92.20%
L1-Total-Misses:       701669512    7.80%
L1-Total-Accesses:    8994851018  100.00%

L2 Cache Stats:
L2-Load-Hits:         546293616   78.11%
L2-Load-Misses:       153082366   21.89%
L2-Load-Accesses:     699375982  100.00%

L2-Store-Hits:           1822892   79.48%
L2-Store-Misses:          470638   20.52%
L2-Store-Accesses:       2293530  100.00%

L2-Total-Hits:         548116508   78.12%
L2-Total-Misses:       153553004   21.88%
L2-Total-Accesses:     701669512  100.00%

