--------
Total Statistics
--------
Total Instructions: 27912973166
Total Cycles: 37914296163
IPC: 0.736212

--------
Single level Tlb hierarchy
--------
  Data Tlb:
    Entries:          64
    Page Size(B):   4096
    Associativity:      4

Latencies:    0   50
Tlb-Sets:   16 - LRU - assoc:   4

Tlb Stats:
Tlb-Load-Hits:        7669116996  100.00%
Tlb-Load-Misses:          186601    0.00%
Tlb-Load-Accesses:    7669303597  100.00%

Tlb-Store-Hits:        2317306523  100.00%
Tlb-Store-Misses:           65757    0.00%
Tlb-Store-Accesses:    2317372280  100.00%

Tlb-Total-Hits:        9986423519  100.00%
Tlb-Total-Misses:          252358    0.00%
Tlb-Total-Accesses:    9986675877  100.00%



--------
Two level Cache hierarchy
--------
  L1-Data Cache:
    Size(KB):         128
    Block Size(B):     64
    Associativity:      8

  L2-Data Cache:
    Size(KB):        1024
    Block Size(B):    128
    Associativity:      8

Latencies:    1   10  150
L1-Sets:  256 - LRU - assoc:   8
L2-Sets: 1024 - LRU - assoc:   8
Store_allocation: Yes
L2_inclusive: Yes
L2_prefetching: No

L1 Cache Stats:
L1-Load-Hits:        7669299315  100.00%
L1-Load-Misses:            4282    0.00%
L1-Load-Accesses:    7669303597  100.00%

L1-Store-Hits:        2317349305  100.00%
L1-Store-Misses:           22975    0.00%
L1-Store-Accesses:    2317372280  100.00%

L1-Total-Hits:        9986648620  100.00%
L1-Total-Misses:           27257    0.00%
L1-Total-Accesses:    9986675877  100.00%

L2 Cache Stats:
L2-Load-Hits:              2079   48.55%
L2-Load-Misses:            2203   51.45%
L2-Load-Accesses:          4282  100.00%

L2-Store-Hits:             13467   58.62%
L2-Store-Misses:            9508   41.38%
L2-Store-Accesses:         22975  100.00%

L2-Total-Hits:             15546   57.03%
L2-Total-Misses:           11711   42.97%
L2-Total-Accesses:         27257  100.00%

