--------
Total Statistics
--------
Total Instructions: 27912973166
Total Cycles: 39093339183
IPC: 0.714008

--------
Single level Tlb hierarchy
--------
  Data Tlb:
    Entries:          64
    Page Size(B):   4096
    Associativity:      4

Latencies:    0   50
Tlb-Sets:   16 - LRU - assoc:   4

Tlb Stats:
Tlb-Load-Hits:        7669295155  100.00%
Tlb-Load-Misses:            8442    0.00%
Tlb-Load-Accesses:    7669303597  100.00%

Tlb-Store-Hits:        2317371695  100.00%
Tlb-Store-Misses:             585    0.00%
Tlb-Store-Accesses:    2317372280  100.00%

Tlb-Total-Hits:        9986666850  100.00%
Tlb-Total-Misses:            9027    0.00%
Tlb-Total-Accesses:    9986675877  100.00%



--------
Two level Cache hierarchy
--------
  L1-Data Cache:
    Size(KB):          32
    Block Size(B):     64
    Associativity:      4

  L2-Data Cache:
    Size(KB):        1024
    Block Size(B):    128
    Associativity:      8

Latencies:    1   10  150
L1-Sets:  128 - LRU - assoc:   4
L2-Sets: 1024 - LRU - assoc:   8
Store_allocation: Yes
L2_inclusive: Yes
L2_prefetching: No

L1 Cache Stats:
L1-Load-Hits:        7603501088   99.14%
L1-Load-Misses:        65802509    0.86%
L1-Load-Accesses:    7669303597  100.00%

L1-Store-Hits:        2264023230   97.70%
L1-Store-Misses:        53349050    2.30%
L1-Store-Accesses:    2317372280  100.00%

L1-Total-Hits:        9867524318   98.81%
L1-Total-Misses:       119151559    1.19%
L1-Total-Accesses:    9986675877  100.00%

L2 Cache Stats:
L2-Load-Hits:          65800512  100.00%
L2-Load-Misses:            1997    0.00%
L2-Load-Accesses:      65802509  100.00%

L2-Store-Hits:          53339559   99.98%
L2-Store-Misses:            9491    0.02%
L2-Store-Accesses:      53349050  100.00%

L2-Total-Hits:         119140071   99.99%
L2-Total-Misses:           11488    0.01%
L2-Total-Accesses:     119151559  100.00%

