--------
Total Statistics
--------
Total Instructions: 27912973166
Total Cycles: 38049816713
IPC: 0.73359

--------
Single level Tlb hierarchy
--------
  Data Tlb:
    Entries:          64
    Page Size(B):   4096
    Associativity:      4

Latencies:    0   50
Tlb-Sets:   16 - LRU - assoc:   4

Tlb Stats:
Tlb-Load-Hits:        7669302466  100.00%
Tlb-Load-Misses:            1131    0.00%
Tlb-Load-Accesses:    7669303597  100.00%

Tlb-Store-Hits:        2317371510  100.00%
Tlb-Store-Misses:             770    0.00%
Tlb-Store-Accesses:    2317372280  100.00%

Tlb-Total-Hits:        9986673976  100.00%
Tlb-Total-Misses:            1901    0.00%
Tlb-Total-Accesses:    9986675877  100.00%



--------
Two level Cache hierarchy
--------
  L1-Data Cache:
    Size(KB):          64
    Block Size(B):     32
    Associativity:      4

  L2-Data Cache:
    Size(KB):        1024
    Block Size(B):    128
    Associativity:      8

Latencies:    1   10  150
L1-Sets:  512 - LRU - assoc:   4
L2-Sets: 1024 - LRU - assoc:   8
Store_allocation: Yes
L2_inclusive: Yes
L2_prefetching: No

L1 Cache Stats:
L1-Load-Hits:        7659249171   99.87%
L1-Load-Misses:        10054426    0.13%
L1-Load-Accesses:    7669303597  100.00%

L1-Store-Hits:        2312591839   99.79%
L1-Store-Misses:         4780441    0.21%
L1-Store-Accesses:    2317372280  100.00%

L1-Total-Hits:        9971841010   99.85%
L1-Total-Misses:        14834867    0.15%
L1-Total-Accesses:    9986675877  100.00%

L2 Cache Stats:
L2-Load-Hits:          10052424   99.98%
L2-Load-Misses:            2002    0.02%
L2-Load-Accesses:      10054426  100.00%

L2-Store-Hits:           4770950   99.80%
L2-Store-Misses:            9491    0.20%
L2-Store-Accesses:       4780441  100.00%

L2-Total-Hits:          14823374   99.92%
L2-Total-Misses:           11493    0.08%
L2-Total-Accesses:      14834867  100.00%

