--------
Total Statistics
--------
Total Instructions: 27912973132
Total Cycles: 38598574430
IPC: 0.723161

--------
Single level Tlb hierarchy
--------
  Data Tlb:
    Entries:          64
    Page Size(B):   4096
    Associativity:      4

Latencies:    0   50
Tlb-Sets:   16 - LRU - assoc:   4

Tlb Stats:
Tlb-Load-Hits:        7669289090  100.00%
Tlb-Load-Misses:           14493    0.00%
Tlb-Load-Accesses:    7669303583  100.00%

Tlb-Store-Hits:        2317371439  100.00%
Tlb-Store-Misses:             836    0.00%
Tlb-Store-Accesses:    2317372275  100.00%

Tlb-Total-Hits:        9986660529  100.00%
Tlb-Total-Misses:           15329    0.00%
Tlb-Total-Accesses:    9986675858  100.00%



--------
Two level Cache hierarchy
--------
  L1-Data Cache:
    Size(KB):          32
    Block Size(B):    128
    Associativity:      4

  L2-Data Cache:
    Size(KB):        1024
    Block Size(B):    128
    Associativity:      8

Latencies:    1   10  150
L1-Sets:   64 - LRU - assoc:   4
L2-Sets: 1024 - LRU - assoc:   8
Store_allocation: Yes
L2_inclusive: Yes
L2_prefetching: No

L1 Cache Stats:
L1-Load-Hits:        7628447130   99.47%
L1-Load-Misses:        40856453    0.53%
L1-Load-Accesses:    7669303583  100.00%

L1-Store-Hits:        2288585149   98.76%
L1-Store-Misses:        28787126    1.24%
L1-Store-Accesses:    2317372275  100.00%

L1-Total-Hits:        9917032279   99.30%
L1-Total-Misses:        69643579    0.70%
L1-Total-Accesses:    9986675858  100.00%

L2 Cache Stats:
L2-Load-Hits:          40854453  100.00%
L2-Load-Misses:            2000    0.00%
L2-Load-Accesses:      40856453  100.00%

L2-Store-Hits:          28777638   99.97%
L2-Store-Misses:            9488    0.03%
L2-Store-Accesses:      28787126  100.00%

L2-Total-Hits:          69632091   99.98%
L2-Total-Misses:           11488    0.02%
L2-Total-Accesses:      69643579  100.00%

