--------
Total Statistics
--------
Total Instructions: 27912973132
Total Cycles: 38031827210
IPC: 0.733937

--------
Single level Tlb hierarchy
--------
  Data Tlb:
    Entries:          64
    Page Size(B):   4096
    Associativity:      4

Latencies:    0   50
Tlb-Sets:   16 - LRU - assoc:   4

Tlb Stats:
Tlb-Load-Hits:        7669142813  100.00%
Tlb-Load-Misses:          160770    0.00%
Tlb-Load-Accesses:    7669303583  100.00%

Tlb-Store-Hits:        2317356703  100.00%
Tlb-Store-Misses:           15572    0.00%
Tlb-Store-Accesses:    2317372275  100.00%

Tlb-Total-Hits:        9986499516  100.00%
Tlb-Total-Misses:          176342    0.00%
Tlb-Total-Accesses:    9986675858  100.00%



--------
Two level Cache hierarchy
--------
  L1-Data Cache:
    Size(KB):          64
    Block Size(B):    128
    Associativity:      4

  L2-Data Cache:
    Size(KB):        1024
    Block Size(B):    128
    Associativity:      8

Latencies:    1   10  150
L1-Sets:  128 - LRU - assoc:   4
L2-Sets: 1024 - LRU - assoc:   8
Store_allocation: Yes
L2_inclusive: Yes
L2_prefetching: No

L1 Cache Stats:
L1-Load-Hits:        7660476385   99.88%
L1-Load-Misses:         8827198    0.12%
L1-Load-Accesses:    7669303583  100.00%

L1-Store-Hits:        2314035906   99.86%
L1-Store-Misses:         3336369    0.14%
L1-Store-Accesses:    2317372275  100.00%

L1-Total-Hits:        9974512291   99.88%
L1-Total-Misses:        12163567    0.12%
L1-Total-Accesses:    9986675858  100.00%

L2 Cache Stats:
L2-Load-Hits:           8825184   99.98%
L2-Load-Misses:            2014    0.02%
L2-Load-Accesses:       8827198  100.00%

L2-Store-Hits:           3326880   99.72%
L2-Store-Misses:            9489    0.28%
L2-Store-Accesses:       3336369  100.00%

L2-Total-Hits:          12152064   99.91%
L2-Total-Misses:           11503    0.09%
L2-Total-Accesses:      12163567  100.00%

