--------
Total Statistics
--------
Total Instructions: 27912973166
Total Cycles: 39788599783
IPC: 0.701532

--------
Single level Tlb hierarchy
--------
  Data Tlb:
    Entries:          64
    Page Size(B):   4096
    Associativity:      4

Latencies:    0   50
Tlb-Sets:   16 - LRU - assoc:   4

Tlb Stats:
Tlb-Load-Hits:        7669303065  100.00%
Tlb-Load-Misses:             532    0.00%
Tlb-Load-Accesses:    7669303597  100.00%

Tlb-Store-Hits:        2317371922  100.00%
Tlb-Store-Misses:             358    0.00%
Tlb-Store-Accesses:    2317372280  100.00%

Tlb-Total-Hits:        9986674987  100.00%
Tlb-Total-Misses:             890    0.00%
Tlb-Total-Accesses:    9986675877  100.00%



--------
Two level Cache hierarchy
--------
  L1-Data Cache:
    Size(KB):          32
    Block Size(B):     32
    Associativity:      4

  L2-Data Cache:
    Size(KB):        1024
    Block Size(B):    128
    Associativity:      8

Latencies:    1   10  150
L1-Sets:  256 - LRU - assoc:   4
L2-Sets: 1024 - LRU - assoc:   8
Store_allocation: Yes
L2_inclusive: Yes
L2_prefetching: No

L1 Cache Stats:
L1-Load-Hits:        7574654168   98.77%
L1-Load-Misses:        94649429    1.23%
L1-Load-Accesses:    7669303597  100.00%

L1-Store-Hits:        2223303360   95.94%
L1-Store-Misses:        94068920    4.06%
L1-Store-Accesses:    2317372280  100.00%

L1-Total-Hits:        9797957528   98.11%
L1-Total-Misses:       188718349    1.89%
L1-Total-Accesses:    9986675877  100.00%

L2 Cache Stats:
L2-Load-Hits:          94647432  100.00%
L2-Load-Misses:            1997    0.00%
L2-Load-Accesses:      94649429  100.00%

L2-Store-Hits:          94059432   99.99%
L2-Store-Misses:            9488    0.01%
L2-Store-Accesses:      94068920  100.00%

L2-Total-Hits:         188706864   99.99%
L2-Total-Misses:           11485    0.01%
L2-Total-Accesses:     188718349  100.00%

