--------
Total Statistics
--------
Total Instructions: 27912973132
Total Cycles: 41138391730
IPC: 0.678514

--------
Single level Tlb hierarchy
--------
  Data Tlb:
    Entries:          64
    Page Size(B):   4096
    Associativity:      4

Latencies:    0   50
Tlb-Sets:   16 - LRU - assoc:   4

Tlb Stats:
Tlb-Load-Hits:        7668905457   99.99%
Tlb-Load-Misses:          398126    0.01%
Tlb-Load-Accesses:    7669303583  100.00%

Tlb-Store-Hits:        2317358857  100.00%
Tlb-Store-Misses:           13418    0.00%
Tlb-Store-Accesses:    2317372275  100.00%

Tlb-Total-Hits:        9986264314  100.00%
Tlb-Total-Misses:          411544    0.00%
Tlb-Total-Accesses:    9986675858  100.00%



--------
Two level Cache hierarchy
--------
  L1-Data Cache:
    Size(KB):          16
    Block Size(B):     32
    Associativity:      4

  L2-Data Cache:
    Size(KB):        1024
    Block Size(B):    128
    Associativity:      8

Latencies:    1   10  150
L1-Sets:  128 - LRU - assoc:   4
L2-Sets: 1024 - LRU - assoc:   8
Store_allocation: Yes
L2_inclusive: Yes
L2_prefetching: No

L1 Cache Stats:
L1-Load-Hits:        7536190203   98.26%
L1-Load-Misses:       133113380    1.74%
L1-Load-Accesses:    7669303583  100.00%

L1-Store-Hits:        2128841406   91.86%
L1-Store-Misses:       188530869    8.14%
L1-Store-Accesses:    2317372275  100.00%

L1-Total-Hits:        9665031609   96.78%
L1-Total-Misses:       321644249    3.22%
L1-Total-Accesses:    9986675858  100.00%

L2 Cache Stats:
L2-Load-Hits:         133111383  100.00%
L2-Load-Misses:            1997    0.00%
L2-Load-Accesses:     133113380  100.00%

L2-Store-Hits:         188521379   99.99%
L2-Store-Misses:            9490    0.01%
L2-Store-Accesses:     188530869  100.00%

L2-Total-Hits:         321632762  100.00%
L2-Total-Misses:           11487    0.00%
L2-Total-Accesses:     321644249  100.00%

