--------
Total Statistics
--------
Total Instructions: 27912973166
Total Cycles: 40120863243
IPC: 0.695722

--------
Single level Tlb hierarchy
--------
  Data Tlb:
    Entries:          64
    Page Size(B):   4096
    Associativity:      4

Latencies:    0   50
Tlb-Sets:   16 - LRU - assoc:   4

Tlb Stats:
Tlb-Load-Hits:        7668848465   99.99%
Tlb-Load-Misses:          455132    0.01%
Tlb-Load-Accesses:    7669303597  100.00%

Tlb-Store-Hits:        2317146946   99.99%
Tlb-Store-Misses:          225334    0.01%
Tlb-Store-Accesses:    2317372280  100.00%

Tlb-Total-Hits:        9985995411   99.99%
Tlb-Total-Misses:          680466    0.01%
Tlb-Total-Accesses:    9986675877  100.00%



--------
Two level Cache hierarchy
--------
  L1-Data Cache:
    Size(KB):          16
    Block Size(B):     64
    Associativity:      4

  L2-Data Cache:
    Size(KB):        1024
    Block Size(B):    128
    Associativity:      8

Latencies:    1   10  150
L1-Sets:   64 - LRU - assoc:   4
L2-Sets: 1024 - LRU - assoc:   8
Store_allocation: Yes
L2_inclusive: Yes
L2_prefetching: No

L1 Cache Stats:
L1-Load-Hits:        7564579902   98.63%
L1-Load-Misses:       104723695    1.37%
L1-Load-Accesses:    7669303597  100.00%

L1-Store-Hits:        2203549190   95.09%
L1-Store-Misses:       113823090    4.91%
L1-Store-Accesses:    2317372280  100.00%

L1-Total-Hits:        9768129092   97.81%
L1-Total-Misses:       218546785    2.19%
L1-Total-Accesses:    9986675877  100.00%

L2 Cache Stats:
L2-Load-Hits:         104721696  100.00%
L2-Load-Misses:            1999    0.00%
L2-Load-Accesses:     104723695  100.00%

L2-Store-Hits:         113813602   99.99%
L2-Store-Misses:            9488    0.01%
L2-Store-Accesses:     113823090  100.00%

L2-Total-Hits:         218535298   99.99%
L2-Total-Misses:           11487    0.01%
L2-Total-Accesses:     218546785  100.00%

