--------
Total Statistics
--------
Total Instructions: 27912973166
Total Cycles: 37965591833
IPC: 0.735218

--------
Single level Tlb hierarchy
--------
  Data Tlb:
    Entries:          64
    Page Size(B):   4096
    Associativity:      4

Latencies:    0   50
Tlb-Sets:   16 - LRU - assoc:   4

Tlb Stats:
Tlb-Load-Hits:        7669242824  100.00%
Tlb-Load-Misses:           60773    0.00%
Tlb-Load-Accesses:    7669303597  100.00%

Tlb-Store-Hits:        2317371933  100.00%
Tlb-Store-Misses:             347    0.00%
Tlb-Store-Accesses:    2317372280  100.00%

Tlb-Total-Hits:        9986614757  100.00%
Tlb-Total-Misses:           61120    0.00%
Tlb-Total-Accesses:    9986675877  100.00%



--------
Two level Cache hierarchy
--------
  L1-Data Cache:
    Size(KB):          64
    Block Size(B):     64
    Associativity:      8

  L2-Data Cache:
    Size(KB):        1024
    Block Size(B):    128
    Associativity:      8

Latencies:    1   10  150
L1-Sets:  128 - LRU - assoc:   8
L2-Sets: 1024 - LRU - assoc:   8
Store_allocation: Yes
L2_inclusive: Yes
L2_prefetching: No

L1 Cache Stats:
L1-Load-Hits:        7665298439   99.95%
L1-Load-Misses:         4005158    0.05%
L1-Load-Accesses:    7669303597  100.00%

L1-Store-Hits:        2315261274   99.91%
L1-Store-Misses:         2111006    0.09%
L1-Store-Accesses:    2317372280  100.00%

L1-Total-Hits:        9980559713   99.94%
L1-Total-Misses:         6116164    0.06%
L1-Total-Accesses:    9986675877  100.00%

L2 Cache Stats:
L2-Load-Hits:           4003148   99.95%
L2-Load-Misses:            2010    0.05%
L2-Load-Accesses:       4005158  100.00%

L2-Store-Hits:           2101515   99.55%
L2-Store-Misses:            9491    0.45%
L2-Store-Accesses:       2111006  100.00%

L2-Total-Hits:           6104663   99.81%
L2-Total-Misses:           11501    0.19%
L2-Total-Accesses:       6116164  100.00%

