--------
Total Statistics
--------
Total Instructions: 2172104973
Total Cycles: 9163067440
IPC: 0.23705

--------
Single level Tlb hierarchy
--------
  Data Tlb:
    Entries:          64
    Page Size(B):   4096
    Associativity:      4

Latencies:    0   50
Tlb-Sets:   16 - LRU - assoc:   4

Tlb Stats:
Tlb-Load-Hits:         567190406   94.21%
Tlb-Load-Misses:        34832624    5.79%
Tlb-Load-Accesses:     602023030  100.00%

Tlb-Store-Hits:         130400606   99.68%
Tlb-Store-Misses:          421501    0.32%
Tlb-Store-Accesses:     130822107  100.00%

Tlb-Total-Hits:         697591012   95.19%
Tlb-Total-Misses:        35254125    4.81%
Tlb-Total-Accesses:     732845137  100.00%



--------
Two level Cache hierarchy
--------
  L1-Data Cache:
    Size(KB):          32
    Block Size(B):     64
    Associativity:      8

  L2-Data Cache:
    Size(KB):        1024
    Block Size(B):    128
    Associativity:      8

Latencies:    1   10  150
L1-Sets:   64 - LRU - assoc:   8
L2-Sets: 1024 - LRU - assoc:   8
Store_allocation: Yes
L2_inclusive: Yes
L2_prefetching: Yes ( 64)

L1 Cache Stats:
L1-Load-Hits:         564324171   93.74%
L1-Load-Misses:        37698859    6.26%
L1-Load-Accesses:     602023030  100.00%

L1-Store-Hits:         130403368   99.68%
L1-Store-Misses:          418739    0.32%
L1-Store-Accesses:     130822107  100.00%

L1-Total-Hits:         694727539   94.80%
L1-Total-Misses:        38117598    5.20%
L1-Total-Accesses:     732845137  100.00%

L2 Cache Stats:
L2-Load-Hits:          10281447   27.27%
L2-Load-Misses:        27417412   72.73%
L2-Load-Accesses:      37698859  100.00%

L2-Store-Hits:            407917   97.42%
L2-Store-Misses:           10822    2.58%
L2-Store-Accesses:        418739  100.00%

L2-Total-Hits:          10689364   28.04%
L2-Total-Misses:        27428234   71.96%
L2-Total-Accesses:      38117598  100.00%

