--------
Total Statistics
--------
Total Instructions: 2172105007
Total Cycles: 8909775323
IPC: 0.243789

--------
Single level Tlb hierarchy
--------
  Data Tlb:
    Entries:          64
    Page Size(B):   4096
    Associativity:      4

Latencies:    0   50
Tlb-Sets:   16 - LRU - assoc:   4

Tlb Stats:
Tlb-Load-Hits:         567190620   94.21%
Tlb-Load-Misses:        34832424    5.79%
Tlb-Load-Accesses:     602023044  100.00%

Tlb-Store-Hits:         130400811   99.68%
Tlb-Store-Misses:          421301    0.32%
Tlb-Store-Accesses:     130822112  100.00%

Tlb-Total-Hits:         697591431   95.19%
Tlb-Total-Misses:        35253725    4.81%
Tlb-Total-Accesses:     732845156  100.00%



--------
Two level Cache hierarchy
--------
  L1-Data Cache:
    Size(KB):          32
    Block Size(B):     64
    Associativity:      8

  L2-Data Cache:
    Size(KB):        1024
    Block Size(B):    128
    Associativity:      8

Latencies:    1   10  150
L1-Sets:   64 - LRU - assoc:   8
L2-Sets: 1024 - LRU - assoc:   8
Store_allocation: Yes
L2_inclusive: Yes
L2_prefetching: Yes (  1)

L1 Cache Stats:
L1-Load-Hits:         563441390   93.59%
L1-Load-Misses:        38581654    6.41%
L1-Load-Accesses:     602023044  100.00%

L1-Store-Hits:         130407800   99.68%
L1-Store-Misses:          414312    0.32%
L1-Store-Accesses:     130822112  100.00%

L1-Total-Hits:         693849190   94.68%
L1-Total-Misses:        38995966    5.32%
L1-Total-Accesses:     732845156  100.00%

L2 Cache Stats:
L2-Load-Hits:          12907220   33.45%
L2-Load-Misses:        25674434   66.55%
L2-Load-Accesses:      38581654  100.00%

L2-Store-Hits:            407551   98.37%
L2-Store-Misses:            6761    1.63%
L2-Store-Accesses:        414312  100.00%

L2-Total-Hits:          13314771   34.14%
L2-Total-Misses:        25681195   65.86%
L2-Total-Accesses:      38995966  100.00%

