--------
Total Statistics
--------
Total Instructions: 2172104973
Total Cycles: 8923362960
IPC: 0.243418

--------
Single level Tlb hierarchy
--------
  Data Tlb:
    Entries:          64
    Page Size(B):   4096
    Associativity:      4

Latencies:    0   50
Tlb-Sets:   16 - LRU - assoc:   4

Tlb Stats:
Tlb-Load-Hits:         567190406   94.21%
Tlb-Load-Misses:        34832624    5.79%
Tlb-Load-Accesses:     602023030  100.00%

Tlb-Store-Hits:         130400606   99.68%
Tlb-Store-Misses:          421501    0.32%
Tlb-Store-Accesses:     130822107  100.00%

Tlb-Total-Hits:         697591012   95.19%
Tlb-Total-Misses:        35254125    4.81%
Tlb-Total-Accesses:     732845137  100.00%



--------
Two level Cache hierarchy
--------
  L1-Data Cache:
    Size(KB):          32
    Block Size(B):     64
    Associativity:      8

  L2-Data Cache:
    Size(KB):        1024
    Block Size(B):    128
    Associativity:      8

Latencies:    1   10  150
L1-Sets:   64 - LRU - assoc:   8
L2-Sets: 1024 - LRU - assoc:   8
Store_allocation: Yes
L2_inclusive: Yes
L2_prefetching: Yes ( 32)

L1 Cache Stats:
L1-Load-Hits:         564748304   93.81%
L1-Load-Misses:        37274726    6.19%
L1-Load-Accesses:     602023030  100.00%

L1-Store-Hits:         130301658   99.60%
L1-Store-Misses:          520449    0.40%
L1-Store-Accesses:     130822107  100.00%

L1-Total-Hits:         695049962   94.84%
L1-Total-Misses:        37795175    5.16%
L1-Total-Accesses:     732845137  100.00%

L2 Cache Stats:
L2-Load-Hits:          11542126   30.97%
L2-Load-Misses:        25732600   69.03%
L2-Load-Accesses:      37274726  100.00%

L2-Store-Hits:            401350   77.12%
L2-Store-Misses:          119099   22.88%
L2-Store-Accesses:        520449  100.00%

L2-Total-Hits:          11943476   31.60%
L2-Total-Misses:        25851699   68.40%
L2-Total-Accesses:      37795175  100.00%

