--------
Total Statistics
--------
Total Instructions: 2172105007
Total Cycles: 8924482913
IPC: 0.243387

--------
Single level Tlb hierarchy
--------
  Data Tlb:
    Entries:          64
    Page Size(B):   4096
    Associativity:      4

Latencies:    0   50
Tlb-Sets:   16 - LRU - assoc:   4

Tlb Stats:
Tlb-Load-Hits:         567190419   94.21%
Tlb-Load-Misses:        34832625    5.79%
Tlb-Load-Accesses:     602023044  100.00%

Tlb-Store-Hits:         130400611   99.68%
Tlb-Store-Misses:          421501    0.32%
Tlb-Store-Accesses:     130822112  100.00%

Tlb-Total-Hits:         697591030   95.19%
Tlb-Total-Misses:        35254126    4.81%
Tlb-Total-Accesses:     732845156  100.00%



--------
Two level Cache hierarchy
--------
  L1-Data Cache:
    Size(KB):          32
    Block Size(B):     64
    Associativity:      8

  L2-Data Cache:
    Size(KB):        1024
    Block Size(B):    128
    Associativity:      8

Latencies:    1   10  150
L1-Sets:   64 - LRU - assoc:   8
L2-Sets: 1024 - LRU - assoc:   8
Store_allocation: Yes
L2_inclusive: Yes
L2_prefetching: Yes ( 16)

L1 Cache Stats:
L1-Load-Hits:         563577453   93.61%
L1-Load-Misses:        38445591    6.39%
L1-Load-Accesses:     602023044  100.00%

L1-Store-Hits:         130352843   99.64%
L1-Store-Misses:          469269    0.36%
L1-Store-Accesses:     130822112  100.00%

L1-Total-Hits:         693930296   94.69%
L1-Total-Misses:        38914860    5.31%
L1-Total-Accesses:     732845156  100.00%

L2 Cache Stats:
L2-Load-Hits:          12725872   33.10%
L2-Load-Misses:        25719719   66.90%
L2-Load-Accesses:      38445591  100.00%

L2-Store-Hits:            404469   86.19%
L2-Store-Misses:           64800   13.81%
L2-Store-Accesses:        469269  100.00%

L2-Total-Hits:          13130341   33.74%
L2-Total-Misses:        25784519   66.26%
L2-Total-Accesses:      38914860  100.00%

