--------
Total Statistics
--------
Total Instructions: 2172104973
Total Cycles: 8830822170
IPC: 0.245969

--------
Single level Tlb hierarchy
--------
  Data Tlb:
    Entries:          64
    Page Size(B):   4096
    Associativity:      4

Latencies:    0   50
Tlb-Sets:   16 - LRU - assoc:   4

Tlb Stats:
Tlb-Load-Hits:         567190406   94.21%
Tlb-Load-Misses:        34832624    5.79%
Tlb-Load-Accesses:     602023030  100.00%

Tlb-Store-Hits:         130400606   99.68%
Tlb-Store-Misses:          421501    0.32%
Tlb-Store-Accesses:     130822107  100.00%

Tlb-Total-Hits:         697591012   95.19%
Tlb-Total-Misses:        35254125    4.81%
Tlb-Total-Accesses:     732845137  100.00%



--------
Two level Cache hierarchy
--------
  L1-Data Cache:
    Size(KB):          32
    Block Size(B):     64
    Associativity:      8

  L2-Data Cache:
    Size(KB):        1024
    Block Size(B):    128
    Associativity:      8

Latencies:    1   10  150
L1-Sets:   64 - LRU - assoc:   8
L2-Sets: 1024 - LRU - assoc:   8
Store_allocation: Yes
L2_inclusive: Yes
L2_prefetching: Yes (  4)

L1 Cache Stats:
L1-Load-Hits:         563837439   93.66%
L1-Load-Misses:        38185591    6.34%
L1-Load-Accesses:     602023030  100.00%

L1-Store-Hits:         130397102   99.68%
L1-Store-Misses:          425005    0.32%
L1-Store-Accesses:     130822107  100.00%

L1-Total-Hits:         694234541   94.73%
L1-Total-Misses:        38610596    5.27%
L1-Total-Accesses:     732845137  100.00%

L2 Cache Stats:
L2-Load-Hits:          13023344   34.11%
L2-Load-Misses:        25162247   65.89%
L2-Load-Accesses:      38185591  100.00%

L2-Store-Hits:            406853   95.73%
L2-Store-Misses:           18152    4.27%
L2-Store-Accesses:        425005  100.00%

L2-Total-Hits:          13430197   34.78%
L2-Total-Misses:        25180399   65.22%
L2-Total-Accesses:      38610596  100.00%

