--------
Total Statistics
--------
Total Instructions: 2172104973
Total Cycles: 8768390260
IPC: 0.24772

--------
Single level Tlb hierarchy
--------
  Data Tlb:
    Entries:          64
    Page Size(B):   4096
    Associativity:      4

Latencies:    0   50
Tlb-Sets:   16 - LRU - assoc:   4

Tlb Stats:
Tlb-Load-Hits:         567190305   94.21%
Tlb-Load-Misses:        34832725    5.79%
Tlb-Load-Accesses:     602023030  100.00%

Tlb-Store-Hits:         130400606   99.68%
Tlb-Store-Misses:          421501    0.32%
Tlb-Store-Accesses:     130822107  100.00%

Tlb-Total-Hits:         697590911   95.19%
Tlb-Total-Misses:        35254226    4.81%
Tlb-Total-Accesses:     732845137  100.00%



--------
Two level Cache hierarchy
--------
  L1-Data Cache:
    Size(KB):          32
    Block Size(B):     64
    Associativity:      8

  L2-Data Cache:
    Size(KB):        1024
    Block Size(B):    128
    Associativity:      8

Latencies:    1   10  150
L1-Sets:   64 - LRU - assoc:   8
L2-Sets: 1024 - LRU - assoc:   8
Store_allocation: Yes
L2_inclusive: Yes
L2_prefetching: Yes (  8)

L1 Cache Stats:
L1-Load-Hits:         564157548   93.71%
L1-Load-Misses:        37865482    6.29%
L1-Load-Accesses:     602023030  100.00%

L1-Store-Hits:         130382384   99.66%
L1-Store-Misses:          439723    0.34%
L1-Store-Accesses:     130822107  100.00%

L1-Total-Hits:         694539932   94.77%
L1-Total-Misses:        38305205    5.23%
L1-Total-Accesses:     732845137  100.00%

L2 Cache Stats:
L2-Load-Hits:          13114639   34.63%
L2-Load-Misses:        24750843   65.37%
L2-Load-Accesses:      37865482  100.00%

L2-Store-Hits:            406054   92.34%
L2-Store-Misses:           33669    7.66%
L2-Store-Accesses:        439723  100.00%

L2-Total-Hits:          13520693   35.30%
L2-Total-Misses:        24784512   64.70%
L2-Total-Accesses:      38305205  100.00%

