--------
Total Statistics
--------
Total Instructions: 2172105007
Total Cycles: 8932603853
IPC: 0.243166

--------
Single level Tlb hierarchy
--------
  Data Tlb:
    Entries:          64
    Page Size(B):   4096
    Associativity:      4

Latencies:    0   50
Tlb-Sets:   16 - LRU - assoc:   4

Tlb Stats:
Tlb-Load-Hits:         567190420   94.21%
Tlb-Load-Misses:        34832624    5.79%
Tlb-Load-Accesses:     602023044  100.00%

Tlb-Store-Hits:         130400611   99.68%
Tlb-Store-Misses:          421501    0.32%
Tlb-Store-Accesses:     130822112  100.00%

Tlb-Total-Hits:         697591031   95.19%
Tlb-Total-Misses:        35254125    4.81%
Tlb-Total-Accesses:     732845156  100.00%



--------
Two level Cache hierarchy
--------
  L1-Data Cache:
    Size(KB):          32
    Block Size(B):     64
    Associativity:      8

  L2-Data Cache:
    Size(KB):        1024
    Block Size(B):    128
    Associativity:      8

Latencies:    1   10  150
L1-Sets:   64 - LRU - assoc:   8
L2-Sets: 1024 - LRU - assoc:   8
Store_allocation: Yes
L2_inclusive: Yes
L2_prefetching: Yes (  2)

L1 Cache Stats:
L1-Load-Hits:         563347312   93.58%
L1-Load-Misses:        38675732    6.42%
L1-Load-Accesses:     602023044  100.00%

L1-Store-Hits:         130404995   99.68%
L1-Store-Misses:          417117    0.32%
L1-Store-Accesses:     130822112  100.00%

L1-Total-Hits:         693752307   94.67%
L1-Total-Misses:        39092849    5.33%
L1-Total-Accesses:     732845156  100.00%

L2 Cache Stats:
L2-Load-Hits:          12858757   33.25%
L2-Load-Misses:        25816975   66.75%
L2-Load-Accesses:      38675732  100.00%

L2-Store-Hits:            407299   97.65%
L2-Store-Misses:            9818    2.35%
L2-Store-Accesses:        417117  100.00%

L2-Total-Hits:          13266056   33.93%
L2-Total-Misses:        25826793   66.07%
L2-Total-Accesses:      39092849  100.00%

