--------
Total Statistics
--------
Total Instructions: 11723409626
Total Cycles: 18160207991
IPC: 0.645555

--------
Single level Tlb hierarchy
--------
  Data Tlb:
    Entries:          64
    Page Size(B):   4096
    Associativity:      4

Latencies:    0   50
Tlb-Sets:   16 - LRU - assoc:   4

Tlb Stats:
Tlb-Load-Hits:        2184763266   99.39%
Tlb-Load-Misses:        13449722    0.61%
Tlb-Load-Accesses:    2198212988  100.00%

Tlb-Store-Hits:         516241436   99.96%
Tlb-Store-Misses:          180891    0.04%
Tlb-Store-Accesses:     516422327  100.00%

Tlb-Total-Hits:        2701004702   99.50%
Tlb-Total-Misses:        13630613    0.50%
Tlb-Total-Accesses:    2714635315  100.00%



--------
Two level Cache hierarchy
--------
  L1-Data Cache:
    Size(KB):          32
    Block Size(B):     64
    Associativity:      8

  L2-Data Cache:
    Size(KB):        1024
    Block Size(B):    128
    Associativity:      8

Latencies:    1   10  150
L1-Sets:   64 - LRU - assoc:   8
L2-Sets: 1024 - LRU - assoc:   8
Store_allocation: Yes
L2_inclusive: Yes
L2_prefetching: Yes ( 16)

L1 Cache Stats:
L1-Load-Hits:        2083071043   94.76%
L1-Load-Misses:       115141945    5.24%
L1-Load-Accesses:    2198212988  100.00%

L1-Store-Hits:         509628527   98.68%
L1-Store-Misses:         6793800    1.32%
L1-Store-Accesses:     516422327  100.00%

L1-Total-Hits:        2592699570   95.51%
L1-Total-Misses:       121935745    4.49%
L1-Total-Accesses:    2714635315  100.00%

L2 Cache Stats:
L2-Load-Hits:         104044240   90.36%
L2-Load-Misses:        11097705    9.64%
L2-Load-Accesses:     115141945  100.00%

L2-Store-Hits:           5749672   84.63%
L2-Store-Misses:         1044128   15.37%
L2-Store-Accesses:       6793800  100.00%

L2-Total-Hits:         109793912   90.04%
L2-Total-Misses:        12141833    9.96%
L2-Total-Accesses:     121935745  100.00%

