--------
Total Statistics
--------
Total Instructions: 11723409626
Total Cycles: 157919097711
IPC: 0.0742368

--------
Single level Tlb hierarchy
--------
  Data Tlb:
    Entries:          64
    Page Size(B):   4096
    Associativity:      4

Latencies:    0   50
Tlb-Sets:   16 - LRU - assoc:   4

Tlb Stats:
Tlb-Load-Hits:        2184701417   99.39%
Tlb-Load-Misses:        13511571    0.61%
Tlb-Load-Accesses:    2198212988  100.00%

Tlb-Store-Hits:         516148524   99.95%
Tlb-Store-Misses:          273803    0.05%
Tlb-Store-Accesses:     516422327  100.00%

Tlb-Total-Hits:        2700849941   99.49%
Tlb-Total-Misses:        13785374    0.51%
Tlb-Total-Accesses:    2714635315  100.00%



--------
Two level Cache hierarchy
--------
  L1-Data Cache:
    Size(KB):          32
    Block Size(B):     64
    Associativity:      8

  L2-Data Cache:
    Size(KB):        1024
    Block Size(B):    128
    Associativity:      8

Latencies:    1   10  150
L1-Sets:   64 - LRU - assoc:   8
L2-Sets: 1024 - LRU - assoc:   8
Store_allocation: Yes
L2_inclusive: Yes
L2_prefetching: Yes ( 64)

L1 Cache Stats:
L1-Load-Hits:        1570677974   71.45%
L1-Load-Misses:       627535014   28.55%
L1-Load-Accesses:    2198212988  100.00%

L1-Store-Hits:         159881199   30.96%
L1-Store-Misses:       356541128   69.04%
L1-Store-Accesses:     516422327  100.00%

L1-Total-Hits:        1730559173   63.75%
L1-Total-Misses:       984076142   36.25%
L1-Total-Accesses:    2714635315  100.00%

L2 Cache Stats:
L2-Load-Hits:          92891513   14.80%
L2-Load-Misses:       534643501   85.20%
L2-Load-Accesses:     627535014  100.00%

L2-Store-Hits:           4844478    1.36%
L2-Store-Misses:       351696650   98.64%
L2-Store-Accesses:     356541128  100.00%

L2-Total-Hits:          97735991    9.93%
L2-Total-Misses:       886340151   90.07%
L2-Total-Accesses:     984076142  100.00%

