--------
Total Statistics
--------
Total Instructions: 11723409626
Total Cycles: 20378614431
IPC: 0.57528

--------
Single level Tlb hierarchy
--------
  Data Tlb:
    Entries:          64
    Page Size(B):   4096
    Associativity:      4

Latencies:    0   50
Tlb-Sets:   16 - LRU - assoc:   4

Tlb Stats:
Tlb-Load-Hits:        2184715224   99.39%
Tlb-Load-Misses:        13497764    0.61%
Tlb-Load-Accesses:    2198212988  100.00%

Tlb-Store-Hits:         516160968   99.95%
Tlb-Store-Misses:          261359    0.05%
Tlb-Store-Accesses:     516422327  100.00%

Tlb-Total-Hits:        2700876192   99.49%
Tlb-Total-Misses:        13759123    0.51%
Tlb-Total-Accesses:    2714635315  100.00%



--------
Two level Cache hierarchy
--------
  L1-Data Cache:
    Size(KB):          32
    Block Size(B):     64
    Associativity:      8

  L2-Data Cache:
    Size(KB):        1024
    Block Size(B):    128
    Associativity:      8

Latencies:    1   10  150
L1-Sets:   64 - LRU - assoc:   8
L2-Sets: 1024 - LRU - assoc:   8
Store_allocation: Yes
L2_inclusive: Yes
L2_prefetching: Yes ( 32)

L1 Cache Stats:
L1-Load-Hits:        2073970249   94.35%
L1-Load-Misses:       124242739    5.65%
L1-Load-Accesses:    2198212988  100.00%

L1-Store-Hits:         509328917   98.63%
L1-Store-Misses:         7093410    1.37%
L1-Store-Accesses:     516422327  100.00%

L1-Total-Hits:        2583299166   95.16%
L1-Total-Misses:       131336149    4.84%
L1-Total-Accesses:    2714635315  100.00%

L2 Cache Stats:
L2-Load-Hits:          99838946   80.36%
L2-Load-Misses:        24403793   19.64%
L2-Load-Accesses:     124242739  100.00%

L2-Store-Hits:           5235524   73.81%
L2-Store-Misses:         1857886   26.19%
L2-Store-Accesses:       7093410  100.00%

L2-Total-Hits:         105074470   80.00%
L2-Total-Misses:        26261679   20.00%
L2-Total-Accesses:     131336149  100.00%

