--------
Total Statistics
--------
Total Instructions: 11723409626
Total Cycles: 17411250871
IPC: 0.673324

--------
Single level Tlb hierarchy
--------
  Data Tlb:
    Entries:          64
    Page Size(B):   4096
    Associativity:      4

Latencies:    0   50
Tlb-Sets:   16 - LRU - assoc:   4

Tlb Stats:
Tlb-Load-Hits:        2184710125   99.39%
Tlb-Load-Misses:        13502863    0.61%
Tlb-Load-Accesses:    2198212988  100.00%

Tlb-Store-Hits:         516242000   99.97%
Tlb-Store-Misses:          180327    0.03%
Tlb-Store-Accesses:     516422327  100.00%

Tlb-Total-Hits:        2700952125   99.50%
Tlb-Total-Misses:        13683190    0.50%
Tlb-Total-Accesses:    2714635315  100.00%



--------
Two level Cache hierarchy
--------
  L1-Data Cache:
    Size(KB):          32
    Block Size(B):     64
    Associativity:      8

  L2-Data Cache:
    Size(KB):        1024
    Block Size(B):    128
    Associativity:      8

Latencies:    1   10  150
L1-Sets:   64 - LRU - assoc:   8
L2-Sets: 1024 - LRU - assoc:   8
Store_allocation: Yes
L2_inclusive: Yes
L2_prefetching: Yes (  1)

L1 Cache Stats:
L1-Load-Hits:        2084347096   94.82%
L1-Load-Misses:       113865892    5.18%
L1-Load-Accesses:    2198212988  100.00%

L1-Store-Hits:         509687701   98.70%
L1-Store-Misses:         6734626    1.30%
L1-Store-Accesses:     516422327  100.00%

L1-Total-Hits:        2594034797   95.56%
L1-Total-Misses:       120600518    4.44%
L1-Total-Accesses:    2714635315  100.00%

L2 Cache Stats:
L2-Load-Hits:         107323448   94.25%
L2-Load-Misses:         6542444    5.75%
L2-Load-Accesses:     113865892  100.00%

L2-Store-Hits:           6056795   89.94%
L2-Store-Misses:          677831   10.06%
L2-Store-Accesses:       6734626  100.00%

L2-Total-Hits:         113380243   94.01%
L2-Total-Misses:         7220275    5.99%
L2-Total-Accesses:     120600518  100.00%

