--------
Total Statistics
--------
Total Instructions: 11723409626
Total Cycles: 17423819551
IPC: 0.672838

--------
Single level Tlb hierarchy
--------
  Data Tlb:
    Entries:          64
    Page Size(B):   4096
    Associativity:      4

Latencies:    0   50
Tlb-Sets:   16 - LRU - assoc:   4

Tlb Stats:
Tlb-Load-Hits:        2184704240   99.39%
Tlb-Load-Misses:        13508748    0.61%
Tlb-Load-Accesses:    2198212988  100.00%

Tlb-Store-Hits:         516162107   99.95%
Tlb-Store-Misses:          260220    0.05%
Tlb-Store-Accesses:     516422327  100.00%

Tlb-Total-Hits:        2700866347   99.49%
Tlb-Total-Misses:        13768968    0.51%
Tlb-Total-Accesses:    2714635315  100.00%



--------
Two level Cache hierarchy
--------
  L1-Data Cache:
    Size(KB):          32
    Block Size(B):     64
    Associativity:      8

  L2-Data Cache:
    Size(KB):        1024
    Block Size(B):    128
    Associativity:      8

Latencies:    1   10  150
L1-Sets:   64 - LRU - assoc:   8
L2-Sets: 1024 - LRU - assoc:   8
Store_allocation: Yes
L2_inclusive: Yes
L2_prefetching: Yes (  2)

L1 Cache Stats:
L1-Load-Hits:        2084678778   94.84%
L1-Load-Misses:       113534210    5.16%
L1-Load-Accesses:    2198212988  100.00%

L1-Store-Hits:         509919246   98.74%
L1-Store-Misses:         6503081    1.26%
L1-Store-Accesses:     516422327  100.00%

L1-Total-Hits:        2594598024   95.58%
L1-Total-Misses:       120037291    4.42%
L1-Total-Accesses:    2714635315  100.00%

L2 Cache Stats:
L2-Load-Hits:         106869098   94.13%
L2-Load-Misses:         6665112    5.87%
L2-Load-Accesses:     113534210  100.00%

L2-Store-Hits:           5855171   90.04%
L2-Store-Misses:          647910    9.96%
L2-Store-Accesses:       6503081  100.00%

L2-Total-Hits:         112724269   93.91%
L2-Total-Misses:         7313022    6.09%
L2-Total-Accesses:     120037291  100.00%

