--------
Total Statistics
--------
Total Instructions: 1682276472
Total Cycles: 14903573859
IPC: 0.112877

--------
Single level Tlb hierarchy
--------
  Data Tlb:
    Entries:          64
    Page Size(B):   4096
    Associativity:      4

Latencies:    0   50
Tlb-Sets:   16 - LRU - assoc:   4

Tlb Stats:
Tlb-Load-Hits:         279252673   86.84%
Tlb-Load-Misses:        42302782   13.16%
Tlb-Load-Accesses:     321555455  100.00%

Tlb-Store-Hits:         132164584  100.00%
Tlb-Store-Misses:              18    0.00%
Tlb-Store-Accesses:     132164602  100.00%

Tlb-Total-Hits:         411417257   90.68%
Tlb-Total-Misses:        42302800    9.32%
Tlb-Total-Accesses:     453720057  100.00%



--------
Two level Cache hierarchy
--------
  L1-Data Cache:
    Size(KB):          32
    Block Size(B):     64
    Associativity:      8

  L2-Data Cache:
    Size(KB):        1024
    Block Size(B):    128
    Associativity:      8

Latencies:    1   10  150
L1-Sets:   64 - LRU - assoc:   8
L2-Sets: 1024 - LRU - assoc:   8
Store_allocation: Yes
L2_inclusive: Yes
L2_prefetching: Yes ( 32)

L1 Cache Stats:
L1-Load-Hits:         224840146   69.92%
L1-Load-Misses:        96715309   30.08%
L1-Load-Accesses:     321555455  100.00%

L1-Store-Hits:         124827073   94.45%
L1-Store-Misses:         7337529    5.55%
L1-Store-Accesses:     132164602  100.00%

L1-Total-Hits:         349667219   77.07%
L1-Total-Misses:       104052838   22.93%
L1-Total-Accesses:     453720057  100.00%

L2 Cache Stats:
L2-Load-Hits:          39970179   41.33%
L2-Load-Misses:        56745130   58.67%
L2-Load-Accesses:      96715309  100.00%

L2-Store-Hits:              3266    0.04%
L2-Store-Misses:         7334263   99.96%
L2-Store-Accesses:       7337529  100.00%

L2-Total-Hits:          39973445   38.42%
L2-Total-Misses:        64079393   61.58%
L2-Total-Accesses:     104052838  100.00%

