--------
Total Statistics
--------
Total Instructions: 1682276506
Total Cycles: 10199951942
IPC: 0.16493

--------
Single level Tlb hierarchy
--------
  Data Tlb:
    Entries:          64
    Page Size(B):   4096
    Associativity:      4

Latencies:    0   50
Tlb-Sets:   16 - LRU - assoc:   4

Tlb Stats:
Tlb-Load-Hits:         279933138   87.06%
Tlb-Load-Misses:        41622331   12.94%
Tlb-Load-Accesses:     321555469  100.00%

Tlb-Store-Hits:         131533120   99.52%
Tlb-Store-Misses:          631487    0.48%
Tlb-Store-Accesses:     132164607  100.00%

Tlb-Total-Hits:         411466258   90.69%
Tlb-Total-Misses:        42253818    9.31%
Tlb-Total-Accesses:     453720076  100.00%



--------
Two level Cache hierarchy
--------
  L1-Data Cache:
    Size(KB):          32
    Block Size(B):     64
    Associativity:      8

  L2-Data Cache:
    Size(KB):        1024
    Block Size(B):    128
    Associativity:      8

Latencies:    1   10  150
L1-Sets:   64 - LRU - assoc:   8
L2-Sets: 1024 - LRU - assoc:   8
Store_allocation: Yes
L2_inclusive: Yes
L2_prefetching: Yes ( 16)

L1 Cache Stats:
L1-Load-Hits:         247056522   76.83%
L1-Load-Misses:        74498947   23.17%
L1-Load-Accesses:     321555469  100.00%

L1-Store-Hits:         132134488   99.98%
L1-Store-Misses:           30119    0.02%
L1-Store-Accesses:     132164607  100.00%

L1-Total-Hits:         379191010   83.57%
L1-Total-Misses:        74529066   16.43%
L1-Total-Accesses:     453720076  100.00%

L2 Cache Stats:
L2-Load-Hits:          39812606   53.44%
L2-Load-Misses:        34686341   46.56%
L2-Load-Accesses:      74498947  100.00%

L2-Store-Hits:              9968   33.10%
L2-Store-Misses:           20151   66.90%
L2-Store-Accesses:         30119  100.00%

L2-Total-Hits:          39822574   53.43%
L2-Total-Misses:        34706492   46.57%
L2-Total-Accesses:      74529066  100.00%

