--------
Total Statistics
--------
Total Instructions: 1682276472
Total Cycles: 9803635069
IPC: 0.171597

--------
Single level Tlb hierarchy
--------
  Data Tlb:
    Entries:          64
    Page Size(B):   4096
    Associativity:      4

Latencies:    0   50
Tlb-Sets:   16 - LRU - assoc:   4

Tlb Stats:
Tlb-Load-Hits:         280940055   87.37%
Tlb-Load-Misses:        40615400   12.63%
Tlb-Load-Accesses:     321555455  100.00%

Tlb-Store-Hits:         132164571  100.00%
Tlb-Store-Misses:              31    0.00%
Tlb-Store-Accesses:     132164602  100.00%

Tlb-Total-Hits:         413104626   91.05%
Tlb-Total-Misses:        40615431    8.95%
Tlb-Total-Accesses:     453720057  100.00%



--------
Two level Cache hierarchy
--------
  L1-Data Cache:
    Size(KB):          32
    Block Size(B):     64
    Associativity:      8

  L2-Data Cache:
    Size(KB):        1024
    Block Size(B):    128
    Associativity:      8

Latencies:    1   10  150
L1-Sets:   64 - LRU - assoc:   8
L2-Sets: 1024 - LRU - assoc:   8
Store_allocation: Yes
L2_inclusive: Yes
L2_prefetching: Yes (  1)

L1 Cache Stats:
L1-Load-Hits:         248593186   77.31%
L1-Load-Misses:        72962269   22.69%
L1-Load-Accesses:     321555455  100.00%

L1-Store-Hits:         132135157   99.98%
L1-Store-Misses:           29445    0.02%
L1-Store-Accesses:     132164602  100.00%

L1-Total-Hits:         380728343   83.91%
L1-Total-Misses:        72991714   16.09%
L1-Total-Accesses:     453720057  100.00%

L2 Cache Stats:
L2-Load-Hits:          40259337   55.18%
L2-Load-Misses:        32702932   44.82%
L2-Load-Accesses:      72962269  100.00%

L2-Store-Hits:             19378   65.81%
L2-Store-Misses:           10067   34.19%
L2-Store-Accesses:         29445  100.00%

L2-Total-Hits:          40278715   55.18%
L2-Total-Misses:        32712999   44.82%
L2-Total-Accesses:      72991714  100.00%

