--------
Total Statistics
--------
Total Instructions: 1682276475
Total Cycles: 9954080472
IPC: 0.169004

--------
Single level Tlb hierarchy
--------
  Data Tlb:
    Entries:          64
    Page Size(B):   4096
    Associativity:      4

Latencies:    0   50
Tlb-Sets:   16 - LRU - assoc:   4

Tlb Stats:
Tlb-Load-Hits:         281020671   87.39%
Tlb-Load-Misses:        40534784   12.61%
Tlb-Load-Accesses:     321555455  100.00%

Tlb-Store-Hits:         132164583  100.00%
Tlb-Store-Misses:              19    0.00%
Tlb-Store-Accesses:     132164602  100.00%

Tlb-Total-Hits:         413185254   91.07%
Tlb-Total-Misses:        40534803    8.93%
Tlb-Total-Accesses:     453720057  100.00%



--------
Two level Cache hierarchy
--------
  L1-Data Cache:
    Size(KB):          32
    Block Size(B):     64
    Associativity:      8

  L2-Data Cache:
    Size(KB):        1024
    Block Size(B):    128
    Associativity:      8

Latencies:    1   10  150
L1-Sets:   64 - LRU - assoc:   8
L2-Sets: 1024 - LRU - assoc:   8
Store_allocation: Yes
L2_inclusive: Yes
L2_prefetching: Yes (  8)

L1 Cache Stats:
L1-Load-Hits:         247854038   77.08%
L1-Load-Misses:        73701417   22.92%
L1-Load-Accesses:     321555455  100.00%

L1-Store-Hits:         132142570   99.98%
L1-Store-Misses:           22032    0.02%
L1-Store-Accesses:     132164602  100.00%

L1-Total-Hits:         379996608   83.75%
L1-Total-Misses:        73723449   16.25%
L1-Total-Accesses:     453720057  100.00%

L2 Cache Stats:
L2-Load-Hits:          40019581   54.30%
L2-Load-Misses:        33681836   45.70%
L2-Load-Accesses:      73701417  100.00%

L2-Store-Hits:              9806   44.51%
L2-Store-Misses:           12226   55.49%
L2-Store-Accesses:         22032  100.00%

L2-Total-Hits:          40029387   54.30%
L2-Total-Misses:        33694062   45.70%
L2-Total-Accesses:      73723449  100.00%

