--------
Total Statistics
--------
Total Instructions: 1682276506
Total Cycles: 10003057962
IPC: 0.168176

--------
Single level Tlb hierarchy
--------
  Data Tlb:
    Entries:          64
    Page Size(B):   4096
    Associativity:      4

Latencies:    0   50
Tlb-Sets:   16 - LRU - assoc:   4

Tlb Stats:
Tlb-Load-Hits:         278277743   86.54%
Tlb-Load-Misses:        43277726   13.46%
Tlb-Load-Accesses:     321555469  100.00%

Tlb-Store-Hits:         132164586  100.00%
Tlb-Store-Misses:              21    0.00%
Tlb-Store-Accesses:     132164607  100.00%

Tlb-Total-Hits:         410442329   90.46%
Tlb-Total-Misses:        43277747    9.54%
Tlb-Total-Accesses:     453720076  100.00%



--------
Two level Cache hierarchy
--------
  L1-Data Cache:
    Size(KB):          32
    Block Size(B):     64
    Associativity:      8

  L2-Data Cache:
    Size(KB):        1024
    Block Size(B):    128
    Associativity:      8

Latencies:    1   10  150
L1-Sets:   64 - LRU - assoc:   8
L2-Sets: 1024 - LRU - assoc:   8
Store_allocation: Yes
L2_inclusive: Yes
L2_prefetching: Yes (  4)

L1 Cache Stats:
L1-Load-Hits:         248296464   77.22%
L1-Load-Misses:        73259005   22.78%
L1-Load-Accesses:     321555469  100.00%

L1-Store-Hits:         132146374   99.99%
L1-Store-Misses:           18233    0.01%
L1-Store-Accesses:     132164607  100.00%

L1-Total-Hits:         380442838   83.85%
L1-Total-Misses:        73277238   16.15%
L1-Total-Accesses:     453720076  100.00%

L2 Cache Stats:
L2-Load-Hits:          40130839   54.78%
L2-Load-Misses:        33128166   45.22%
L2-Load-Accesses:      73259005  100.00%

L2-Store-Hits:             10388   56.97%
L2-Store-Misses:            7845   43.03%
L2-Store-Accesses:         18233  100.00%

L2-Total-Hits:          40141227   54.78%
L2-Total-Misses:        33136011   45.22%
L2-Total-Accesses:      73277238  100.00%

