--------
Total Statistics
--------
Total Instructions: 1682276472
Total Cycles: 9896805379
IPC: 0.169982

--------
Single level Tlb hierarchy
--------
  Data Tlb:
    Entries:          64
    Page Size(B):   4096
    Associativity:      4

Latencies:    0   50
Tlb-Sets:   16 - LRU - assoc:   4

Tlb Stats:
Tlb-Load-Hits:         279462067   86.91%
Tlb-Load-Misses:        42093388   13.09%
Tlb-Load-Accesses:     321555455  100.00%

Tlb-Store-Hits:         132164584  100.00%
Tlb-Store-Misses:              18    0.00%
Tlb-Store-Accesses:     132164602  100.00%

Tlb-Total-Hits:         411626651   90.72%
Tlb-Total-Misses:        42093406    9.28%
Tlb-Total-Accesses:     453720057  100.00%



--------
Two level Cache hierarchy
--------
  L1-Data Cache:
    Size(KB):          32
    Block Size(B):     64
    Associativity:      8

  L2-Data Cache:
    Size(KB):        1024
    Block Size(B):    128
    Associativity:      8

Latencies:    1   10  150
L1-Sets:   64 - LRU - assoc:   8
L2-Sets: 1024 - LRU - assoc:   8
Store_allocation: Yes
L2_inclusive: Yes
L2_prefetching: Yes (  2)

L1 Cache Stats:
L1-Load-Hits:         248535650   77.29%
L1-Load-Misses:        73019805   22.71%
L1-Load-Accesses:     321555455  100.00%

L1-Store-Hits:         132148652   99.99%
L1-Store-Misses:           15950    0.01%
L1-Store-Accesses:     132164602  100.00%

L1-Total-Hits:         380684302   83.90%
L1-Total-Misses:        73035755   16.10%
L1-Total-Accesses:     453720057  100.00%

L2 Cache Stats:
L2-Load-Hits:          40186981   55.04%
L2-Load-Misses:        32832824   44.96%
L2-Load-Accesses:      73019805  100.00%

L2-Store-Hits:             10234   64.16%
L2-Store-Misses:            5716   35.84%
L2-Store-Accesses:         15950  100.00%

L2-Total-Hits:          40197215   55.04%
L2-Total-Misses:        32838540   44.96%
L2-Total-Accesses:      73035755  100.00%

