--------
Total Statistics
--------
Total Instructions: 20881569665
Total Cycles: 45842061229
IPC: 0.455511

--------
Single level Tlb hierarchy
--------
  Data Tlb:
    Entries:          64
    Page Size(B):   4096
    Associativity:      4

Latencies:    0   50
Tlb-Sets:   16 - LRU - assoc:   4

Tlb Stats:
Tlb-Load-Hits:        6320695032   99.48%
Tlb-Load-Misses:        33000700    0.52%
Tlb-Load-Accesses:    6353695732  100.00%

Tlb-Store-Hits:        2639268093   99.84%
Tlb-Store-Misses:         4272639    0.16%
Tlb-Store-Accesses:    2643540732  100.00%

Tlb-Total-Hits:        8959963125   99.59%
Tlb-Total-Misses:        37273339    0.41%
Tlb-Total-Accesses:    8997236464  100.00%



--------
Two level Cache hierarchy
--------
  L1-Data Cache:
    Size(KB):          32
    Block Size(B):     64
    Associativity:      8

  L2-Data Cache:
    Size(KB):        1024
    Block Size(B):    128
    Associativity:      8

Latencies:    1   10  150
L1-Sets:   64 - LRU - assoc:   8
L2-Sets: 1024 - LRU - assoc:   8
Store_allocation: Yes
L2_inclusive: Yes
L2_prefetching: Yes (  1)

L1 Cache Stats:
L1-Load-Hits:        6122809028   96.37%
L1-Load-Misses:       230886704    3.63%
L1-Load-Accesses:    6353695732  100.00%

L1-Store-Hits:        2622725856   99.21%
L1-Store-Misses:        20814876    0.79%
L1-Store-Accesses:    2643540732  100.00%

L1-Total-Hits:        8745534884   97.20%
L1-Total-Misses:       251701580    2.80%
L1-Total-Accesses:    8997236464  100.00%

L2 Cache Stats:
L2-Load-Hits:         160555442   69.54%
L2-Load-Misses:        70331262   30.46%
L2-Load-Accesses:     230886704  100.00%

L2-Store-Hits:          13928989   66.92%
L2-Store-Misses:         6885887   33.08%
L2-Store-Accesses:      20814876  100.00%

L2-Total-Hits:         174484431   69.32%
L2-Total-Misses:        77217149   30.68%
L2-Total-Accesses:     251701580  100.00%

