--------
Total Statistics
--------
Total Instructions: 20881569829
Total Cycles: 46908625425
IPC: 0.445154

--------
Single level Tlb hierarchy
--------
  Data Tlb:
    Entries:          64
    Page Size(B):   4096
    Associativity:      4

Latencies:    0   50
Tlb-Sets:   16 - LRU - assoc:   4

Tlb Stats:
Tlb-Load-Hits:        6312310817   99.35%
Tlb-Load-Misses:        41384955    0.65%
Tlb-Load-Accesses:    6353695772  100.00%

Tlb-Store-Hits:        2637994236   99.79%
Tlb-Store-Misses:         5546508    0.21%
Tlb-Store-Accesses:    2643540744  100.00%

Tlb-Total-Hits:        8950305053   99.48%
Tlb-Total-Misses:        46931463    0.52%
Tlb-Total-Accesses:    8997236516  100.00%



--------
Two level Cache hierarchy
--------
  L1-Data Cache:
    Size(KB):          32
    Block Size(B):     64
    Associativity:      8

  L2-Data Cache:
    Size(KB):        1024
    Block Size(B):    128
    Associativity:      8

Latencies:    1   10  150
L1-Sets:   64 - LRU - assoc:   8
L2-Sets: 1024 - LRU - assoc:   8
Store_allocation: Yes
L2_inclusive: Yes
L2_prefetching: Yes (  2)

L1 Cache Stats:
L1-Load-Hits:        6119639689   96.32%
L1-Load-Misses:       234056083    3.68%
L1-Load-Accesses:    6353695772  100.00%

L1-Store-Hits:        2621921689   99.18%
L1-Store-Misses:        21619055    0.82%
L1-Store-Accesses:    2643540744  100.00%

L1-Total-Hits:        8741561378   97.16%
L1-Total-Misses:       255675138    2.84%
L1-Total-Accesses:    8997236516  100.00%

L2 Cache Stats:
L2-Load-Hits:         160793513   68.70%
L2-Load-Misses:        73262570   31.30%
L2-Load-Accesses:     234056083  100.00%

L2-Store-Hits:          14038328   64.93%
L2-Store-Misses:         7580727   35.07%
L2-Store-Accesses:      21619055  100.00%

L2-Total-Hits:         174831841   68.38%
L2-Total-Misses:        80843297   31.62%
L2-Total-Accesses:     255675138  100.00%

