--------
Total Statistics
--------
Total Instructions: 20881571109
Total Cycles: 144143065417
IPC: 0.144867

--------
Single level Tlb hierarchy
--------
  Data Tlb:
    Entries:          64
    Page Size(B):   4096
    Associativity:      4

Latencies:    0   50
Tlb-Sets:   16 - LRU - assoc:   4

Tlb Stats:
Tlb-Load-Hits:        6324516752   99.54%
Tlb-Load-Misses:        29179406    0.46%
Tlb-Load-Accesses:    6353696158  100.00%

Tlb-Store-Hits:        2639321956   99.84%
Tlb-Store-Misses:         4218974    0.16%
Tlb-Store-Accesses:    2643540930  100.00%

Tlb-Total-Hits:        8963838708   99.63%
Tlb-Total-Misses:        33398380    0.37%
Tlb-Total-Accesses:    8997237088  100.00%



--------
Two level Cache hierarchy
--------
  L1-Data Cache:
    Size(KB):          32
    Block Size(B):     64
    Associativity:      8

  L2-Data Cache:
    Size(KB):        1024
    Block Size(B):    128
    Associativity:      8

Latencies:    1   10  150
L1-Sets:   64 - LRU - assoc:   8
L2-Sets: 1024 - LRU - assoc:   8
Store_allocation: Yes
L2_inclusive: Yes
L2_prefetching: Yes ( 64)

L1 Cache Stats:
L1-Load-Hits:        5711538775   89.89%
L1-Load-Misses:       642157383   10.11%
L1-Load-Accesses:    6353696158  100.00%

L1-Store-Hits:        2416345541   91.41%
L1-Store-Misses:       227195389    8.59%
L1-Store-Accesses:    2643540930  100.00%

L1-Total-Hits:        8127884316   90.34%
L1-Total-Misses:       869352772    9.66%
L1-Total-Accesses:    8997237088  100.00%

L2 Cache Stats:
L2-Load-Hits:         162938357   25.37%
L2-Load-Misses:       479219026   74.63%
L2-Load-Accesses:     642157383  100.00%

L2-Store-Hits:          13742345    6.05%
L2-Store-Misses:       213453044   93.95%
L2-Store-Accesses:     227195389  100.00%

L2-Total-Hits:         176680702   20.32%
L2-Total-Misses:       692672070   79.68%
L2-Total-Accesses:     869352772  100.00%

