--------
Total Statistics
--------
Total Instructions: 29793047872
Total Cycles: 105971500631
IPC: 0.281142

--------
Single level Tlb hierarchy
--------
  Data Tlb:
    Entries:          64
    Page Size(B):   4096
    Associativity:      4

Latencies:    0   50
Tlb-Sets:   16 - LRU - assoc:   4

Tlb Stats:
Tlb-Load-Hits:        7124167604   99.51%
Tlb-Load-Misses:        35052638    0.49%
Tlb-Load-Accesses:    7159220242  100.00%

Tlb-Store-Hits:        6859209981   99.93%
Tlb-Store-Misses:         4518046    0.07%
Tlb-Store-Accesses:    6863728027  100.00%

Tlb-Total-Hits:       13983377585   99.72%
Tlb-Total-Misses:        39570684    0.28%
Tlb-Total-Accesses:   14022948269  100.00%



--------
Two level Cache hierarchy
--------
  L1-Data Cache:
    Size(KB):          32
    Block Size(B):     64
    Associativity:      8

  L2-Data Cache:
    Size(KB):        1024
    Block Size(B):    128
    Associativity:      8

Latencies:    1   10  150
L1-Sets:   64 - LRU - assoc:   8
L2-Sets: 1024 - LRU - assoc:   8
Store_allocation: Yes
L2_inclusive: Yes
L2_prefetching: Yes ( 32)

L1 Cache Stats:
L1-Load-Hits:        6945145962   97.01%
L1-Load-Misses:       214074280    2.99%
L1-Load-Accesses:    7159220242  100.00%

L1-Store-Hits:        6493509768   94.61%
L1-Store-Misses:       370218259    5.39%
L1-Store-Accesses:    6863728027  100.00%

L1-Total-Hits:       13438655730   95.83%
L1-Total-Misses:       584292539    4.17%
L1-Total-Accesses:   14022948269  100.00%

L2 Cache Stats:
L2-Load-Hits:         126658421   59.17%
L2-Load-Misses:        87415859   40.83%
L2-Load-Accesses:     214074280  100.00%

L2-Store-Hits:          95407152   25.77%
L2-Store-Misses:       274811107   74.23%
L2-Store-Accesses:     370218259  100.00%

L2-Total-Hits:         222065573   38.01%
L2-Total-Misses:       362226966   61.99%
L2-Total-Accesses:     584292539  100.00%

