--------
Total Statistics
--------
Total Instructions: 29793048881
Total Cycles: 73330921887
IPC: 0.406282

--------
Single level Tlb hierarchy
--------
  Data Tlb:
    Entries:          64
    Page Size(B):   4096
    Associativity:      4

Latencies:    0   50
Tlb-Sets:   16 - LRU - assoc:   4

Tlb Stats:
Tlb-Load-Hits:        7120424971   99.46%
Tlb-Load-Misses:        38795257    0.54%
Tlb-Load-Accesses:    7159220228  100.00%

Tlb-Store-Hits:        6858708519   99.93%
Tlb-Store-Misses:         5020099    0.07%
Tlb-Store-Accesses:    6863728618  100.00%

Tlb-Total-Hits:       13979133490   99.69%
Tlb-Total-Misses:        43815356    0.31%
Tlb-Total-Accesses:   14022948846  100.00%



--------
Two level Cache hierarchy
--------
  L1-Data Cache:
    Size(KB):          32
    Block Size(B):     64
    Associativity:      8

  L2-Data Cache:
    Size(KB):        1024
    Block Size(B):    128
    Associativity:      8

Latencies:    1   10  150
L1-Sets:   64 - LRU - assoc:   8
L2-Sets: 1024 - LRU - assoc:   8
Store_allocation: Yes
L2_inclusive: Yes
L2_prefetching: Yes ( 16)

L1 Cache Stats:
L1-Load-Hits:        6907408025   96.48%
L1-Load-Misses:       251812203    3.52%
L1-Load-Accesses:    7159220228  100.00%

L1-Store-Hits:        6726760000   98.00%
L1-Store-Misses:       136968618    2.00%
L1-Store-Accesses:    6863728618  100.00%

L1-Total-Hits:       13634168025   97.23%
L1-Total-Misses:       388780821    2.77%
L1-Total-Accesses:   14022948846  100.00%

L2 Cache Stats:
L2-Load-Hits:         133627666   53.07%
L2-Load-Misses:       118184537   46.93%
L2-Load-Accesses:     251812203  100.00%

L2-Store-Hits:          98910834   72.21%
L2-Store-Misses:        38057784   27.79%
L2-Store-Accesses:     136968618  100.00%

L2-Total-Hits:         232538500   59.81%
L2-Total-Misses:       156242321   40.19%
L2-Total-Accesses:     388780821  100.00%

