--------
Total Statistics
--------
Total Instructions: 29793047872
Total Cycles: 60180180771
IPC: 0.495064

--------
Single level Tlb hierarchy
--------
  Data Tlb:
    Entries:          64
    Page Size(B):   4096
    Associativity:      4

Latencies:    0   50
Tlb-Sets:   16 - LRU - assoc:   4

Tlb Stats:
Tlb-Load-Hits:        7124469011   99.51%
Tlb-Load-Misses:        34751231    0.49%
Tlb-Load-Accesses:    7159220242  100.00%

Tlb-Store-Hits:        6859351831   99.94%
Tlb-Store-Misses:         4376196    0.06%
Tlb-Store-Accesses:    6863728027  100.00%

Tlb-Total-Hits:       13983820842   99.72%
Tlb-Total-Misses:        39127427    0.28%
Tlb-Total-Accesses:   14022948269  100.00%



--------
Two level Cache hierarchy
--------
  L1-Data Cache:
    Size(KB):          32
    Block Size(B):     64
    Associativity:      8

  L2-Data Cache:
    Size(KB):        1024
    Block Size(B):    128
    Associativity:      8

Latencies:    1   10  150
L1-Sets:   64 - LRU - assoc:   8
L2-Sets: 1024 - LRU - assoc:   8
Store_allocation: Yes
L2_inclusive: Yes
L2_prefetching: Yes (  1)

L1 Cache Stats:
L1-Load-Hits:        6983766515   97.55%
L1-Load-Misses:       175453727    2.45%
L1-Load-Accesses:    7159220242  100.00%

L1-Store-Hits:        6740158696   98.20%
L1-Store-Misses:       123569331    1.80%
L1-Store-Accesses:    6863728027  100.00%

L1-Total-Hits:       13723925211   97.87%
L1-Total-Misses:       299023058    2.13%
L1-Total-Accesses:   14022948269  100.00%

L2 Cache Stats:
L2-Load-Hits:         124348685   70.87%
L2-Load-Misses:        51105042   29.13%
L2-Load-Accesses:     175453727  100.00%

L2-Store-Hits:          98557155   79.76%
L2-Store-Misses:        25012176   20.24%
L2-Store-Accesses:     123569331  100.00%

L2-Total-Hits:         222905840   74.54%
L2-Total-Misses:        76117218   25.46%
L2-Total-Accesses:     299023058  100.00%

