--------
Total Statistics
--------
Total Instructions: 29793048881
Total Cycles: 62430053347
IPC: 0.477223

--------
Single level Tlb hierarchy
--------
  Data Tlb:
    Entries:          64
    Page Size(B):   4096
    Associativity:      4

Latencies:    0   50
Tlb-Sets:   16 - LRU - assoc:   4

Tlb Stats:
Tlb-Load-Hits:        7123499052   99.50%
Tlb-Load-Misses:        35721176    0.50%
Tlb-Load-Accesses:    7159220228  100.00%

Tlb-Store-Hits:        6858318275   99.92%
Tlb-Store-Misses:         5410343    0.08%
Tlb-Store-Accesses:    6863728618  100.00%

Tlb-Total-Hits:       13981817327   99.71%
Tlb-Total-Misses:        41131519    0.29%
Tlb-Total-Accesses:   14022948846  100.00%



--------
Two level Cache hierarchy
--------
  L1-Data Cache:
    Size(KB):          32
    Block Size(B):     64
    Associativity:      8

  L2-Data Cache:
    Size(KB):        1024
    Block Size(B):    128
    Associativity:      8

Latencies:    1   10  150
L1-Sets:   64 - LRU - assoc:   8
L2-Sets: 1024 - LRU - assoc:   8
Store_allocation: Yes
L2_inclusive: Yes
L2_prefetching: Yes (  2)

L1 Cache Stats:
L1-Load-Hits:        6975087034   97.43%
L1-Load-Misses:       184133194    2.57%
L1-Load-Accesses:    7159220228  100.00%

L1-Store-Hits:        6730337780   98.06%
L1-Store-Misses:       133390838    1.94%
L1-Store-Accesses:    6863728618  100.00%

L1-Total-Hits:       13705424814   97.74%
L1-Total-Misses:       317524032    2.26%
L1-Total-Accesses:   14022948846  100.00%

L2 Cache Stats:
L2-Load-Hits:         129023953   70.07%
L2-Load-Misses:        55109241   29.93%
L2-Load-Accesses:     184133194  100.00%

L2-Store-Hits:          99285150   74.43%
L2-Store-Misses:        34105688   25.57%
L2-Store-Accesses:     133390838  100.00%

L2-Total-Hits:         228309103   71.90%
L2-Total-Misses:        89214929   28.10%
L2-Total-Accesses:     317524032  100.00%

