--------
Total Statistics
--------
Total Instructions: 29793047068
Total Cycles: 80286111908
IPC: 0.371086

--------
Single level Tlb hierarchy
--------
  Data Tlb:
    Entries:          64
    Page Size(B):   4096
    Associativity:      4

Latencies:    0   50
Tlb-Sets:   16 - LRU - assoc:   4

Tlb Stats:
Tlb-Load-Hits:        7122105014   99.48%
Tlb-Load-Misses:        37115214    0.52%
Tlb-Load-Accesses:    7159220228  100.00%

Tlb-Store-Hits:        6858050619   99.92%
Tlb-Store-Misses:         5676963    0.08%
Tlb-Store-Accesses:    6863727582  100.00%

Tlb-Total-Hits:       13980155633   99.69%
Tlb-Total-Misses:        42792177    0.31%
Tlb-Total-Accesses:   14022947810  100.00%



--------
Two level Cache hierarchy
--------
  L1-Data Cache:
    Size(KB):          32
    Block Size(B):     64
    Associativity:      8

  L2-Data Cache:
    Size(KB):        1024
    Block Size(B):    128
    Associativity:      8

Latencies:    1   10  150
L1-Sets:   64 - LRU - assoc:   8
L2-Sets: 1024 - LRU - assoc:   8
Store_allocation: Yes
L2_inclusive: Yes
L2_prefetching: Yes (  8)

L1 Cache Stats:
L1-Load-Hits:        6912463074   96.55%
L1-Load-Misses:       246757154    3.45%
L1-Load-Accesses:    7159220228  100.00%

L1-Store-Hits:        6683635023   97.38%
L1-Store-Misses:       180092559    2.62%
L1-Store-Accesses:    6863727582  100.00%

L1-Total-Hits:       13596098097   96.96%
L1-Total-Misses:       426849713    3.04%
L1-Total-Accesses:   14022947810  100.00%

L2 Cache Stats:
L2-Load-Hits:         128536397   52.09%
L2-Load-Misses:       118220757   47.91%
L2-Load-Accesses:     246757154  100.00%

L2-Store-Hits:          97899909   54.36%
L2-Store-Misses:        82192650   45.64%
L2-Store-Accesses:     180092559  100.00%

L2-Total-Hits:         226436306   53.05%
L2-Total-Misses:       200413407   46.95%
L2-Total-Accesses:     426849713  100.00%

