--------
Total Statistics
--------
Total Instructions: 7968636854
Total Cycles: 13386052081
IPC: 0.595294

--------
Single level Tlb hierarchy
--------
  Data Tlb:
    Entries:          64
    Page Size(B):   4096
    Associativity:      4

Latencies:    0   50
Tlb-Sets:   16 - LRU - assoc:   4

Tlb Stats:
Tlb-Load-Hits:        1867741096   99.97%
Tlb-Load-Misses:          565181    0.03%
Tlb-Load-Accesses:    1868306277  100.00%

Tlb-Store-Hits:         190047480   99.85%
Tlb-Store-Misses:          279850    0.15%
Tlb-Store-Accesses:     190327330  100.00%

Tlb-Total-Hits:        2057788576   99.96%
Tlb-Total-Misses:          845031    0.04%
Tlb-Total-Accesses:    2058633607  100.00%



--------
Two level Cache hierarchy
--------
  L1-Data Cache:
    Size(KB):          32
    Block Size(B):     64
    Associativity:      8

  L2-Data Cache:
    Size(KB):        1024
    Block Size(B):    128
    Associativity:      8

Latencies:    1   10  150
L1-Sets:   64 - LRU - assoc:   8
L2-Sets: 1024 - LRU - assoc:   8
Store_allocation: Yes
L2_inclusive: Yes
L2_prefetching: Yes ( 32)

L1 Cache Stats:
L1-Load-Hits:        1836604138   98.30%
L1-Load-Misses:        31702139    1.70%
L1-Load-Accesses:    1868306277  100.00%

L1-Store-Hits:         182928872   96.11%
L1-Store-Misses:         7398458    3.89%
L1-Store-Accesses:     190327330  100.00%

L1-Total-Hits:        2019533010   98.10%
L1-Total-Misses:        39100597    1.90%
L1-Total-Accesses:    2058633607  100.00%

L2 Cache Stats:
L2-Load-Hits:          16440147   51.86%
L2-Load-Misses:        15261992   48.14%
L2-Load-Accesses:      31702139  100.00%

L2-Store-Hits:           3156956   42.67%
L2-Store-Misses:         4241502   57.33%
L2-Store-Accesses:       7398458  100.00%

L2-Total-Hits:          19597103   50.12%
L2-Total-Misses:        19503494   49.88%
L2-Total-Accesses:      39100597  100.00%

