--------
Total Statistics
--------
Total Instructions: 7968636854
Total Cycles: 11828122711
IPC: 0.673703

--------
Single level Tlb hierarchy
--------
  Data Tlb:
    Entries:          64
    Page Size(B):   4096
    Associativity:      4

Latencies:    0   50
Tlb-Sets:   16 - LRU - assoc:   4

Tlb Stats:
Tlb-Load-Hits:        1867736163   99.97%
Tlb-Load-Misses:          570114    0.03%
Tlb-Load-Accesses:    1868306277  100.00%

Tlb-Store-Hits:         190047464   99.85%
Tlb-Store-Misses:          279866    0.15%
Tlb-Store-Accesses:     190327330  100.00%

Tlb-Total-Hits:        2057783627   99.96%
Tlb-Total-Misses:          849980    0.04%
Tlb-Total-Accesses:    2058633607  100.00%



--------
Two level Cache hierarchy
--------
  L1-Data Cache:
    Size(KB):          32
    Block Size(B):     64
    Associativity:      8

  L2-Data Cache:
    Size(KB):        1024
    Block Size(B):    128
    Associativity:      8

Latencies:    1   10  150
L1-Sets:   64 - LRU - assoc:   8
L2-Sets: 1024 - LRU - assoc:   8
Store_allocation: Yes
L2_inclusive: Yes
L2_prefetching: Yes (  2)

L1 Cache Stats:
L1-Load-Hits:        1845060821   98.76%
L1-Load-Misses:        23245456    1.24%
L1-Load-Accesses:    1868306277  100.00%

L1-Store-Hits:         184692536   97.04%
L1-Store-Misses:         5634794    2.96%
L1-Store-Accesses:     190327330  100.00%

L1-Total-Hits:        2029753357   98.60%
L1-Total-Misses:        28880250    1.40%
L1-Total-Accesses:    2058633607  100.00%

L2 Cache Stats:
L2-Load-Hits:          16233705   69.84%
L2-Load-Misses:         7011751   30.16%
L2-Load-Accesses:      23245456  100.00%

L2-Store-Hits:           2849540   50.57%
L2-Store-Misses:         2785254   49.43%
L2-Store-Accesses:       5634794  100.00%

L2-Total-Hits:          19083245   66.08%
L2-Total-Misses:         9797005   33.92%
L2-Total-Accesses:      28880250  100.00%

