--------
Total Statistics
--------
Total Instructions: 7968636854
Total Cycles: 11829100751
IPC: 0.673647

--------
Single level Tlb hierarchy
--------
  Data Tlb:
    Entries:          64
    Page Size(B):   4096
    Associativity:      4

Latencies:    0   50
Tlb-Sets:   16 - LRU - assoc:   4

Tlb Stats:
Tlb-Load-Hits:        1867741995   99.97%
Tlb-Load-Misses:          564282    0.03%
Tlb-Load-Accesses:    1868306277  100.00%

Tlb-Store-Hits:         190047474   99.85%
Tlb-Store-Misses:          279856    0.15%
Tlb-Store-Accesses:     190327330  100.00%

Tlb-Total-Hits:        2057789469   99.96%
Tlb-Total-Misses:          844138    0.04%
Tlb-Total-Accesses:    2058633607  100.00%



--------
Two level Cache hierarchy
--------
  L1-Data Cache:
    Size(KB):          32
    Block Size(B):     64
    Associativity:      8

  L2-Data Cache:
    Size(KB):        1024
    Block Size(B):    128
    Associativity:      8

Latencies:    1   10  150
L1-Sets:   64 - LRU - assoc:   8
L2-Sets: 1024 - LRU - assoc:   8
Store_allocation: Yes
L2_inclusive: Yes
L2_prefetching: Yes (  1)

L1 Cache Stats:
L1-Load-Hits:        1845363318   98.77%
L1-Load-Misses:        22942959    1.23%
L1-Load-Accesses:    1868306277  100.00%

L1-Store-Hits:         184489525   96.93%
L1-Store-Misses:         5837805    3.07%
L1-Store-Accesses:     190327330  100.00%

L1-Total-Hits:        2029852843   98.60%
L1-Total-Misses:        28780764    1.40%
L1-Total-Accesses:    2058633607  100.00%

L2 Cache Stats:
L2-Load-Hits:          15898431   69.30%
L2-Load-Misses:         7044528   30.70%
L2-Load-Accesses:      22942959  100.00%

L2-Store-Hits:           3070228   52.59%
L2-Store-Misses:         2767577   47.41%
L2-Store-Accesses:       5837805  100.00%

L2-Total-Hits:          18968659   65.91%
L2-Total-Misses:         9812105   34.09%
L2-Total-Accesses:      28780764  100.00%

