--------
Total Statistics
--------
Total Instructions: 7968636854
Total Cycles: 11984374401
IPC: 0.664919

--------
Single level Tlb hierarchy
--------
  Data Tlb:
    Entries:          64
    Page Size(B):   4096
    Associativity:      4

Latencies:    0   50
Tlb-Sets:   16 - LRU - assoc:   4

Tlb Stats:
Tlb-Load-Hits:        1867741047   99.97%
Tlb-Load-Misses:          565230    0.03%
Tlb-Load-Accesses:    1868306277  100.00%

Tlb-Store-Hits:         190047479   99.85%
Tlb-Store-Misses:          279851    0.15%
Tlb-Store-Accesses:     190327330  100.00%

Tlb-Total-Hits:        2057788526   99.96%
Tlb-Total-Misses:          845081    0.04%
Tlb-Total-Accesses:    2058633607  100.00%



--------
Two level Cache hierarchy
--------
  L1-Data Cache:
    Size(KB):          32
    Block Size(B):     64
    Associativity:      8

  L2-Data Cache:
    Size(KB):        1024
    Block Size(B):    128
    Associativity:      8

Latencies:    1   10  150
L1-Sets:   64 - LRU - assoc:   8
L2-Sets: 1024 - LRU - assoc:   8
Store_allocation: Yes
L2_inclusive: Yes
L2_prefetching: Yes (  4)

L1 Cache Stats:
L1-Load-Hits:        1844507181   98.73%
L1-Load-Misses:        23799096    1.27%
L1-Load-Accesses:    1868306277  100.00%

L1-Store-Hits:         184298327   96.83%
L1-Store-Misses:         6029003    3.17%
L1-Store-Accesses:     190327330  100.00%

L1-Total-Hits:        2028805508   98.55%
L1-Total-Misses:        29828099    1.45%
L1-Total-Accesses:    2058633607  100.00%

L2 Cache Stats:
L2-Load-Hits:          15945934   67.00%
L2-Load-Misses:         7853162   33.00%
L2-Load-Accesses:      23799096  100.00%

L2-Store-Hits:           3105039   51.50%
L2-Store-Misses:         2923964   48.50%
L2-Store-Accesses:       6029003  100.00%

L2-Total-Hits:          19050973   63.87%
L2-Total-Misses:        10777126   36.13%
L2-Total-Accesses:      29828099  100.00%

