--------
Total Statistics
--------
Total Instructions: 7968636888
Total Cycles: 13067156754
IPC: 0.609822

--------
Single level Tlb hierarchy
--------
  Data Tlb:
    Entries:          64
    Page Size(B):   4096
    Associativity:      4

Latencies:    0   50
Tlb-Sets:   16 - LRU - assoc:   4

Tlb Stats:
Tlb-Load-Hits:        1867652942   99.97%
Tlb-Load-Misses:          653349    0.03%
Tlb-Load-Accesses:    1868306291  100.00%

Tlb-Store-Hits:         190047457   99.85%
Tlb-Store-Misses:          279878    0.15%
Tlb-Store-Accesses:     190327335  100.00%

Tlb-Total-Hits:        2057700399   99.95%
Tlb-Total-Misses:          933227    0.05%
Tlb-Total-Accesses:    2058633626  100.00%



--------
Two level Cache hierarchy
--------
  L1-Data Cache:
    Size(KB):          32
    Block Size(B):     64
    Associativity:      8

  L2-Data Cache:
    Size(KB):        1024
    Block Size(B):    128
    Associativity:      8

Latencies:    1   10  150
L1-Sets:   64 - LRU - assoc:   8
L2-Sets: 1024 - LRU - assoc:   8
Store_allocation: Yes
L2_inclusive: Yes
L2_prefetching: Yes ( 16)

L1 Cache Stats:
L1-Load-Hits:        1837540156   98.35%
L1-Load-Misses:        30766135    1.65%
L1-Load-Accesses:    1868306291  100.00%

L1-Store-Hits:         184376416   96.87%
L1-Store-Misses:         5950919    3.13%
L1-Store-Accesses:     190327335  100.00%

L1-Total-Hits:        2021916572   98.22%
L1-Total-Misses:        36717054    1.78%
L1-Total-Accesses:    2058633626  100.00%

L2 Cache Stats:
L2-Load-Hits:          16326572   53.07%
L2-Load-Misses:        14439563   46.93%
L2-Load-Accesses:      30766135  100.00%

L2-Store-Hits:           2883453   48.45%
L2-Store-Misses:         3067466   51.55%
L2-Store-Accesses:       5950919  100.00%

L2-Total-Hits:          19210025   52.32%
L2-Total-Misses:        17507029   47.68%
L2-Total-Accesses:      36717054  100.00%

