--------
Total Statistics
--------
Total Instructions: 31246957013
Total Cycles: 53050264951
IPC: 0.589007

--------
Single level Tlb hierarchy
--------
  Data Tlb:
    Entries:          64
    Page Size(B):   4096
    Associativity:      4

Latencies:    0   50
Tlb-Sets:   16 - LRU - assoc:   4

Tlb Stats:
Tlb-Load-Hits:        9377104363   99.87%
Tlb-Load-Misses:        12634254    0.13%
Tlb-Load-Accesses:    9389738617  100.00%

Tlb-Store-Hits:        4904462570   99.92%
Tlb-Store-Misses:         3711961    0.08%
Tlb-Store-Accesses:    4908174531  100.00%

Tlb-Total-Hits:       14281566933   99.89%
Tlb-Total-Misses:        16346215    0.11%
Tlb-Total-Accesses:   14297913148  100.00%



--------
Two level Cache hierarchy
--------
  L1-Data Cache:
    Size(KB):          32
    Block Size(B):     64
    Associativity:      8

  L2-Data Cache:
    Size(KB):        1024
    Block Size(B):    128
    Associativity:      8

Latencies:    1   10  150
L1-Sets:   64 - LRU - assoc:   8
L2-Sets: 1024 - LRU - assoc:   8
Store_allocation: Yes
L2_inclusive: Yes
L2_prefetching: Yes (  4)

L1 Cache Stats:
L1-Load-Hits:        9315628706   99.21%
L1-Load-Misses:        74109911    0.79%
L1-Load-Accesses:    9389738617  100.00%

L1-Store-Hits:        4884632688   99.52%
L1-Store-Misses:        23541843    0.48%
L1-Store-Accesses:    4908174531  100.00%

L1-Total-Hits:       14200261394   99.32%
L1-Total-Misses:        97651754    0.68%
L1-Total-Accesses:   14297913148  100.00%

L2 Cache Stats:
L2-Load-Hits:          44351753   59.85%
L2-Load-Misses:        29758158   40.15%
L2-Load-Accesses:      74109911  100.00%

L2-Store-Hits:          15222891   64.66%
L2-Store-Misses:         8318952   35.34%
L2-Store-Accesses:      23541843  100.00%

L2-Total-Hits:          59574644   61.01%
L2-Total-Misses:        38077110   38.99%
L2-Total-Accesses:      97651754  100.00%

