--------
Total Statistics
--------
Total Instructions: 31246957013
Total Cycles: 127009227841
IPC: 0.246021

--------
Single level Tlb hierarchy
--------
  Data Tlb:
    Entries:          64
    Page Size(B):   4096
    Associativity:      4

Latencies:    0   50
Tlb-Sets:   16 - LRU - assoc:   4

Tlb Stats:
Tlb-Load-Hits:        9377526699   99.87%
Tlb-Load-Misses:        12211918    0.13%
Tlb-Load-Accesses:    9389738617  100.00%

Tlb-Store-Hits:        4904478078   99.92%
Tlb-Store-Misses:         3696453    0.08%
Tlb-Store-Accesses:    4908174531  100.00%

Tlb-Total-Hits:       14282004777   99.89%
Tlb-Total-Misses:        15908371    0.11%
Tlb-Total-Accesses:   14297913148  100.00%



--------
Two level Cache hierarchy
--------
  L1-Data Cache:
    Size(KB):          32
    Block Size(B):     64
    Associativity:      8

  L2-Data Cache:
    Size(KB):        1024
    Block Size(B):    128
    Associativity:      8

Latencies:    1   10  150
L1-Sets:   64 - LRU - assoc:   8
L2-Sets: 1024 - LRU - assoc:   8
Store_allocation: Yes
L2_inclusive: Yes
L2_prefetching: Yes ( 64)

L1 Cache Stats:
L1-Load-Hits:        9012901608   95.99%
L1-Load-Misses:       376837009    4.01%
L1-Load-Accesses:    9389738617  100.00%

L1-Store-Hits:        4689034802   95.54%
L1-Store-Misses:       219139729    4.46%
L1-Store-Accesses:    4908174531  100.00%

L1-Total-Hits:       13701936410   95.83%
L1-Total-Misses:       595976738    4.17%
L1-Total-Accesses:   14297913148  100.00%

L2 Cache Stats:
L2-Load-Hits:          46539918   12.35%
L2-Load-Misses:       330297091   87.65%
L2-Load-Accesses:     376837009  100.00%

L2-Store-Hits:          51375675   23.44%
L2-Store-Misses:       167764054   76.56%
L2-Store-Accesses:     219139729  100.00%

L2-Total-Hits:          97915593   16.43%
L2-Total-Misses:       498061145   83.57%
L2-Total-Accesses:     595976738  100.00%

