--------
Total Statistics
--------
Total Instructions: 31246957013
Total Cycles: 53428737751
IPC: 0.584834

--------
Single level Tlb hierarchy
--------
  Data Tlb:
    Entries:          64
    Page Size(B):   4096
    Associativity:      4

Latencies:    0   50
Tlb-Sets:   16 - LRU - assoc:   4

Tlb Stats:
Tlb-Load-Hits:        9373487956   99.83%
Tlb-Load-Misses:        16250661    0.17%
Tlb-Load-Accesses:    9389738617  100.00%

Tlb-Store-Hits:        4903190841   99.90%
Tlb-Store-Misses:         4983690    0.10%
Tlb-Store-Accesses:    4908174531  100.00%

Tlb-Total-Hits:       14276678797   99.85%
Tlb-Total-Misses:        21234351    0.15%
Tlb-Total-Accesses:   14297913148  100.00%



--------
Two level Cache hierarchy
--------
  L1-Data Cache:
    Size(KB):          32
    Block Size(B):     64
    Associativity:      8

  L2-Data Cache:
    Size(KB):        1024
    Block Size(B):    128
    Associativity:      8

Latencies:    1   10  150
L1-Sets:   64 - LRU - assoc:   8
L2-Sets: 1024 - LRU - assoc:   8
Store_allocation: Yes
L2_inclusive: Yes
L2_prefetching: Yes (  2)

L1 Cache Stats:
L1-Load-Hits:        9315860902   99.21%
L1-Load-Misses:        73877715    0.79%
L1-Load-Accesses:    9389738617  100.00%

L1-Store-Hits:        4884754967   99.52%
L1-Store-Misses:        23419564    0.48%
L1-Store-Accesses:    4908174531  100.00%

L1-Total-Hits:       14200615869   99.32%
L1-Total-Misses:        97297279    0.68%
L1-Total-Accesses:   14297913148  100.00%

L2 Cache Stats:
L2-Load-Hits:          44100302   59.69%
L2-Load-Misses:        29777413   40.31%
L2-Load-Accesses:      73877715  100.00%

L2-Store-Hits:          14202462   60.64%
L2-Store-Misses:         9217102   39.36%
L2-Store-Accesses:      23419564  100.00%

L2-Total-Hits:          58302764   59.92%
L2-Total-Misses:        38994515   40.08%
L2-Total-Accesses:      97297279  100.00%

