--------
Total Statistics
--------
Total Instructions: 31246957047
Total Cycles: 96002316804
IPC: 0.325481

--------
Single level Tlb hierarchy
--------
  Data Tlb:
    Entries:          64
    Page Size(B):   4096
    Associativity:      4

Latencies:    0   50
Tlb-Sets:   16 - LRU - assoc:   4

Tlb Stats:
Tlb-Load-Hits:        9372372625   99.82%
Tlb-Load-Misses:        17366006    0.18%
Tlb-Load-Accesses:    9389738631  100.00%

Tlb-Store-Hits:        4902267616   99.88%
Tlb-Store-Misses:         5906920    0.12%
Tlb-Store-Accesses:    4908174536  100.00%

Tlb-Total-Hits:       14274640241   99.84%
Tlb-Total-Misses:        23272926    0.16%
Tlb-Total-Accesses:   14297913167  100.00%



--------
Two level Cache hierarchy
--------
  L1-Data Cache:
    Size(KB):          32
    Block Size(B):     64
    Associativity:      8

  L2-Data Cache:
    Size(KB):        1024
    Block Size(B):    128
    Associativity:      8

Latencies:    1   10  150
L1-Sets:   64 - LRU - assoc:   8
L2-Sets: 1024 - LRU - assoc:   8
Store_allocation: Yes
L2_inclusive: Yes
L2_prefetching: Yes ( 16)

L1 Cache Stats:
L1-Load-Hits:        9151541673   97.46%
L1-Load-Misses:       238196958    2.54%
L1-Load-Accesses:    9389738631  100.00%

L1-Store-Hits:        4736359195   96.50%
L1-Store-Misses:       171815341    3.50%
L1-Store-Accesses:    4908174536  100.00%

L1-Total-Hits:       13887900868   97.13%
L1-Total-Misses:       410012299    2.87%
L1-Total-Accesses:   14297913167  100.00%

L2 Cache Stats:
L2-Load-Hits:          46260788   19.42%
L2-Load-Misses:       191936170   80.58%
L2-Load-Accesses:     238196958  100.00%

L2-Store-Hits:          62460329   36.35%
L2-Store-Misses:       109355012   63.65%
L2-Store-Accesses:     171815341  100.00%

L2-Total-Hits:         108721117   26.52%
L2-Total-Misses:       301291182   73.48%
L2-Total-Accesses:     410012299  100.00%

