--------
Total Statistics
--------
Total Instructions: 31246957047
Total Cycles: 69013474514
IPC: 0.452766

--------
Single level Tlb hierarchy
--------
  Data Tlb:
    Entries:          64
    Page Size(B):   4096
    Associativity:      4

Latencies:    0   50
Tlb-Sets:   16 - LRU - assoc:   4

Tlb Stats:
Tlb-Load-Hits:        9372617465   99.82%
Tlb-Load-Misses:        17121166    0.18%
Tlb-Load-Accesses:    9389738631  100.00%

Tlb-Store-Hits:        4900462240   99.84%
Tlb-Store-Misses:         7712296    0.16%
Tlb-Store-Accesses:    4908174536  100.00%

Tlb-Total-Hits:       14273079705   99.83%
Tlb-Total-Misses:        24833462    0.17%
Tlb-Total-Accesses:   14297913167  100.00%



--------
Two level Cache hierarchy
--------
  L1-Data Cache:
    Size(KB):          32
    Block Size(B):     64
    Associativity:      8

  L2-Data Cache:
    Size(KB):        1024
    Block Size(B):    128
    Associativity:      8

Latencies:    1   10  150
L1-Sets:   64 - LRU - assoc:   8
L2-Sets: 1024 - LRU - assoc:   8
Store_allocation: Yes
L2_inclusive: Yes
L2_prefetching: Yes (  8)

L1 Cache Stats:
L1-Load-Hits:        9243103111   98.44%
L1-Load-Misses:       146635520    1.56%
L1-Load-Accesses:    9389738631  100.00%

L1-Store-Hits:        4815024521   98.10%
L1-Store-Misses:        93150015    1.90%
L1-Store-Accesses:    4908174536  100.00%

L1-Total-Hits:       14058127632   98.32%
L1-Total-Misses:       239785535    1.68%
L1-Total-Accesses:   14297913167  100.00%

L2 Cache Stats:
L2-Load-Hits:          46317625   31.59%
L2-Load-Misses:       100317895   68.41%
L2-Load-Accesses:     146635520  100.00%

L2-Store-Hits:          61274071   65.78%
L2-Store-Misses:        31875944   34.22%
L2-Store-Accesses:      93150015  100.00%

L2-Total-Hits:         107591696   44.87%
L2-Total-Misses:       132193839   55.13%
L2-Total-Accesses:     239785535  100.00%

