--------
Total Statistics
--------
Total Instructions: 31246957047
Total Cycles: 89166788424
IPC: 0.350433

--------
Single level Tlb hierarchy
--------
  Data Tlb:
    Entries:          64
    Page Size(B):   4096
    Associativity:      4

Latencies:    0   50
Tlb-Sets:   16 - LRU - assoc:   4

Tlb Stats:
Tlb-Load-Hits:        9377536708   99.87%
Tlb-Load-Misses:        12201923    0.13%
Tlb-Load-Accesses:    9389738631  100.00%

Tlb-Store-Hits:        4904469058   99.92%
Tlb-Store-Misses:         3705478    0.08%
Tlb-Store-Accesses:    4908174536  100.00%

Tlb-Total-Hits:       14282005766   99.89%
Tlb-Total-Misses:        15907401    0.11%
Tlb-Total-Accesses:   14297913167  100.00%



--------
Two level Cache hierarchy
--------
  L1-Data Cache:
    Size(KB):          32
    Block Size(B):     64
    Associativity:      8

  L2-Data Cache:
    Size(KB):        1024
    Block Size(B):    128
    Associativity:      8

Latencies:    1   10  150
L1-Sets:   64 - LRU - assoc:   8
L2-Sets: 1024 - LRU - assoc:   8
Store_allocation: Yes
L2_inclusive: Yes
L2_prefetching: Yes ( 32)

L1 Cache Stats:
L1-Load-Hits:        9164406667   97.60%
L1-Load-Misses:       225331964    2.40%
L1-Load-Accesses:    9389738631  100.00%

L1-Store-Hits:        4766039049   97.10%
L1-Store-Misses:       142135487    2.90%
L1-Store-Accesses:    4908174536  100.00%

L1-Total-Hits:       13930445716   97.43%
L1-Total-Misses:       367467451    2.57%
L1-Total-Accesses:   14297913167  100.00%

L2 Cache Stats:
L2-Load-Hits:          45283435   20.10%
L2-Load-Misses:       180048529   79.90%
L2-Load-Accesses:     225331964  100.00%

L2-Store-Hits:          61171525   43.04%
L2-Store-Misses:        80963962   56.96%
L2-Store-Accesses:     142135487  100.00%

L2-Total-Hits:         106454960   28.97%
L2-Total-Misses:       261012491   71.03%
L2-Total-Accesses:     367467451  100.00%

