--------
Total Statistics
--------
Total Instructions: 6899721493
Total Cycles: 9745795706
IPC: 0.707969

--------
Single level Tlb hierarchy
--------
  Data Tlb:
    Entries:          64
    Page Size(B):   4096
    Associativity:      4

Latencies:    0   50
Tlb-Sets:   16 - LRU - assoc:   4

Tlb Stats:
Tlb-Load-Hits:        1839807710   99.96%
Tlb-Load-Misses:          770740    0.04%
Tlb-Load-Accesses:    1840578450  100.00%

Tlb-Store-Hits:         681904798   99.97%
Tlb-Store-Misses:          188665    0.03%
Tlb-Store-Accesses:     682093463  100.00%

Tlb-Total-Hits:        2521712508   99.96%
Tlb-Total-Misses:          959405    0.04%
Tlb-Total-Accesses:    2522671913  100.00%



--------
Two level Cache hierarchy
--------
  L1-Data Cache:
    Size(KB):          32
    Block Size(B):     64
    Associativity:      8

  L2-Data Cache:
    Size(KB):        1024
    Block Size(B):    128
    Associativity:      8

Latencies:    1   10  150
L1-Sets:   64 - LRU - assoc:   8
L2-Sets: 1024 - LRU - assoc:   8
Store_allocation: Yes
L2_inclusive: Yes
L2_prefetching: Yes (  8)

L1 Cache Stats:
L1-Load-Hits:        1836480018   99.78%
L1-Load-Misses:         4098432    0.22%
L1-Load-Accesses:    1840578450  100.00%

L1-Store-Hits:         681500590   99.91%
L1-Store-Misses:          592873    0.09%
L1-Store-Accesses:     682093463  100.00%

L1-Total-Hits:        2517980608   99.81%
L1-Total-Misses:         4691305    0.19%
L1-Total-Accesses:    2522671913  100.00%

L2 Cache Stats:
L2-Load-Hits:           2751945   67.15%
L2-Load-Misses:         1346487   32.85%
L2-Load-Accesses:       4098432  100.00%

L2-Store-Hits:            415900   70.15%
L2-Store-Misses:          176973   29.85%
L2-Store-Accesses:        592873  100.00%

L2-Total-Hits:           3167845   67.53%
L2-Total-Misses:         1523460   32.47%
L2-Total-Accesses:       4691305  100.00%

