--------
Total Statistics
--------
Total Instructions: 6899721527
Total Cycles: 9652695169
IPC: 0.714797

--------
Single level Tlb hierarchy
--------
  Data Tlb:
    Entries:          64
    Page Size(B):   4096
    Associativity:      4

Latencies:    0   50
Tlb-Sets:   16 - LRU - assoc:   4

Tlb Stats:
Tlb-Load-Hits:        1839998939   99.97%
Tlb-Load-Misses:          579525    0.03%
Tlb-Load-Accesses:    1840578464  100.00%

Tlb-Store-Hits:         682037913   99.99%
Tlb-Store-Misses:           55555    0.01%
Tlb-Store-Accesses:     682093468  100.00%

Tlb-Total-Hits:        2522036852   99.97%
Tlb-Total-Misses:          635080    0.03%
Tlb-Total-Accesses:    2522671932  100.00%



--------
Two level Cache hierarchy
--------
  L1-Data Cache:
    Size(KB):          32
    Block Size(B):     64
    Associativity:      8

  L2-Data Cache:
    Size(KB):        1024
    Block Size(B):    128
    Associativity:      8

Latencies:    1   10  150
L1-Sets:   64 - LRU - assoc:   8
L2-Sets: 1024 - LRU - assoc:   8
Store_allocation: Yes
L2_inclusive: Yes
L2_prefetching: Yes (  1)

L1 Cache Stats:
L1-Load-Hits:        1836952020   99.80%
L1-Load-Misses:         3626444    0.20%
L1-Load-Accesses:    1840578464  100.00%

L1-Store-Hits:         681482316   99.91%
L1-Store-Misses:          611152    0.09%
L1-Store-Accesses:     682093468  100.00%

L1-Total-Hits:        2518434336   99.83%
L1-Total-Misses:         4237596    0.17%
L1-Total-Accesses:    2522671932  100.00%

L2 Cache Stats:
L2-Load-Hits:           2782942   76.74%
L2-Load-Misses:          843502   23.26%
L2-Load-Accesses:       3626444  100.00%

L2-Store-Hits:            413509   67.66%
L2-Store-Misses:          197643   32.34%
L2-Store-Accesses:        611152  100.00%

L2-Total-Hits:           3196451   75.43%
L2-Total-Misses:         1041145   24.57%
L2-Total-Accesses:       4237596  100.00%

