--------
Total Statistics
--------
Total Instructions: 6899721493
Total Cycles: 30760022946
IPC: 0.224308

--------
Single level Tlb hierarchy
--------
  Data Tlb:
    Entries:          64
    Page Size(B):   4096
    Associativity:      4

Latencies:    0   50
Tlb-Sets:   16 - LRU - assoc:   4

Tlb Stats:
Tlb-Load-Hits:        1839916868   99.96%
Tlb-Load-Misses:          661582    0.04%
Tlb-Load-Accesses:    1840578450  100.00%

Tlb-Store-Hits:         681996573   99.99%
Tlb-Store-Misses:           96890    0.01%
Tlb-Store-Accesses:     682093463  100.00%

Tlb-Total-Hits:        2521913441   99.97%
Tlb-Total-Misses:          758472    0.03%
Tlb-Total-Accesses:    2522671913  100.00%



--------
Two level Cache hierarchy
--------
  L1-Data Cache:
    Size(KB):          32
    Block Size(B):     64
    Associativity:      8

  L2-Data Cache:
    Size(KB):        1024
    Block Size(B):    128
    Associativity:      8

Latencies:    1   10  150
L1-Sets:   64 - LRU - assoc:   8
L2-Sets: 1024 - LRU - assoc:   8
Store_allocation: Yes
L2_inclusive: Yes
L2_prefetching: Yes ( 16)

L1 Cache Stats:
L1-Load-Hits:        1715893426   93.23%
L1-Load-Misses:       124685024    6.77%
L1-Load-Accesses:    1840578450  100.00%

L1-Store-Hits:         670603003   98.32%
L1-Store-Misses:        11490460    1.68%
L1-Store-Accesses:     682093463  100.00%

L1-Total-Hits:        2386496429   94.60%
L1-Total-Misses:       136175484    5.40%
L1-Total-Accesses:    2522671913  100.00%

L2 Cache Stats:
L2-Load-Hits:           2804283    2.25%
L2-Load-Misses:       121880741   97.75%
L2-Load-Accesses:     124685024  100.00%

L2-Store-Hits:            451527    3.93%
L2-Store-Misses:        11038933   96.07%
L2-Store-Accesses:      11490460  100.00%

L2-Total-Hits:           3255810    2.39%
L2-Total-Misses:       132919674   97.61%
L2-Total-Accesses:     136175484  100.00%

