--------
Total Statistics
--------
Total Instructions: 6899721527
Total Cycles: 21396163279
IPC: 0.322475

--------
Single level Tlb hierarchy
--------
  Data Tlb:
    Entries:          64
    Page Size(B):   4096
    Associativity:      4

Latencies:    0   50
Tlb-Sets:   16 - LRU - assoc:   4

Tlb Stats:
Tlb-Load-Hits:        1840002945   99.97%
Tlb-Load-Misses:          575519    0.03%
Tlb-Load-Accesses:    1840578464  100.00%

Tlb-Store-Hits:         682038611   99.99%
Tlb-Store-Misses:           54857    0.01%
Tlb-Store-Accesses:     682093468  100.00%

Tlb-Total-Hits:        2522041556   99.98%
Tlb-Total-Misses:          630376    0.02%
Tlb-Total-Accesses:    2522671932  100.00%



--------
Two level Cache hierarchy
--------
  L1-Data Cache:
    Size(KB):          32
    Block Size(B):     64
    Associativity:      8

  L2-Data Cache:
    Size(KB):        1024
    Block Size(B):    128
    Associativity:      8

Latencies:    1   10  150
L1-Sets:   64 - LRU - assoc:   8
L2-Sets: 1024 - LRU - assoc:   8
Store_allocation: Yes
L2_inclusive: Yes
L2_prefetching: Yes ( 64)

L1 Cache Stats:
L1-Load-Hits:        1763712979   95.82%
L1-Load-Misses:        76865485    4.18%
L1-Load-Accesses:    1840578464  100.00%

L1-Store-Hits:         681469106   99.91%
L1-Store-Misses:          624362    0.09%
L1-Store-Accesses:     682093468  100.00%

L1-Total-Hits:        2445182085   96.93%
L1-Total-Misses:        77489847    3.07%
L1-Total-Accesses:    2522671932  100.00%

L2 Cache Stats:
L2-Load-Hits:           2625756    3.42%
L2-Load-Misses:        74239729   96.58%
L2-Load-Accesses:      76865485  100.00%

L2-Store-Hits:            415074   66.48%
L2-Store-Misses:          209288   33.52%
L2-Store-Accesses:        624362  100.00%

L2-Total-Hits:           3040830    3.92%
L2-Total-Misses:        74449017   96.08%
L2-Total-Accesses:      77489847  100.00%

