--------
Total Statistics
--------
Total Instructions: 6899721493
Total Cycles: 9908318276
IPC: 0.696356

--------
Single level Tlb hierarchy
--------
  Data Tlb:
    Entries:          64
    Page Size(B):   4096
    Associativity:      4

Latencies:    0   50
Tlb-Sets:   16 - LRU - assoc:   4

Tlb Stats:
Tlb-Load-Hits:        1839891691   99.96%
Tlb-Load-Misses:          686759    0.04%
Tlb-Load-Accesses:    1840578450  100.00%

Tlb-Store-Hits:         682000142   99.99%
Tlb-Store-Misses:           93321    0.01%
Tlb-Store-Accesses:     682093463  100.00%

Tlb-Total-Hits:        2521891833   99.97%
Tlb-Total-Misses:          780080    0.03%
Tlb-Total-Accesses:    2522671913  100.00%



--------
Two level Cache hierarchy
--------
  L1-Data Cache:
    Size(KB):          32
    Block Size(B):     64
    Associativity:      8

  L2-Data Cache:
    Size(KB):        1024
    Block Size(B):    128
    Associativity:      8

Latencies:    1   10  150
L1-Sets:   64 - LRU - assoc:   8
L2-Sets: 1024 - LRU - assoc:   8
Store_allocation: Yes
L2_inclusive: Yes
L2_prefetching: Yes ( 32)

L1 Cache Stats:
L1-Load-Hits:        1835454991   99.72%
L1-Load-Misses:         5123459    0.28%
L1-Load-Accesses:    1840578450  100.00%

L1-Store-Hits:         681474090   99.91%
L1-Store-Misses:          619373    0.09%
L1-Store-Accesses:     682093463  100.00%

L1-Total-Hits:        2516929081   99.77%
L1-Total-Misses:         5742832    0.23%
L1-Total-Accesses:    2522671913  100.00%

L2 Cache Stats:
L2-Load-Hits:           2713744   52.97%
L2-Load-Misses:         2409715   47.03%
L2-Load-Accesses:       5123459  100.00%

L2-Store-Hits:            432471   69.82%
L2-Store-Misses:          186902   30.18%
L2-Store-Accesses:        619373  100.00%

L2-Total-Hits:           3146215   54.79%
L2-Total-Misses:         2596617   45.21%
L2-Total-Accesses:       5742832  100.00%

