--------
Total Statistics
--------
Total Instructions: 6899721493
Total Cycles: 9690516876
IPC: 0.712008

--------
Single level Tlb hierarchy
--------
  Data Tlb:
    Entries:          64
    Page Size(B):   4096
    Associativity:      4

Latencies:    0   50
Tlb-Sets:   16 - LRU - assoc:   4

Tlb Stats:
Tlb-Load-Hits:        1840031024   99.97%
Tlb-Load-Misses:          547426    0.03%
Tlb-Load-Accesses:    1840578450  100.00%

Tlb-Store-Hits:         682041631   99.99%
Tlb-Store-Misses:           51832    0.01%
Tlb-Store-Accesses:     682093463  100.00%

Tlb-Total-Hits:        2522072655   99.98%
Tlb-Total-Misses:          599258    0.02%
Tlb-Total-Accesses:    2522671913  100.00%



--------
Two level Cache hierarchy
--------
  L1-Data Cache:
    Size(KB):          32
    Block Size(B):     64
    Associativity:      8

  L2-Data Cache:
    Size(KB):        1024
    Block Size(B):    128
    Associativity:      8

Latencies:    1   10  150
L1-Sets:   64 - LRU - assoc:   8
L2-Sets: 1024 - LRU - assoc:   8
Store_allocation: Yes
L2_inclusive: Yes
L2_prefetching: Yes (  4)

L1 Cache Stats:
L1-Load-Hits:        1836708231   99.79%
L1-Load-Misses:         3870219    0.21%
L1-Load-Accesses:    1840578450  100.00%

L1-Store-Hits:         681493410   99.91%
L1-Store-Misses:          600053    0.09%
L1-Store-Accesses:     682093463  100.00%

L1-Total-Hits:        2518201641   99.82%
L1-Total-Misses:         4470272    0.18%
L1-Total-Accesses:    2522671913  100.00%

L2 Cache Stats:
L2-Load-Hits:           2765397   71.45%
L2-Load-Misses:         1104822   28.55%
L2-Load-Accesses:       3870219  100.00%

L2-Store-Hits:            415156   69.19%
L2-Store-Misses:          184897   30.81%
L2-Store-Accesses:        600053  100.00%

L2-Total-Hits:           3180553   71.15%
L2-Total-Misses:         1289719   28.85%
L2-Total-Accesses:       4470272  100.00%

