--------
Total Statistics
--------
Total Instructions: 19352350984
Total Cycles: 79402458141
IPC: 0.243725

--------
Single level Tlb hierarchy
--------
  Data Tlb:
    Entries:          64
    Page Size(B):   4096
    Associativity:      4

Latencies:    0   50
Tlb-Sets:   16 - LRU - assoc:   4

Tlb Stats:
Tlb-Load-Hits:        8634527940   99.61%
Tlb-Load-Misses:        33442379    0.39%
Tlb-Load-Accesses:    8667970319  100.00%

Tlb-Store-Hits:         326722980   99.95%
Tlb-Store-Misses:          157738    0.05%
Tlb-Store-Accesses:     326880718  100.00%

Tlb-Total-Hits:        8961250920   99.63%
Tlb-Total-Misses:        33600117    0.37%
Tlb-Total-Accesses:    8994851037  100.00%



--------
Two level Cache hierarchy
--------
  L1-Data Cache:
    Size(KB):          32
    Block Size(B):     64
    Associativity:      8

  L2-Data Cache:
    Size(KB):        1024
    Block Size(B):    128
    Associativity:      8

Latencies:    1   10  150
L1-Sets:   64 - LRU - assoc:   8
L2-Sets: 1024 - LRU - assoc:   8
Store_allocation: Yes
L2_inclusive: Yes
L2_prefetching: Yes ( 32)

L1 Cache Stats:
L1-Load-Hits:        8084475838   93.27%
L1-Load-Misses:       583494481    6.73%
L1-Load-Accesses:    8667970319  100.00%

L1-Store-Hits:         324705162   99.33%
L1-Store-Misses:         2175556    0.67%
L1-Store-Accesses:     326880718  100.00%

L1-Total-Hits:        8409181000   93.49%
L1-Total-Misses:       585670037    6.51%
L1-Total-Accesses:    8994851037  100.00%

L2 Cache Stats:
L2-Load-Hits:         293977851   50.38%
L2-Load-Misses:       289516630   49.62%
L2-Load-Accesses:     583494481  100.00%

L2-Store-Hits:           1568520   72.10%
L2-Store-Misses:          607036   27.90%
L2-Store-Accesses:       2175556  100.00%

L2-Total-Hits:         295546371   50.46%
L2-Total-Misses:       290123666   49.54%
L2-Total-Accesses:     585670037  100.00%

