--------
Total Statistics
--------
Total Instructions: 27912973166
Total Cycles: 70325384403
IPC: 0.396912

--------
Single level Tlb hierarchy
--------
  Data Tlb:
    Entries:          64
    Page Size(B):   4096
    Associativity:      4

Latencies:    0   50
Tlb-Sets:   16 - LRU - assoc:   4

Tlb Stats:
Tlb-Load-Hits:        7669181979  100.00%
Tlb-Load-Misses:          121618    0.00%
Tlb-Load-Accesses:    7669303597  100.00%

Tlb-Store-Hits:        2317371883  100.00%
Tlb-Store-Misses:             397    0.00%
Tlb-Store-Accesses:    2317372280  100.00%

Tlb-Total-Hits:        9986553862  100.00%
Tlb-Total-Misses:          122015    0.00%
Tlb-Total-Accesses:    9986675877  100.00%



--------
Two level Cache hierarchy
--------
  L1-Data Cache:
    Size(KB):          32
    Block Size(B):     64
    Associativity:      8

  L2-Data Cache:
    Size(KB):        1024
    Block Size(B):    128
    Associativity:      8

Latencies:    1   10  150
L1-Sets:   64 - LRU - assoc:   8
L2-Sets: 1024 - LRU - assoc:   8
Store_allocation: Yes
L2_inclusive: Yes
L2_prefetching: Yes ( 64)

L1 Cache Stats:
L1-Load-Hits:        7413306041   96.66%
L1-Load-Misses:       255997556    3.34%
L1-Load-Accesses:    7669303597  100.00%

L1-Store-Hits:        2260255495   97.54%
L1-Store-Misses:        57116785    2.46%
L1-Store-Accesses:    2317372280  100.00%

L1-Total-Hits:        9673561536   96.86%
L1-Total-Misses:       313114341    3.14%
L1-Total-Accesses:    9986675877  100.00%

L2 Cache Stats:
L2-Load-Hits:          65123274   25.44%
L2-Load-Misses:       190874282   74.56%
L2-Load-Accesses:     255997556  100.00%

L2-Store-Hits:          52734459   92.33%
L2-Store-Misses:         4382326    7.67%
L2-Store-Accesses:      57116785  100.00%

L2-Total-Hits:         117857733   37.64%
L2-Total-Misses:       195256608   62.36%
L2-Total-Accesses:     313114341  100.00%

