--------
Total Statistics
--------
Total Instructions: 27912973132
Total Cycles: 39193398820
IPC: 0.712186

--------
Single level Tlb hierarchy
--------
  Data Tlb:
    Entries:          64
    Page Size(B):   4096
    Associativity:      4

Latencies:    0   50
Tlb-Sets:   16 - LRU - assoc:   4

Tlb Stats:
Tlb-Load-Hits:        7669025788  100.00%
Tlb-Load-Misses:          277795    0.00%
Tlb-Load-Accesses:    7669303583  100.00%

Tlb-Store-Hits:        2317371881  100.00%
Tlb-Store-Misses:             394    0.00%
Tlb-Store-Accesses:    2317372275  100.00%

Tlb-Total-Hits:        9986397669  100.00%
Tlb-Total-Misses:          278189    0.00%
Tlb-Total-Accesses:    9986675858  100.00%



--------
Two level Cache hierarchy
--------
  L1-Data Cache:
    Size(KB):          32
    Block Size(B):     64
    Associativity:      8

  L2-Data Cache:
    Size(KB):        1024
    Block Size(B):    128
    Associativity:      8

Latencies:    1   10  150
L1-Sets:   64 - LRU - assoc:   8
L2-Sets: 1024 - LRU - assoc:   8
Store_allocation: Yes
L2_inclusive: Yes
L2_prefetching: Yes (  4)

L1 Cache Stats:
L1-Load-Hits:        7603029018   99.14%
L1-Load-Misses:        66274565    0.86%
L1-Load-Accesses:    7669303583  100.00%

L1-Store-Hits:        2263948397   97.69%
L1-Store-Misses:        53423878    2.31%
L1-Store-Accesses:    2317372275  100.00%

L1-Total-Hits:        9866977415   98.80%
L1-Total-Misses:       119698443    1.20%
L1-Total-Accesses:    9986675858  100.00%

L2 Cache Stats:
L2-Load-Hits:          65769328   99.24%
L2-Load-Misses:          505237    0.76%
L2-Load-Accesses:      66274565  100.00%

L2-Store-Hits:          53376742   99.91%
L2-Store-Misses:           47136    0.09%
L2-Store-Accesses:      53423878  100.00%

L2-Total-Hits:         119146070   99.54%
L2-Total-Misses:          552373    0.46%
L2-Total-Accesses:     119698443  100.00%

