--------
Total Statistics
--------
Total Instructions: 27912973166
Total Cycles: 60475128673
IPC: 0.461561

--------
Single level Tlb hierarchy
--------
  Data Tlb:
    Entries:          64
    Page Size(B):   4096
    Associativity:      4

Latencies:    0   50
Tlb-Sets:   16 - LRU - assoc:   4

Tlb Stats:
Tlb-Load-Hits:        7668923860  100.00%
Tlb-Load-Misses:          379737    0.00%
Tlb-Load-Accesses:    7669303597  100.00%

Tlb-Store-Hits:        2317306917  100.00%
Tlb-Store-Misses:           65363    0.00%
Tlb-Store-Accesses:    2317372280  100.00%

Tlb-Total-Hits:        9986230777  100.00%
Tlb-Total-Misses:          445100    0.00%
Tlb-Total-Accesses:    9986675877  100.00%



--------
Two level Cache hierarchy
--------
  L1-Data Cache:
    Size(KB):          32
    Block Size(B):     64
    Associativity:      8

  L2-Data Cache:
    Size(KB):        1024
    Block Size(B):    128
    Associativity:      8

Latencies:    1   10  150
L1-Sets:   64 - LRU - assoc:   8
L2-Sets: 1024 - LRU - assoc:   8
Store_allocation: Yes
L2_inclusive: Yes
L2_prefetching: Yes ( 32)

L1 Cache Stats:
L1-Load-Hits:        7470757115   97.41%
L1-Load-Misses:       198546482    2.59%
L1-Load-Accesses:    7669303597  100.00%

L1-Store-Hits:        2262903294   97.65%
L1-Store-Misses:        54468986    2.35%
L1-Store-Accesses:    2317372280  100.00%

L1-Total-Hits:        9733660409   97.47%
L1-Total-Misses:       253015468    2.53%
L1-Total-Accesses:    9986675877  100.00%

L2 Cache Stats:
L2-Load-Hits:          65986567   33.23%
L2-Load-Misses:       132559915   66.77%
L2-Load-Accesses:     198546482  100.00%

L2-Store-Hits:          53541768   98.30%
L2-Store-Misses:          927218    1.70%
L2-Store-Accesses:      54468986  100.00%

L2-Total-Hits:         119528335   47.24%
L2-Total-Misses:       133487133   52.76%
L2-Total-Accesses:     253015468  100.00%

