--------
Total Statistics
--------
Total Instructions: 27912973132
Total Cycles: 39112833020
IPC: 0.713653

--------
Single level Tlb hierarchy
--------
  Data Tlb:
    Entries:          64
    Page Size(B):   4096
    Associativity:      4

Latencies:    0   50
Tlb-Sets:   16 - LRU - assoc:   4

Tlb Stats:
Tlb-Load-Hits:        7669040876  100.00%
Tlb-Load-Misses:          262707    0.00%
Tlb-Load-Accesses:    7669303583  100.00%

Tlb-Store-Hits:        2317371894  100.00%
Tlb-Store-Misses:             381    0.00%
Tlb-Store-Accesses:    2317372275  100.00%

Tlb-Total-Hits:        9986412770  100.00%
Tlb-Total-Misses:          263088    0.00%
Tlb-Total-Accesses:    9986675858  100.00%



--------
Two level Cache hierarchy
--------
  L1-Data Cache:
    Size(KB):          32
    Block Size(B):     64
    Associativity:      8

  L2-Data Cache:
    Size(KB):        1024
    Block Size(B):    128
    Associativity:      8

Latencies:    1   10  150
L1-Sets:   64 - LRU - assoc:   8
L2-Sets: 1024 - LRU - assoc:   8
Store_allocation: Yes
L2_inclusive: Yes
L2_prefetching: Yes (  1)

L1 Cache Stats:
L1-Load-Hits:        7603394065   99.14%
L1-Load-Misses:        65909518    0.86%
L1-Load-Accesses:    7669303583  100.00%

L1-Store-Hits:        2263531700   97.68%
L1-Store-Misses:        53840575    2.32%
L1-Store-Accesses:    2317372275  100.00%

L1-Total-Hits:        9866925765   98.80%
L1-Total-Misses:       119750093    1.20%
L1-Total-Accesses:    9986675858  100.00%

L2 Cache Stats:
L2-Load-Hits:          65907167  100.00%
L2-Load-Misses:            2351    0.00%
L2-Load-Accesses:      65909518  100.00%

L2-Store-Hits:          53826068   99.97%
L2-Store-Misses:           14507    0.03%
L2-Store-Accesses:      53840575  100.00%

L2-Total-Hits:         119733235   99.99%
L2-Total-Misses:           16858    0.01%
L2-Total-Accesses:     119750093  100.00%

