--------
Total Statistics
--------
Total Instructions: 2172105007
Total Cycles: 4926143203
IPC: 0.440934

--------
Single level Tlb hierarchy
--------
  Data Tlb:
    Entries:          64
    Page Size(B):   4096
    Associativity:      4

Latencies:    0   50
Tlb-Sets:   16 - LRU - assoc:   4

Tlb Stats:
Tlb-Load-Hits:         567190219   94.21%
Tlb-Load-Misses:        34832825    5.79%
Tlb-Load-Accesses:     602023044  100.00%

Tlb-Store-Hits:         130400811   99.68%
Tlb-Store-Misses:          421301    0.32%
Tlb-Store-Accesses:     130822112  100.00%

Tlb-Total-Hits:         697591030   95.19%
Tlb-Total-Misses:        35254126    4.81%
Tlb-Total-Accesses:     732845156  100.00%



--------
Two level Cache hierarchy
--------
  L1-Data Cache:
    Size(KB):          32
    Block Size(B):     64
    Associativity:      8

  L2-Data Cache:
    Size(KB):        1024
    Block Size(B):    128
    Associativity:      8

Latencies:    1   10  150
L1-Sets:   64 - LRU - assoc:   8
L2-Sets: 1024 - LRU - assoc:   8
Store_allocation: Yes
L2_inclusive: Yes
L2_prefetching: Yes (  1)

L1 Cache Stats:
L1-Load-Hits:         598315176   99.38%
L1-Load-Misses:         3707868    0.62%
L1-Load-Accesses:     602023044  100.00%

L1-Store-Hits:         130196451   99.52%
L1-Store-Misses:          625661    0.48%
L1-Store-Accesses:     130822112  100.00%

L1-Total-Hits:         728511627   99.41%
L1-Total-Misses:         4333529    0.59%
L1-Total-Accesses:     732845156  100.00%

L2 Cache Stats:
L2-Load-Hits:           2478429   66.84%
L2-Load-Misses:         1229439   33.16%
L2-Load-Accesses:       3707868  100.00%

L2-Store-Hits:            420757   67.25%
L2-Store-Misses:          204904   32.75%
L2-Store-Accesses:        625661  100.00%

L2-Total-Hits:           2899186   66.90%
L2-Total-Misses:         1434343   33.10%
L2-Total-Accesses:       4333529  100.00%

