--------
Total Statistics
--------
Total Instructions: 2172104973
Total Cycles: 5048523110
IPC: 0.430246

--------
Single level Tlb hierarchy
--------
  Data Tlb:
    Entries:          64
    Page Size(B):   4096
    Associativity:      4

Latencies:    0   50
Tlb-Sets:   16 - LRU - assoc:   4

Tlb Stats:
Tlb-Load-Hits:         565151805   93.88%
Tlb-Load-Misses:        36871225    6.12%
Tlb-Load-Accesses:     602023030  100.00%

Tlb-Store-Hits:         129991606   99.37%
Tlb-Store-Misses:          830501    0.63%
Tlb-Store-Accesses:     130822107  100.00%

Tlb-Total-Hits:         695143411   94.86%
Tlb-Total-Misses:        37701726    5.14%
Tlb-Total-Accesses:     732845137  100.00%



--------
Two level Cache hierarchy
--------
  L1-Data Cache:
    Size(KB):          32
    Block Size(B):     64
    Associativity:      8

  L2-Data Cache:
    Size(KB):        1024
    Block Size(B):    128
    Associativity:      8

Latencies:    1   10  150
L1-Sets:   64 - LRU - assoc:   8
L2-Sets: 1024 - LRU - assoc:   8
Store_allocation: Yes
L2_inclusive: Yes
L2_prefetching: Yes ( 16)

L1 Cache Stats:
L1-Load-Hits:         598315165   99.38%
L1-Load-Misses:         3707865    0.62%
L1-Load-Accesses:     602023030  100.00%

L1-Store-Hits:         130196447   99.52%
L1-Store-Misses:          625660    0.48%
L1-Store-Accesses:     130822107  100.00%

L1-Total-Hits:         728511612   99.41%
L1-Total-Misses:         4333525    0.59%
L1-Total-Accesses:     732845137  100.00%

L2 Cache Stats:
L2-Load-Hits:           2478426   66.84%
L2-Load-Misses:         1229439   33.16%
L2-Load-Accesses:       3707865  100.00%

L2-Store-Hits:            420756   67.25%
L2-Store-Misses:          204904   32.75%
L2-Store-Accesses:        625660  100.00%

L2-Total-Hits:           2899182   66.90%
L2-Total-Misses:         1434343   33.10%
L2-Total-Accesses:       4333525  100.00%

