--------
Total Statistics
--------
Total Instructions: 2172104973
Total Cycles: 4931229270
IPC: 0.440479

--------
Single level Tlb hierarchy
--------
  Data Tlb:
    Entries:          64
    Page Size(B):   4096
    Associativity:      4

Latencies:    0   50
Tlb-Sets:   16 - LRU - assoc:   4

Tlb Stats:
Tlb-Load-Hits:         567190204   94.21%
Tlb-Load-Misses:        34832826    5.79%
Tlb-Load-Accesses:     602023030  100.00%

Tlb-Store-Hits:         130400806   99.68%
Tlb-Store-Misses:          421301    0.32%
Tlb-Store-Accesses:     130822107  100.00%

Tlb-Total-Hits:         697591010   95.19%
Tlb-Total-Misses:        35254127    4.81%
Tlb-Total-Accesses:     732845137  100.00%



--------
Two level Cache hierarchy
--------
  L1-Data Cache:
    Size(KB):          32
    Block Size(B):     64
    Associativity:      8

  L2-Data Cache:
    Size(KB):        1024
    Block Size(B):    128
    Associativity:      8

Latencies:    1   10  150
L1-Sets:   64 - LRU - assoc:   8
L2-Sets: 1024 - LRU - assoc:   8
Store_allocation: Yes
L2_inclusive: Yes
L2_prefetching: Yes ( 32)

L1 Cache Stats:
L1-Load-Hits:         597797029   99.30%
L1-Load-Misses:         4226001    0.70%
L1-Load-Accesses:     602023030  100.00%

L1-Store-Hits:         130208957   99.53%
L1-Store-Misses:          613150    0.47%
L1-Store-Accesses:     130822107  100.00%

L1-Total-Hits:         728005986   99.34%
L1-Total-Misses:         4839151    0.66%
L1-Total-Accesses:     732845137  100.00%

L2 Cache Stats:
L2-Load-Hits:           2996563   70.91%
L2-Load-Misses:         1229438   29.09%
L2-Load-Accesses:       4226001  100.00%

L2-Store-Hits:            408046   66.55%
L2-Store-Misses:          205104   33.45%
L2-Store-Accesses:        613150  100.00%

L2-Total-Hits:           3404609   70.36%
L2-Total-Misses:         1434542   29.64%
L2-Total-Accesses:       4839151  100.00%

