--------
Total Statistics
--------
Total Instructions: 2172104973
Total Cycles: 4927980110
IPC: 0.44077

--------
Single level Tlb hierarchy
--------
  Data Tlb:
    Entries:          64
    Page Size(B):   4096
    Associativity:      4

Latencies:    0   50
Tlb-Sets:   16 - LRU - assoc:   4

Tlb Stats:
Tlb-Load-Hits:         567170806   94.21%
Tlb-Load-Misses:        34852224    5.79%
Tlb-Load-Accesses:     602023030  100.00%

Tlb-Store-Hits:         130386007   99.67%
Tlb-Store-Misses:          436100    0.33%
Tlb-Store-Accesses:     130822107  100.00%

Tlb-Total-Hits:         697556813   95.18%
Tlb-Total-Misses:        35288324    4.82%
Tlb-Total-Accesses:     732845137  100.00%



--------
Two level Cache hierarchy
--------
  L1-Data Cache:
    Size(KB):          32
    Block Size(B):     64
    Associativity:      8

  L2-Data Cache:
    Size(KB):        1024
    Block Size(B):    128
    Associativity:      8

Latencies:    1   10  150
L1-Sets:   64 - LRU - assoc:   8
L2-Sets: 1024 - LRU - assoc:   8
Store_allocation: Yes
L2_inclusive: Yes
L2_prefetching: Yes (  4)

L1 Cache Stats:
L1-Load-Hits:         598314762   99.38%
L1-Load-Misses:         3708268    0.62%
L1-Load-Accesses:     602023030  100.00%

L1-Store-Hits:         130190170   99.52%
L1-Store-Misses:          631937    0.48%
L1-Store-Accesses:     130822107  100.00%

L1-Total-Hits:         728504932   99.41%
L1-Total-Misses:         4340205    0.59%
L1-Total-Accesses:     732845137  100.00%

L2 Cache Stats:
L2-Load-Hits:           2478428   66.84%
L2-Load-Misses:         1229840   33.16%
L2-Load-Accesses:       3708268  100.00%

L2-Store-Hits:            427032   67.58%
L2-Store-Misses:          204905   32.42%
L2-Store-Accesses:        631937  100.00%

L2-Total-Hits:           2905460   66.94%
L2-Total-Misses:         1434745   33.06%
L2-Total-Accesses:       4340205  100.00%

