--------
Total Statistics
--------
Total Instructions: 2172104973
Total Cycles: 4932720080
IPC: 0.440346

--------
Single level Tlb hierarchy
--------
  Data Tlb:
    Entries:          64
    Page Size(B):   4096
    Associativity:      4

Latencies:    0   50
Tlb-Sets:   16 - LRU - assoc:   4

Tlb Stats:
Tlb-Load-Hits:         567190104   94.21%
Tlb-Load-Misses:        34832926    5.79%
Tlb-Load-Accesses:     602023030  100.00%

Tlb-Store-Hits:         130400506   99.68%
Tlb-Store-Misses:          421601    0.32%
Tlb-Store-Accesses:     130822107  100.00%

Tlb-Total-Hits:         697590610   95.19%
Tlb-Total-Misses:        35254527    4.81%
Tlb-Total-Accesses:     732845137  100.00%



--------
Two level Cache hierarchy
--------
  L1-Data Cache:
    Size(KB):          32
    Block Size(B):     64
    Associativity:      8

  L2-Data Cache:
    Size(KB):        1024
    Block Size(B):    128
    Associativity:      8

Latencies:    1   10  150
L1-Sets:   64 - LRU - assoc:   8
L2-Sets: 1024 - LRU - assoc:   8
Store_allocation: Yes
L2_inclusive: Yes
L2_prefetching: Yes ( 64)

L1 Cache Stats:
L1-Load-Hits:         597662620   99.28%
L1-Load-Misses:         4360410    0.72%
L1-Load-Accesses:     602023030  100.00%

L1-Store-Hits:         130190315   99.52%
L1-Store-Misses:          631792    0.48%
L1-Store-Accesses:     130822107  100.00%

L1-Total-Hits:         727852935   99.32%
L1-Total-Misses:         4992202    0.68%
L1-Total-Accesses:     732845137  100.00%

L2 Cache Stats:
L2-Load-Hits:           3131172   71.81%
L2-Load-Misses:         1229238   28.19%
L2-Load-Accesses:       4360410  100.00%

L2-Store-Hits:            426886   67.57%
L2-Store-Misses:          204906   32.43%
L2-Store-Accesses:        631792  100.00%

L2-Total-Hits:           3558058   71.27%
L2-Total-Misses:         1434144   28.73%
L2-Total-Accesses:       4992202  100.00%

