--------
Total Statistics
--------
Total Instructions: 11723409660
Total Cycles: 16463821274
IPC: 0.712071

--------
Single level Tlb hierarchy
--------
  Data Tlb:
    Entries:          64
    Page Size(B):   4096
    Associativity:      4

Latencies:    0   50
Tlb-Sets:   16 - LRU - assoc:   4

Tlb Stats:
Tlb-Load-Hits:        2184780636   99.39%
Tlb-Load-Misses:        13432366    0.61%
Tlb-Load-Accesses:    2198213002  100.00%

Tlb-Store-Hits:         516241972   99.97%
Tlb-Store-Misses:          180360    0.03%
Tlb-Store-Accesses:     516422332  100.00%

Tlb-Total-Hits:        2701022608   99.50%
Tlb-Total-Misses:        13612726    0.50%
Tlb-Total-Accesses:    2714635334  100.00%



--------
Two level Cache hierarchy
--------
  L1-Data Cache:
    Size(KB):          32
    Block Size(B):     64
    Associativity:      8

  L2-Data Cache:
    Size(KB):        1024
    Block Size(B):    128
    Associativity:      8

Latencies:    1   10  150
L1-Sets:   64 - LRU - assoc:   8
L2-Sets: 1024 - LRU - assoc:   8
Store_allocation: Yes
L2_inclusive: Yes
L2_prefetching: Yes (  8)

L1 Cache Stats:
L1-Load-Hits:        2086270382   94.91%
L1-Load-Misses:       111942620    5.09%
L1-Load-Accesses:    2198213002  100.00%

L1-Store-Hits:         510085994   98.77%
L1-Store-Misses:         6336338    1.23%
L1-Store-Accesses:     516422332  100.00%

L1-Total-Hits:        2596356376   95.64%
L1-Total-Misses:       118278958    4.36%
L1-Total-Accesses:    2714635334  100.00%

L2 Cache Stats:
L2-Load-Hits:         111328945   99.45%
L2-Load-Misses:          613675    0.55%
L2-Load-Accesses:     111942620  100.00%

L2-Store-Hits:           5867677   92.60%
L2-Store-Misses:          468661    7.40%
L2-Store-Accesses:       6336338  100.00%

L2-Total-Hits:         117196622   99.08%
L2-Total-Misses:         1082336    0.92%
L2-Total-Accesses:     118278958  100.00%

