--------
Total Statistics
--------
Total Instructions: 11723409660
Total Cycles: 16470420614
IPC: 0.711786

--------
Single level Tlb hierarchy
--------
  Data Tlb:
    Entries:          64
    Page Size(B):   4096
    Associativity:      4

Latencies:    0   50
Tlb-Sets:   16 - LRU - assoc:   4

Tlb Stats:
Tlb-Load-Hits:        2184645161   99.38%
Tlb-Load-Misses:        13567841    0.62%
Tlb-Load-Accesses:    2198213002  100.00%

Tlb-Store-Hits:         516162069   99.95%
Tlb-Store-Misses:          260263    0.05%
Tlb-Store-Accesses:     516422332  100.00%

Tlb-Total-Hits:        2700807230   99.49%
Tlb-Total-Misses:        13828104    0.51%
Tlb-Total-Accesses:    2714635334  100.00%



--------
Two level Cache hierarchy
--------
  L1-Data Cache:
    Size(KB):          32
    Block Size(B):     64
    Associativity:      8

  L2-Data Cache:
    Size(KB):        1024
    Block Size(B):    128
    Associativity:      8

Latencies:    1   10  150
L1-Sets:   64 - LRU - assoc:   8
L2-Sets: 1024 - LRU - assoc:   8
Store_allocation: Yes
L2_inclusive: Yes
L2_prefetching: Yes (  1)

L1 Cache Stats:
L1-Load-Hits:        2086388186   94.91%
L1-Load-Misses:       111824816    5.09%
L1-Load-Accesses:    2198213002  100.00%

L1-Store-Hits:         510367911   98.83%
L1-Store-Misses:         6054421    1.17%
L1-Store-Accesses:     516422332  100.00%

L1-Total-Hits:        2596756097   95.66%
L1-Total-Misses:       117879237    4.34%
L1-Total-Accesses:    2714635334  100.00%

L2 Cache Stats:
L2-Load-Hits:         111212523   99.45%
L2-Load-Misses:          612293    0.55%
L2-Load-Accesses:     111824816  100.00%

L2-Store-Hits:           5585527   92.26%
L2-Store-Misses:          468894    7.74%
L2-Store-Accesses:       6054421  100.00%

L2-Total-Hits:         116798050   99.08%
L2-Total-Misses:         1081187    0.92%
L2-Total-Accesses:     117879237  100.00%

