--------
Total Statistics
--------
Total Instructions: 11723409660
Total Cycles: 16471586274
IPC: 0.711735

--------
Single level Tlb hierarchy
--------
  Data Tlb:
    Entries:          64
    Page Size(B):   4096
    Associativity:      4

Latencies:    0   50
Tlb-Sets:   16 - LRU - assoc:   4

Tlb Stats:
Tlb-Load-Hits:        2184687621   99.38%
Tlb-Load-Misses:        13525381    0.62%
Tlb-Load-Accesses:    2198213002  100.00%

Tlb-Store-Hits:         516161396   99.95%
Tlb-Store-Misses:          260936    0.05%
Tlb-Store-Accesses:     516422332  100.00%

Tlb-Total-Hits:        2700849017   99.49%
Tlb-Total-Misses:        13786317    0.51%
Tlb-Total-Accesses:    2714635334  100.00%



--------
Two level Cache hierarchy
--------
  L1-Data Cache:
    Size(KB):          32
    Block Size(B):     64
    Associativity:      8

  L2-Data Cache:
    Size(KB):        1024
    Block Size(B):    128
    Associativity:      8

Latencies:    1   10  150
L1-Sets:   64 - LRU - assoc:   8
L2-Sets: 1024 - LRU - assoc:   8
Store_allocation: Yes
L2_inclusive: Yes
L2_prefetching: Yes (  2)

L1 Cache Stats:
L1-Load-Hits:        2086306377   94.91%
L1-Load-Misses:       111906625    5.09%
L1-Load-Accesses:    2198213002  100.00%

L1-Store-Hits:         510172099   98.79%
L1-Store-Misses:         6250233    1.21%
L1-Store-Accesses:     516422332  100.00%

L1-Total-Hits:        2596478476   95.65%
L1-Total-Misses:       118156858    4.35%
L1-Total-Accesses:    2714635334  100.00%

L2 Cache Stats:
L2-Load-Hits:         111290839   99.45%
L2-Load-Misses:          615786    0.55%
L2-Load-Accesses:     111906625  100.00%

L2-Store-Hits:           5781640   92.50%
L2-Store-Misses:          468593    7.50%
L2-Store-Accesses:       6250233  100.00%

L2-Total-Hits:         117072479   99.08%
L2-Total-Misses:         1084379    0.92%
L2-Total-Accesses:     118156858  100.00%

