--------
Total Statistics
--------
Total Instructions: 11723409626
Total Cycles: 16466759091
IPC: 0.711944

--------
Single level Tlb hierarchy
--------
  Data Tlb:
    Entries:          64
    Page Size(B):   4096
    Associativity:      4

Latencies:    0   50
Tlb-Sets:   16 - LRU - assoc:   4

Tlb Stats:
Tlb-Load-Hits:        2184774200   99.39%
Tlb-Load-Misses:        13438788    0.61%
Tlb-Load-Accesses:    2198212988  100.00%

Tlb-Store-Hits:         516161109   99.95%
Tlb-Store-Misses:          261218    0.05%
Tlb-Store-Accesses:     516422327  100.00%

Tlb-Total-Hits:        2700935309   99.50%
Tlb-Total-Misses:        13700006    0.50%
Tlb-Total-Accesses:    2714635315  100.00%



--------
Two level Cache hierarchy
--------
  L1-Data Cache:
    Size(KB):          32
    Block Size(B):     64
    Associativity:      8

  L2-Data Cache:
    Size(KB):        1024
    Block Size(B):    128
    Associativity:      8

Latencies:    1   10  150
L1-Sets:   64 - LRU - assoc:   8
L2-Sets: 1024 - LRU - assoc:   8
Store_allocation: Yes
L2_inclusive: Yes
L2_prefetching: Yes (  4)

L1 Cache Stats:
L1-Load-Hits:        2086276163   94.91%
L1-Load-Misses:       111936825    5.09%
L1-Load-Accesses:    2198212988  100.00%

L1-Store-Hits:         510229257   98.80%
L1-Store-Misses:         6193070    1.20%
L1-Store-Accesses:     516422327  100.00%

L1-Total-Hits:        2596505420   95.65%
L1-Total-Misses:       118129895    4.35%
L1-Total-Accesses:    2714635315  100.00%

L2 Cache Stats:
L2-Load-Hits:         111322763   99.45%
L2-Load-Misses:          614062    0.55%
L2-Load-Accesses:     111936825  100.00%

L2-Store-Hits:           5724366   92.43%
L2-Store-Misses:          468704    7.57%
L2-Store-Accesses:       6193070  100.00%

L2-Total-Hits:         117047129   99.08%
L2-Total-Misses:         1082766    0.92%
L2-Total-Accesses:     118129895  100.00%

