--------
Total Statistics
--------
Total Instructions: 11723409660
Total Cycles: 16465771054
IPC: 0.711987

--------
Single level Tlb hierarchy
--------
  Data Tlb:
    Entries:          64
    Page Size(B):   4096
    Associativity:      4

Latencies:    0   50
Tlb-Sets:   16 - LRU - assoc:   4

Tlb Stats:
Tlb-Load-Hits:        2184781996   99.39%
Tlb-Load-Misses:        13431006    0.61%
Tlb-Load-Accesses:    2198213002  100.00%

Tlb-Store-Hits:         516241988   99.97%
Tlb-Store-Misses:          180344    0.03%
Tlb-Store-Accesses:     516422332  100.00%

Tlb-Total-Hits:        2701023984   99.50%
Tlb-Total-Misses:        13611350    0.50%
Tlb-Total-Accesses:    2714635334  100.00%



--------
Two level Cache hierarchy
--------
  L1-Data Cache:
    Size(KB):          32
    Block Size(B):     64
    Associativity:      8

  L2-Data Cache:
    Size(KB):        1024
    Block Size(B):    128
    Associativity:      8

Latencies:    1   10  150
L1-Sets:   64 - LRU - assoc:   8
L2-Sets: 1024 - LRU - assoc:   8
Store_allocation: Yes
L2_inclusive: Yes
L2_prefetching: Yes ( 32)

L1 Cache Stats:
L1-Load-Hits:        2086264952   94.91%
L1-Load-Misses:       111948050    5.09%
L1-Load-Accesses:    2198213002  100.00%

L1-Store-Hits:         509888651   98.73%
L1-Store-Misses:         6533681    1.27%
L1-Store-Accesses:     516422332  100.00%

L1-Total-Hits:        2596153603   95.64%
L1-Total-Misses:       118481731    4.36%
L1-Total-Accesses:    2714635334  100.00%

L2 Cache Stats:
L2-Load-Hits:         111334460   99.45%
L2-Load-Misses:          613590    0.55%
L2-Load-Accesses:     111948050  100.00%

L2-Store-Hits:           6064996   92.83%
L2-Store-Misses:          468685    7.17%
L2-Store-Accesses:       6533681  100.00%

L2-Total-Hits:         117399456   99.09%
L2-Total-Misses:         1082275    0.91%
L2-Total-Accesses:     118481731  100.00%

