--------
Total Statistics
--------
Total Instructions: 1682276472
Total Cycles: 9672777949
IPC: 0.173919

--------
Single level Tlb hierarchy
--------
  Data Tlb:
    Entries:          64
    Page Size(B):   4096
    Associativity:      4

Latencies:    0   50
Tlb-Sets:   16 - LRU - assoc:   4

Tlb Stats:
Tlb-Load-Hits:         281107434   87.42%
Tlb-Load-Misses:        40448021   12.58%
Tlb-Load-Accesses:     321555455  100.00%

Tlb-Store-Hits:         132164583  100.00%
Tlb-Store-Misses:              19    0.00%
Tlb-Store-Accesses:     132164602  100.00%

Tlb-Total-Hits:         413272017   91.09%
Tlb-Total-Misses:        40448040    8.91%
Tlb-Total-Accesses:     453720057  100.00%



--------
Two level Cache hierarchy
--------
  L1-Data Cache:
    Size(KB):          32
    Block Size(B):     64
    Associativity:      8

  L2-Data Cache:
    Size(KB):        1024
    Block Size(B):    128
    Associativity:      8

Latencies:    1   10  150
L1-Sets:   64 - LRU - assoc:   8
L2-Sets: 1024 - LRU - assoc:   8
Store_allocation: Yes
L2_inclusive: Yes
L2_prefetching: Yes (  4)

L1 Cache Stats:
L1-Load-Hits:         249173822   77.49%
L1-Load-Misses:        72381633   22.51%
L1-Load-Accesses:     321555455  100.00%

L1-Store-Hits:         132148833   99.99%
L1-Store-Misses:           15769    0.01%
L1-Store-Accesses:     132164602  100.00%

L1-Total-Hits:         381322655   84.04%
L1-Total-Misses:        72397402   15.96%
L1-Total-Accesses:     453720057  100.00%

L2 Cache Stats:
L2-Load-Hits:          40447391   55.88%
L2-Load-Misses:        31934242   44.12%
L2-Load-Accesses:      72381633  100.00%

L2-Store-Hits:             13975   88.62%
L2-Store-Misses:            1794   11.38%
L2-Store-Accesses:         15769  100.00%

L2-Total-Hits:          40461366   55.89%
L2-Total-Misses:        31936036   44.11%
L2-Total-Accesses:      72397402  100.00%

