--------
Total Statistics
--------
Total Instructions: 1682276472
Total Cycles: 9741998159
IPC: 0.172683

--------
Single level Tlb hierarchy
--------
  Data Tlb:
    Entries:          64
    Page Size(B):   4096
    Associativity:      4

Latencies:    0   50
Tlb-Sets:   16 - LRU - assoc:   4

Tlb Stats:
Tlb-Load-Hits:         279712002   86.99%
Tlb-Load-Misses:        41843453   13.01%
Tlb-Load-Accesses:     321555455  100.00%

Tlb-Store-Hits:         132164582  100.00%
Tlb-Store-Misses:              20    0.00%
Tlb-Store-Accesses:     132164602  100.00%

Tlb-Total-Hits:         411876584   90.78%
Tlb-Total-Misses:        41843473    9.22%
Tlb-Total-Accesses:     453720057  100.00%



--------
Two level Cache hierarchy
--------
  L1-Data Cache:
    Size(KB):          32
    Block Size(B):     64
    Associativity:      8

  L2-Data Cache:
    Size(KB):        1024
    Block Size(B):    128
    Associativity:      8

Latencies:    1   10  150
L1-Sets:   64 - LRU - assoc:   8
L2-Sets: 1024 - LRU - assoc:   8
Store_allocation: Yes
L2_inclusive: Yes
L2_prefetching: Yes (  1)

L1 Cache Stats:
L1-Load-Hits:         249198973   77.50%
L1-Load-Misses:        72356482   22.50%
L1-Load-Accesses:     321555455  100.00%

L1-Store-Hits:         132154331   99.99%
L1-Store-Misses:           10271    0.01%
L1-Store-Accesses:     132164602  100.00%

L1-Total-Hits:         381353304   84.05%
L1-Total-Misses:        72366753   15.95%
L1-Total-Accesses:     453720057  100.00%

L2 Cache Stats:
L2-Load-Hits:          40424276   55.87%
L2-Load-Misses:        31932206   44.13%
L2-Load-Accesses:      72356482  100.00%

L2-Store-Hits:              8074   78.61%
L2-Store-Misses:            2197   21.39%
L2-Store-Accesses:         10271  100.00%

L2-Total-Hits:          40432350   55.87%
L2-Total-Misses:        31934403   44.13%
L2-Total-Accesses:      72366753  100.00%

