--------
Total Statistics
--------
Total Instructions: 1682276506
Total Cycles: 9690811392
IPC: 0.173595

--------
Single level Tlb hierarchy
--------
  Data Tlb:
    Entries:          64
    Page Size(B):   4096
    Associativity:      4

Latencies:    0   50
Tlb-Sets:   16 - LRU - assoc:   4

Tlb Stats:
Tlb-Load-Hits:         280736784   87.31%
Tlb-Load-Misses:        40818685   12.69%
Tlb-Load-Accesses:     321555469  100.00%

Tlb-Store-Hits:         132164588  100.00%
Tlb-Store-Misses:              19    0.00%
Tlb-Store-Accesses:     132164607  100.00%

Tlb-Total-Hits:         412901372   91.00%
Tlb-Total-Misses:        40818704    9.00%
Tlb-Total-Accesses:     453720076  100.00%



--------
Two level Cache hierarchy
--------
  L1-Data Cache:
    Size(KB):          32
    Block Size(B):     64
    Associativity:      8

  L2-Data Cache:
    Size(KB):        1024
    Block Size(B):    128
    Associativity:      8

Latencies:    1   10  150
L1-Sets:   64 - LRU - assoc:   8
L2-Sets: 1024 - LRU - assoc:   8
Store_allocation: Yes
L2_inclusive: Yes
L2_prefetching: Yes (  2)

L1 Cache Stats:
L1-Load-Hits:         249157528   77.49%
L1-Load-Misses:        72397941   22.51%
L1-Load-Accesses:     321555469  100.00%

L1-Store-Hits:         132148257   99.99%
L1-Store-Misses:           16350    0.01%
L1-Store-Accesses:     132164607  100.00%

L1-Total-Hits:         381305785   84.04%
L1-Total-Misses:        72414291   15.96%
L1-Total-Accesses:     453720076  100.00%

L2 Cache Stats:
L2-Load-Hits:          40468251   55.90%
L2-Load-Misses:        31929690   44.10%
L2-Load-Accesses:      72397941  100.00%

L2-Store-Hits:             14462   88.45%
L2-Store-Misses:            1888   11.55%
L2-Store-Accesses:         16350  100.00%

L2-Total-Hits:          40482713   55.90%
L2-Total-Misses:        31931578   44.10%
L2-Total-Accesses:      72414291  100.00%

