--------
Total Statistics
--------
Total Instructions: 1682276506
Total Cycles: 9677839462
IPC: 0.173828

--------
Single level Tlb hierarchy
--------
  Data Tlb:
    Entries:          64
    Page Size(B):   4096
    Associativity:      4

Latencies:    0   50
Tlb-Sets:   16 - LRU - assoc:   4

Tlb Stats:
Tlb-Load-Hits:         280989138   87.38%
Tlb-Load-Misses:        40566331   12.62%
Tlb-Load-Accesses:     321555469  100.00%

Tlb-Store-Hits:         132164586  100.00%
Tlb-Store-Misses:              21    0.00%
Tlb-Store-Accesses:     132164607  100.00%

Tlb-Total-Hits:         413153724   91.06%
Tlb-Total-Misses:        40566352    8.94%
Tlb-Total-Accesses:     453720076  100.00%



--------
Two level Cache hierarchy
--------
  L1-Data Cache:
    Size(KB):          32
    Block Size(B):     64
    Associativity:      8

  L2-Data Cache:
    Size(KB):        1024
    Block Size(B):    128
    Associativity:      8

Latencies:    1   10  150
L1-Sets:   64 - LRU - assoc:   8
L2-Sets: 1024 - LRU - assoc:   8
Store_allocation: Yes
L2_inclusive: Yes
L2_prefetching: Yes ( 64)

L1 Cache Stats:
L1-Load-Hits:         249200369   77.50%
L1-Load-Misses:        72355100   22.50%
L1-Load-Accesses:     321555469  100.00%

L1-Store-Hits:         132154259   99.99%
L1-Store-Misses:           10348    0.01%
L1-Store-Accesses:     132164607  100.00%

L1-Total-Hits:         381354628   84.05%
L1-Total-Misses:        72365448   15.95%
L1-Total-Accesses:     453720076  100.00%

L2 Cache Stats:
L2-Load-Hits:          40424835   55.87%
L2-Load-Misses:        31930265   44.13%
L2-Load-Accesses:      72355100  100.00%

L2-Store-Hits:              8141   78.67%
L2-Store-Misses:            2207   21.33%
L2-Store-Accesses:         10348  100.00%

L2-Total-Hits:          40432976   55.87%
L2-Total-Misses:        31932472   44.13%
L2-Total-Accesses:      72365448  100.00%

