--------
Total Statistics
--------
Total Instructions: 1682276506
Total Cycles: 9693580822
IPC: 0.173545

--------
Single level Tlb hierarchy
--------
  Data Tlb:
    Entries:          64
    Page Size(B):   4096
    Associativity:      4

Latencies:    0   50
Tlb-Sets:   16 - LRU - assoc:   4

Tlb Stats:
Tlb-Load-Hits:         280699241   87.29%
Tlb-Load-Misses:        40856228   12.71%
Tlb-Load-Accesses:     321555469  100.00%

Tlb-Store-Hits:         132164587  100.00%
Tlb-Store-Misses:              20    0.00%
Tlb-Store-Accesses:     132164607  100.00%

Tlb-Total-Hits:         412863828   91.00%
Tlb-Total-Misses:        40856248    9.00%
Tlb-Total-Accesses:     453720076  100.00%



--------
Two level Cache hierarchy
--------
  L1-Data Cache:
    Size(KB):          32
    Block Size(B):     64
    Associativity:      8

  L2-Data Cache:
    Size(KB):        1024
    Block Size(B):    128
    Associativity:      8

Latencies:    1   10  150
L1-Sets:   64 - LRU - assoc:   8
L2-Sets: 1024 - LRU - assoc:   8
Store_allocation: Yes
L2_inclusive: Yes
L2_prefetching: Yes (  8)

L1 Cache Stats:
L1-Load-Hits:         249155044   77.48%
L1-Load-Misses:        72400425   22.52%
L1-Load-Accesses:     321555469  100.00%

L1-Store-Hits:         132143703   99.98%
L1-Store-Misses:           20904    0.02%
L1-Store-Accesses:     132164607  100.00%

L1-Total-Hits:         381298747   84.04%
L1-Total-Misses:        72421329   15.96%
L1-Total-Accesses:     453720076  100.00%

L2 Cache Stats:
L2-Load-Hits:          40468168   55.89%
L2-Load-Misses:        31932257   44.11%
L2-Load-Accesses:      72400425  100.00%

L2-Store-Hits:             16104   77.04%
L2-Store-Misses:            4800   22.96%
L2-Store-Accesses:         20904  100.00%

L2-Total-Hits:          40484272   55.90%
L2-Total-Misses:        31937057   44.10%
L2-Total-Accesses:      72421329  100.00%

