--------
Total Statistics
--------
Total Instructions: 1682276472
Total Cycles: 9754229879
IPC: 0.172466

--------
Single level Tlb hierarchy
--------
  Data Tlb:
    Entries:          64
    Page Size(B):   4096
    Associativity:      4

Latencies:    0   50
Tlb-Sets:   16 - LRU - assoc:   4

Tlb Stats:
Tlb-Load-Hits:         279837076   87.03%
Tlb-Load-Misses:        41718379   12.97%
Tlb-Load-Accesses:     321555455  100.00%

Tlb-Store-Hits:         131814574   99.74%
Tlb-Store-Misses:          350028    0.26%
Tlb-Store-Accesses:     132164602  100.00%

Tlb-Total-Hits:         411651650   90.73%
Tlb-Total-Misses:        42068407    9.27%
Tlb-Total-Accesses:     453720057  100.00%



--------
Two level Cache hierarchy
--------
  L1-Data Cache:
    Size(KB):          32
    Block Size(B):     64
    Associativity:      8

  L2-Data Cache:
    Size(KB):        1024
    Block Size(B):    128
    Associativity:      8

Latencies:    1   10  150
L1-Sets:   64 - LRU - assoc:   8
L2-Sets: 1024 - LRU - assoc:   8
Store_allocation: Yes
L2_inclusive: Yes
L2_prefetching: Yes ( 32)

L1 Cache Stats:
L1-Load-Hits:         249154248   77.48%
L1-Load-Misses:        72401207   22.52%
L1-Load-Accesses:     321555455  100.00%

L1-Store-Hits:         132154044   99.99%
L1-Store-Misses:           10558    0.01%
L1-Store-Accesses:     132164602  100.00%

L1-Total-Hits:         381308292   84.04%
L1-Total-Misses:        72411765   15.96%
L1-Total-Accesses:     453720057  100.00%

L2 Cache Stats:
L2-Load-Hits:          40465551   55.89%
L2-Load-Misses:        31935656   44.11%
L2-Load-Accesses:      72401207  100.00%

L2-Store-Hits:              8245   78.09%
L2-Store-Misses:            2313   21.91%
L2-Store-Accesses:         10558  100.00%

L2-Total-Hits:          40473796   55.89%
L2-Total-Misses:        31937969   44.11%
L2-Total-Accesses:      72411765  100.00%

