--------
Total Statistics
--------
Total Instructions: 20881570216
Total Cycles: 44748544343
IPC: 0.466642

--------
Single level Tlb hierarchy
--------
  Data Tlb:
    Entries:          64
    Page Size(B):   4096
    Associativity:      4

Latencies:    0   50
Tlb-Sets:   16 - LRU - assoc:   4

Tlb Stats:
Tlb-Load-Hits:        6321280401   99.49%
Tlb-Load-Misses:        32415454    0.51%
Tlb-Load-Accesses:    6353695855  100.00%

Tlb-Store-Hits:        2638313760   99.80%
Tlb-Store-Misses:         5227032    0.20%
Tlb-Store-Accesses:    2643540792  100.00%

Tlb-Total-Hits:        8959594161   99.58%
Tlb-Total-Misses:        37642486    0.42%
Tlb-Total-Accesses:    8997236647  100.00%



--------
Two level Cache hierarchy
--------
  L1-Data Cache:
    Size(KB):          32
    Block Size(B):     64
    Associativity:      8

  L2-Data Cache:
    Size(KB):        1024
    Block Size(B):    128
    Associativity:      8

Latencies:    1   10  150
L1-Sets:   64 - LRU - assoc:   8
L2-Sets: 1024 - LRU - assoc:   8
Store_allocation: Yes
L2_inclusive: Yes
L2_prefetching: Yes (  8)

L1 Cache Stats:
L1-Load-Hits:        6132076467   96.51%
L1-Load-Misses:       221619388    3.49%
L1-Load-Accesses:    6353695855  100.00%

L1-Store-Hits:        2624368107   99.27%
L1-Store-Misses:        19172685    0.73%
L1-Store-Accesses:    2643540792  100.00%

L1-Total-Hits:        8756444574   97.32%
L1-Total-Misses:       240792073    2.68%
L1-Total-Accesses:    8997236647  100.00%

L2 Cache Stats:
L2-Load-Hits:         156649937   70.68%
L2-Load-Misses:        64969451   29.32%
L2-Load-Accesses:     221619388  100.00%

L2-Store-Hits:          13610853   70.99%
L2-Store-Misses:         5561832   29.01%
L2-Store-Accesses:      19172685  100.00%

L2-Total-Hits:         170260790   70.71%
L2-Total-Misses:        70531283   29.29%
L2-Total-Accesses:     240792073  100.00%

