--------
Total Statistics
--------
Total Instructions: 20881570266
Total Cycles: 44645023510
IPC: 0.467724

--------
Single level Tlb hierarchy
--------
  Data Tlb:
    Entries:          64
    Page Size(B):   4096
    Associativity:      4

Latencies:    0   50
Tlb-Sets:   16 - LRU - assoc:   4

Tlb Stats:
Tlb-Load-Hits:        6323864920   99.53%
Tlb-Load-Misses:        29830939    0.47%
Tlb-Load-Accesses:    6353695859  100.00%

Tlb-Store-Hits:        2637823327   99.78%
Tlb-Store-Misses:         5717468    0.22%
Tlb-Store-Accesses:    2643540795  100.00%

Tlb-Total-Hits:        8961688247   99.60%
Tlb-Total-Misses:        35548407    0.40%
Tlb-Total-Accesses:    8997236654  100.00%



--------
Two level Cache hierarchy
--------
  L1-Data Cache:
    Size(KB):          32
    Block Size(B):     64
    Associativity:      8

  L2-Data Cache:
    Size(KB):        1024
    Block Size(B):    128
    Associativity:      8

Latencies:    1   10  150
L1-Sets:   64 - LRU - assoc:   8
L2-Sets: 1024 - LRU - assoc:   8
Store_allocation: Yes
L2_inclusive: Yes
L2_prefetching: Yes ( 32)

L1 Cache Stats:
L1-Load-Hits:        6132010229   96.51%
L1-Load-Misses:       221685630    3.49%
L1-Load-Accesses:    6353695859  100.00%

L1-Store-Hits:        2624310691   99.27%
L1-Store-Misses:        19230104    0.73%
L1-Store-Accesses:    2643540795  100.00%

L1-Total-Hits:        8756320920   97.32%
L1-Total-Misses:       240915734    2.68%
L1-Total-Accesses:    8997236654  100.00%

L2 Cache Stats:
L2-Load-Hits:         156715602   70.69%
L2-Load-Misses:        64970028   29.31%
L2-Load-Accesses:     221685630  100.00%

L2-Store-Hits:          13669206   71.08%
L2-Store-Misses:         5560898   28.92%
L2-Store-Accesses:      19230104  100.00%

L2-Total-Hits:         170384808   70.72%
L2-Total-Misses:        70530926   29.28%
L2-Total-Accesses:     240915734  100.00%

