--------
Total Statistics
--------
Total Instructions: 20881570190
Total Cycles: 44997540417
IPC: 0.46406

--------
Single level Tlb hierarchy
--------
  Data Tlb:
    Entries:          64
    Page Size(B):   4096
    Associativity:      4

Latencies:    0   50
Tlb-Sets:   16 - LRU - assoc:   4

Tlb Stats:
Tlb-Load-Hits:        6317405675   99.43%
Tlb-Load-Misses:        36290178    0.57%
Tlb-Load-Accesses:    6353695853  100.00%

Tlb-Store-Hits:        2637211363   99.76%
Tlb-Store-Misses:         6329431    0.24%
Tlb-Store-Accesses:    2643540794  100.00%

Tlb-Total-Hits:        8954617038   99.53%
Tlb-Total-Misses:        42619609    0.47%
Tlb-Total-Accesses:    8997236647  100.00%



--------
Two level Cache hierarchy
--------
  L1-Data Cache:
    Size(KB):          32
    Block Size(B):     64
    Associativity:      8

  L2-Data Cache:
    Size(KB):        1024
    Block Size(B):    128
    Associativity:      8

Latencies:    1   10  150
L1-Sets:   64 - LRU - assoc:   8
L2-Sets: 1024 - LRU - assoc:   8
Store_allocation: Yes
L2_inclusive: Yes
L2_prefetching: Yes (  4)

L1 Cache Stats:
L1-Load-Hits:        6132009103   96.51%
L1-Load-Misses:       221686750    3.49%
L1-Load-Accesses:    6353695853  100.00%

L1-Store-Hits:        2624358851   99.27%
L1-Store-Misses:        19181943    0.73%
L1-Store-Accesses:    2643540794  100.00%

L1-Total-Hits:        8756367954   97.32%
L1-Total-Misses:       240868693    2.68%
L1-Total-Accesses:    8997236647  100.00%

L2 Cache Stats:
L2-Load-Hits:         156721078   70.69%
L2-Load-Misses:        64965672   29.31%
L2-Load-Accesses:     221686750  100.00%

L2-Store-Hits:          13620507   71.01%
L2-Store-Misses:         5561436   28.99%
L2-Store-Accesses:      19181943  100.00%

L2-Total-Hits:         170341585   70.72%
L2-Total-Misses:        70527108   29.28%
L2-Total-Accesses:     240868693  100.00%

