--------
Total Statistics
--------
Total Instructions: 20881570267
Total Cycles: 45146207926
IPC: 0.462532

--------
Single level Tlb hierarchy
--------
  Data Tlb:
    Entries:          64
    Page Size(B):   4096
    Associativity:      4

Latencies:    0   50
Tlb-Sets:   16 - LRU - assoc:   4

Tlb Stats:
Tlb-Load-Hits:        6314789861   99.39%
Tlb-Load-Misses:        38906014    0.61%
Tlb-Load-Accesses:    6353695875  100.00%

Tlb-Store-Hits:        2636867852   99.75%
Tlb-Store-Misses:         6672942    0.25%
Tlb-Store-Accesses:    2643540794  100.00%

Tlb-Total-Hits:        8951657713   99.49%
Tlb-Total-Misses:        45578956    0.51%
Tlb-Total-Accesses:    8997236669  100.00%



--------
Two level Cache hierarchy
--------
  L1-Data Cache:
    Size(KB):          32
    Block Size(B):     64
    Associativity:      8

  L2-Data Cache:
    Size(KB):        1024
    Block Size(B):    128
    Associativity:      8

Latencies:    1   10  150
L1-Sets:   64 - LRU - assoc:   8
L2-Sets: 1024 - LRU - assoc:   8
Store_allocation: Yes
L2_inclusive: Yes
L2_prefetching: Yes ( 64)

L1 Cache Stats:
L1-Load-Hits:        6132011152   96.51%
L1-Load-Misses:       221684723    3.49%
L1-Load-Accesses:    6353695875  100.00%

L1-Store-Hits:        2624316008   99.27%
L1-Store-Misses:        19224786    0.73%
L1-Store-Accesses:    2643540794  100.00%

L1-Total-Hits:        8756327160   97.32%
L1-Total-Misses:       240909509    2.68%
L1-Total-Accesses:    8997236669  100.00%

L2 Cache Stats:
L2-Load-Hits:         156717291   70.69%
L2-Load-Misses:        64967432   29.31%
L2-Load-Accesses:     221684723  100.00%

L2-Store-Hits:          13663164   71.07%
L2-Store-Misses:         5561622   28.93%
L2-Store-Accesses:      19224786  100.00%

L2-Total-Hits:         170380455   70.72%
L2-Total-Misses:        70529054   29.28%
L2-Total-Accesses:     240909509  100.00%

