--------
Total Statistics
--------
Total Instructions: 20881570040
Total Cycles: 44625899098
IPC: 0.467925

--------
Single level Tlb hierarchy
--------
  Data Tlb:
    Entries:          64
    Page Size(B):   4096
    Associativity:      4

Latencies:    0   50
Tlb-Sets:   16 - LRU - assoc:   4

Tlb Stats:
Tlb-Load-Hits:        6323442399   99.52%
Tlb-Load-Misses:        30253411    0.48%
Tlb-Load-Accesses:    6353695810  100.00%

Tlb-Store-Hits:        2638578600   99.81%
Tlb-Store-Misses:         4962168    0.19%
Tlb-Store-Accesses:    2643540768  100.00%

Tlb-Total-Hits:        8962020999   99.61%
Tlb-Total-Misses:        35215579    0.39%
Tlb-Total-Accesses:    8997236578  100.00%



--------
Two level Cache hierarchy
--------
  L1-Data Cache:
    Size(KB):          32
    Block Size(B):     64
    Associativity:      8

  L2-Data Cache:
    Size(KB):        1024
    Block Size(B):    128
    Associativity:      8

Latencies:    1   10  150
L1-Sets:   64 - LRU - assoc:   8
L2-Sets: 1024 - LRU - assoc:   8
Store_allocation: Yes
L2_inclusive: Yes
L2_prefetching: Yes ( 16)

L1 Cache Stats:
L1-Load-Hits:        6132081555   96.51%
L1-Load-Misses:       221614255    3.49%
L1-Load-Accesses:    6353695810  100.00%

L1-Store-Hits:        2624410430   99.28%
L1-Store-Misses:        19130338    0.72%
L1-Store-Accesses:    2643540768  100.00%

L1-Total-Hits:        8756491985   97.32%
L1-Total-Misses:       240744593    2.68%
L1-Total-Accesses:    8997236578  100.00%

L2 Cache Stats:
L2-Load-Hits:         156650493   70.69%
L2-Load-Misses:        64963762   29.31%
L2-Load-Accesses:     221614255  100.00%

L2-Store-Hits:          13568316   70.93%
L2-Store-Misses:         5562022   29.07%
L2-Store-Accesses:      19130338  100.00%

L2-Total-Hits:         170218809   70.71%
L2-Total-Misses:        70525784   29.29%
L2-Total-Accesses:     240744593  100.00%

