--------
Total Statistics
--------
Total Instructions: 20881570173
Total Cycles: 44653371651
IPC: 0.467637

--------
Single level Tlb hierarchy
--------
  Data Tlb:
    Entries:          64
    Page Size(B):   4096
    Associativity:      4

Latencies:    0   50
Tlb-Sets:   16 - LRU - assoc:   4

Tlb Stats:
Tlb-Load-Hits:        6323338872   99.52%
Tlb-Load-Misses:        30356975    0.48%
Tlb-Load-Accesses:    6353695847  100.00%

Tlb-Store-Hits:        2638185151   99.80%
Tlb-Store-Misses:         5355640    0.20%
Tlb-Store-Accesses:    2643540791  100.00%

Tlb-Total-Hits:        8961524023   99.60%
Tlb-Total-Misses:        35712615    0.40%
Tlb-Total-Accesses:    8997236638  100.00%



--------
Two level Cache hierarchy
--------
  L1-Data Cache:
    Size(KB):          32
    Block Size(B):     64
    Associativity:      8

  L2-Data Cache:
    Size(KB):        1024
    Block Size(B):    128
    Associativity:      8

Latencies:    1   10  150
L1-Sets:   64 - LRU - assoc:   8
L2-Sets: 1024 - LRU - assoc:   8
Store_allocation: Yes
L2_inclusive: Yes
L2_prefetching: Yes (  2)

L1 Cache Stats:
L1-Load-Hits:        6131994263   96.51%
L1-Load-Misses:       221701584    3.49%
L1-Load-Accesses:    6353695847  100.00%

L1-Store-Hits:        2624319066   99.27%
L1-Store-Misses:        19221725    0.73%
L1-Store-Accesses:    2643540791  100.00%

L1-Total-Hits:        8756313329   97.32%
L1-Total-Misses:       240923309    2.68%
L1-Total-Accesses:    8997236638  100.00%

L2 Cache Stats:
L2-Load-Hits:         156731382   70.69%
L2-Load-Misses:        64970202   29.31%
L2-Load-Accesses:     221701584  100.00%

L2-Store-Hits:          13660587   71.07%
L2-Store-Misses:         5561138   28.93%
L2-Store-Accesses:      19221725  100.00%

L2-Total-Hits:         170391969   70.72%
L2-Total-Misses:        70531340   29.28%
L2-Total-Accesses:     240923309  100.00%

