--------
Total Statistics
--------
Total Instructions: 20881570326
Total Cycles: 44778769929
IPC: 0.466327

--------
Single level Tlb hierarchy
--------
  Data Tlb:
    Entries:          64
    Page Size(B):   4096
    Associativity:      4

Latencies:    0   50
Tlb-Sets:   16 - LRU - assoc:   4

Tlb Stats:
Tlb-Load-Hits:        6321556245   99.49%
Tlb-Load-Misses:        32139627    0.51%
Tlb-Load-Accesses:    6353695872  100.00%

Tlb-Store-Hits:        2637446206   99.77%
Tlb-Store-Misses:         6094605    0.23%
Tlb-Store-Accesses:    2643540811  100.00%

Tlb-Total-Hits:        8959002451   99.58%
Tlb-Total-Misses:        38234232    0.42%
Tlb-Total-Accesses:    8997236683  100.00%



--------
Two level Cache hierarchy
--------
  L1-Data Cache:
    Size(KB):          32
    Block Size(B):     64
    Associativity:      8

  L2-Data Cache:
    Size(KB):        1024
    Block Size(B):    128
    Associativity:      8

Latencies:    1   10  150
L1-Sets:   64 - LRU - assoc:   8
L2-Sets: 1024 - LRU - assoc:   8
Store_allocation: Yes
L2_inclusive: Yes
L2_prefetching: Yes (  1)

L1 Cache Stats:
L1-Load-Hits:        6132069426   96.51%
L1-Load-Misses:       221626446    3.49%
L1-Load-Accesses:    6353695872  100.00%

L1-Store-Hits:        2624308955   99.27%
L1-Store-Misses:        19231856    0.73%
L1-Store-Accesses:    2643540811  100.00%

L1-Total-Hits:        8756378381   97.32%
L1-Total-Misses:       240858302    2.68%
L1-Total-Accesses:    8997236683  100.00%

L2 Cache Stats:
L2-Load-Hits:         156656971   70.69%
L2-Load-Misses:        64969475   29.31%
L2-Load-Accesses:     221626446  100.00%

L2-Store-Hits:          13670209   71.08%
L2-Store-Misses:         5561647   28.92%
L2-Store-Accesses:      19231856  100.00%

L2-Total-Hits:         170327180   70.72%
L2-Total-Misses:        70531122   29.28%
L2-Total-Accesses:     240858302  100.00%

