--------
Total Statistics
--------
Total Instructions: 29792924063
Total Cycles: 56044280924
IPC: 0.531596

--------
Single level Tlb hierarchy
--------
  Data Tlb:
    Entries:          64
    Page Size(B):   4096
    Associativity:      4

Latencies:    0   50
Tlb-Sets:   16 - LRU - assoc:   4

Tlb Stats:
Tlb-Load-Hits:        7123213827   99.50%
Tlb-Load-Misses:        35995970    0.50%
Tlb-Load-Accesses:    7159209797  100.00%

Tlb-Store-Hits:        6860758639   99.96%
Tlb-Store-Misses:         2954665    0.04%
Tlb-Store-Accesses:    6863713304  100.00%

Tlb-Total-Hits:       13983972466   99.72%
Tlb-Total-Misses:        38950635    0.28%
Tlb-Total-Accesses:   14022923101  100.00%



--------
Two level Cache hierarchy
--------
  L1-Data Cache:
    Size(KB):          32
    Block Size(B):     64
    Associativity:      8

  L2-Data Cache:
    Size(KB):        1024
    Block Size(B):    128
    Associativity:      8

Latencies:    1   10  150
L1-Sets:   64 - LRU - assoc:   8
L2-Sets: 1024 - LRU - assoc:   8
Store_allocation: Yes
L2_inclusive: Yes
L2_prefetching: Yes (  8)

L1 Cache Stats:
L1-Load-Hits:        6987608187   97.60%
L1-Load-Misses:       171601610    2.40%
L1-Load-Accesses:    7159209797  100.00%

L1-Store-Hits:        6759476648   98.48%
L1-Store-Misses:       104236656    1.52%
L1-Store-Accesses:    6863713304  100.00%

L1-Total-Hits:       13747084835   98.03%
L1-Total-Misses:       275838266    1.97%
L1-Total-Accesses:   14022923101  100.00%

L2 Cache Stats:
L2-Load-Hits:         125543915   73.16%
L2-Load-Misses:        46057695   26.84%
L2-Load-Accesses:     171601610  100.00%

L2-Store-Hits:         100144222   96.07%
L2-Store-Misses:         4092434    3.93%
L2-Store-Accesses:     104236656  100.00%

L2-Total-Hits:         225688137   81.82%
L2-Total-Misses:        50150129   18.18%
L2-Total-Accesses:     275838266  100.00%

