--------
Total Statistics
--------
Total Instructions: 29792925379
Total Cycles: 55877222152
IPC: 0.533186

--------
Single level Tlb hierarchy
--------
  Data Tlb:
    Entries:          64
    Page Size(B):   4096
    Associativity:      4

Latencies:    0   50
Tlb-Sets:   16 - LRU - assoc:   4

Tlb Stats:
Tlb-Load-Hits:        7126804582   99.55%
Tlb-Load-Misses:        32405215    0.45%
Tlb-Load-Accesses:    7159209797  100.00%

Tlb-Store-Hits:        6861012536   99.96%
Tlb-Store-Misses:         2701520    0.04%
Tlb-Store-Accesses:    6863714056  100.00%

Tlb-Total-Hits:       13987817118   99.75%
Tlb-Total-Misses:        35106735    0.25%
Tlb-Total-Accesses:   14022923853  100.00%



--------
Two level Cache hierarchy
--------
  L1-Data Cache:
    Size(KB):          32
    Block Size(B):     64
    Associativity:      8

  L2-Data Cache:
    Size(KB):        1024
    Block Size(B):    128
    Associativity:      8

Latencies:    1   10  150
L1-Sets:   64 - LRU - assoc:   8
L2-Sets: 1024 - LRU - assoc:   8
Store_allocation: Yes
L2_inclusive: Yes
L2_prefetching: Yes ( 64)

L1 Cache Stats:
L1-Load-Hits:        6985746479   97.58%
L1-Load-Misses:       173463318    2.42%
L1-Load-Accesses:    7159209797  100.00%

L1-Store-Hits:        6759176062   98.48%
L1-Store-Misses:       104537994    1.52%
L1-Store-Accesses:    6863714056  100.00%

L1-Total-Hits:       13744922541   98.02%
L1-Total-Misses:       278001312    1.98%
L1-Total-Accesses:   14022923853  100.00%

L2 Cache Stats:
L2-Load-Hits:         127381373   73.43%
L2-Load-Misses:        46081945   26.57%
L2-Load-Accesses:     173463318  100.00%

L2-Store-Hits:         100446452   96.09%
L2-Store-Misses:         4091542    3.91%
L2-Store-Accesses:     104537994  100.00%

L2-Total-Hits:         227827825   81.95%
L2-Total-Misses:        50173487   18.05%
L2-Total-Accesses:     278001312  100.00%

