--------
Total Statistics
--------
Total Instructions: 29792925379
Total Cycles: 55934633882
IPC: 0.532638

--------
Single level Tlb hierarchy
--------
  Data Tlb:
    Entries:          64
    Page Size(B):   4096
    Associativity:      4

Latencies:    0   50
Tlb-Sets:   16 - LRU - assoc:   4

Tlb Stats:
Tlb-Load-Hits:        7126980446   99.55%
Tlb-Load-Misses:        32229351    0.45%
Tlb-Load-Accesses:    7159209797  100.00%

Tlb-Store-Hits:        6861199536   99.96%
Tlb-Store-Misses:         2514520    0.04%
Tlb-Store-Accesses:    6863714056  100.00%

Tlb-Total-Hits:       13988179982   99.75%
Tlb-Total-Misses:        34743871    0.25%
Tlb-Total-Accesses:   14022923853  100.00%



--------
Two level Cache hierarchy
--------
  L1-Data Cache:
    Size(KB):          32
    Block Size(B):     64
    Associativity:      8

  L2-Data Cache:
    Size(KB):        1024
    Block Size(B):    128
    Associativity:      8

Latencies:    1   10  150
L1-Sets:   64 - LRU - assoc:   8
L2-Sets: 1024 - LRU - assoc:   8
Store_allocation: Yes
L2_inclusive: Yes
L2_prefetching: Yes ( 16)

L1 Cache Stats:
L1-Load-Hits:        6977876087   97.47%
L1-Load-Misses:       181333710    2.53%
L1-Load-Accesses:    7159209797  100.00%

L1-Store-Hits:        6759080276   98.48%
L1-Store-Misses:       104633780    1.52%
L1-Store-Accesses:    6863714056  100.00%

L1-Total-Hits:       13736956363   97.96%
L1-Total-Misses:       285967490    2.04%
L1-Total-Accesses:   14022923853  100.00%

L2 Cache Stats:
L2-Load-Hits:         135278067   74.60%
L2-Load-Misses:        46055643   25.40%
L2-Load-Accesses:     181333710  100.00%

L2-Store-Hits:         100543315   96.09%
L2-Store-Misses:         4090465    3.91%
L2-Store-Accesses:     104633780  100.00%

L2-Total-Hits:         235821382   82.46%
L2-Total-Misses:        50146108   17.54%
L2-Total-Accesses:     285967490  100.00%

