--------
Total Statistics
--------
Total Instructions: 29792924336
Total Cycles: 56010285393
IPC: 0.531919

--------
Single level Tlb hierarchy
--------
  Data Tlb:
    Entries:          64
    Page Size(B):   4096
    Associativity:      4

Latencies:    0   50
Tlb-Sets:   16 - LRU - assoc:   4

Tlb Stats:
Tlb-Load-Hits:        7124648111   99.52%
Tlb-Load-Misses:        34561686    0.48%
Tlb-Load-Accesses:    7159209797  100.00%

Tlb-Store-Hits:        6859840351   99.94%
Tlb-Store-Misses:         3873109    0.06%
Tlb-Store-Accesses:    6863713460  100.00%

Tlb-Total-Hits:       13984488462   99.73%
Tlb-Total-Misses:        38434795    0.27%
Tlb-Total-Accesses:   14022923257  100.00%



--------
Two level Cache hierarchy
--------
  L1-Data Cache:
    Size(KB):          32
    Block Size(B):     64
    Associativity:      8

  L2-Data Cache:
    Size(KB):        1024
    Block Size(B):    128
    Associativity:      8

Latencies:    1   10  150
L1-Sets:   64 - LRU - assoc:   8
L2-Sets: 1024 - LRU - assoc:   8
Store_allocation: Yes
L2_inclusive: Yes
L2_prefetching: Yes ( 32)

L1 Cache Stats:
L1-Load-Hits:        6988844472   97.62%
L1-Load-Misses:       170365325    2.38%
L1-Load-Accesses:    7159209797  100.00%

L1-Store-Hits:        6759341580   98.48%
L1-Store-Misses:       104371880    1.52%
L1-Store-Accesses:    6863713460  100.00%

L1-Total-Hits:       13748186052   98.04%
L1-Total-Misses:       274737205    1.96%
L1-Total-Accesses:   14022923257  100.00%

L2 Cache Stats:
L2-Load-Hits:         124286196   72.95%
L2-Load-Misses:        46079129   27.05%
L2-Load-Accesses:     170365325  100.00%

L2-Store-Hits:         100282169   96.08%
L2-Store-Misses:         4089711    3.92%
L2-Store-Accesses:     104371880  100.00%

L2-Total-Hits:         224568365   81.74%
L2-Total-Misses:        50168840   18.26%
L2-Total-Accesses:     274737205  100.00%

