--------
Total Statistics
--------
Total Instructions: 29792925379
Total Cycles: 56030449112
IPC: 0.531727

--------
Single level Tlb hierarchy
--------
  Data Tlb:
    Entries:          64
    Page Size(B):   4096
    Associativity:      4

Latencies:    0   50
Tlb-Sets:   16 - LRU - assoc:   4

Tlb Stats:
Tlb-Load-Hits:        7123758453   99.50%
Tlb-Load-Misses:        35451344    0.50%
Tlb-Load-Accesses:    7159209797  100.00%

Tlb-Store-Hits:        6860011042   99.95%
Tlb-Store-Misses:         3703014    0.05%
Tlb-Store-Accesses:    6863714056  100.00%

Tlb-Total-Hits:       13983769495   99.72%
Tlb-Total-Misses:        39154358    0.28%
Tlb-Total-Accesses:   14022923853  100.00%



--------
Two level Cache hierarchy
--------
  L1-Data Cache:
    Size(KB):          32
    Block Size(B):     64
    Associativity:      8

  L2-Data Cache:
    Size(KB):        1024
    Block Size(B):    128
    Associativity:      8

Latencies:    1   10  150
L1-Sets:   64 - LRU - assoc:   8
L2-Sets: 1024 - LRU - assoc:   8
Store_allocation: Yes
L2_inclusive: Yes
L2_prefetching: Yes (  2)

L1 Cache Stats:
L1-Load-Hits:        6990300036   97.64%
L1-Load-Misses:       168909761    2.36%
L1-Load-Accesses:    7159209797  100.00%

L1-Store-Hits:        6759163179   98.48%
L1-Store-Misses:       104550877    1.52%
L1-Store-Accesses:    6863714056  100.00%

L1-Total-Hits:       13749463215   98.05%
L1-Total-Misses:       273460638    1.95%
L1-Total-Accesses:   14022923853  100.00%

L2 Cache Stats:
L2-Load-Hits:         122851879   72.73%
L2-Load-Misses:        46057882   27.27%
L2-Load-Accesses:     168909761  100.00%

L2-Store-Hits:         100460255   96.09%
L2-Store-Misses:         4090622    3.91%
L2-Store-Accesses:     104550877  100.00%

L2-Total-Hits:         223312134   81.66%
L2-Total-Misses:        50148504   18.34%
L2-Total-Accesses:     273460638  100.00%

