--------
Total Statistics
--------
Total Instructions: 29792923566
Total Cycles: 55902692423
IPC: 0.532943

--------
Single level Tlb hierarchy
--------
  Data Tlb:
    Entries:          64
    Page Size(B):   4096
    Associativity:      4

Latencies:    0   50
Tlb-Sets:   16 - LRU - assoc:   4

Tlb Stats:
Tlb-Load-Hits:        7125114216   99.52%
Tlb-Load-Misses:        34095581    0.48%
Tlb-Load-Accesses:    7159209797  100.00%

Tlb-Store-Hits:        6861233665   99.96%
Tlb-Store-Misses:         2479355    0.04%
Tlb-Store-Accesses:    6863713020  100.00%

Tlb-Total-Hits:       13986347881   99.74%
Tlb-Total-Misses:        36574936    0.26%
Tlb-Total-Accesses:   14022922817  100.00%



--------
Two level Cache hierarchy
--------
  L1-Data Cache:
    Size(KB):          32
    Block Size(B):     64
    Associativity:      8

  L2-Data Cache:
    Size(KB):        1024
    Block Size(B):    128
    Associativity:      8

Latencies:    1   10  150
L1-Sets:   64 - LRU - assoc:   8
L2-Sets: 1024 - LRU - assoc:   8
Store_allocation: Yes
L2_inclusive: Yes
L2_prefetching: Yes (  4)

L1 Cache Stats:
L1-Load-Hits:        6990069080   97.64%
L1-Load-Misses:       169140717    2.36%
L1-Load-Accesses:    7159209797  100.00%

L1-Store-Hits:        6759524708   98.48%
L1-Store-Misses:       104188312    1.52%
L1-Store-Accesses:    6863713020  100.00%

L1-Total-Hits:       13749593788   98.05%
L1-Total-Misses:       273329029    1.95%
L1-Total-Accesses:   14022922817  100.00%

L2 Cache Stats:
L2-Load-Hits:         123066904   72.76%
L2-Load-Misses:        46073813   27.24%
L2-Load-Accesses:     169140717  100.00%

L2-Store-Hits:         100096732   96.07%
L2-Store-Misses:         4091580    3.93%
L2-Store-Accesses:     104188312  100.00%

L2-Total-Hits:         223163636   81.65%
L2-Total-Misses:        50165393   18.35%
L2-Total-Accesses:     273329029  100.00%

