--------
Total Statistics
--------
Total Instructions: 7968636888
Total Cycles: 11647351814
IPC: 0.684159

--------
Single level Tlb hierarchy
--------
  Data Tlb:
    Entries:          64
    Page Size(B):   4096
    Associativity:      4

Latencies:    0   50
Tlb-Sets:   16 - LRU - assoc:   4

Tlb Stats:
Tlb-Load-Hits:        1867735887   99.97%
Tlb-Load-Misses:          570404    0.03%
Tlb-Load-Accesses:    1868306291  100.00%

Tlb-Store-Hits:         190047474   99.85%
Tlb-Store-Misses:          279861    0.15%
Tlb-Store-Accesses:     190327335  100.00%

Tlb-Total-Hits:        2057783361   99.96%
Tlb-Total-Misses:          850265    0.04%
Tlb-Total-Accesses:    2058633626  100.00%



--------
Two level Cache hierarchy
--------
  L1-Data Cache:
    Size(KB):          32
    Block Size(B):     64
    Associativity:      8

  L2-Data Cache:
    Size(KB):        1024
    Block Size(B):    128
    Associativity:      8

Latencies:    1   10  150
L1-Sets:   64 - LRU - assoc:   8
L2-Sets: 1024 - LRU - assoc:   8
Store_allocation: Yes
L2_inclusive: Yes
L2_prefetching: Yes ( 64)

L1 Cache Stats:
L1-Load-Hits:        1846301249   98.82%
L1-Load-Misses:        22005042    1.18%
L1-Load-Accesses:    1868306291  100.00%

L1-Store-Hits:         184830727   97.11%
L1-Store-Misses:         5496608    2.89%
L1-Store-Accesses:     190327335  100.00%

L1-Total-Hits:        2031131976   98.66%
L1-Total-Misses:        27501650    1.34%
L1-Total-Accesses:    2058633626  100.00%

L2 Cache Stats:
L2-Load-Hits:          16040402   72.89%
L2-Load-Misses:         5964640   27.11%
L2-Load-Accesses:      22005042  100.00%

L2-Store-Hits:           2777571   50.53%
L2-Store-Misses:         2719037   49.47%
L2-Store-Accesses:       5496608  100.00%

L2-Total-Hits:          18817973   68.42%
L2-Total-Misses:         8683677   31.58%
L2-Total-Accesses:      27501650  100.00%

