--------
Total Statistics
--------
Total Instructions: 7968636854
Total Cycles: 11646981021
IPC: 0.68418

--------
Single level Tlb hierarchy
--------
  Data Tlb:
    Entries:          64
    Page Size(B):   4096
    Associativity:      4

Latencies:    0   50
Tlb-Sets:   16 - LRU - assoc:   4

Tlb Stats:
Tlb-Load-Hits:        1867741002   99.97%
Tlb-Load-Misses:          565275    0.03%
Tlb-Load-Accesses:    1868306277  100.00%

Tlb-Store-Hits:         190047484   99.85%
Tlb-Store-Misses:          279846    0.15%
Tlb-Store-Accesses:     190327330  100.00%

Tlb-Total-Hits:        2057788486   99.96%
Tlb-Total-Misses:          845121    0.04%
Tlb-Total-Accesses:    2058633607  100.00%



--------
Two level Cache hierarchy
--------
  L1-Data Cache:
    Size(KB):          32
    Block Size(B):     64
    Associativity:      8

  L2-Data Cache:
    Size(KB):        1024
    Block Size(B):    128
    Associativity:      8

Latencies:    1   10  150
L1-Sets:   64 - LRU - assoc:   8
L2-Sets: 1024 - LRU - assoc:   8
Store_allocation: Yes
L2_inclusive: Yes
L2_prefetching: Yes ( 32)

L1 Cache Stats:
L1-Load-Hits:        1846311374   98.82%
L1-Load-Misses:        21994903    1.18%
L1-Load-Accesses:    1868306277  100.00%

L1-Store-Hits:         184831997   97.11%
L1-Store-Misses:         5495333    2.89%
L1-Store-Accesses:     190327330  100.00%

L1-Total-Hits:        2031143371   98.66%
L1-Total-Misses:        27490236    1.34%
L1-Total-Accesses:    2058633607  100.00%

L2 Cache Stats:
L2-Load-Hits:          16030199   72.88%
L2-Load-Misses:         5964704   27.12%
L2-Load-Accesses:      21994903  100.00%

L2-Store-Hits:           2776356   50.52%
L2-Store-Misses:         2718977   49.48%
L2-Store-Accesses:       5495333  100.00%

L2-Total-Hits:          18806555   68.41%
L2-Total-Misses:         8683681   31.59%
L2-Total-Accesses:      27490236  100.00%

