--------
Total Statistics
--------
Total Instructions: 7968636888
Total Cycles: 11647261034
IPC: 0.684164

--------
Single level Tlb hierarchy
--------
  Data Tlb:
    Entries:          64
    Page Size(B):   4096
    Associativity:      4

Latencies:    0   50
Tlb-Sets:   16 - LRU - assoc:   4

Tlb Stats:
Tlb-Load-Hits:        1867735880   99.97%
Tlb-Load-Misses:          570411    0.03%
Tlb-Load-Accesses:    1868306291  100.00%

Tlb-Store-Hits:         190047479   99.85%
Tlb-Store-Misses:          279856    0.15%
Tlb-Store-Accesses:     190327335  100.00%

Tlb-Total-Hits:        2057783359   99.96%
Tlb-Total-Misses:          850267    0.04%
Tlb-Total-Accesses:    2058633626  100.00%



--------
Two level Cache hierarchy
--------
  L1-Data Cache:
    Size(KB):          32
    Block Size(B):     64
    Associativity:      8

  L2-Data Cache:
    Size(KB):        1024
    Block Size(B):    128
    Associativity:      8

Latencies:    1   10  150
L1-Sets:   64 - LRU - assoc:   8
L2-Sets: 1024 - LRU - assoc:   8
Store_allocation: Yes
L2_inclusive: Yes
L2_prefetching: Yes (  8)

L1 Cache Stats:
L1-Load-Hits:        1846309381   98.82%
L1-Load-Misses:        21996910    1.18%
L1-Load-Accesses:    1868306291  100.00%

L1-Store-Hits:         184831923   97.11%
L1-Store-Misses:         5495412    2.89%
L1-Store-Accesses:     190327335  100.00%

L1-Total-Hits:        2031141304   98.66%
L1-Total-Misses:        27492322    1.34%
L1-Total-Accesses:    2058633626  100.00%

L2 Cache Stats:
L2-Load-Hits:          16032230   72.88%
L2-Load-Misses:         5964680   27.12%
L2-Load-Accesses:      21996910  100.00%

L2-Store-Hits:           2776399   50.52%
L2-Store-Misses:         2719013   49.48%
L2-Store-Accesses:       5495412  100.00%

L2-Total-Hits:          18808629   68.41%
L2-Total-Misses:         8683693   31.59%
L2-Total-Accesses:      27492322  100.00%

