--------
Total Statistics
--------
Total Instructions: 31246957047
Total Cycles: 48387747174
IPC: 0.645762

--------
Single level Tlb hierarchy
--------
  Data Tlb:
    Entries:          64
    Page Size(B):   4096
    Associativity:      4

Latencies:    0   50
Tlb-Sets:   16 - LRU - assoc:   4

Tlb Stats:
Tlb-Load-Hits:        9376567908   99.86%
Tlb-Load-Misses:        13170723    0.14%
Tlb-Load-Accesses:    9389738631  100.00%

Tlb-Store-Hits:        4901745045   99.87%
Tlb-Store-Misses:         6429491    0.13%
Tlb-Store-Accesses:    4908174536  100.00%

Tlb-Total-Hits:       14278312953   99.86%
Tlb-Total-Misses:        19600214    0.14%
Tlb-Total-Accesses:   14297913167  100.00%



--------
Two level Cache hierarchy
--------
  L1-Data Cache:
    Size(KB):          32
    Block Size(B):     64
    Associativity:      8

  L2-Data Cache:
    Size(KB):        1024
    Block Size(B):    128
    Associativity:      8

Latencies:    1   10  150
L1-Sets:   64 - LRU - assoc:   8
L2-Sets: 1024 - LRU - assoc:   8
Store_allocation: Yes
L2_inclusive: Yes
L2_prefetching: Yes ( 64)

L1 Cache Stats:
L1-Load-Hits:        9339588367   99.47%
L1-Load-Misses:        50150264    0.53%
L1-Load-Accesses:    9389738631  100.00%

L1-Store-Hits:        4897937629   99.79%
L1-Store-Misses:        10236907    0.21%
L1-Store-Accesses:    4908174536  100.00%

L1-Total-Hits:       14237525996   99.58%
L1-Total-Misses:        60387171    0.42%
L1-Total-Accesses:   14297913167  100.00%

L2 Cache Stats:
L2-Load-Hits:          44028012   87.79%
L2-Load-Misses:         6122252   12.21%
L2-Load-Accesses:      50150264  100.00%

L2-Store-Hits:           7965862   77.82%
L2-Store-Misses:         2271045   22.18%
L2-Store-Accesses:      10236907  100.00%

L2-Total-Hits:          51993874   86.10%
L2-Total-Misses:         8393297   13.90%
L2-Total-Accesses:      60387171  100.00%

