--------
Total Statistics
--------
Total Instructions: 31246957013
Total Cycles: 49435452761
IPC: 0.632076

--------
Single level Tlb hierarchy
--------
  Data Tlb:
    Entries:          64
    Page Size(B):   4096
    Associativity:      4

Latencies:    0   50
Tlb-Sets:   16 - LRU - assoc:   4

Tlb Stats:
Tlb-Load-Hits:        9362195429   99.71%
Tlb-Load-Misses:        27543188    0.29%
Tlb-Load-Accesses:    9389738617  100.00%

Tlb-Store-Hits:        4895152097   99.73%
Tlb-Store-Misses:        13022434    0.27%
Tlb-Store-Accesses:    4908174531  100.00%

Tlb-Total-Hits:       14257347526   99.72%
Tlb-Total-Misses:        40565622    0.28%
Tlb-Total-Accesses:   14297913148  100.00%



--------
Two level Cache hierarchy
--------
  L1-Data Cache:
    Size(KB):          32
    Block Size(B):     64
    Associativity:      8

  L2-Data Cache:
    Size(KB):        1024
    Block Size(B):    128
    Associativity:      8

Latencies:    1   10  150
L1-Sets:   64 - LRU - assoc:   8
L2-Sets: 1024 - LRU - assoc:   8
Store_allocation: Yes
L2_inclusive: Yes
L2_prefetching: Yes ( 16)

L1 Cache Stats:
L1-Load-Hits:        9339600845   99.47%
L1-Load-Misses:        50137772    0.53%
L1-Load-Accesses:    9389738617  100.00%

L1-Store-Hits:        4897944078   99.79%
L1-Store-Misses:        10230453    0.21%
L1-Store-Accesses:    4908174531  100.00%

L1-Total-Hits:       14237544923   99.58%
L1-Total-Misses:        60368225    0.42%
L1-Total-Accesses:   14297913148  100.00%

L2 Cache Stats:
L2-Load-Hits:          44017522   87.79%
L2-Load-Misses:         6120250   12.21%
L2-Load-Accesses:      50137772  100.00%

L2-Store-Hits:           7959908   77.81%
L2-Store-Misses:         2270545   22.19%
L2-Store-Accesses:      10230453  100.00%

L2-Total-Hits:          51977430   86.10%
L2-Total-Misses:         8390795   13.90%
L2-Total-Accesses:      60368225  100.00%

