--------
Total Statistics
--------
Total Instructions: 31246957013
Total Cycles: 48270173901
IPC: 0.647335

--------
Single level Tlb hierarchy
--------
  Data Tlb:
    Entries:          64
    Page Size(B):   4096
    Associativity:      4

Latencies:    0   50
Tlb-Sets:   16 - LRU - assoc:   4

Tlb Stats:
Tlb-Load-Hits:        9376612553   99.86%
Tlb-Load-Misses:        13126064    0.14%
Tlb-Load-Accesses:    9389738617  100.00%

Tlb-Store-Hits:        4904015614   99.92%
Tlb-Store-Misses:         4158917    0.08%
Tlb-Store-Accesses:    4908174531  100.00%

Tlb-Total-Hits:       14280628167   99.88%
Tlb-Total-Misses:        17284981    0.12%
Tlb-Total-Accesses:   14297913148  100.00%



--------
Two level Cache hierarchy
--------
  L1-Data Cache:
    Size(KB):          32
    Block Size(B):     64
    Associativity:      8

  L2-Data Cache:
    Size(KB):        1024
    Block Size(B):    128
    Associativity:      8

Latencies:    1   10  150
L1-Sets:   64 - LRU - assoc:   8
L2-Sets: 1024 - LRU - assoc:   8
Store_allocation: Yes
L2_inclusive: Yes
L2_prefetching: Yes (  2)

L1 Cache Stats:
L1-Load-Hits:        9339644847   99.47%
L1-Load-Misses:        50093770    0.53%
L1-Load-Accesses:    9389738617  100.00%

L1-Store-Hits:        4897957677   99.79%
L1-Store-Misses:        10216854    0.21%
L1-Store-Accesses:    4908174531  100.00%

L1-Total-Hits:       14237602524   99.58%
L1-Total-Misses:        60310624    0.42%
L1-Total-Accesses:   14297913148  100.00%

L2 Cache Stats:
L2-Load-Hits:          43975210   87.79%
L2-Load-Misses:         6118560   12.21%
L2-Load-Accesses:      50093770  100.00%

L2-Store-Hits:           7949091   77.80%
L2-Store-Misses:         2267763   22.20%
L2-Store-Accesses:      10216854  100.00%

L2-Total-Hits:          51924301   86.09%
L2-Total-Misses:         8386323   13.91%
L2-Total-Accesses:      60310624  100.00%

