--------
Total Statistics
--------
Total Instructions: 31246957047
Total Cycles: 48199999874
IPC: 0.648277

--------
Single level Tlb hierarchy
--------
  Data Tlb:
    Entries:          64
    Page Size(B):   4096
    Associativity:      4

Latencies:    0   50
Tlb-Sets:   16 - LRU - assoc:   4

Tlb Stats:
Tlb-Load-Hits:        9377556876   99.87%
Tlb-Load-Misses:        12181755    0.13%
Tlb-Load-Accesses:    9389738631  100.00%

Tlb-Store-Hits:        4904480936   99.92%
Tlb-Store-Misses:         3693600    0.08%
Tlb-Store-Accesses:    4908174536  100.00%

Tlb-Total-Hits:       14282037812   99.89%
Tlb-Total-Misses:        15875355    0.11%
Tlb-Total-Accesses:   14297913167  100.00%



--------
Two level Cache hierarchy
--------
  L1-Data Cache:
    Size(KB):          32
    Block Size(B):     64
    Associativity:      8

  L2-Data Cache:
    Size(KB):        1024
    Block Size(B):    128
    Associativity:      8

Latencies:    1   10  150
L1-Sets:   64 - LRU - assoc:   8
L2-Sets: 1024 - LRU - assoc:   8
Store_allocation: Yes
L2_inclusive: Yes
L2_prefetching: Yes ( 32)

L1 Cache Stats:
L1-Load-Hits:        9339619948   99.47%
L1-Load-Misses:        50118683    0.53%
L1-Load-Accesses:    9389738631  100.00%

L1-Store-Hits:        4897964758   99.79%
L1-Store-Misses:        10209778    0.21%
L1-Store-Accesses:    4908174536  100.00%

L1-Total-Hits:       14237584706   99.58%
L1-Total-Misses:        60328461    0.42%
L1-Total-Accesses:   14297913167  100.00%

L2 Cache Stats:
L2-Load-Hits:          44000876   87.79%
L2-Load-Misses:         6117807   12.21%
L2-Load-Accesses:      50118683  100.00%

L2-Store-Hits:           7940403   77.77%
L2-Store-Misses:         2269375   22.23%
L2-Store-Accesses:      10209778  100.00%

L2-Total-Hits:          51941279   86.10%
L2-Total-Misses:         8387182   13.90%
L2-Total-Accesses:      60328461  100.00%

