--------
Total Statistics
--------
Total Instructions: 31246957047
Total Cycles: 48620634654
IPC: 0.642669

--------
Single level Tlb hierarchy
--------
  Data Tlb:
    Entries:          64
    Page Size(B):   4096
    Associativity:      4

Latencies:    0   50
Tlb-Sets:   16 - LRU - assoc:   4

Tlb Stats:
Tlb-Load-Hits:        9373150248   99.82%
Tlb-Load-Misses:        16588383    0.18%
Tlb-Load-Accesses:    9389738631  100.00%

Tlb-Store-Hits:        4900480373   99.84%
Tlb-Store-Misses:         7694163    0.16%
Tlb-Store-Accesses:    4908174536  100.00%

Tlb-Total-Hits:       14273630621   99.83%
Tlb-Total-Misses:        24282546    0.17%
Tlb-Total-Accesses:   14297913167  100.00%



--------
Two level Cache hierarchy
--------
  L1-Data Cache:
    Size(KB):          32
    Block Size(B):     64
    Associativity:      8

  L2-Data Cache:
    Size(KB):        1024
    Block Size(B):    128
    Associativity:      8

Latencies:    1   10  150
L1-Sets:   64 - LRU - assoc:   8
L2-Sets: 1024 - LRU - assoc:   8
Store_allocation: Yes
L2_inclusive: Yes
L2_prefetching: Yes (  1)

L1 Cache Stats:
L1-Load-Hits:        9339628161   99.47%
L1-Load-Misses:        50110470    0.53%
L1-Load-Accesses:    9389738631  100.00%

L1-Store-Hits:        4897933837   99.79%
L1-Store-Misses:        10240699    0.21%
L1-Store-Accesses:    4908174536  100.00%

L1-Total-Hits:       14237561998   99.58%
L1-Total-Misses:        60351169    0.42%
L1-Total-Accesses:   14297913167  100.00%

L2 Cache Stats:
L2-Load-Hits:          43992602   87.79%
L2-Load-Misses:         6117868   12.21%
L2-Load-Accesses:      50110470  100.00%

L2-Store-Hits:           7971064   77.84%
L2-Store-Misses:         2269635   22.16%
L2-Store-Accesses:      10240699  100.00%

L2-Total-Hits:          51963666   86.10%
L2-Total-Misses:         8387503   13.90%
L2-Total-Accesses:      60351169  100.00%

