--------
Total Statistics
--------
Total Instructions: 6899721493
Total Cycles: 9640453596
IPC: 0.715705

--------
Single level Tlb hierarchy
--------
  Data Tlb:
    Entries:          64
    Page Size(B):   4096
    Associativity:      4

Latencies:    0   50
Tlb-Sets:   16 - LRU - assoc:   4

Tlb Stats:
Tlb-Load-Hits:        1840008943   99.97%
Tlb-Load-Misses:          569507    0.03%
Tlb-Load-Accesses:    1840578450  100.00%

Tlb-Store-Hits:         682040576   99.99%
Tlb-Store-Misses:           52887    0.01%
Tlb-Store-Accesses:     682093463  100.00%

Tlb-Total-Hits:        2522049519   99.98%
Tlb-Total-Misses:          622394    0.02%
Tlb-Total-Accesses:    2522671913  100.00%



--------
Two level Cache hierarchy
--------
  L1-Data Cache:
    Size(KB):          32
    Block Size(B):     64
    Associativity:      8

  L2-Data Cache:
    Size(KB):        1024
    Block Size(B):    128
    Associativity:      8

Latencies:    1   10  150
L1-Sets:   64 - LRU - assoc:   8
L2-Sets: 1024 - LRU - assoc:   8
Store_allocation: Yes
L2_inclusive: Yes
L2_prefetching: Yes ( 16)

L1 Cache Stats:
L1-Load-Hits:        1837028673   99.81%
L1-Load-Misses:         3549777    0.19%
L1-Load-Accesses:    1840578450  100.00%

L1-Store-Hits:         681466701   99.91%
L1-Store-Misses:          626762    0.09%
L1-Store-Accesses:     682093463  100.00%

L1-Total-Hits:        2518495374   99.83%
L1-Total-Misses:         4176539    0.17%
L1-Total-Accesses:    2522671913  100.00%

L2 Cache Stats:
L2-Load-Hits:           2777122   78.23%
L2-Load-Misses:          772655   21.77%
L2-Load-Accesses:       3549777  100.00%

L2-Store-Hits:            431583   68.86%
L2-Store-Misses:          195179   31.14%
L2-Store-Accesses:        626762  100.00%

L2-Total-Hits:           3208705   76.83%
L2-Total-Misses:          967834   23.17%
L2-Total-Accesses:       4176539  100.00%

