--------
Total Statistics
--------
Total Instructions: 6899721493
Total Cycles: 9640954416
IPC: 0.715668

--------
Single level Tlb hierarchy
--------
  Data Tlb:
    Entries:          64
    Page Size(B):   4096
    Associativity:      4

Latencies:    0   50
Tlb-Sets:   16 - LRU - assoc:   4

Tlb Stats:
Tlb-Load-Hits:        1839994847   99.97%
Tlb-Load-Misses:          583603    0.03%
Tlb-Load-Accesses:    1840578450  100.00%

Tlb-Store-Hits:         682039535   99.99%
Tlb-Store-Misses:           53928    0.01%
Tlb-Store-Accesses:     682093463  100.00%

Tlb-Total-Hits:        2522034382   99.97%
Tlb-Total-Misses:          637531    0.03%
Tlb-Total-Accesses:    2522671913  100.00%



--------
Two level Cache hierarchy
--------
  L1-Data Cache:
    Size(KB):          32
    Block Size(B):     64
    Associativity:      8

  L2-Data Cache:
    Size(KB):        1024
    Block Size(B):    128
    Associativity:      8

Latencies:    1   10  150
L1-Sets:   64 - LRU - assoc:   8
L2-Sets: 1024 - LRU - assoc:   8
Store_allocation: Yes
L2_inclusive: Yes
L2_prefetching: Yes ( 32)

L1 Cache Stats:
L1-Load-Hits:        1837032465   99.81%
L1-Load-Misses:         3545985    0.19%
L1-Load-Accesses:    1840578450  100.00%

L1-Store-Hits:         681483457   99.91%
L1-Store-Misses:          610006    0.09%
L1-Store-Accesses:     682093463  100.00%

L1-Total-Hits:        2518515922   99.84%
L1-Total-Misses:         4155991    0.16%
L1-Total-Accesses:    2522671913  100.00%

L2 Cache Stats:
L2-Load-Hits:           2773579   78.22%
L2-Load-Misses:          772406   21.78%
L2-Load-Accesses:       3545985  100.00%

L2-Store-Hits:            414915   68.02%
L2-Store-Misses:          195091   31.98%
L2-Store-Accesses:        610006  100.00%

L2-Total-Hits:           3188494   76.72%
L2-Total-Misses:          967497   23.28%
L2-Total-Accesses:       4155991  100.00%

