--------
Total Statistics
--------
Total Instructions: 6899721527
Total Cycles: 9639487869
IPC: 0.715777

--------
Single level Tlb hierarchy
--------
  Data Tlb:
    Entries:          64
    Page Size(B):   4096
    Associativity:      4

Latencies:    0   50
Tlb-Sets:   16 - LRU - assoc:   4

Tlb Stats:
Tlb-Load-Hits:        1840023027   99.97%
Tlb-Load-Misses:          555437    0.03%
Tlb-Load-Accesses:    1840578464  100.00%

Tlb-Store-Hits:         682039099   99.99%
Tlb-Store-Misses:           54369    0.01%
Tlb-Store-Accesses:     682093468  100.00%

Tlb-Total-Hits:        2522062126   99.98%
Tlb-Total-Misses:          609806    0.02%
Tlb-Total-Accesses:    2522671932  100.00%



--------
Two level Cache hierarchy
--------
  L1-Data Cache:
    Size(KB):          32
    Block Size(B):     64
    Associativity:      8

  L2-Data Cache:
    Size(KB):        1024
    Block Size(B):    128
    Associativity:      8

Latencies:    1   10  150
L1-Sets:   64 - LRU - assoc:   8
L2-Sets: 1024 - LRU - assoc:   8
Store_allocation: Yes
L2_inclusive: Yes
L2_prefetching: Yes (  4)

L1 Cache Stats:
L1-Load-Hits:        1837023509   99.81%
L1-Load-Misses:         3554955    0.19%
L1-Load-Accesses:    1840578464  100.00%

L1-Store-Hits:         681485977   99.91%
L1-Store-Misses:          607491    0.09%
L1-Store-Accesses:     682093468  100.00%

L1-Total-Hits:        2518509486   99.83%
L1-Total-Misses:         4162446    0.17%
L1-Total-Accesses:    2522671932  100.00%

L2 Cache Stats:
L2-Load-Hits:           2783583   78.30%
L2-Load-Misses:          771372   21.70%
L2-Load-Accesses:       3554955  100.00%

L2-Store-Hits:            412332   67.87%
L2-Store-Misses:          195159   32.13%
L2-Store-Accesses:        607491  100.00%

L2-Total-Hits:           3195915   76.78%
L2-Total-Misses:          966531   23.22%
L2-Total-Accesses:       4162446  100.00%

