--------
Total Statistics
--------
Total Instructions: 6899721493
Total Cycles: 9639846446
IPC: 0.71575

--------
Single level Tlb hierarchy
--------
  Data Tlb:
    Entries:          64
    Page Size(B):   4096
    Associativity:      4

Latencies:    0   50
Tlb-Sets:   16 - LRU - assoc:   4

Tlb Stats:
Tlb-Load-Hits:        1840014492   99.97%
Tlb-Load-Misses:          563958    0.03%
Tlb-Load-Accesses:    1840578450  100.00%

Tlb-Store-Hits:         682034843   99.99%
Tlb-Store-Misses:           58620    0.01%
Tlb-Store-Accesses:     682093463  100.00%

Tlb-Total-Hits:        2522049335   99.98%
Tlb-Total-Misses:          622578    0.02%
Tlb-Total-Accesses:    2522671913  100.00%



--------
Two level Cache hierarchy
--------
  L1-Data Cache:
    Size(KB):          32
    Block Size(B):     64
    Associativity:      8

  L2-Data Cache:
    Size(KB):        1024
    Block Size(B):    128
    Associativity:      8

Latencies:    1   10  150
L1-Sets:   64 - LRU - assoc:   8
L2-Sets: 1024 - LRU - assoc:   8
Store_allocation: Yes
L2_inclusive: Yes
L2_prefetching: Yes (  1)

L1 Cache Stats:
L1-Load-Hits:        1837046765   99.81%
L1-Load-Misses:         3531685    0.19%
L1-Load-Accesses:    1840578450  100.00%

L1-Store-Hits:         681481894   99.91%
L1-Store-Misses:          611569    0.09%
L1-Store-Accesses:     682093463  100.00%

L1-Total-Hits:        2518528659   99.84%
L1-Total-Misses:         4143254    0.16%
L1-Total-Accesses:    2522671913  100.00%

L2 Cache Stats:
L2-Load-Hits:           2760802   78.17%
L2-Load-Misses:          770883   21.83%
L2-Load-Accesses:       3531685  100.00%

L2-Store-Hits:            416508   68.10%
L2-Store-Misses:          195061   31.90%
L2-Store-Accesses:        611569  100.00%

L2-Total-Hits:           3177310   76.69%
L2-Total-Misses:          965944   23.31%
L2-Total-Accesses:       4143254  100.00%

