--------
Total Statistics
--------
Total Instructions: 6899721527
Total Cycles: 9647950069
IPC: 0.715149

--------
Single level Tlb hierarchy
--------
  Data Tlb:
    Entries:          64
    Page Size(B):   4096
    Associativity:      4

Latencies:    0   50
Tlb-Sets:   16 - LRU - assoc:   4

Tlb Stats:
Tlb-Load-Hits:        1839898332   99.96%
Tlb-Load-Misses:          680132    0.04%
Tlb-Load-Accesses:    1840578464  100.00%

Tlb-Store-Hits:         681997912   99.99%
Tlb-Store-Misses:           95556    0.01%
Tlb-Store-Accesses:     682093468  100.00%

Tlb-Total-Hits:        2521896244   99.97%
Tlb-Total-Misses:          775688    0.03%
Tlb-Total-Accesses:    2522671932  100.00%



--------
Two level Cache hierarchy
--------
  L1-Data Cache:
    Size(KB):          32
    Block Size(B):     64
    Associativity:      8

  L2-Data Cache:
    Size(KB):        1024
    Block Size(B):    128
    Associativity:      8

Latencies:    1   10  150
L1-Sets:   64 - LRU - assoc:   8
L2-Sets: 1024 - LRU - assoc:   8
Store_allocation: Yes
L2_inclusive: Yes
L2_prefetching: Yes (  8)

L1 Cache Stats:
L1-Load-Hits:        1837010032   99.81%
L1-Load-Misses:         3568432    0.19%
L1-Load-Accesses:    1840578464  100.00%

L1-Store-Hits:         681484024   99.91%
L1-Store-Misses:          609444    0.09%
L1-Store-Accesses:     682093468  100.00%

L1-Total-Hits:        2518494056   99.83%
L1-Total-Misses:         4177876    0.17%
L1-Total-Accesses:    2522671932  100.00%

L2 Cache Stats:
L2-Load-Hits:           2796838   78.38%
L2-Load-Misses:          771594   21.62%
L2-Load-Accesses:       3568432  100.00%

L2-Store-Hits:            414415   68.00%
L2-Store-Misses:          195029   32.00%
L2-Store-Accesses:        609444  100.00%

L2-Total-Hits:           3211253   76.86%
L2-Total-Misses:          966623   23.14%
L2-Total-Accesses:       4177876  100.00%

