--------
Total Statistics
--------
Total Instructions: 6899721527
Total Cycles: 9639712399
IPC: 0.71576

--------
Single level Tlb hierarchy
--------
  Data Tlb:
    Entries:          64
    Page Size(B):   4096
    Associativity:      4

Latencies:    0   50
Tlb-Sets:   16 - LRU - assoc:   4

Tlb Stats:
Tlb-Load-Hits:        1840023126   99.97%
Tlb-Load-Misses:          555338    0.03%
Tlb-Load-Accesses:    1840578464  100.00%

Tlb-Store-Hits:         682040867   99.99%
Tlb-Store-Misses:           52601    0.01%
Tlb-Store-Accesses:     682093468  100.00%

Tlb-Total-Hits:        2522063993   99.98%
Tlb-Total-Misses:          607939    0.02%
Tlb-Total-Accesses:    2522671932  100.00%



--------
Two level Cache hierarchy
--------
  L1-Data Cache:
    Size(KB):          32
    Block Size(B):     64
    Associativity:      8

  L2-Data Cache:
    Size(KB):        1024
    Block Size(B):    128
    Associativity:      8

Latencies:    1   10  150
L1-Sets:   64 - LRU - assoc:   8
L2-Sets: 1024 - LRU - assoc:   8
Store_allocation: Yes
L2_inclusive: Yes
L2_prefetching: Yes (  2)

L1 Cache Stats:
L1-Load-Hits:        1837022725   99.81%
L1-Load-Misses:         3555739    0.19%
L1-Load-Accesses:    1840578464  100.00%

L1-Store-Hits:         681461528   99.91%
L1-Store-Misses:          631940    0.09%
L1-Store-Accesses:     682093468  100.00%

L1-Total-Hits:        2518484253   99.83%
L1-Total-Misses:         4187679    0.17%
L1-Total-Accesses:    2522671932  100.00%

L2 Cache Stats:
L2-Load-Hits:           2783948   78.29%
L2-Load-Misses:          771791   21.71%
L2-Load-Accesses:       3555739  100.00%

L2-Store-Hits:            436763   69.11%
L2-Store-Misses:          195177   30.89%
L2-Store-Accesses:        631940  100.00%

L2-Total-Hits:           3220711   76.91%
L2-Total-Misses:          966968   23.09%
L2-Total-Accesses:       4187679  100.00%

