--------
Total Statistics
--------
Total Instructions: 19352350950
Total Cycles: 57632949148
IPC: 0.335786

--------
Single level Tlb hierarchy
--------
  Data Tlb:
    Entries:          64
    Page Size(B):   4096
    Associativity:      4

Latencies:    0   50
Tlb-Sets:   16 - LRU - assoc:   4

Tlb Stats:
Tlb-Load-Hits:        8634570775   99.61%
Tlb-Load-Misses:        33399530    0.39%
Tlb-Load-Accesses:    8667970305  100.00%

Tlb-Store-Hits:         326735794   99.96%
Tlb-Store-Misses:          144919    0.04%
Tlb-Store-Accesses:     326880713  100.00%

Tlb-Total-Hits:        8961306569   99.63%
Tlb-Total-Misses:        33544449    0.37%
Tlb-Total-Accesses:    8994851018  100.00%



--------
Two level Cache hierarchy
--------
  L1-Data Cache:
    Size(KB):          32
    Block Size(B):     64
    Associativity:      8

  L2-Data Cache:
    Size(KB):        1024
    Block Size(B):    128
    Associativity:      8

Latencies:    1   10  150
L1-Sets:   64 - LRU - assoc:   8
L2-Sets: 1024 - LRU - assoc:   8
Store_allocation: Yes
L2_inclusive: Yes
L2_prefetching: Yes ( 32)

L1 Cache Stats:
L1-Load-Hits:        8212303756   94.74%
L1-Load-Misses:       455666549    5.26%
L1-Load-Accesses:    8667970305  100.00%

L1-Store-Hits:         324898559   99.39%
L1-Store-Misses:         1982154    0.61%
L1-Store-Accesses:     326880713  100.00%

L1-Total-Hits:        8537202315   94.91%
L1-Total-Misses:       457648703    5.09%
L1-Total-Accesses:    8994851018  100.00%

L2 Cache Stats:
L2-Load-Hits:         302589572   66.41%
L2-Load-Misses:       153076977   33.59%
L2-Load-Accesses:     455666549  100.00%

L2-Store-Hits:           1512213   76.29%
L2-Store-Misses:          469941   23.71%
L2-Store-Accesses:       1982154  100.00%

L2-Total-Hits:         304101785   66.45%
L2-Total-Misses:       153546918   33.55%
L2-Total-Accesses:     457648703  100.00%

