--------
Total Statistics
--------
Total Instructions: 19352350950
Total Cycles: 57671656228
IPC: 0.335561

--------
Single level Tlb hierarchy
--------
  Data Tlb:
    Entries:          64
    Page Size(B):   4096
    Associativity:      4

Latencies:    0   50
Tlb-Sets:   16 - LRU - assoc:   4

Tlb Stats:
Tlb-Load-Hits:        8634543028   99.61%
Tlb-Load-Misses:        33427277    0.39%
Tlb-Load-Accesses:    8667970305  100.00%

Tlb-Store-Hits:         326737257   99.96%
Tlb-Store-Misses:          143456    0.04%
Tlb-Store-Accesses:     326880713  100.00%

Tlb-Total-Hits:        8961280285   99.63%
Tlb-Total-Misses:        33570733    0.37%
Tlb-Total-Accesses:    8994851018  100.00%



--------
Two level Cache hierarchy
--------
  L1-Data Cache:
    Size(KB):          32
    Block Size(B):     64
    Associativity:      8

  L2-Data Cache:
    Size(KB):        1024
    Block Size(B):    128
    Associativity:      8

Latencies:    1   10  150
L1-Sets:   64 - LRU - assoc:   8
L2-Sets: 1024 - LRU - assoc:   8
Store_allocation: Yes
L2_inclusive: Yes
L2_prefetching: Yes (  1)

L1 Cache Stats:
L1-Load-Hits:        8208406916   94.70%
L1-Load-Misses:       459563389    5.30%
L1-Load-Accesses:    8667970305  100.00%

L1-Store-Hits:         324907116   99.40%
L1-Store-Misses:         1973597    0.60%
L1-Store-Accesses:     326880713  100.00%

L1-Total-Hits:        8533314032   94.87%
L1-Total-Misses:       461536986    5.13%
L1-Total-Accesses:    8994851018  100.00%

L2 Cache Stats:
L2-Load-Hits:         306495368   66.69%
L2-Load-Misses:       153068021   33.31%
L2-Load-Accesses:     459563389  100.00%

L2-Store-Hits:           1504633   76.24%
L2-Store-Misses:          468964   23.76%
L2-Store-Accesses:       1973597  100.00%

L2-Total-Hits:         308000001   66.73%
L2-Total-Misses:       153536985   33.27%
L2-Total-Accesses:     461536986  100.00%

