--------
Total Statistics
--------
Total Instructions: 19352350950
Total Cycles: 57628529478
IPC: 0.335812

--------
Single level Tlb hierarchy
--------
  Data Tlb:
    Entries:          64
    Page Size(B):   4096
    Associativity:      4

Latencies:    0   50
Tlb-Sets:   16 - LRU - assoc:   4

Tlb Stats:
Tlb-Load-Hits:        8634621046   99.62%
Tlb-Load-Misses:        33349259    0.38%
Tlb-Load-Accesses:    8667970305  100.00%

Tlb-Store-Hits:         326732134   99.95%
Tlb-Store-Misses:          148579    0.05%
Tlb-Store-Accesses:     326880713  100.00%

Tlb-Total-Hits:        8961353180   99.63%
Tlb-Total-Misses:        33497838    0.37%
Tlb-Total-Accesses:    8994851018  100.00%



--------
Two level Cache hierarchy
--------
  L1-Data Cache:
    Size(KB):          32
    Block Size(B):     64
    Associativity:      8

  L2-Data Cache:
    Size(KB):        1024
    Block Size(B):    128
    Associativity:      8

Latencies:    1   10  150
L1-Sets:   64 - LRU - assoc:   8
L2-Sets: 1024 - LRU - assoc:   8
Store_allocation: Yes
L2_inclusive: Yes
L2_prefetching: Yes ( 16)

L1 Cache Stats:
L1-Load-Hits:        8212314304   94.74%
L1-Load-Misses:       455656001    5.26%
L1-Load-Accesses:    8667970305  100.00%

L1-Store-Hits:         324902733   99.39%
L1-Store-Misses:         1977980    0.61%
L1-Store-Accesses:     326880713  100.00%

L1-Total-Hits:        8537217037   94.91%
L1-Total-Misses:       457633981    5.09%
L1-Total-Accesses:    8994851018  100.00%

L2 Cache Stats:
L2-Load-Hits:         302588326   66.41%
L2-Load-Misses:       153067675   33.59%
L2-Load-Accesses:     455656001  100.00%

L2-Store-Hits:           1511683   76.43%
L2-Store-Misses:          466297   23.57%
L2-Store-Accesses:       1977980  100.00%

L2-Total-Hits:         304100009   66.45%
L2-Total-Misses:       153533972   33.55%
L2-Total-Accesses:     457633981  100.00%

