--------
Total Statistics
--------
Total Instructions: 19352350984
Total Cycles: 57633131321
IPC: 0.335785

--------
Single level Tlb hierarchy
--------
  Data Tlb:
    Entries:          64
    Page Size(B):   4096
    Associativity:      4

Latencies:    0   50
Tlb-Sets:   16 - LRU - assoc:   4

Tlb Stats:
Tlb-Load-Hits:        8634574030   99.61%
Tlb-Load-Misses:        33396289    0.39%
Tlb-Load-Accesses:    8667970319  100.00%

Tlb-Store-Hits:         326733730   99.96%
Tlb-Store-Misses:          146988    0.04%
Tlb-Store-Accesses:     326880718  100.00%

Tlb-Total-Hits:        8961307760   99.63%
Tlb-Total-Misses:        33543277    0.37%
Tlb-Total-Accesses:    8994851037  100.00%



--------
Two level Cache hierarchy
--------
  L1-Data Cache:
    Size(KB):          32
    Block Size(B):     64
    Associativity:      8

  L2-Data Cache:
    Size(KB):        1024
    Block Size(B):    128
    Associativity:      8

Latencies:    1   10  150
L1-Sets:   64 - LRU - assoc:   8
L2-Sets: 1024 - LRU - assoc:   8
Store_allocation: Yes
L2_inclusive: Yes
L2_prefetching: Yes (  4)

L1 Cache Stats:
L1-Load-Hits:        8212301336   94.74%
L1-Load-Misses:       455668983    5.26%
L1-Load-Accesses:    8667970319  100.00%

L1-Store-Hits:         324894836   99.39%
L1-Store-Misses:         1985882    0.61%
L1-Store-Accesses:     326880718  100.00%

L1-Total-Hits:        8537196172   94.91%
L1-Total-Misses:       457654865    5.09%
L1-Total-Accesses:    8994851037  100.00%

L2 Cache Stats:
L2-Load-Hits:         302590124   66.41%
L2-Load-Misses:       153078859   33.59%
L2-Load-Accesses:     455668983  100.00%

L2-Store-Hits:           1516629   76.37%
L2-Store-Misses:          469253   23.63%
L2-Store-Accesses:       1985882  100.00%

L2-Total-Hits:         304106753   66.45%
L2-Total-Misses:       153548112   33.55%
L2-Total-Accesses:     457654865  100.00%

