--------
Total Statistics
--------
Total Instructions: 19352350984
Total Cycles: 57633844651
IPC: 0.335781

--------
Single level Tlb hierarchy
--------
  Data Tlb:
    Entries:          64
    Page Size(B):   4096
    Associativity:      4

Latencies:    0   50
Tlb-Sets:   16 - LRU - assoc:   4

Tlb Stats:
Tlb-Load-Hits:        8634591217   99.61%
Tlb-Load-Misses:        33379102    0.39%
Tlb-Load-Accesses:    8667970319  100.00%

Tlb-Store-Hits:         326722867   99.95%
Tlb-Store-Misses:          157851    0.05%
Tlb-Store-Accesses:     326880718  100.00%

Tlb-Total-Hits:        8961314084   99.63%
Tlb-Total-Misses:        33536953    0.37%
Tlb-Total-Accesses:    8994851037  100.00%



--------
Two level Cache hierarchy
--------
  L1-Data Cache:
    Size(KB):          32
    Block Size(B):     64
    Associativity:      8

  L2-Data Cache:
    Size(KB):        1024
    Block Size(B):    128
    Associativity:      8

Latencies:    1   10  150
L1-Sets:   64 - LRU - assoc:   8
L2-Sets: 1024 - LRU - assoc:   8
Store_allocation: Yes
L2_inclusive: Yes
L2_prefetching: Yes ( 64)

L1 Cache Stats:
L1-Load-Hits:        8212325629   94.74%
L1-Load-Misses:       455644690    5.26%
L1-Load-Accesses:    8667970319  100.00%

L1-Store-Hits:         324899605   99.39%
L1-Store-Misses:         1981113    0.61%
L1-Store-Accesses:     326880718  100.00%

L1-Total-Hits:        8537225234   94.91%
L1-Total-Misses:       457625803    5.09%
L1-Total-Accesses:    8994851037  100.00%

L2 Cache Stats:
L2-Load-Hits:         302555690   66.40%
L2-Load-Misses:       153089000   33.60%
L2-Load-Accesses:     455644690  100.00%

L2-Store-Hits:           1513200   76.38%
L2-Store-Misses:          467913   23.62%
L2-Store-Accesses:       1981113  100.00%

L2-Total-Hits:         304068890   66.44%
L2-Total-Misses:       153556913   33.56%
L2-Total-Accesses:     457625803  100.00%

