--------
Total Statistics
--------
Total Instructions: 19352350950
Total Cycles: 57631467428
IPC: 0.335795

--------
Single level Tlb hierarchy
--------
  Data Tlb:
    Entries:          64
    Page Size(B):   4096
    Associativity:      4

Latencies:    0   50
Tlb-Sets:   16 - LRU - assoc:   4

Tlb Stats:
Tlb-Load-Hits:        8634635293   99.62%
Tlb-Load-Misses:        33335012    0.38%
Tlb-Load-Accesses:    8667970305  100.00%

Tlb-Store-Hits:         326735479   99.96%
Tlb-Store-Misses:          145234    0.04%
Tlb-Store-Accesses:     326880713  100.00%

Tlb-Total-Hits:        8961370772   99.63%
Tlb-Total-Misses:        33480246    0.37%
Tlb-Total-Accesses:    8994851018  100.00%



--------
Two level Cache hierarchy
--------
  L1-Data Cache:
    Size(KB):          32
    Block Size(B):     64
    Associativity:      8

  L2-Data Cache:
    Size(KB):        1024
    Block Size(B):    128
    Associativity:      8

Latencies:    1   10  150
L1-Sets:   64 - LRU - assoc:   8
L2-Sets: 1024 - LRU - assoc:   8
Store_allocation: Yes
L2_inclusive: Yes
L2_prefetching: Yes (  2)

L1 Cache Stats:
L1-Load-Hits:        8212312279   94.74%
L1-Load-Misses:       455658026    5.26%
L1-Load-Accesses:    8667970305  100.00%

L1-Store-Hits:         324905863   99.40%
L1-Store-Misses:         1974850    0.60%
L1-Store-Accesses:     326880713  100.00%

L1-Total-Hits:        8537218142   94.91%
L1-Total-Misses:       457632876    5.09%
L1-Total-Accesses:    8994851018  100.00%

L2 Cache Stats:
L2-Load-Hits:         302569906   66.40%
L2-Load-Misses:       153088120   33.60%
L2-Load-Accesses:     455658026  100.00%

L2-Store-Hits:           1503474   76.13%
L2-Store-Misses:          471376   23.87%
L2-Store-Accesses:       1974850  100.00%

L2-Total-Hits:         304073380   66.44%
L2-Total-Misses:       153559496   33.56%
L2-Total-Accesses:     457632876  100.00%

