--------
Total Statistics
--------
Total Instructions: 19352350950
Total Cycles: 57699819398
IPC: 0.335397

--------
Single level Tlb hierarchy
--------
  Data Tlb:
    Entries:          64
    Page Size(B):   4096
    Associativity:      4

Latencies:    0   50
Tlb-Sets:   16 - LRU - assoc:   4

Tlb Stats:
Tlb-Load-Hits:        8634607249   99.62%
Tlb-Load-Misses:        33363056    0.38%
Tlb-Load-Accesses:    8667970305  100.00%

Tlb-Store-Hits:         326735604   99.96%
Tlb-Store-Misses:          145109    0.04%
Tlb-Store-Accesses:     326880713  100.00%

Tlb-Total-Hits:        8961342853   99.63%
Tlb-Total-Misses:        33508165    0.37%
Tlb-Total-Accesses:    8994851018  100.00%



--------
Two level Cache hierarchy
--------
  L1-Data Cache:
    Size(KB):          32
    Block Size(B):     64
    Associativity:      8

  L2-Data Cache:
    Size(KB):        1024
    Block Size(B):    128
    Associativity:      8

Latencies:    1   10  150
L1-Sets:   64 - LRU - assoc:   8
L2-Sets: 1024 - LRU - assoc:   8
Store_allocation: Yes
L2_inclusive: Yes
L2_prefetching: Yes (  8)

L1 Cache Stats:
L1-Load-Hits:        8205318255   94.66%
L1-Load-Misses:       462652050    5.34%
L1-Load-Accesses:    8667970305  100.00%

L1-Store-Hits:         324906595   99.40%
L1-Store-Misses:         1974118    0.60%
L1-Store-Accesses:     326880713  100.00%

L1-Total-Hits:        8530224850   94.83%
L1-Total-Misses:       464626168    5.17%
L1-Total-Accesses:    8994851018  100.00%

L2 Cache Stats:
L2-Load-Hits:         309578279   66.91%
L2-Load-Misses:       153073771   33.09%
L2-Load-Accesses:     462652050  100.00%

L2-Store-Hits:           1508239   76.40%
L2-Store-Misses:          465879   23.60%
L2-Store-Accesses:       1974118  100.00%

L2-Total-Hits:         311086518   66.95%
L2-Total-Misses:       153539650   33.05%
L2-Total-Accesses:     464626168  100.00%

