--------
Total Statistics
--------
Total Instructions: 27912973166
Total Cycles: 39146329323
IPC: 0.713042

--------
Single level Tlb hierarchy
--------
  Data Tlb:
    Entries:          64
    Page Size(B):   4096
    Associativity:      4

Latencies:    0   50
Tlb-Sets:   16 - LRU - assoc:   4

Tlb Stats:
Tlb-Load-Hits:        7668429880   99.99%
Tlb-Load-Misses:          873717    0.01%
Tlb-Load-Accesses:    7669303597  100.00%

Tlb-Store-Hits:        2317279258  100.00%
Tlb-Store-Misses:           93022    0.00%
Tlb-Store-Accesses:    2317372280  100.00%

Tlb-Total-Hits:        9985709138   99.99%
Tlb-Total-Misses:          966739    0.01%
Tlb-Total-Accesses:    9986675877  100.00%



--------
Two level Cache hierarchy
--------
  L1-Data Cache:
    Size(KB):          32
    Block Size(B):     64
    Associativity:      8

  L2-Data Cache:
    Size(KB):        1024
    Block Size(B):    128
    Associativity:      8

Latencies:    1   10  150
L1-Sets:   64 - LRU - assoc:   8
L2-Sets: 1024 - LRU - assoc:   8
Store_allocation: Yes
L2_inclusive: Yes
L2_prefetching: Yes (  8)

L1 Cache Stats:
L1-Load-Hits:        7603419229   99.14%
L1-Load-Misses:        65884368    0.86%
L1-Load-Accesses:    7669303597  100.00%

L1-Store-Hits:        2263594635   97.68%
L1-Store-Misses:        53777645    2.32%
L1-Store-Accesses:    2317372280  100.00%

L1-Total-Hits:        9867013864   98.80%
L1-Total-Misses:       119662013    1.20%
L1-Total-Accesses:    9986675877  100.00%

L2 Cache Stats:
L2-Load-Hits:          65882369  100.00%
L2-Load-Misses:            1999    0.00%
L2-Load-Accesses:      65884368  100.00%

L2-Store-Hits:          53768156   99.98%
L2-Store-Misses:            9489    0.02%
L2-Store-Accesses:      53777645  100.00%

L2-Total-Hits:         119650525   99.99%
L2-Total-Misses:           11488    0.01%
L2-Total-Accesses:     119662013  100.00%

