--------
Total Statistics
--------
Total Instructions: 27912973166
Total Cycles: 39097762663
IPC: 0.713928

--------
Single level Tlb hierarchy
--------
  Data Tlb:
    Entries:          64
    Page Size(B):   4096
    Associativity:      4

Latencies:    0   50
Tlb-Sets:   16 - LRU - assoc:   4

Tlb Stats:
Tlb-Load-Hits:        7669245599  100.00%
Tlb-Load-Misses:           57998    0.00%
Tlb-Load-Accesses:    7669303597  100.00%

Tlb-Store-Hits:        2317371738  100.00%
Tlb-Store-Misses:             542    0.00%
Tlb-Store-Accesses:    2317372280  100.00%

Tlb-Total-Hits:        9986617337  100.00%
Tlb-Total-Misses:           58540    0.00%
Tlb-Total-Accesses:    9986675877  100.00%



--------
Two level Cache hierarchy
--------
  L1-Data Cache:
    Size(KB):          32
    Block Size(B):     64
    Associativity:      8

  L2-Data Cache:
    Size(KB):        1024
    Block Size(B):    128
    Associativity:      8

Latencies:    1   10  150
L1-Sets:   64 - LRU - assoc:   8
L2-Sets: 1024 - LRU - assoc:   8
Store_allocation: Yes
L2_inclusive: Yes
L2_prefetching: Yes (  1)

L1 Cache Stats:
L1-Load-Hits:        7603392953   99.14%
L1-Load-Misses:        65910644    0.86%
L1-Load-Accesses:    7669303597  100.00%

L1-Store-Hits:        2263936597   97.69%
L1-Store-Misses:        53435683    2.31%
L1-Store-Accesses:    2317372280  100.00%

L1-Total-Hits:        9867329550   98.80%
L1-Total-Misses:       119346327    1.20%
L1-Total-Accesses:    9986675877  100.00%

L2 Cache Stats:
L2-Load-Hits:          65908645  100.00%
L2-Load-Misses:            1999    0.00%
L2-Load-Accesses:      65910644  100.00%

L2-Store-Hits:          53426193   99.98%
L2-Store-Misses:            9490    0.02%
L2-Store-Accesses:      53435683  100.00%

L2-Total-Hits:         119334838   99.99%
L2-Total-Misses:           11489    0.01%
L2-Total-Accesses:     119346327  100.00%

