--------
Total Statistics
--------
Total Instructions: 27912973132
Total Cycles: 39101353530
IPC: 0.713862

--------
Single level Tlb hierarchy
--------
  Data Tlb:
    Entries:          64
    Page Size(B):   4096
    Associativity:      4

Latencies:    0   50
Tlb-Sets:   16 - LRU - assoc:   4

Tlb Stats:
Tlb-Load-Hits:        7669297427  100.00%
Tlb-Load-Misses:            6156    0.00%
Tlb-Load-Accesses:    7669303583  100.00%

Tlb-Store-Hits:        2317371540  100.00%
Tlb-Store-Misses:             735    0.00%
Tlb-Store-Accesses:    2317372275  100.00%

Tlb-Total-Hits:        9986668967  100.00%
Tlb-Total-Misses:            6891    0.00%
Tlb-Total-Accesses:    9986675858  100.00%



--------
Two level Cache hierarchy
--------
  L1-Data Cache:
    Size(KB):          32
    Block Size(B):     64
    Associativity:      8

  L2-Data Cache:
    Size(KB):        1024
    Block Size(B):    128
    Associativity:      8

Latencies:    1   10  150
L1-Sets:   64 - LRU - assoc:   8
L2-Sets: 1024 - LRU - assoc:   8
Store_allocation: Yes
L2_inclusive: Yes
L2_prefetching: Yes ( 32)

L1 Cache Stats:
L1-Load-Hits:        7603279160   99.14%
L1-Load-Misses:        66024423    0.86%
L1-Load-Accesses:    7669303583  100.00%

L1-Store-Hits:        2263433004   97.67%
L1-Store-Misses:        53939271    2.33%
L1-Store-Accesses:    2317372275  100.00%

L1-Total-Hits:        9866712164   98.80%
L1-Total-Misses:       119963694    1.20%
L1-Total-Accesses:    9986675858  100.00%

L2 Cache Stats:
L2-Load-Hits:          66022424  100.00%
L2-Load-Misses:            1999    0.00%
L2-Load-Accesses:      66024423  100.00%

L2-Store-Hits:          53929783   99.98%
L2-Store-Misses:            9488    0.02%
L2-Store-Accesses:      53939271  100.00%

L2-Total-Hits:         119952207   99.99%
L2-Total-Misses:           11487    0.01%
L2-Total-Accesses:     119963694  100.00%

