--------
Total Statistics
--------
Total Instructions: 27912973132
Total Cycles: 39099134810
IPC: 0.713903

--------
Single level Tlb hierarchy
--------
  Data Tlb:
    Entries:          64
    Page Size(B):   4096
    Associativity:      4

Latencies:    0   50
Tlb-Sets:   16 - LRU - assoc:   4

Tlb Stats:
Tlb-Load-Hits:        7669243464  100.00%
Tlb-Load-Misses:           60119    0.00%
Tlb-Load-Accesses:    7669303583  100.00%

Tlb-Store-Hits:        2317371932  100.00%
Tlb-Store-Misses:             343    0.00%
Tlb-Store-Accesses:    2317372275  100.00%

Tlb-Total-Hits:        9986615396  100.00%
Tlb-Total-Misses:           60462    0.00%
Tlb-Total-Accesses:    9986675858  100.00%



--------
Two level Cache hierarchy
--------
  L1-Data Cache:
    Size(KB):          32
    Block Size(B):     64
    Associativity:      8

  L2-Data Cache:
    Size(KB):        1024
    Block Size(B):    128
    Associativity:      8

Latencies:    1   10  150
L1-Sets:   64 - LRU - assoc:   8
L2-Sets: 1024 - LRU - assoc:   8
Store_allocation: Yes
L2_inclusive: Yes
L2_prefetching: Yes (  4)

L1 Cache Stats:
L1-Load-Hits:        7603258598   99.14%
L1-Load-Misses:        66044985    0.86%
L1-Load-Accesses:    7669303583  100.00%

L1-Store-Hits:        2263943308   97.69%
L1-Store-Misses:        53428967    2.31%
L1-Store-Accesses:    2317372275  100.00%

L1-Total-Hits:        9867201906   98.80%
L1-Total-Misses:       119473952    1.20%
L1-Total-Accesses:    9986675858  100.00%

L2 Cache Stats:
L2-Load-Hits:          66042985  100.00%
L2-Load-Misses:            2000    0.00%
L2-Load-Accesses:      66044985  100.00%

L2-Store-Hits:          53419479   99.98%
L2-Store-Misses:            9488    0.02%
L2-Store-Accesses:      53428967  100.00%

L2-Total-Hits:         119462464   99.99%
L2-Total-Misses:           11488    0.01%
L2-Total-Accesses:     119473952  100.00%

