--------
Total Statistics
--------
Total Instructions: 2172105007
Total Cycles: 5049877203
IPC: 0.43013

--------
Single level Tlb hierarchy
--------
  Data Tlb:
    Entries:          32
    Page Size(B):   4096
    Associativity:      4

Latencies:    0   50
Tlb-Sets:    8 - LRU - assoc:   4

Tlb Stats:
Tlb-Load-Hits:         565131719   93.87%
Tlb-Load-Misses:        36891325    6.13%
Tlb-Load-Accesses:     602023044  100.00%

Tlb-Store-Hits:         129985911   99.36%
Tlb-Store-Misses:          836201    0.64%
Tlb-Store-Accesses:     130822112  100.00%

Tlb-Total-Hits:         695117630   94.85%
Tlb-Total-Misses:        37727526    5.15%
Tlb-Total-Accesses:     732845156  100.00%



--------
Two level Cache hierarchy
--------
  L1-Data Cache:
    Size(KB):          32
    Block Size(B):     64
    Associativity:      8

  L2-Data Cache:
    Size(KB):        1024
    Block Size(B):    128
    Associativity:      8

Latencies:    1   10  150
L1-Sets:   64 - LRU - assoc:   8
L2-Sets: 1024 - LRU - assoc:   8
Store_allocation: Yes
L2_inclusive: Yes
L2_prefetching: No

L1 Cache Stats:
L1-Load-Hits:         598315159   99.38%
L1-Load-Misses:         3707885    0.62%
L1-Load-Accesses:     602023044  100.00%

L1-Store-Hits:         130190098   99.52%
L1-Store-Misses:          632014    0.48%
L1-Store-Accesses:     130822112  100.00%

L1-Total-Hits:         728505257   99.41%
L1-Total-Misses:         4339899    0.59%
L1-Total-Accesses:     732845156  100.00%

L2 Cache Stats:
L2-Load-Hits:           2478446   66.84%
L2-Load-Misses:         1229439   33.16%
L2-Load-Accesses:       3707885  100.00%

L2-Store-Hits:            427108   67.58%
L2-Store-Misses:          204906   32.42%
L2-Store-Accesses:        632014  100.00%

L2-Total-Hits:           2905554   66.95%
L2-Total-Misses:         1434345   33.05%
L2-Total-Accesses:       4339899  100.00%

