--------
Total Statistics
--------
Total Instructions: 2172105007
Total Cycles: 3165567043
IPC: 0.686166

--------
Single level Tlb hierarchy
--------
  Data Tlb:
    Entries:          64
    Page Size(B):   4096
    Associativity:     64

Latencies:    0   50
Tlb-Sets:    1 - LRU - assoc:  64

Tlb Stats:
Tlb-Load-Hits:         601984418   99.99%
Tlb-Load-Misses:           38626    0.01%
Tlb-Load-Accesses:     602023044  100.00%

Tlb-Store-Hits:         130815610  100.00%
Tlb-Store-Misses:            6502    0.00%
Tlb-Store-Accesses:     130822112  100.00%

Tlb-Total-Hits:         732800028   99.99%
Tlb-Total-Misses:           45128    0.01%
Tlb-Total-Accesses:     732845156  100.00%



--------
Two level Cache hierarchy
--------
  L1-Data Cache:
    Size(KB):          32
    Block Size(B):     64
    Associativity:      8

  L2-Data Cache:
    Size(KB):        1024
    Block Size(B):    128
    Associativity:      8

Latencies:    1   10  150
L1-Sets:   64 - LRU - assoc:   8
L2-Sets: 1024 - LRU - assoc:   8
Store_allocation: Yes
L2_inclusive: Yes
L2_prefetching: No

L1 Cache Stats:
L1-Load-Hits:         598315176   99.38%
L1-Load-Misses:         3707868    0.62%
L1-Load-Accesses:     602023044  100.00%

L1-Store-Hits:         130209167   99.53%
L1-Store-Misses:          612945    0.47%
L1-Store-Accesses:     130822112  100.00%

L1-Total-Hits:         728524343   99.41%
L1-Total-Misses:         4320813    0.59%
L1-Total-Accesses:     732845156  100.00%

L2 Cache Stats:
L2-Load-Hits:           2478427   66.84%
L2-Load-Misses:         1229441   33.16%
L2-Load-Accesses:       3707868  100.00%

L2-Store-Hits:            408037   66.57%
L2-Store-Misses:          204908   33.43%
L2-Store-Accesses:        612945  100.00%

L2-Total-Hits:           2886464   66.80%
L2-Total-Misses:         1434349   33.20%
L2-Total-Accesses:       4320813  100.00%

