--------
Total Statistics
--------
Total Instructions: 2172105007
Total Cycles: 4938946733
IPC: 0.439791

--------
Single level Tlb hierarchy
--------
  Data Tlb:
    Entries:          64
    Page Size(B):   4096
    Associativity:      2

Latencies:    0   50
Tlb-Sets:   32 - LRU - assoc:   2

Tlb Stats:
Tlb-Load-Hits:         566932622   94.17%
Tlb-Load-Misses:        35090422    5.83%
Tlb-Load-Accesses:     602023044  100.00%

Tlb-Store-Hits:         130403611   99.68%
Tlb-Store-Misses:          418501    0.32%
Tlb-Store-Accesses:     130822112  100.00%

Tlb-Total-Hits:         697336233   95.15%
Tlb-Total-Misses:        35508923    4.85%
Tlb-Total-Accesses:     732845156  100.00%



--------
Two level Cache hierarchy
--------
  L1-Data Cache:
    Size(KB):          32
    Block Size(B):     64
    Associativity:      8

  L2-Data Cache:
    Size(KB):        1024
    Block Size(B):    128
    Associativity:      8

Latencies:    1   10  150
L1-Sets:   64 - LRU - assoc:   8
L2-Sets: 1024 - LRU - assoc:   8
Store_allocation: Yes
L2_inclusive: Yes
L2_prefetching: No

L1 Cache Stats:
L1-Load-Hits:         598315183   99.38%
L1-Load-Misses:         3707861    0.62%
L1-Load-Accesses:     602023044  100.00%

L1-Store-Hits:         130190091   99.52%
L1-Store-Misses:          632021    0.48%
L1-Store-Accesses:     130822112  100.00%

L1-Total-Hits:         728505274   99.41%
L1-Total-Misses:         4339882    0.59%
L1-Total-Accesses:     732845156  100.00%

L2 Cache Stats:
L2-Load-Hits:           2478422   66.84%
L2-Load-Misses:         1229439   33.16%
L2-Load-Accesses:       3707861  100.00%

L2-Store-Hits:            427116   67.58%
L2-Store-Misses:          204905   32.42%
L2-Store-Accesses:        632021  100.00%

L2-Total-Hits:           2905538   66.95%
L2-Total-Misses:         1434344   33.05%
L2-Total-Accesses:       4339882  100.00%

