--------
Total Statistics
--------
Total Instructions: 2172105007
Total Cycles: 4864208123
IPC: 0.446549

--------
Single level Tlb hierarchy
--------
  Data Tlb:
    Entries:         128
    Page Size(B):   4096
    Associativity:      4

Latencies:    0   50
Tlb-Sets:   32 - LRU - assoc:   4

Tlb Stats:
Tlb-Load-Hits:         568219619   94.39%
Tlb-Load-Misses:        33803425    5.61%
Tlb-Load-Accesses:     602023044  100.00%

Tlb-Store-Hits:         130608210   99.84%
Tlb-Store-Misses:          213902    0.16%
Tlb-Store-Accesses:     130822112  100.00%

Tlb-Total-Hits:         698827829   95.36%
Tlb-Total-Misses:        34017327    4.64%
Tlb-Total-Accesses:     732845156  100.00%



--------
Two level Cache hierarchy
--------
  L1-Data Cache:
    Size(KB):          32
    Block Size(B):     64
    Associativity:      8

  L2-Data Cache:
    Size(KB):        1024
    Block Size(B):    128
    Associativity:      8

Latencies:    1   10  150
L1-Sets:   64 - LRU - assoc:   8
L2-Sets: 1024 - LRU - assoc:   8
Store_allocation: Yes
L2_inclusive: Yes
L2_prefetching: No

L1 Cache Stats:
L1-Load-Hits:         598315183   99.38%
L1-Load-Misses:         3707861    0.62%
L1-Load-Accesses:     602023044  100.00%

L1-Store-Hits:         130208972   99.53%
L1-Store-Misses:          613140    0.47%
L1-Store-Accesses:     130822112  100.00%

L1-Total-Hits:         728524155   99.41%
L1-Total-Misses:         4321001    0.59%
L1-Total-Accesses:     732845156  100.00%

L2 Cache Stats:
L2-Load-Hits:           2478421   66.84%
L2-Load-Misses:         1229440   33.16%
L2-Load-Accesses:       3707861  100.00%

L2-Store-Hits:            408036   66.55%
L2-Store-Misses:          205104   33.45%
L2-Store-Accesses:        613140  100.00%

L2-Total-Hits:           2886457   66.80%
L2-Total-Misses:         1434544   33.20%
L2-Total-Accesses:       4321001  100.00%

