--------
Total Statistics
--------
Total Instructions: 2172105007
Total Cycles: 3451921453
IPC: 0.629245

--------
Single level Tlb hierarchy
--------
  Data Tlb:
    Entries:          64
    Page Size(B):   4096
    Associativity:      8

Latencies:    0   50
Tlb-Sets:    8 - LRU - assoc:   8

Tlb Stats:
Tlb-Load-Hits:         596257318   99.04%
Tlb-Load-Misses:         5765726    0.96%
Tlb-Load-Accesses:     602023044  100.00%

Tlb-Store-Hits:         130815611  100.00%
Tlb-Store-Misses:            6501    0.00%
Tlb-Store-Accesses:     130822112  100.00%

Tlb-Total-Hits:         727072929   99.21%
Tlb-Total-Misses:         5772227    0.79%
Tlb-Total-Accesses:     732845156  100.00%



--------
Two level Cache hierarchy
--------
  L1-Data Cache:
    Size(KB):          32
    Block Size(B):     64
    Associativity:      8

  L2-Data Cache:
    Size(KB):        1024
    Block Size(B):    128
    Associativity:      8

Latencies:    1   10  150
L1-Sets:   64 - LRU - assoc:   8
L2-Sets: 1024 - LRU - assoc:   8
Store_allocation: Yes
L2_inclusive: Yes
L2_prefetching: No

L1 Cache Stats:
L1-Load-Hits:         598315380   99.38%
L1-Load-Misses:         3707664    0.62%
L1-Load-Accesses:     602023044  100.00%

L1-Store-Hits:         130208972   99.53%
L1-Store-Misses:          613140    0.47%
L1-Store-Accesses:     130822112  100.00%

L1-Total-Hits:         728524352   99.41%
L1-Total-Misses:         4320804    0.59%
L1-Total-Accesses:     732845156  100.00%

L2 Cache Stats:
L2-Load-Hits:           2478423   66.85%
L2-Load-Misses:         1229241   33.15%
L2-Load-Accesses:       3707664  100.00%

L2-Store-Hits:            408035   66.55%
L2-Store-Misses:          205105   33.45%
L2-Store-Accesses:        613140  100.00%

L2-Total-Hits:           2886458   66.80%
L2-Total-Misses:         1434346   33.20%
L2-Total-Accesses:       4320804  100.00%

