--------
Total Statistics
--------
Total Instructions: 2172105007
Total Cycles: 5873357983
IPC: 0.369823

--------
Single level Tlb hierarchy
--------
  Data Tlb:
    Entries:          16
    Page Size(B):   4096
    Associativity:      4

Latencies:    0   50
Tlb-Sets:    4 - LRU - assoc:   4

Tlb Stats:
Tlb-Load-Hits:         555807320   92.32%
Tlb-Load-Misses:        46215724    7.68%
Tlb-Load-Accesses:     602023044  100.00%

Tlb-Store-Hits:         122839411   93.90%
Tlb-Store-Misses:         7982701    6.10%
Tlb-Store-Accesses:     130822112  100.00%

Tlb-Total-Hits:         678646731   92.60%
Tlb-Total-Misses:        54198425    7.40%
Tlb-Total-Accesses:     732845156  100.00%



--------
Two level Cache hierarchy
--------
  L1-Data Cache:
    Size(KB):          32
    Block Size(B):     64
    Associativity:      8

  L2-Data Cache:
    Size(KB):        1024
    Block Size(B):    128
    Associativity:      8

Latencies:    1   10  150
L1-Sets:   64 - LRU - assoc:   8
L2-Sets: 1024 - LRU - assoc:   8
Store_allocation: Yes
L2_inclusive: Yes
L2_prefetching: No

L1 Cache Stats:
L1-Load-Hits:         598315183   99.38%
L1-Load-Misses:         3707861    0.62%
L1-Load-Accesses:     602023044  100.00%

L1-Store-Hits:         130196461   99.52%
L1-Store-Misses:          625651    0.48%
L1-Store-Accesses:     130822112  100.00%

L1-Total-Hits:         728511644   99.41%
L1-Total-Misses:         4333512    0.59%
L1-Total-Accesses:     732845156  100.00%

L2 Cache Stats:
L2-Load-Hits:           2478422   66.84%
L2-Load-Misses:         1229439   33.16%
L2-Load-Accesses:       3707861  100.00%

L2-Store-Hits:            420747   67.25%
L2-Store-Misses:          204904   32.75%
L2-Store-Accesses:        625651  100.00%

L2-Total-Hits:           2899169   66.90%
L2-Total-Misses:         1434343   33.10%
L2-Total-Accesses:       4333512  100.00%

