--------
Total Statistics
--------
Total Instructions: 2172105007
Total Cycles: 7227638253
IPC: 0.300528

--------
Single level Tlb hierarchy
--------
  Data Tlb:
    Entries:          64
    Page Size(B):   4096
    Associativity:      1

Latencies:    0   50
Tlb-Sets:   64 - LRU - assoc:   1

Tlb Stats:
Tlb-Load-Hits:         521674918   86.65%
Tlb-Load-Misses:        80348126   13.35%
Tlb-Load-Accesses:     602023044  100.00%

Tlb-Store-Hits:         129886808   99.29%
Tlb-Store-Misses:          935304    0.71%
Tlb-Store-Accesses:     130822112  100.00%

Tlb-Total-Hits:         651561726   88.91%
Tlb-Total-Misses:        81283430   11.09%
Tlb-Total-Accesses:     732845156  100.00%



--------
Two level Cache hierarchy
--------
  L1-Data Cache:
    Size(KB):          32
    Block Size(B):     64
    Associativity:      8

  L2-Data Cache:
    Size(KB):        1024
    Block Size(B):    128
    Associativity:      8

Latencies:    1   10  150
L1-Sets:   64 - LRU - assoc:   8
L2-Sets: 1024 - LRU - assoc:   8
Store_allocation: Yes
L2_inclusive: Yes
L2_prefetching: No

L1 Cache Stats:
L1-Load-Hits:         598315383   99.38%
L1-Load-Misses:         3707661    0.62%
L1-Load-Accesses:     602023044  100.00%

L1-Store-Hits:         130190289   99.52%
L1-Store-Misses:          631823    0.48%
L1-Store-Accesses:     130822112  100.00%

L1-Total-Hits:         728505672   99.41%
L1-Total-Misses:         4339484    0.59%
L1-Total-Accesses:     732845156  100.00%

L2 Cache Stats:
L2-Load-Hits:           2478422   66.85%
L2-Load-Misses:         1229239   33.15%
L2-Load-Accesses:       3707661  100.00%

L2-Store-Hits:            426917   67.57%
L2-Store-Misses:          204906   32.43%
L2-Store-Accesses:        631823  100.00%

L2-Total-Hits:           2905339   66.95%
L2-Total-Misses:         1434145   33.05%
L2-Total-Accesses:       4339484  100.00%

