--------
Total Statistics
--------
Total Instructions: 2172104973
Total Cycles: 4833256140
IPC: 0.449408

--------
Single level Tlb hierarchy
--------
  Data Tlb:
    Entries:         256
    Page Size(B):   4096
    Associativity:      4

Latencies:    0   50
Tlb-Sets:   64 - LRU - assoc:   4

Tlb Stats:
Tlb-Load-Hits:         568734305   94.47%
Tlb-Load-Misses:        33288725    5.53%
Tlb-Load-Accesses:     602023030  100.00%

Tlb-Store-Hits:         130711906   99.92%
Tlb-Store-Misses:          110201    0.08%
Tlb-Store-Accesses:     130822107  100.00%

Tlb-Total-Hits:         699446211   95.44%
Tlb-Total-Misses:        33398926    4.56%
Tlb-Total-Accesses:     732845137  100.00%



--------
Two level Cache hierarchy
--------
  L1-Data Cache:
    Size(KB):          32
    Block Size(B):     64
    Associativity:      8

  L2-Data Cache:
    Size(KB):        1024
    Block Size(B):    128
    Associativity:      8

Latencies:    1   10  150
L1-Sets:   64 - LRU - assoc:   8
L2-Sets: 1024 - LRU - assoc:   8
Store_allocation: Yes
L2_inclusive: Yes
L2_prefetching: No

L1 Cache Stats:
L1-Load-Hits:         598315368   99.38%
L1-Load-Misses:         3707662    0.62%
L1-Load-Accesses:     602023030  100.00%

L1-Store-Hits:         130208971   99.53%
L1-Store-Misses:          613136    0.47%
L1-Store-Accesses:     130822107  100.00%

L1-Total-Hits:         728524339   99.41%
L1-Total-Misses:         4320798    0.59%
L1-Total-Accesses:     732845137  100.00%

L2 Cache Stats:
L2-Load-Hits:           2478421   66.85%
L2-Load-Misses:         1229241   33.15%
L2-Load-Accesses:       3707662  100.00%

L2-Store-Hits:            408032   66.55%
L2-Store-Misses:          205104   33.45%
L2-Store-Accesses:        613136  100.00%

L2-Total-Hits:           2886453   66.80%
L2-Total-Misses:         1434345   33.20%
L2-Total-Accesses:       4320798  100.00%

