--------
Total Statistics
--------
Total Instructions: 11723409660
Total Cycles: 17412362694
IPC: 0.673281

--------
Single level Tlb hierarchy
--------
  Data Tlb:
    Entries:          16
    Page Size(B):   4096
    Associativity:      4

Latencies:    0   50
Tlb-Sets:    4 - LRU - assoc:   4

Tlb Stats:
Tlb-Load-Hits:        2166108133   98.54%
Tlb-Load-Misses:        32104869    1.46%
Tlb-Load-Accesses:    2198213002  100.00%

Tlb-Store-Hits:         515882363   99.90%
Tlb-Store-Misses:          539969    0.10%
Tlb-Store-Accesses:     516422332  100.00%

Tlb-Total-Hits:        2681990496   98.80%
Tlb-Total-Misses:        32644838    1.20%
Tlb-Total-Accesses:    2714635334  100.00%



--------
Two level Cache hierarchy
--------
  L1-Data Cache:
    Size(KB):          32
    Block Size(B):     64
    Associativity:      8

  L2-Data Cache:
    Size(KB):        1024
    Block Size(B):    128
    Associativity:      8

Latencies:    1   10  150
L1-Sets:   64 - LRU - assoc:   8
L2-Sets: 1024 - LRU - assoc:   8
Store_allocation: Yes
L2_inclusive: Yes
L2_prefetching: No

L1 Cache Stats:
L1-Load-Hits:        2086345796   94.91%
L1-Load-Misses:       111867206    5.09%
L1-Load-Accesses:    2198213002  100.00%

L1-Store-Hits:         510309663   98.82%
L1-Store-Misses:         6112669    1.18%
L1-Store-Accesses:     516422332  100.00%

L1-Total-Hits:        2596655459   95.65%
L1-Total-Misses:       117979875    4.35%
L1-Total-Accesses:    2714635334  100.00%

L2 Cache Stats:
L2-Load-Hits:         111254035   99.45%
L2-Load-Misses:          613171    0.55%
L2-Load-Accesses:     111867206  100.00%

L2-Store-Hits:           5643993   92.33%
L2-Store-Misses:          468676    7.67%
L2-Store-Accesses:       6112669  100.00%

L2-Total-Hits:         116898028   99.08%
L2-Total-Misses:         1081847    0.92%
L2-Total-Accesses:     117979875  100.00%

