--------
Total Statistics
--------
Total Instructions: 11723409660
Total Cycles: 16377125204
IPC: 0.715841

--------
Single level Tlb hierarchy
--------
  Data Tlb:
    Entries:         128
    Page Size(B):   4096
    Associativity:      4

Latencies:    0   50
Tlb-Sets:   32 - LRU - assoc:   4

Tlb Stats:
Tlb-Load-Hits:        2186502800   99.47%
Tlb-Load-Misses:        11710202    0.53%
Tlb-Load-Accesses:    2198213002  100.00%

Tlb-Store-Hits:         516249146   99.97%
Tlb-Store-Misses:          173186    0.03%
Tlb-Store-Accesses:     516422332  100.00%

Tlb-Total-Hits:        2702751946   99.56%
Tlb-Total-Misses:        11883388    0.44%
Tlb-Total-Accesses:    2714635334  100.00%



--------
Two level Cache hierarchy
--------
  L1-Data Cache:
    Size(KB):          32
    Block Size(B):     64
    Associativity:      8

  L2-Data Cache:
    Size(KB):        1024
    Block Size(B):    128
    Associativity:      8

Latencies:    1   10  150
L1-Sets:   64 - LRU - assoc:   8
L2-Sets: 1024 - LRU - assoc:   8
Store_allocation: Yes
L2_inclusive: Yes
L2_prefetching: No

L1 Cache Stats:
L1-Load-Hits:        2086254851   94.91%
L1-Load-Misses:       111958151    5.09%
L1-Load-Accesses:    2198213002  100.00%

L1-Store-Hits:         510129752   98.78%
L1-Store-Misses:         6292580    1.22%
L1-Store-Accesses:     516422332  100.00%

L1-Total-Hits:        2596384603   95.64%
L1-Total-Misses:       118250731    4.36%
L1-Total-Accesses:    2714635334  100.00%

L2 Cache Stats:
L2-Load-Hits:         111344321   99.45%
L2-Load-Misses:          613830    0.55%
L2-Load-Accesses:     111958151  100.00%

L2-Store-Hits:           5823720   92.55%
L2-Store-Misses:          468860    7.45%
L2-Store-Accesses:       6292580  100.00%

L2-Total-Hits:         117168041   99.08%
L2-Total-Misses:         1082690    0.92%
L2-Total-Accesses:     118250731  100.00%

