--------
Total Statistics
--------
Total Instructions: 11723409660
Total Cycles: 16460410954
IPC: 0.712219

--------
Single level Tlb hierarchy
--------
  Data Tlb:
    Entries:          64
    Page Size(B):   4096
    Associativity:     32

Latencies:    0   50
Tlb-Sets:    2 - LRU - assoc:  32

Tlb Stats:
Tlb-Load-Hits:        2184785797   99.39%
Tlb-Load-Misses:        13427205    0.61%
Tlb-Load-Accesses:    2198213002  100.00%

Tlb-Store-Hits:         516242017   99.97%
Tlb-Store-Misses:          180315    0.03%
Tlb-Store-Accesses:     516422332  100.00%

Tlb-Total-Hits:        2701027814   99.50%
Tlb-Total-Misses:        13607520    0.50%
Tlb-Total-Accesses:    2714635334  100.00%



--------
Two level Cache hierarchy
--------
  L1-Data Cache:
    Size(KB):          32
    Block Size(B):     64
    Associativity:      8

  L2-Data Cache:
    Size(KB):        1024
    Block Size(B):    128
    Associativity:      8

Latencies:    1   10  150
L1-Sets:   64 - LRU - assoc:   8
L2-Sets: 1024 - LRU - assoc:   8
Store_allocation: Yes
L2_inclusive: Yes
L2_prefetching: No

L1 Cache Stats:
L1-Load-Hits:        2086375742   94.91%
L1-Load-Misses:       111837260    5.09%
L1-Load-Accesses:    2198213002  100.00%

L1-Store-Hits:         510318421   98.82%
L1-Store-Misses:         6103911    1.18%
L1-Store-Accesses:     516422332  100.00%

L1-Total-Hits:        2596694163   95.66%
L1-Total-Misses:       117941171    4.34%
L1-Total-Accesses:    2714635334  100.00%

L2 Cache Stats:
L2-Load-Hits:         111222056   99.45%
L2-Load-Misses:          615204    0.55%
L2-Load-Accesses:     111837260  100.00%

L2-Store-Hits:           5635260   92.32%
L2-Store-Misses:          468651    7.68%
L2-Store-Accesses:       6103911  100.00%

L2-Total-Hits:         116857316   99.08%
L2-Total-Misses:         1083855    0.92%
L2-Total-Accesses:     117941171  100.00%

