--------
Total Statistics
--------
Total Instructions: 11723409660
Total Cycles: 16461693554
IPC: 0.712163

--------
Single level Tlb hierarchy
--------
  Data Tlb:
    Entries:          64
    Page Size(B):   4096
    Associativity:      4

Latencies:    0   50
Tlb-Sets:   16 - LRU - assoc:   4

Tlb Stats:
Tlb-Load-Hits:        2184777371   99.39%
Tlb-Load-Misses:        13435631    0.61%
Tlb-Load-Accesses:    2198213002  100.00%

Tlb-Store-Hits:         516241697   99.97%
Tlb-Store-Misses:          180635    0.03%
Tlb-Store-Accesses:     516422332  100.00%

Tlb-Total-Hits:        2701019068   99.50%
Tlb-Total-Misses:        13616266    0.50%
Tlb-Total-Accesses:    2714635334  100.00%



--------
Two level Cache hierarchy
--------
  L1-Data Cache:
    Size(KB):          32
    Block Size(B):     64
    Associativity:      8

  L2-Data Cache:
    Size(KB):        1024
    Block Size(B):    128
    Associativity:      8

Latencies:    1   10  150
L1-Sets:   64 - LRU - assoc:   8
L2-Sets: 1024 - LRU - assoc:   8
Store_allocation: Yes
L2_inclusive: Yes
L2_prefetching: No

L1 Cache Stats:
L1-Load-Hits:        2086380014   94.91%
L1-Load-Misses:       111832988    5.09%
L1-Load-Accesses:    2198213002  100.00%

L1-Store-Hits:         510228704   98.80%
L1-Store-Misses:         6193628    1.20%
L1-Store-Accesses:     516422332  100.00%

L1-Total-Hits:        2596608718   95.65%
L1-Total-Misses:       118026616    4.35%
L1-Total-Accesses:    2714635334  100.00%

L2 Cache Stats:
L2-Load-Hits:         111217748   99.45%
L2-Load-Misses:          615240    0.55%
L2-Load-Accesses:     111832988  100.00%

L2-Store-Hits:           5725074   92.43%
L2-Store-Misses:          468554    7.57%
L2-Store-Accesses:       6193628  100.00%

L2-Total-Hits:         116942822   99.08%
L2-Total-Misses:         1083794    0.92%
L2-Total-Accesses:     118026616  100.00%

