--------
Total Statistics
--------
Total Instructions: 11723409626
Total Cycles: 16469476831
IPC: 0.711826

--------
Single level Tlb hierarchy
--------
  Data Tlb:
    Entries:          64
    Page Size(B):   4096
    Associativity:     64

Latencies:    0   50
Tlb-Sets:    1 - LRU - assoc:  64

Tlb Stats:
Tlb-Load-Hits:        2184785753   99.39%
Tlb-Load-Misses:        13427235    0.61%
Tlb-Load-Accesses:    2198212988  100.00%

Tlb-Store-Hits:         516162069   99.95%
Tlb-Store-Misses:          260258    0.05%
Tlb-Store-Accesses:     516422327  100.00%

Tlb-Total-Hits:        2700947822   99.50%
Tlb-Total-Misses:        13687493    0.50%
Tlb-Total-Accesses:    2714635315  100.00%



--------
Two level Cache hierarchy
--------
  L1-Data Cache:
    Size(KB):          32
    Block Size(B):     64
    Associativity:      8

  L2-Data Cache:
    Size(KB):        1024
    Block Size(B):    128
    Associativity:      8

Latencies:    1   10  150
L1-Sets:   64 - LRU - assoc:   8
L2-Sets: 1024 - LRU - assoc:   8
Store_allocation: Yes
L2_inclusive: Yes
L2_prefetching: No

L1 Cache Stats:
L1-Load-Hits:        2086214914   94.91%
L1-Load-Misses:       111998074    5.09%
L1-Load-Accesses:    2198212988  100.00%

L1-Store-Hits:         509966292   98.75%
L1-Store-Misses:         6456035    1.25%
L1-Store-Accesses:     516422327  100.00%

L1-Total-Hits:        2596181206   95.64%
L1-Total-Misses:       118454109    4.36%
L1-Total-Accesses:    2714635315  100.00%

L2 Cache Stats:
L2-Load-Hits:         111383211   99.45%
L2-Load-Misses:          614863    0.55%
L2-Load-Accesses:     111998074  100.00%

L2-Store-Hits:           5987457   92.74%
L2-Store-Misses:          468578    7.26%
L2-Store-Accesses:       6456035  100.00%

L2-Total-Hits:         117370668   99.09%
L2-Total-Misses:         1083441    0.91%
L2-Total-Accesses:     118454109  100.00%

