--------
Total Statistics
--------
Total Instructions: 11723409629
Total Cycles: 16635797604
IPC: 0.70471

--------
Single level Tlb hierarchy
--------
  Data Tlb:
    Entries:          64
    Page Size(B):   4096
    Associativity:      2

Latencies:    0   50
Tlb-Sets:   32 - LRU - assoc:   2

Tlb Stats:
Tlb-Load-Hits:        2181520596   99.24%
Tlb-Load-Misses:        16692392    0.76%
Tlb-Load-Accesses:    2198212988  100.00%

Tlb-Store-Hits:         516073520   99.93%
Tlb-Store-Misses:          348807    0.07%
Tlb-Store-Accesses:     516422327  100.00%

Tlb-Total-Hits:        2697594116   99.37%
Tlb-Total-Misses:        17041199    0.63%
Tlb-Total-Accesses:    2714635315  100.00%



--------
Two level Cache hierarchy
--------
  L1-Data Cache:
    Size(KB):          32
    Block Size(B):     64
    Associativity:      8

  L2-Data Cache:
    Size(KB):        1024
    Block Size(B):    128
    Associativity:      8

Latencies:    1   10  150
L1-Sets:   64 - LRU - assoc:   8
L2-Sets: 1024 - LRU - assoc:   8
Store_allocation: Yes
L2_inclusive: Yes
L2_prefetching: No

L1 Cache Stats:
L1-Load-Hits:        2086287610   94.91%
L1-Load-Misses:       111925378    5.09%
L1-Load-Accesses:    2198212988  100.00%

L1-Store-Hits:         510029389   98.76%
L1-Store-Misses:         6392938    1.24%
L1-Store-Accesses:     516422327  100.00%

L1-Total-Hits:        2596316999   95.64%
L1-Total-Misses:       118318316    4.36%
L1-Total-Accesses:    2714635315  100.00%

L2 Cache Stats:
L2-Load-Hits:         111310587   99.45%
L2-Load-Misses:          614791    0.55%
L2-Load-Accesses:     111925378  100.00%

L2-Store-Hits:           5924332   92.67%
L2-Store-Misses:          468606    7.33%
L2-Store-Accesses:       6392938  100.00%

L2-Total-Hits:         117234919   99.08%
L2-Total-Misses:         1083397    0.92%
L2-Total-Accesses:     118318316  100.00%

