--------
Total Statistics
--------
Total Instructions: 11723409626
Total Cycles: 16462027431
IPC: 0.712149

--------
Single level Tlb hierarchy
--------
  Data Tlb:
    Entries:          64
    Page Size(B):   4096
    Associativity:      8

Latencies:    0   50
Tlb-Sets:    8 - LRU - assoc:   8

Tlb Stats:
Tlb-Load-Hits:        2184785557   99.39%
Tlb-Load-Misses:        13427431    0.61%
Tlb-Load-Accesses:    2198212988  100.00%

Tlb-Store-Hits:         516242112   99.97%
Tlb-Store-Misses:          180215    0.03%
Tlb-Store-Accesses:     516422327  100.00%

Tlb-Total-Hits:        2701027669   99.50%
Tlb-Total-Misses:        13607646    0.50%
Tlb-Total-Accesses:    2714635315  100.00%



--------
Two level Cache hierarchy
--------
  L1-Data Cache:
    Size(KB):          32
    Block Size(B):     64
    Associativity:      8

  L2-Data Cache:
    Size(KB):        1024
    Block Size(B):    128
    Associativity:      8

Latencies:    1   10  150
L1-Sets:   64 - LRU - assoc:   8
L2-Sets: 1024 - LRU - assoc:   8
Store_allocation: Yes
L2_inclusive: Yes
L2_prefetching: No

L1 Cache Stats:
L1-Load-Hits:        2086457905   94.92%
L1-Load-Misses:       111755083    5.08%
L1-Load-Accesses:    2198212988  100.00%

L1-Store-Hits:         510079401   98.77%
L1-Store-Misses:         6342926    1.23%
L1-Store-Accesses:     516422327  100.00%

L1-Total-Hits:        2596537306   95.65%
L1-Total-Misses:       118098009    4.35%
L1-Total-Accesses:    2714635315  100.00%

L2 Cache Stats:
L2-Load-Hits:         111139556   99.45%
L2-Load-Misses:          615527    0.55%
L2-Load-Accesses:     111755083  100.00%

L2-Store-Hits:           5874319   92.61%
L2-Store-Misses:          468607    7.39%
L2-Store-Accesses:       6342926  100.00%

L2-Total-Hits:         117013875   99.08%
L2-Total-Misses:         1084134    0.92%
L2-Total-Accesses:     118098009  100.00%

