--------
Total Statistics
--------
Total Instructions: 11723409660
Total Cycles: 20463961634
IPC: 0.572881

--------
Single level Tlb hierarchy
--------
  Data Tlb:
    Entries:           8
    Page Size(B):   4096
    Associativity:      4

Latencies:    0   50
Tlb-Sets:    2 - LRU - assoc:   4

Tlb Stats:
Tlb-Load-Hits:        2109583705   95.97%
Tlb-Load-Misses:        88629297    4.03%
Tlb-Load-Accesses:    2198213002  100.00%

Tlb-Store-Hits:         511481558   99.04%
Tlb-Store-Misses:         4940774    0.96%
Tlb-Store-Accesses:     516422332  100.00%

Tlb-Total-Hits:        2621065263   96.55%
Tlb-Total-Misses:        93570071    3.45%
Tlb-Total-Accesses:    2714635334  100.00%



--------
Two level Cache hierarchy
--------
  L1-Data Cache:
    Size(KB):          32
    Block Size(B):     64
    Associativity:      8

  L2-Data Cache:
    Size(KB):        1024
    Block Size(B):    128
    Associativity:      8

Latencies:    1   10  150
L1-Sets:   64 - LRU - assoc:   8
L2-Sets: 1024 - LRU - assoc:   8
Store_allocation: Yes
L2_inclusive: Yes
L2_prefetching: No

L1 Cache Stats:
L1-Load-Hits:        2086192860   94.90%
L1-Load-Misses:       112020142    5.10%
L1-Load-Accesses:    2198213002  100.00%

L1-Store-Hits:         509947245   98.75%
L1-Store-Misses:         6475087    1.25%
L1-Store-Accesses:     516422332  100.00%

L1-Total-Hits:        2596140105   95.63%
L1-Total-Misses:       118495229    4.37%
L1-Total-Accesses:    2714635334  100.00%

L2 Cache Stats:
L2-Load-Hits:         111405675   99.45%
L2-Load-Misses:          614467    0.55%
L2-Load-Accesses:     112020142  100.00%

L2-Store-Hits:           6006482   92.76%
L2-Store-Misses:          468605    7.24%
L2-Store-Accesses:       6475087  100.00%

L2-Total-Hits:         117412157   99.09%
L2-Total-Misses:         1083072    0.91%
L2-Total-Accesses:     118495229  100.00%

