--------
Total Statistics
--------
Total Instructions: 11723409626
Total Cycles: 15796228161
IPC: 0.742165

--------
Single level Tlb hierarchy
--------
  Data Tlb:
    Entries:         256
    Page Size(B):   4096
    Associativity:      4

Latencies:    0   50
Tlb-Sets:   64 - LRU - assoc:   4

Tlb Stats:
Tlb-Load-Hits:        2197991932   99.99%
Tlb-Load-Misses:          221056    0.01%
Tlb-Load-Accesses:    2198212988  100.00%

Tlb-Store-Hits:         516353635   99.99%
Tlb-Store-Misses:           68692    0.01%
Tlb-Store-Accesses:     516422327  100.00%

Tlb-Total-Hits:        2714345567   99.99%
Tlb-Total-Misses:          289748    0.01%
Tlb-Total-Accesses:    2714635315  100.00%



--------
Two level Cache hierarchy
--------
  L1-Data Cache:
    Size(KB):          32
    Block Size(B):     64
    Associativity:      8

  L2-Data Cache:
    Size(KB):        1024
    Block Size(B):    128
    Associativity:      8

Latencies:    1   10  150
L1-Sets:   64 - LRU - assoc:   8
L2-Sets: 1024 - LRU - assoc:   8
Store_allocation: Yes
L2_inclusive: Yes
L2_prefetching: No

L1 Cache Stats:
L1-Load-Hits:        2086378978   94.91%
L1-Load-Misses:       111834010    5.09%
L1-Load-Accesses:    2198212988  100.00%

L1-Store-Hits:         510147400   98.78%
L1-Store-Misses:         6274927    1.22%
L1-Store-Accesses:     516422327  100.00%

L1-Total-Hits:        2596526378   95.65%
L1-Total-Misses:       118108937    4.35%
L1-Total-Accesses:    2714635315  100.00%

L2 Cache Stats:
L2-Load-Hits:         111218574   99.45%
L2-Load-Misses:          615436    0.55%
L2-Load-Accesses:     111834010  100.00%

L2-Store-Hits:           5806320   92.53%
L2-Store-Misses:          468607    7.47%
L2-Store-Accesses:       6274927  100.00%

L2-Total-Hits:         117024894   99.08%
L2-Total-Misses:         1084043    0.92%
L2-Total-Accesses:     118108937  100.00%

