--------
Total Statistics
--------
Total Instructions: 11723409626
Total Cycles: 16461708491
IPC: 0.712162

--------
Single level Tlb hierarchy
--------
  Data Tlb:
    Entries:          64
    Page Size(B):   4096
    Associativity:     16

Latencies:    0   50
Tlb-Sets:    4 - LRU - assoc:  16

Tlb Stats:
Tlb-Load-Hits:        2184785785   99.39%
Tlb-Load-Misses:        13427203    0.61%
Tlb-Load-Accesses:    2198212988  100.00%

Tlb-Store-Hits:         516242044   99.97%
Tlb-Store-Misses:          180283    0.03%
Tlb-Store-Accesses:     516422327  100.00%

Tlb-Total-Hits:        2701027829   99.50%
Tlb-Total-Misses:        13607486    0.50%
Tlb-Total-Accesses:    2714635315  100.00%



--------
Two level Cache hierarchy
--------
  L1-Data Cache:
    Size(KB):          32
    Block Size(B):     64
    Associativity:      8

  L2-Data Cache:
    Size(KB):        1024
    Block Size(B):    128
    Associativity:      8

Latencies:    1   10  150
L1-Sets:   64 - LRU - assoc:   8
L2-Sets: 1024 - LRU - assoc:   8
Store_allocation: Yes
L2_inclusive: Yes
L2_prefetching: No

L1 Cache Stats:
L1-Load-Hits:        2086392267   94.91%
L1-Load-Misses:       111820721    5.09%
L1-Load-Accesses:    2198212988  100.00%

L1-Store-Hits:         510164268   98.79%
L1-Store-Misses:         6258059    1.21%
L1-Store-Accesses:     516422327  100.00%

L1-Total-Hits:        2596556535   95.65%
L1-Total-Misses:       118078780    4.35%
L1-Total-Accesses:    2714635315  100.00%

L2 Cache Stats:
L2-Load-Hits:         111205993   99.45%
L2-Load-Misses:          614728    0.55%
L2-Load-Accesses:     111820721  100.00%

L2-Store-Hits:           5789444   92.51%
L2-Store-Misses:          468615    7.49%
L2-Store-Accesses:       6258059  100.00%

L2-Total-Hits:         116995437   99.08%
L2-Total-Misses:         1083343    0.92%
L2-Total-Accesses:     118078780  100.00%

