--------
Total Statistics
--------
Total Instructions: 11723409626
Total Cycles: 16655806281
IPC: 0.703863

--------
Single level Tlb hierarchy
--------
  Data Tlb:
    Entries:          32
    Page Size(B):   4096
    Associativity:      4

Latencies:    0   50
Tlb-Sets:    8 - LRU - assoc:   4

Tlb Stats:
Tlb-Load-Hits:        2181001503   99.22%
Tlb-Load-Misses:        17211485    0.78%
Tlb-Load-Accesses:    2198212988  100.00%

Tlb-Store-Hits:         516239622   99.96%
Tlb-Store-Misses:          182705    0.04%
Tlb-Store-Accesses:     516422327  100.00%

Tlb-Total-Hits:        2697241125   99.36%
Tlb-Total-Misses:        17394190    0.64%
Tlb-Total-Accesses:    2714635315  100.00%



--------
Two level Cache hierarchy
--------
  L1-Data Cache:
    Size(KB):          32
    Block Size(B):     64
    Associativity:      8

  L2-Data Cache:
    Size(KB):        1024
    Block Size(B):    128
    Associativity:      8

Latencies:    1   10  150
L1-Sets:   64 - LRU - assoc:   8
L2-Sets: 1024 - LRU - assoc:   8
Store_allocation: Yes
L2_inclusive: Yes
L2_prefetching: No

L1 Cache Stats:
L1-Load-Hits:        2086187101   94.90%
L1-Load-Misses:       112025887    5.10%
L1-Load-Accesses:    2198212988  100.00%

L1-Store-Hits:         509884580   98.73%
L1-Store-Misses:         6537747    1.27%
L1-Store-Accesses:     516422327  100.00%

L1-Total-Hits:        2596071681   95.63%
L1-Total-Misses:       118563634    4.37%
L1-Total-Accesses:    2714635315  100.00%

L2 Cache Stats:
L2-Load-Hits:         111411772   99.45%
L2-Load-Misses:          614115    0.55%
L2-Load-Accesses:     112025887  100.00%

L2-Store-Hits:           6069092   92.83%
L2-Store-Misses:          468655    7.17%
L2-Store-Accesses:       6537747  100.00%

L2-Total-Hits:         117480864   99.09%
L2-Total-Misses:         1082770    0.91%
L2-Total-Accesses:     118563634  100.00%

