--------
Total Statistics
--------
Total Instructions: 1682276472
Total Cycles: 9257160669
IPC: 0.181727

--------
Single level Tlb hierarchy
--------
  Data Tlb:
    Entries:         128
    Page Size(B):   4096
    Associativity:      4

Latencies:    0   50
Tlb-Sets:   32 - LRU - assoc:   4

Tlb Stats:
Tlb-Load-Hits:         289401595   90.00%
Tlb-Load-Misses:        32153860   10.00%
Tlb-Load-Accesses:     321555455  100.00%

Tlb-Store-Hits:         132164581  100.00%
Tlb-Store-Misses:              21    0.00%
Tlb-Store-Accesses:     132164602  100.00%

Tlb-Total-Hits:         421566176   92.91%
Tlb-Total-Misses:        32153881    7.09%
Tlb-Total-Accesses:     453720057  100.00%



--------
Two level Cache hierarchy
--------
  L1-Data Cache:
    Size(KB):          32
    Block Size(B):     64
    Associativity:      8

  L2-Data Cache:
    Size(KB):        1024
    Block Size(B):    128
    Associativity:      8

Latencies:    1   10  150
L1-Sets:   64 - LRU - assoc:   8
L2-Sets: 1024 - LRU - assoc:   8
Store_allocation: Yes
L2_inclusive: Yes
L2_prefetching: No

L1 Cache Stats:
L1-Load-Hits:         249200613   77.50%
L1-Load-Misses:        72354842   22.50%
L1-Load-Accesses:     321555455  100.00%

L1-Store-Hits:         132154295   99.99%
L1-Store-Misses:           10307    0.01%
L1-Store-Accesses:     132164602  100.00%

L1-Total-Hits:         381354908   84.05%
L1-Total-Misses:        72365149   15.95%
L1-Total-Accesses:     453720057  100.00%

L2 Cache Stats:
L2-Load-Hits:          40424870   55.87%
L2-Load-Misses:        31929972   44.13%
L2-Load-Accesses:      72354842  100.00%

L2-Store-Hits:              8155   79.12%
L2-Store-Misses:            2152   20.88%
L2-Store-Accesses:         10307  100.00%

L2-Total-Hits:          40433025   55.87%
L2-Total-Misses:        31932124   44.13%
L2-Total-Accesses:      72365149  100.00%

