--------
Total Statistics
--------
Total Instructions: 1682276506
Total Cycles: 9444323462
IPC: 0.178126

--------
Single level Tlb hierarchy
--------
  Data Tlb:
    Entries:          64
    Page Size(B):   4096
    Associativity:      8

Latencies:    0   50
Tlb-Sets:    8 - LRU - assoc:   8

Tlb Stats:
Tlb-Load-Hits:         285690092   88.85%
Tlb-Load-Misses:        35865377   11.15%
Tlb-Load-Accesses:     321555469  100.00%

Tlb-Store-Hits:         132164576  100.00%
Tlb-Store-Misses:              31    0.00%
Tlb-Store-Accesses:     132164607  100.00%

Tlb-Total-Hits:         417854668   92.10%
Tlb-Total-Misses:        35865408    7.90%
Tlb-Total-Accesses:     453720076  100.00%



--------
Two level Cache hierarchy
--------
  L1-Data Cache:
    Size(KB):          32
    Block Size(B):     64
    Associativity:      8

  L2-Data Cache:
    Size(KB):        1024
    Block Size(B):    128
    Associativity:      8

Latencies:    1   10  150
L1-Sets:   64 - LRU - assoc:   8
L2-Sets: 1024 - LRU - assoc:   8
Store_allocation: Yes
L2_inclusive: Yes
L2_prefetching: No

L1 Cache Stats:
L1-Load-Hits:         249160226   77.49%
L1-Load-Misses:        72395243   22.51%
L1-Load-Accesses:     321555469  100.00%

L1-Store-Hits:         132137357   99.98%
L1-Store-Misses:           27250    0.02%
L1-Store-Accesses:     132164607  100.00%

L1-Total-Hits:         381297583   84.04%
L1-Total-Misses:        72422493   15.96%
L1-Total-Accesses:     453720076  100.00%

L2 Cache Stats:
L2-Load-Hits:          40460169   55.89%
L2-Load-Misses:        31935074   44.11%
L2-Load-Accesses:      72395243  100.00%

L2-Store-Hits:             23447   86.04%
L2-Store-Misses:            3803   13.96%
L2-Store-Accesses:         27250  100.00%

L2-Total-Hits:          40483616   55.90%
L2-Total-Misses:        31938877   44.10%
L2-Total-Accesses:      72422493  100.00%

