--------
Total Statistics
--------
Total Instructions: 1682276472
Total Cycles: 9813171169
IPC: 0.17143

--------
Single level Tlb hierarchy
--------
  Data Tlb:
    Entries:          64
    Page Size(B):   4096
    Associativity:      4

Latencies:    0   50
Tlb-Sets:   16 - LRU - assoc:   4

Tlb Stats:
Tlb-Load-Hits:         278293512   86.55%
Tlb-Load-Misses:        43261943   13.45%
Tlb-Load-Accesses:     321555455  100.00%

Tlb-Store-Hits:         132164571  100.00%
Tlb-Store-Misses:              31    0.00%
Tlb-Store-Accesses:     132164602  100.00%

Tlb-Total-Hits:         410458083   90.47%
Tlb-Total-Misses:        43261974    9.53%
Tlb-Total-Accesses:     453720057  100.00%



--------
Two level Cache hierarchy
--------
  L1-Data Cache:
    Size(KB):          32
    Block Size(B):     64
    Associativity:      8

  L2-Data Cache:
    Size(KB):        1024
    Block Size(B):    128
    Associativity:      8

Latencies:    1   10  150
L1-Sets:   64 - LRU - assoc:   8
L2-Sets: 1024 - LRU - assoc:   8
Store_allocation: Yes
L2_inclusive: Yes
L2_prefetching: No

L1 Cache Stats:
L1-Load-Hits:         249196558   77.50%
L1-Load-Misses:        72358897   22.50%
L1-Load-Accesses:     321555455  100.00%

L1-Store-Hits:         132153790   99.99%
L1-Store-Misses:           10812    0.01%
L1-Store-Accesses:     132164602  100.00%

L1-Total-Hits:         381350348   84.05%
L1-Total-Misses:        72369709   15.95%
L1-Total-Accesses:     453720057  100.00%

L2 Cache Stats:
L2-Load-Hits:          40425554   55.87%
L2-Load-Misses:        31933343   44.13%
L2-Load-Accesses:      72358897  100.00%

L2-Store-Hits:              8296   76.73%
L2-Store-Misses:            2516   23.27%
L2-Store-Accesses:         10812  100.00%

L2-Total-Hits:          40433850   55.87%
L2-Total-Misses:        31935859   44.13%
L2-Total-Accesses:      72369709  100.00%

