--------
Total Statistics
--------
Total Instructions: 1682276472
Total Cycles: 10051541719
IPC: 0.167365

--------
Single level Tlb hierarchy
--------
  Data Tlb:
    Entries:          64
    Page Size(B):   4096
    Associativity:      2

Latencies:    0   50
Tlb-Sets:   32 - LRU - assoc:   2

Tlb Stats:
Tlb-Load-Hits:         273525350   85.06%
Tlb-Load-Misses:        48030105   14.94%
Tlb-Load-Accesses:     321555455  100.00%

Tlb-Store-Hits:         132162645  100.00%
Tlb-Store-Misses:            1957    0.00%
Tlb-Store-Accesses:     132164602  100.00%

Tlb-Total-Hits:         405687995   89.41%
Tlb-Total-Misses:        48032062   10.59%
Tlb-Total-Accesses:     453720057  100.00%



--------
Two level Cache hierarchy
--------
  L1-Data Cache:
    Size(KB):          32
    Block Size(B):     64
    Associativity:      8

  L2-Data Cache:
    Size(KB):        1024
    Block Size(B):    128
    Associativity:      8

Latencies:    1   10  150
L1-Sets:   64 - LRU - assoc:   8
L2-Sets: 1024 - LRU - assoc:   8
Store_allocation: Yes
L2_inclusive: Yes
L2_prefetching: No

L1 Cache Stats:
L1-Load-Hits:         249176421   77.49%
L1-Load-Misses:        72379034   22.51%
L1-Load-Accesses:     321555455  100.00%

L1-Store-Hits:         132149497   99.99%
L1-Store-Misses:           15105    0.01%
L1-Store-Accesses:     132164602  100.00%

L1-Total-Hits:         381325918   84.04%
L1-Total-Misses:        72394139   15.96%
L1-Total-Accesses:     453720057  100.00%

L2 Cache Stats:
L2-Load-Hits:          40447469   55.88%
L2-Load-Misses:        31931565   44.12%
L2-Load-Accesses:      72379034  100.00%

L2-Store-Hits:             13332   88.26%
L2-Store-Misses:            1773   11.74%
L2-Store-Accesses:         15105  100.00%

L2-Total-Hits:          40460801   55.89%
L2-Total-Misses:        31933338   44.11%
L2-Total-Accesses:      72394139  100.00%

