--------
Total Statistics
--------
Total Instructions: 1682276472
Total Cycles: 9284308099
IPC: 0.181196

--------
Single level Tlb hierarchy
--------
  Data Tlb:
    Entries:          64
    Page Size(B):   4096
    Associativity:     64

Latencies:    0   50
Tlb-Sets:    1 - LRU - assoc:  64

Tlb Stats:
Tlb-Load-Hits:         288860508   89.83%
Tlb-Load-Misses:        32694947   10.17%
Tlb-Load-Accesses:     321555455  100.00%

Tlb-Store-Hits:         132164584  100.00%
Tlb-Store-Misses:              18    0.00%
Tlb-Store-Accesses:     132164602  100.00%

Tlb-Total-Hits:         421025092   92.79%
Tlb-Total-Misses:        32694965    7.21%
Tlb-Total-Accesses:     453720057  100.00%



--------
Two level Cache hierarchy
--------
  L1-Data Cache:
    Size(KB):          32
    Block Size(B):     64
    Associativity:      8

  L2-Data Cache:
    Size(KB):        1024
    Block Size(B):    128
    Associativity:      8

Latencies:    1   10  150
L1-Sets:   64 - LRU - assoc:   8
L2-Sets: 1024 - LRU - assoc:   8
Store_allocation: Yes
L2_inclusive: Yes
L2_prefetching: No

L1 Cache Stats:
L1-Load-Hits:         249204947   77.50%
L1-Load-Misses:        72350508   22.50%
L1-Load-Accesses:     321555455  100.00%

L1-Store-Hits:         132153778   99.99%
L1-Store-Misses:           10824    0.01%
L1-Store-Accesses:     132164602  100.00%

L1-Total-Hits:         381358725   84.05%
L1-Total-Misses:        72361332   15.95%
L1-Total-Accesses:     453720057  100.00%

L2 Cache Stats:
L2-Load-Hits:          40419992   55.87%
L2-Load-Misses:        31930516   44.13%
L2-Load-Accesses:      72350508  100.00%

L2-Store-Hits:              8340   77.05%
L2-Store-Misses:            2484   22.95%
L2-Store-Accesses:         10824  100.00%

L2-Total-Hits:          40428332   55.87%
L2-Total-Misses:        31933000   44.13%
L2-Total-Accesses:      72361332  100.00%

