--------
Total Statistics
--------
Total Instructions: 1682276472
Total Cycles: 9313945649
IPC: 0.180619

--------
Single level Tlb hierarchy
--------
  Data Tlb:
    Entries:          64
    Page Size(B):   4096
    Associativity:     32

Latencies:    0   50
Tlb-Sets:    2 - LRU - assoc:  32

Tlb Stats:
Tlb-Load-Hits:         288274779   89.65%
Tlb-Load-Misses:        33280676   10.35%
Tlb-Load-Accesses:     321555455  100.00%

Tlb-Store-Hits:         132164584  100.00%
Tlb-Store-Misses:              18    0.00%
Tlb-Store-Accesses:     132164602  100.00%

Tlb-Total-Hits:         420439363   92.66%
Tlb-Total-Misses:        33280694    7.34%
Tlb-Total-Accesses:     453720057  100.00%



--------
Two level Cache hierarchy
--------
  L1-Data Cache:
    Size(KB):          32
    Block Size(B):     64
    Associativity:      8

  L2-Data Cache:
    Size(KB):        1024
    Block Size(B):    128
    Associativity:      8

Latencies:    1   10  150
L1-Sets:   64 - LRU - assoc:   8
L2-Sets: 1024 - LRU - assoc:   8
Store_allocation: Yes
L2_inclusive: Yes
L2_prefetching: No

L1 Cache Stats:
L1-Load-Hits:         249199383   77.50%
L1-Load-Misses:        72356072   22.50%
L1-Load-Accesses:     321555455  100.00%

L1-Store-Hits:         132153287   99.99%
L1-Store-Misses:           11315    0.01%
L1-Store-Accesses:     132164602  100.00%

L1-Total-Hits:         381352670   84.05%
L1-Total-Misses:        72367387   15.95%
L1-Total-Accesses:     453720057  100.00%

L2 Cache Stats:
L2-Load-Hits:          40423333   55.87%
L2-Load-Misses:        31932739   44.13%
L2-Load-Accesses:      72356072  100.00%

L2-Store-Hits:              9117   80.57%
L2-Store-Misses:            2198   19.43%
L2-Store-Accesses:         11315  100.00%

L2-Total-Hits:          40432450   55.87%
L2-Total-Misses:        31934937   44.13%
L2-Total-Accesses:      72367387  100.00%

