--------
Total Statistics
--------
Total Instructions: 1682276472
Total Cycles: 10467129379
IPC: 0.16072

--------
Single level Tlb hierarchy
--------
  Data Tlb:
    Entries:          64
    Page Size(B):   4096
    Associativity:      1

Latencies:    0   50
Tlb-Sets:   64 - LRU - assoc:   1

Tlb Stats:
Tlb-Load-Hits:         265274629   82.50%
Tlb-Load-Misses:        56280826   17.50%
Tlb-Load-Accesses:     321555455  100.00%

Tlb-Store-Hits:         132099531   99.95%
Tlb-Store-Misses:           65071    0.05%
Tlb-Store-Accesses:     132164602  100.00%

Tlb-Total-Hits:         397374160   87.58%
Tlb-Total-Misses:        56345897   12.42%
Tlb-Total-Accesses:     453720057  100.00%



--------
Two level Cache hierarchy
--------
  L1-Data Cache:
    Size(KB):          32
    Block Size(B):     64
    Associativity:      8

  L2-Data Cache:
    Size(KB):        1024
    Block Size(B):    128
    Associativity:      8

Latencies:    1   10  150
L1-Sets:   64 - LRU - assoc:   8
L2-Sets: 1024 - LRU - assoc:   8
Store_allocation: Yes
L2_inclusive: Yes
L2_prefetching: No

L1 Cache Stats:
L1-Load-Hits:         249200337   77.50%
L1-Load-Misses:        72355118   22.50%
L1-Load-Accesses:     321555455  100.00%

L1-Store-Hits:         132153345   99.99%
L1-Store-Misses:           11257    0.01%
L1-Store-Accesses:     132164602  100.00%

L1-Total-Hits:         381353682   84.05%
L1-Total-Misses:        72366375   15.95%
L1-Total-Accesses:     453720057  100.00%

L2 Cache Stats:
L2-Load-Hits:          40422861   55.87%
L2-Load-Misses:        31932257   44.13%
L2-Load-Accesses:      72355118  100.00%

L2-Store-Hits:              9019   80.12%
L2-Store-Misses:            2238   19.88%
L2-Store-Accesses:         11257  100.00%

L2-Total-Hits:          40431880   55.87%
L2-Total-Misses:        31934495   44.13%
L2-Total-Accesses:      72366375  100.00%

