--------
Total Statistics
--------
Total Instructions: 1682276506
Total Cycles: 9139254802
IPC: 0.184072

--------
Single level Tlb hierarchy
--------
  Data Tlb:
    Entries:         256
    Page Size(B):   4096
    Associativity:      4

Latencies:    0   50
Tlb-Sets:   64 - LRU - assoc:   4

Tlb Stats:
Tlb-Load-Hits:         291767397   90.74%
Tlb-Load-Misses:        29788072    9.26%
Tlb-Load-Accesses:     321555469  100.00%

Tlb-Store-Hits:         132164589  100.00%
Tlb-Store-Misses:              18    0.00%
Tlb-Store-Accesses:     132164607  100.00%

Tlb-Total-Hits:         423931986   93.43%
Tlb-Total-Misses:        29788090    6.57%
Tlb-Total-Accesses:     453720076  100.00%



--------
Two level Cache hierarchy
--------
  L1-Data Cache:
    Size(KB):          32
    Block Size(B):     64
    Associativity:      8

  L2-Data Cache:
    Size(KB):        1024
    Block Size(B):    128
    Associativity:      8

Latencies:    1   10  150
L1-Sets:   64 - LRU - assoc:   8
L2-Sets: 1024 - LRU - assoc:   8
Store_allocation: Yes
L2_inclusive: Yes
L2_prefetching: No

L1 Cache Stats:
L1-Load-Hits:         249203290   77.50%
L1-Load-Misses:        72352179   22.50%
L1-Load-Accesses:     321555469  100.00%

L1-Store-Hits:         132154209   99.99%
L1-Store-Misses:           10398    0.01%
L1-Store-Accesses:     132164607  100.00%

L1-Total-Hits:         381357499   84.05%
L1-Total-Misses:        72362577   15.95%
L1-Total-Accesses:     453720076  100.00%

L2 Cache Stats:
L2-Load-Hits:          40419578   55.87%
L2-Load-Misses:        31932601   44.13%
L2-Load-Accesses:      72352179  100.00%

L2-Store-Hits:              8146   78.34%
L2-Store-Misses:            2252   21.66%
L2-Store-Accesses:         10398  100.00%

L2-Total-Hits:          40427724   55.87%
L2-Total-Misses:        31934853   44.13%
L2-Total-Accesses:      72362577  100.00%

