--------
Total Statistics
--------
Total Instructions: 1682276472
Total Cycles: 12000512009
IPC: 0.140184

--------
Single level Tlb hierarchy
--------
  Data Tlb:
    Entries:          16
    Page Size(B):   4096
    Associativity:      4

Latencies:    0   50
Tlb-Sets:    4 - LRU - assoc:   4

Tlb Stats:
Tlb-Load-Hits:         234561667   72.95%
Tlb-Load-Misses:        86993788   27.05%
Tlb-Load-Accesses:     321555455  100.00%

Tlb-Store-Hits:         132164580  100.00%
Tlb-Store-Misses:              22    0.00%
Tlb-Store-Accesses:     132164602  100.00%

Tlb-Total-Hits:         366726247   80.83%
Tlb-Total-Misses:        86993810   19.17%
Tlb-Total-Accesses:     453720057  100.00%



--------
Two level Cache hierarchy
--------
  L1-Data Cache:
    Size(KB):          32
    Block Size(B):     64
    Associativity:      8

  L2-Data Cache:
    Size(KB):        1024
    Block Size(B):    128
    Associativity:      8

Latencies:    1   10  150
L1-Sets:   64 - LRU - assoc:   8
L2-Sets: 1024 - LRU - assoc:   8
Store_allocation: Yes
L2_inclusive: Yes
L2_prefetching: No

L1 Cache Stats:
L1-Load-Hits:         249193132   77.50%
L1-Load-Misses:        72362323   22.50%
L1-Load-Accesses:     321555455  100.00%

L1-Store-Hits:         132146872   99.99%
L1-Store-Misses:           17730    0.01%
L1-Store-Accesses:     132164602  100.00%

L1-Total-Hits:         381340004   84.05%
L1-Total-Misses:        72380053   15.95%
L1-Total-Accesses:     453720057  100.00%

L2 Cache Stats:
L2-Load-Hits:          40426959   55.87%
L2-Load-Misses:        31935364   44.13%
L2-Load-Accesses:      72362323  100.00%

L2-Store-Hits:             12931   72.93%
L2-Store-Misses:            4799   27.07%
L2-Store-Accesses:         17730  100.00%

L2-Total-Hits:          40439890   55.87%
L2-Total-Misses:        31940163   44.13%
L2-Total-Accesses:      72380053  100.00%

