--------
Total Statistics
--------
Total Instructions: 20881570172
Total Cycles: 61525354800
IPC: 0.339398

--------
Single level Tlb hierarchy
--------
  Data Tlb:
    Entries:           8
    Page Size(B):   4096
    Associativity:      4

Latencies:    0   50
Tlb-Sets:    2 - LRU - assoc:   4

Tlb Stats:
Tlb-Load-Hits:        6003213181   94.48%
Tlb-Load-Misses:       350482656    5.52%
Tlb-Load-Accesses:    6353695837  100.00%

Tlb-Store-Hits:        2620856707   99.14%
Tlb-Store-Misses:        22684084    0.86%
Tlb-Store-Accesses:    2643540791  100.00%

Tlb-Total-Hits:        8624069888   95.85%
Tlb-Total-Misses:       373166740    4.15%
Tlb-Total-Accesses:    8997236628  100.00%



--------
Two level Cache hierarchy
--------
  L1-Data Cache:
    Size(KB):          32
    Block Size(B):     64
    Associativity:      8

  L2-Data Cache:
    Size(KB):        1024
    Block Size(B):    128
    Associativity:      8

Latencies:    1   10  150
L1-Sets:   64 - LRU - assoc:   8
L2-Sets: 1024 - LRU - assoc:   8
Store_allocation: Yes
L2_inclusive: Yes
L2_prefetching: No

L1 Cache Stats:
L1-Load-Hits:        6132014719   96.51%
L1-Load-Misses:       221681118    3.49%
L1-Load-Accesses:    6353695837  100.00%

L1-Store-Hits:        2624332119   99.27%
L1-Store-Misses:        19208672    0.73%
L1-Store-Accesses:    2643540791  100.00%

L1-Total-Hits:        8756346838   97.32%
L1-Total-Misses:       240889790    2.68%
L1-Total-Accesses:    8997236628  100.00%

L2 Cache Stats:
L2-Load-Hits:         156713807   70.69%
L2-Load-Misses:        64967311   29.31%
L2-Load-Accesses:     221681118  100.00%

L2-Store-Hits:          13647229   71.05%
L2-Store-Misses:         5561443   28.95%
L2-Store-Accesses:      19208672  100.00%

L2-Total-Hits:         170361036   70.72%
L2-Total-Misses:        70528754   29.28%
L2-Total-Accesses:     240889790  100.00%

