--------
Total Statistics
--------
Total Instructions: 20881570721
Total Cycles: 43501062493
IPC: 0.480024

--------
Single level Tlb hierarchy
--------
  Data Tlb:
    Entries:          64
    Page Size(B):   4096
    Associativity:     64

Latencies:    0   50
Tlb-Sets:    1 - LRU - assoc:  64

Tlb Stats:
Tlb-Load-Hits:        6341907600   99.81%
Tlb-Load-Misses:        11788403    0.19%
Tlb-Load-Accesses:    6353696003  100.00%

Tlb-Store-Hits:        2642649030   99.97%
Tlb-Store-Misses:          891869    0.03%
Tlb-Store-Accesses:    2643540899  100.00%

Tlb-Total-Hits:        8984556630   99.86%
Tlb-Total-Misses:        12680272    0.14%
Tlb-Total-Accesses:    8997236902  100.00%



--------
Two level Cache hierarchy
--------
  L1-Data Cache:
    Size(KB):          32
    Block Size(B):     64
    Associativity:      8

  L2-Data Cache:
    Size(KB):        1024
    Block Size(B):    128
    Associativity:      8

Latencies:    1   10  150
L1-Sets:   64 - LRU - assoc:   8
L2-Sets: 1024 - LRU - assoc:   8
Store_allocation: Yes
L2_inclusive: Yes
L2_prefetching: No

L1 Cache Stats:
L1-Load-Hits:        6132053706   96.51%
L1-Load-Misses:       221642297    3.49%
L1-Load-Accesses:    6353696003  100.00%

L1-Store-Hits:        2624323109   99.27%
L1-Store-Misses:        19217790    0.73%
L1-Store-Accesses:    2643540899  100.00%

L1-Total-Hits:        8756376815   97.32%
L1-Total-Misses:       240860087    2.68%
L1-Total-Accesses:    8997236902  100.00%

L2 Cache Stats:
L2-Load-Hits:         156672511   70.69%
L2-Load-Misses:        64969786   29.31%
L2-Load-Accesses:     221642297  100.00%

L2-Store-Hits:          13656640   71.06%
L2-Store-Misses:         5561150   28.94%
L2-Store-Accesses:      19217790  100.00%

L2-Total-Hits:         170329151   70.72%
L2-Total-Misses:        70530936   29.28%
L2-Total-Accesses:     240860087  100.00%

