--------
Total Statistics
--------
Total Instructions: 20881570218
Total Cycles: 47903353966
IPC: 0.43591

--------
Single level Tlb hierarchy
--------
  Data Tlb:
    Entries:          32
    Page Size(B):   4096
    Associativity:      4

Latencies:    0   50
Tlb-Sets:    8 - LRU - assoc:   4

Tlb Stats:
Tlb-Load-Hits:        6263448352   98.58%
Tlb-Load-Misses:        90247509    1.42%
Tlb-Load-Accesses:    6353695861  100.00%

Tlb-Store-Hits:        2633062120   99.60%
Tlb-Store-Misses:        10478667    0.40%
Tlb-Store-Accesses:    2643540787  100.00%

Tlb-Total-Hits:        8896510472   98.88%
Tlb-Total-Misses:       100726176    1.12%
Tlb-Total-Accesses:    8997236648  100.00%



--------
Two level Cache hierarchy
--------
  L1-Data Cache:
    Size(KB):          32
    Block Size(B):     64
    Associativity:      8

  L2-Data Cache:
    Size(KB):        1024
    Block Size(B):    128
    Associativity:      8

Latencies:    1   10  150
L1-Sets:   64 - LRU - assoc:   8
L2-Sets: 1024 - LRU - assoc:   8
Store_allocation: Yes
L2_inclusive: Yes
L2_prefetching: No

L1 Cache Stats:
L1-Load-Hits:        6132070569   96.51%
L1-Load-Misses:       221625292    3.49%
L1-Load-Accesses:    6353695861  100.00%

L1-Store-Hits:        2624410944   99.28%
L1-Store-Misses:        19129843    0.72%
L1-Store-Accesses:    2643540787  100.00%

L1-Total-Hits:        8756481513   97.32%
L1-Total-Misses:       240755135    2.68%
L1-Total-Accesses:    8997236648  100.00%

L2 Cache Stats:
L2-Load-Hits:         156648985   70.68%
L2-Load-Misses:        64976307   29.32%
L2-Load-Accesses:     221625292  100.00%

L2-Store-Hits:          13568237   70.93%
L2-Store-Misses:         5561606   29.07%
L2-Store-Accesses:      19129843  100.00%

L2-Total-Hits:         170217222   70.70%
L2-Total-Misses:        70537913   29.30%
L2-Total-Accesses:     240755135  100.00%

