--------
Total Statistics
--------
Total Instructions: 20881569982
Total Cycles: 43052440230
IPC: 0.485026

--------
Single level Tlb hierarchy
--------
  Data Tlb:
    Entries:         256
    Page Size(B):   4096
    Associativity:      4

Latencies:    0   50
Tlb-Sets:   64 - LRU - assoc:   4

Tlb Stats:
Tlb-Load-Hits:        6350377085   99.95%
Tlb-Load-Misses:         3318716    0.05%
Tlb-Load-Accesses:    6353695801  100.00%

Tlb-Store-Hits:        2643170605   99.99%
Tlb-Store-Misses:          370162    0.01%
Tlb-Store-Accesses:    2643540767  100.00%

Tlb-Total-Hits:        8993547690   99.96%
Tlb-Total-Misses:         3688878    0.04%
Tlb-Total-Accesses:    8997236568  100.00%



--------
Two level Cache hierarchy
--------
  L1-Data Cache:
    Size(KB):          32
    Block Size(B):     64
    Associativity:      8

  L2-Data Cache:
    Size(KB):        1024
    Block Size(B):    128
    Associativity:      8

Latencies:    1   10  150
L1-Sets:   64 - LRU - assoc:   8
L2-Sets: 1024 - LRU - assoc:   8
Store_allocation: Yes
L2_inclusive: Yes
L2_prefetching: No

L1 Cache Stats:
L1-Load-Hits:        6132016410   96.51%
L1-Load-Misses:       221679391    3.49%
L1-Load-Accesses:    6353695801  100.00%

L1-Store-Hits:        2624324425   99.27%
L1-Store-Misses:        19216342    0.73%
L1-Store-Accesses:    2643540767  100.00%

L1-Total-Hits:        8756340835   97.32%
L1-Total-Misses:       240895733    2.68%
L1-Total-Accesses:    8997236568  100.00%

L2 Cache Stats:
L2-Load-Hits:         156706497   70.69%
L2-Load-Misses:        64972894   29.31%
L2-Load-Accesses:     221679391  100.00%

L2-Store-Hits:          13654353   71.06%
L2-Store-Misses:         5561989   28.94%
L2-Store-Accesses:      19216342  100.00%

L2-Total-Hits:         170360850   70.72%
L2-Total-Misses:        70534883   29.28%
L2-Total-Accesses:     240895733  100.00%

