--------
Total Statistics
--------
Total Instructions: 20881569985
Total Cycles: 43399560187
IPC: 0.481147

--------
Single level Tlb hierarchy
--------
  Data Tlb:
    Entries:         128
    Page Size(B):   4096
    Associativity:      4

Latencies:    0   50
Tlb-Sets:   32 - LRU - assoc:   4

Tlb Stats:
Tlb-Load-Hits:        6344439405   99.85%
Tlb-Load-Misses:         9256391    0.15%
Tlb-Load-Accesses:    6353695796  100.00%

Tlb-Store-Hits:        2642141266   99.95%
Tlb-Store-Misses:         1399500    0.05%
Tlb-Store-Accesses:    2643540766  100.00%

Tlb-Total-Hits:        8986580671   99.88%
Tlb-Total-Misses:        10655891    0.12%
Tlb-Total-Accesses:    8997236562  100.00%



--------
Two level Cache hierarchy
--------
  L1-Data Cache:
    Size(KB):          32
    Block Size(B):     64
    Associativity:      8

  L2-Data Cache:
    Size(KB):        1024
    Block Size(B):    128
    Associativity:      8

Latencies:    1   10  150
L1-Sets:   64 - LRU - assoc:   8
L2-Sets: 1024 - LRU - assoc:   8
Store_allocation: Yes
L2_inclusive: Yes
L2_prefetching: No

L1 Cache Stats:
L1-Load-Hits:        6132065922   96.51%
L1-Load-Misses:       221629874    3.49%
L1-Load-Accesses:    6353695796  100.00%

L1-Store-Hits:        2624335891   99.27%
L1-Store-Misses:        19204875    0.73%
L1-Store-Accesses:    2643540766  100.00%

L1-Total-Hits:        8756401813   97.32%
L1-Total-Misses:       240834749    2.68%
L1-Total-Accesses:    8997236562  100.00%

L2 Cache Stats:
L2-Load-Hits:         156660430   70.69%
L2-Load-Misses:        64969444   29.31%
L2-Load-Accesses:     221629874  100.00%

L2-Store-Hits:          13643575   71.04%
L2-Store-Misses:         5561300   28.96%
L2-Store-Accesses:      19204875  100.00%

L2-Total-Hits:         170304005   70.71%
L2-Total-Misses:        70530744   29.29%
L2-Total-Accesses:     240834749  100.00%

