--------
Total Statistics
--------
Total Instructions: 20881570038
Total Cycles: 44879879713
IPC: 0.465277

--------
Single level Tlb hierarchy
--------
  Data Tlb:
    Entries:          64
    Page Size(B):   4096
    Associativity:      4

Latencies:    0   50
Tlb-Sets:   16 - LRU - assoc:   4

Tlb Stats:
Tlb-Load-Hits:        6319222644   99.46%
Tlb-Load-Misses:        34473164    0.54%
Tlb-Load-Accesses:    6353695808  100.00%

Tlb-Store-Hits:        2637763928   99.78%
Tlb-Store-Misses:         5776839    0.22%
Tlb-Store-Accesses:    2643540767  100.00%

Tlb-Total-Hits:        8956986572   99.55%
Tlb-Total-Misses:        40250003    0.45%
Tlb-Total-Accesses:    8997236575  100.00%



--------
Two level Cache hierarchy
--------
  L1-Data Cache:
    Size(KB):          32
    Block Size(B):     64
    Associativity:      8

  L2-Data Cache:
    Size(KB):        1024
    Block Size(B):    128
    Associativity:      8

Latencies:    1   10  150
L1-Sets:   64 - LRU - assoc:   8
L2-Sets: 1024 - LRU - assoc:   8
Store_allocation: Yes
L2_inclusive: Yes
L2_prefetching: No

L1 Cache Stats:
L1-Load-Hits:        6132021769   96.51%
L1-Load-Misses:       221674039    3.49%
L1-Load-Accesses:    6353695808  100.00%

L1-Store-Hits:        2624317006   99.27%
L1-Store-Misses:        19223761    0.73%
L1-Store-Accesses:    2643540767  100.00%

L1-Total-Hits:        8756338775   97.32%
L1-Total-Misses:       240897800    2.68%
L1-Total-Accesses:    8997236575  100.00%

L2 Cache Stats:
L2-Load-Hits:         156704388   70.69%
L2-Load-Misses:        64969651   29.31%
L2-Load-Accesses:     221674039  100.00%

L2-Store-Hits:          13662779   71.07%
L2-Store-Misses:         5560982   28.93%
L2-Store-Accesses:      19223761  100.00%

L2-Total-Hits:         170367167   70.72%
L2-Total-Misses:        70530633   29.28%
L2-Total-Accesses:     240897800  100.00%

