--------
Total Statistics
--------
Total Instructions: 20881570202
Total Cycles: 45437243134
IPC: 0.459569

--------
Single level Tlb hierarchy
--------
  Data Tlb:
    Entries:          64
    Page Size(B):   4096
    Associativity:      2

Latencies:    0   50
Tlb-Sets:   32 - LRU - assoc:   2

Tlb Stats:
Tlb-Load-Hits:        6309339175   99.30%
Tlb-Load-Misses:        44356665    0.70%
Tlb-Load-Accesses:    6353695840  100.00%

Tlb-Store-Hits:        2636502441   99.73%
Tlb-Store-Misses:         7038351    0.27%
Tlb-Store-Accesses:    2643540792  100.00%

Tlb-Total-Hits:        8945841616   99.43%
Tlb-Total-Misses:        51395016    0.57%
Tlb-Total-Accesses:    8997236632  100.00%



--------
Two level Cache hierarchy
--------
  L1-Data Cache:
    Size(KB):          32
    Block Size(B):     64
    Associativity:      8

  L2-Data Cache:
    Size(KB):        1024
    Block Size(B):    128
    Associativity:      8

Latencies:    1   10  150
L1-Sets:   64 - LRU - assoc:   8
L2-Sets: 1024 - LRU - assoc:   8
Store_allocation: Yes
L2_inclusive: Yes
L2_prefetching: No

L1 Cache Stats:
L1-Load-Hits:        6132000993   96.51%
L1-Load-Misses:       221694847    3.49%
L1-Load-Accesses:    6353695840  100.00%

L1-Store-Hits:        2624328489   99.27%
L1-Store-Misses:        19212303    0.73%
L1-Store-Accesses:    2643540792  100.00%

L1-Total-Hits:        8756329482   97.32%
L1-Total-Misses:       240907150    2.68%
L1-Total-Accesses:    8997236632  100.00%

L2 Cache Stats:
L2-Load-Hits:         156725408   70.69%
L2-Load-Misses:        64969439   29.31%
L2-Load-Accesses:     221694847  100.00%

L2-Store-Hits:          13650982   71.05%
L2-Store-Misses:         5561321   28.95%
L2-Store-Accesses:      19212303  100.00%

L2-Total-Hits:         170376390   70.72%
L2-Total-Misses:        70530760   29.28%
L2-Total-Accesses:     240907150  100.00%

