--------
Total Statistics
--------
Total Instructions: 20881570021
Total Cycles: 44251158663
IPC: 0.471888

--------
Single level Tlb hierarchy
--------
  Data Tlb:
    Entries:          64
    Page Size(B):   4096
    Associativity:     16

Latencies:    0   50
Tlb-Sets:    4 - LRU - assoc:  16

Tlb Stats:
Tlb-Load-Hits:        6329690520   99.62%
Tlb-Load-Misses:        24005289    0.38%
Tlb-Load-Accesses:    6353695809  100.00%

Tlb-Store-Hits:        2639872829   99.86%
Tlb-Store-Misses:         3667944    0.14%
Tlb-Store-Accesses:    2643540773  100.00%

Tlb-Total-Hits:        8969563349   99.69%
Tlb-Total-Misses:        27673233    0.31%
Tlb-Total-Accesses:    8997236582  100.00%



--------
Two level Cache hierarchy
--------
  L1-Data Cache:
    Size(KB):          32
    Block Size(B):     64
    Associativity:      8

  L2-Data Cache:
    Size(KB):        1024
    Block Size(B):    128
    Associativity:      8

Latencies:    1   10  150
L1-Sets:   64 - LRU - assoc:   8
L2-Sets: 1024 - LRU - assoc:   8
Store_allocation: Yes
L2_inclusive: Yes
L2_prefetching: No

L1 Cache Stats:
L1-Load-Hits:        6132084145   96.51%
L1-Load-Misses:       221611664    3.49%
L1-Load-Accesses:    6353695809  100.00%

L1-Store-Hits:        2624327656   99.27%
L1-Store-Misses:        19213117    0.73%
L1-Store-Accesses:    2643540773  100.00%

L1-Total-Hits:        8756411801   97.32%
L1-Total-Misses:       240824781    2.68%
L1-Total-Accesses:    8997236582  100.00%

L2 Cache Stats:
L2-Load-Hits:         156637220   70.68%
L2-Load-Misses:        64974444   29.32%
L2-Load-Accesses:     221611664  100.00%

L2-Store-Hits:          13651277   71.05%
L2-Store-Misses:         5561840   28.95%
L2-Store-Accesses:      19213117  100.00%

L2-Total-Hits:         170288497   70.71%
L2-Total-Misses:        70536284   29.29%
L2-Total-Accesses:     240824781  100.00%

