--------
Total Statistics
--------
Total Instructions: 20881569982
Total Cycles: 44428800884
IPC: 0.470001

--------
Single level Tlb hierarchy
--------
  Data Tlb:
    Entries:          64
    Page Size(B):   4096
    Associativity:      8

Latencies:    0   50
Tlb-Sets:    8 - LRU - assoc:   8

Tlb Stats:
Tlb-Load-Hits:        6327081369   99.58%
Tlb-Load-Misses:        26614434    0.42%
Tlb-Load-Accesses:    6353695803  100.00%

Tlb-Store-Hits:        2638949345   99.83%
Tlb-Store-Misses:         4591424    0.17%
Tlb-Store-Accesses:    2643540769  100.00%

Tlb-Total-Hits:        8966030714   99.65%
Tlb-Total-Misses:        31205858    0.35%
Tlb-Total-Accesses:    8997236572  100.00%



--------
Two level Cache hierarchy
--------
  L1-Data Cache:
    Size(KB):          32
    Block Size(B):     64
    Associativity:      8

  L2-Data Cache:
    Size(KB):        1024
    Block Size(B):    128
    Associativity:      8

Latencies:    1   10  150
L1-Sets:   64 - LRU - assoc:   8
L2-Sets: 1024 - LRU - assoc:   8
Store_allocation: Yes
L2_inclusive: Yes
L2_prefetching: No

L1 Cache Stats:
L1-Load-Hits:        6131985821   96.51%
L1-Load-Misses:       221709982    3.49%
L1-Load-Accesses:    6353695803  100.00%

L1-Store-Hits:        2624357673   99.27%
L1-Store-Misses:        19183096    0.73%
L1-Store-Accesses:    2643540769  100.00%

L1-Total-Hits:        8756343494   97.32%
L1-Total-Misses:       240893078    2.68%
L1-Total-Accesses:    8997236572  100.00%

L2 Cache Stats:
L2-Load-Hits:         156732928   70.69%
L2-Load-Misses:        64977054   29.31%
L2-Load-Accesses:     221709982  100.00%

L2-Store-Hits:          13621679   71.01%
L2-Store-Misses:         5561417   28.99%
L2-Store-Accesses:      19183096  100.00%

L2-Total-Hits:         170354607   70.72%
L2-Total-Misses:        70538471   29.28%
L2-Total-Accesses:     240893078  100.00%

