--------
Total Statistics
--------
Total Instructions: 20881569996
Total Cycles: 53356769825
IPC: 0.391357

--------
Single level Tlb hierarchy
--------
  Data Tlb:
    Entries:          16
    Page Size(B):   4096
    Associativity:      4

Latencies:    0   50
Tlb-Sets:    4 - LRU - assoc:   4

Tlb Stats:
Tlb-Load-Hits:        6157529068   96.91%
Tlb-Load-Misses:       196166739    3.09%
Tlb-Load-Accesses:    6353695807  100.00%

Tlb-Store-Hits:        2629898153   99.48%
Tlb-Store-Misses:        13642619    0.52%
Tlb-Store-Accesses:    2643540772  100.00%

Tlb-Total-Hits:        8787427221   97.67%
Tlb-Total-Misses:       209809358    2.33%
Tlb-Total-Accesses:    8997236579  100.00%



--------
Two level Cache hierarchy
--------
  L1-Data Cache:
    Size(KB):          32
    Block Size(B):     64
    Associativity:      8

  L2-Data Cache:
    Size(KB):        1024
    Block Size(B):    128
    Associativity:      8

Latencies:    1   10  150
L1-Sets:   64 - LRU - assoc:   8
L2-Sets: 1024 - LRU - assoc:   8
Store_allocation: Yes
L2_inclusive: Yes
L2_prefetching: No

L1 Cache Stats:
L1-Load-Hits:        6132080766   96.51%
L1-Load-Misses:       221615041    3.49%
L1-Load-Accesses:    6353695807  100.00%

L1-Store-Hits:        2624349363   99.27%
L1-Store-Misses:        19191409    0.73%
L1-Store-Accesses:    2643540772  100.00%

L1-Total-Hits:        8756430129   97.32%
L1-Total-Misses:       240806450    2.68%
L1-Total-Accesses:    8997236579  100.00%

L2 Cache Stats:
L2-Load-Hits:         156647426   70.68%
L2-Load-Misses:        64967615   29.32%
L2-Load-Accesses:     221615041  100.00%

L2-Store-Hits:          13629485   71.02%
L2-Store-Misses:         5561924   28.98%
L2-Store-Accesses:      19191409  100.00%

L2-Total-Hits:         170276911   70.71%
L2-Total-Misses:        70529539   29.29%
L2-Total-Accesses:     240806450  100.00%

