--------
Total Statistics
--------
Total Instructions: 29792923566
Total Cycles: 55252301723
IPC: 0.539216

--------
Single level Tlb hierarchy
--------
  Data Tlb:
    Entries:          64
    Page Size(B):   4096
    Associativity:     64

Latencies:    0   50
Tlb-Sets:    1 - LRU - assoc:  64

Tlb Stats:
Tlb-Load-Hits:        7135950488   99.68%
Tlb-Load-Misses:        23259309    0.32%
Tlb-Load-Accesses:    7159209797  100.00%

Tlb-Store-Hits:        6863264097   99.99%
Tlb-Store-Misses:          448923    0.01%
Tlb-Store-Accesses:    6863713020  100.00%

Tlb-Total-Hits:       13999214585   99.83%
Tlb-Total-Misses:        23708232    0.17%
Tlb-Total-Accesses:   14022922817  100.00%



--------
Two level Cache hierarchy
--------
  L1-Data Cache:
    Size(KB):          32
    Block Size(B):     64
    Associativity:      8

  L2-Data Cache:
    Size(KB):        1024
    Block Size(B):    128
    Associativity:      8

Latencies:    1   10  150
L1-Sets:   64 - LRU - assoc:   8
L2-Sets: 1024 - LRU - assoc:   8
Store_allocation: Yes
L2_inclusive: Yes
L2_prefetching: No

L1 Cache Stats:
L1-Load-Hits:        6990779350   97.65%
L1-Load-Misses:       168430447    2.35%
L1-Load-Accesses:    7159209797  100.00%

L1-Store-Hits:        6759538993   98.48%
L1-Store-Misses:       104174027    1.52%
L1-Store-Accesses:    6863713020  100.00%

L1-Total-Hits:       13750318343   98.06%
L1-Total-Misses:       272604474    1.94%
L1-Total-Accesses:   14022922817  100.00%

L2 Cache Stats:
L2-Load-Hits:         122354583   72.64%
L2-Load-Misses:        46075864   27.36%
L2-Load-Accesses:     168430447  100.00%

L2-Store-Hits:         100083231   96.07%
L2-Store-Misses:         4090796    3.93%
L2-Store-Accesses:     104174027  100.00%

L2-Total-Hits:         222437814   81.60%
L2-Total-Misses:        50166660   18.40%
L2-Total-Accesses:     272604474  100.00%

