--------
Total Statistics
--------
Total Instructions: 29792925379
Total Cycles: 92020220592
IPC: 0.323765

--------
Single level Tlb hierarchy
--------
  Data Tlb:
    Entries:           8
    Page Size(B):   4096
    Associativity:      4

Latencies:    0   50
Tlb-Sets:    2 - LRU - assoc:   4

Tlb Stats:
Tlb-Load-Hits:        6459480476   90.23%
Tlb-Load-Misses:       699729321    9.77%
Tlb-Load-Accesses:    7159209797  100.00%

Tlb-Store-Hits:        6804636748   99.14%
Tlb-Store-Misses:        59077308    0.86%
Tlb-Store-Accesses:    6863714056  100.00%

Tlb-Total-Hits:       13264117224   94.59%
Tlb-Total-Misses:       758806629    5.41%
Tlb-Total-Accesses:   14022923853  100.00%



--------
Two level Cache hierarchy
--------
  L1-Data Cache:
    Size(KB):          32
    Block Size(B):     64
    Associativity:      8

  L2-Data Cache:
    Size(KB):        1024
    Block Size(B):    128
    Associativity:      8

Latencies:    1   10  150
L1-Sets:   64 - LRU - assoc:   8
L2-Sets: 1024 - LRU - assoc:   8
Store_allocation: Yes
L2_inclusive: Yes
L2_prefetching: No

L1 Cache Stats:
L1-Load-Hits:        6989459020   97.63%
L1-Load-Misses:       169750777    2.37%
L1-Load-Accesses:    7159209797  100.00%

L1-Store-Hits:        6759531912   98.48%
L1-Store-Misses:       104182144    1.52%
L1-Store-Accesses:    6863714056  100.00%

L1-Total-Hits:       13748990932   98.05%
L1-Total-Misses:       273932921    1.95%
L1-Total-Accesses:   14022923853  100.00%

L2 Cache Stats:
L2-Load-Hits:         123675933   72.86%
L2-Load-Misses:        46074844   27.14%
L2-Load-Accesses:     169750777  100.00%

L2-Store-Hits:         100092250   96.07%
L2-Store-Misses:         4089894    3.93%
L2-Store-Accesses:     104182144  100.00%

L2-Total-Hits:         223768183   81.69%
L2-Total-Misses:        50164738   18.31%
L2-Total-Accesses:     273932921  100.00%

