--------
Total Statistics
--------
Total Instructions: 29792924097
Total Cycles: 55140182067
IPC: 0.540312

--------
Single level Tlb hierarchy
--------
  Data Tlb:
    Entries:         256
    Page Size(B):   4096
    Associativity:      4

Latencies:    0   50
Tlb-Sets:   64 - LRU - assoc:   4

Tlb Stats:
Tlb-Load-Hits:        7138231377   99.71%
Tlb-Load-Misses:        20978434    0.29%
Tlb-Load-Accesses:    7159209811  100.00%

Tlb-Store-Hits:        6863542555  100.00%
Tlb-Store-Misses:          170754    0.00%
Tlb-Store-Accesses:    6863713309  100.00%

Tlb-Total-Hits:       14001773932   99.85%
Tlb-Total-Misses:        21149188    0.15%
Tlb-Total-Accesses:   14022923120  100.00%



--------
Two level Cache hierarchy
--------
  L1-Data Cache:
    Size(KB):          32
    Block Size(B):     64
    Associativity:      8

  L2-Data Cache:
    Size(KB):        1024
    Block Size(B):    128
    Associativity:      8

Latencies:    1   10  150
L1-Sets:   64 - LRU - assoc:   8
L2-Sets: 1024 - LRU - assoc:   8
Store_allocation: Yes
L2_inclusive: Yes
L2_prefetching: No

L1 Cache Stats:
L1-Load-Hits:        6989822545   97.63%
L1-Load-Misses:       169387266    2.37%
L1-Load-Accesses:    7159209811  100.00%

L1-Store-Hits:        6759065390   98.48%
L1-Store-Misses:       104647919    1.52%
L1-Store-Accesses:    6863713309  100.00%

L1-Total-Hits:       13748887935   98.05%
L1-Total-Misses:       274035185    1.95%
L1-Total-Accesses:   14022923120  100.00%

L2 Cache Stats:
L2-Load-Hits:         123303170   72.79%
L2-Load-Misses:        46084096   27.21%
L2-Load-Accesses:     169387266  100.00%

L2-Store-Hits:         100555191   96.09%
L2-Store-Misses:         4092728    3.91%
L2-Store-Accesses:     104647919  100.00%

L2-Total-Hits:         223858361   81.69%
L2-Total-Misses:        50176824   18.31%
L2-Total-Accesses:     274035185  100.00%

