--------
Total Statistics
--------
Total Instructions: 29792923566
Total Cycles: 55294144373
IPC: 0.538808

--------
Single level Tlb hierarchy
--------
  Data Tlb:
    Entries:          64
    Page Size(B):   4096
    Associativity:      8

Latencies:    0   50
Tlb-Sets:    8 - LRU - assoc:   8

Tlb Stats:
Tlb-Load-Hits:        7134971351   99.66%
Tlb-Load-Misses:        24238446    0.34%
Tlb-Load-Accesses:    7159209797  100.00%

Tlb-Store-Hits:        6863178860   99.99%
Tlb-Store-Misses:          534160    0.01%
Tlb-Store-Accesses:    6863713020  100.00%

Tlb-Total-Hits:       13998150211   99.82%
Tlb-Total-Misses:        24772606    0.18%
Tlb-Total-Accesses:   14022922817  100.00%



--------
Two level Cache hierarchy
--------
  L1-Data Cache:
    Size(KB):          32
    Block Size(B):     64
    Associativity:      8

  L2-Data Cache:
    Size(KB):        1024
    Block Size(B):    128
    Associativity:      8

Latencies:    1   10  150
L1-Sets:   64 - LRU - assoc:   8
L2-Sets: 1024 - LRU - assoc:   8
Store_allocation: Yes
L2_inclusive: Yes
L2_prefetching: No

L1 Cache Stats:
L1-Load-Hits:        6991820857   97.66%
L1-Load-Misses:       167388940    2.34%
L1-Load-Accesses:    7159209797  100.00%

L1-Store-Hits:        6759496806   98.48%
L1-Store-Misses:       104216214    1.52%
L1-Store-Accesses:    6863713020  100.00%

L1-Total-Hits:       13751317663   98.06%
L1-Total-Misses:       271605154    1.94%
L1-Total-Accesses:   14022922817  100.00%

L2 Cache Stats:
L2-Load-Hits:         121322026   72.48%
L2-Load-Misses:        46066914   27.52%
L2-Load-Accesses:     167388940  100.00%

L2-Store-Hits:         100125687   96.07%
L2-Store-Misses:         4090527    3.93%
L2-Store-Accesses:     104216214  100.00%

L2-Total-Hits:         221447713   81.53%
L2-Total-Misses:        50157441   18.47%
L2-Total-Accesses:     271605154  100.00%

