--------
Total Statistics
--------
Total Instructions: 29792924063
Total Cycles: 55847823554
IPC: 0.533466

--------
Single level Tlb hierarchy
--------
  Data Tlb:
    Entries:          64
    Page Size(B):   4096
    Associativity:      4

Latencies:    0   50
Tlb-Sets:   16 - LRU - assoc:   4

Tlb Stats:
Tlb-Load-Hits:        7126791418   99.55%
Tlb-Load-Misses:        32418379    0.45%
Tlb-Load-Accesses:    7159209797  100.00%

Tlb-Store-Hits:        6860506678   99.95%
Tlb-Store-Misses:         3206626    0.05%
Tlb-Store-Accesses:    6863713304  100.00%

Tlb-Total-Hits:       13987298096   99.75%
Tlb-Total-Misses:        35625005    0.25%
Tlb-Total-Accesses:   14022923101  100.00%



--------
Two level Cache hierarchy
--------
  L1-Data Cache:
    Size(KB):          32
    Block Size(B):     64
    Associativity:      8

  L2-Data Cache:
    Size(KB):        1024
    Block Size(B):    128
    Associativity:      8

Latencies:    1   10  150
L1-Sets:   64 - LRU - assoc:   8
L2-Sets: 1024 - LRU - assoc:   8
Store_allocation: Yes
L2_inclusive: Yes
L2_prefetching: No

L1 Cache Stats:
L1-Load-Hits:        6990483540   97.64%
L1-Load-Misses:       168726257    2.36%
L1-Load-Accesses:    7159209797  100.00%

L1-Store-Hits:        6759510627   98.48%
L1-Store-Misses:       104202677    1.52%
L1-Store-Accesses:    6863713304  100.00%

L1-Total-Hits:       13749994167   98.05%
L1-Total-Misses:       272928934    1.95%
L1-Total-Accesses:   14022923101  100.00%

L2 Cache Stats:
L2-Load-Hits:         122674354   72.71%
L2-Load-Misses:        46051903   27.29%
L2-Load-Accesses:     168726257  100.00%

L2-Store-Hits:         100111668   96.07%
L2-Store-Misses:         4091009    3.93%
L2-Store-Accesses:     104202677  100.00%

L2-Total-Hits:         222786022   81.63%
L2-Total-Misses:        50142912   18.37%
L2-Total-Accesses:     272928934  100.00%

