--------
Total Statistics
--------
Total Instructions: 29792925379
Total Cycles: 58016745292
IPC: 0.513523

--------
Single level Tlb hierarchy
--------
  Data Tlb:
    Entries:          32
    Page Size(B):   4096
    Associativity:      4

Latencies:    0   50
Tlb-Sets:    8 - LRU - assoc:   4

Tlb Stats:
Tlb-Load-Hits:        7090284340   99.04%
Tlb-Load-Misses:        68925457    0.96%
Tlb-Load-Accesses:    7159209797  100.00%

Tlb-Store-Hits:        6853807277   99.86%
Tlb-Store-Misses:         9906779    0.14%
Tlb-Store-Accesses:    6863714056  100.00%

Tlb-Total-Hits:       13944091617   99.44%
Tlb-Total-Misses:        78832236    0.56%
Tlb-Total-Accesses:   14022923853  100.00%



--------
Two level Cache hierarchy
--------
  L1-Data Cache:
    Size(KB):          32
    Block Size(B):     64
    Associativity:      8

  L2-Data Cache:
    Size(KB):        1024
    Block Size(B):    128
    Associativity:      8

Latencies:    1   10  150
L1-Sets:   64 - LRU - assoc:   8
L2-Sets: 1024 - LRU - assoc:   8
Store_allocation: Yes
L2_inclusive: Yes
L2_prefetching: No

L1 Cache Stats:
L1-Load-Hits:        6989929403   97.64%
L1-Load-Misses:       169280394    2.36%
L1-Load-Accesses:    7159209797  100.00%

L1-Store-Hits:        6759524389   98.48%
L1-Store-Misses:       104189667    1.52%
L1-Store-Accesses:    6863714056  100.00%

L1-Total-Hits:       13749453792   98.05%
L1-Total-Misses:       273470061    1.95%
L1-Total-Accesses:   14022923853  100.00%

L2 Cache Stats:
L2-Load-Hits:         123206407   72.78%
L2-Load-Misses:        46073987   27.22%
L2-Load-Accesses:     169280394  100.00%

L2-Store-Hits:         100099763   96.07%
L2-Store-Misses:         4089904    3.93%
L2-Store-Accesses:     104189667  100.00%

L2-Total-Hits:         223306170   81.66%
L2-Total-Misses:        50163891   18.34%
L2-Total-Accesses:     273470061  100.00%

