--------
Total Statistics
--------
Total Instructions: 29792923566
Total Cycles: 66391026213
IPC: 0.448749

--------
Single level Tlb hierarchy
--------
  Data Tlb:
    Entries:          16
    Page Size(B):   4096
    Associativity:      4

Latencies:    0   50
Tlb-Sets:    4 - LRU - assoc:   4

Tlb Stats:
Tlb-Load-Hits:        6938643301   96.92%
Tlb-Load-Misses:       220566496    3.08%
Tlb-Load-Accesses:    7159209797  100.00%

Tlb-Store-Hits:        6838662974   99.64%
Tlb-Store-Misses:        25050046    0.36%
Tlb-Store-Accesses:    6863713020  100.00%

Tlb-Total-Hits:       13777306275   98.25%
Tlb-Total-Misses:       245616542    1.75%
Tlb-Total-Accesses:   14022922817  100.00%



--------
Two level Cache hierarchy
--------
  L1-Data Cache:
    Size(KB):          32
    Block Size(B):     64
    Associativity:      8

  L2-Data Cache:
    Size(KB):        1024
    Block Size(B):    128
    Associativity:      8

Latencies:    1   10  150
L1-Sets:   64 - LRU - assoc:   8
L2-Sets: 1024 - LRU - assoc:   8
Store_allocation: Yes
L2_inclusive: Yes
L2_prefetching: No

L1 Cache Stats:
L1-Load-Hits:        6986605092   97.59%
L1-Load-Misses:       172604705    2.41%
L1-Load-Accesses:    7159209797  100.00%

L1-Store-Hits:        6759420497   98.48%
L1-Store-Misses:       104292523    1.52%
L1-Store-Accesses:    6863713020  100.00%

L1-Total-Hits:       13746025589   98.03%
L1-Total-Misses:       276897228    1.97%
L1-Total-Accesses:   14022922817  100.00%

L2 Cache Stats:
L2-Load-Hits:         126529544   73.31%
L2-Load-Misses:        46075161   26.69%
L2-Load-Accesses:     172604705  100.00%

L2-Store-Hits:         100198481   96.07%
L2-Store-Misses:         4094042    3.93%
L2-Store-Accesses:     104292523  100.00%

L2-Total-Hits:         226728025   81.88%
L2-Total-Misses:        50169203   18.12%
L2-Total-Accesses:     276897228  100.00%

