--------
Total Statistics
--------
Total Instructions: 29792924063
Total Cycles: 55473601684
IPC: 0.537065

--------
Single level Tlb hierarchy
--------
  Data Tlb:
    Entries:         128
    Page Size(B):   4096
    Associativity:      4

Latencies:    0   50
Tlb-Sets:   32 - LRU - assoc:   4

Tlb Stats:
Tlb-Load-Hits:        7133885424   99.65%
Tlb-Load-Misses:        25324373    0.35%
Tlb-Load-Accesses:    7159209797  100.00%

Tlb-Store-Hits:        6863078638   99.99%
Tlb-Store-Misses:          634666    0.01%
Tlb-Store-Accesses:    6863713304  100.00%

Tlb-Total-Hits:       13996964062   99.81%
Tlb-Total-Misses:        25959039    0.19%
Tlb-Total-Accesses:   14022923101  100.00%



--------
Two level Cache hierarchy
--------
  L1-Data Cache:
    Size(KB):          32
    Block Size(B):     64
    Associativity:      8

  L2-Data Cache:
    Size(KB):        1024
    Block Size(B):    128
    Associativity:      8

Latencies:    1   10  150
L1-Sets:   64 - LRU - assoc:   8
L2-Sets: 1024 - LRU - assoc:   8
Store_allocation: Yes
L2_inclusive: Yes
L2_prefetching: No

L1 Cache Stats:
L1-Load-Hits:        6980217041   97.50%
L1-Load-Misses:       178992756    2.50%
L1-Load-Accesses:    7159209797  100.00%

L1-Store-Hits:        6759231118   98.48%
L1-Store-Misses:       104482186    1.52%
L1-Store-Accesses:    6863713304  100.00%

L1-Total-Hits:       13739448159   97.98%
L1-Total-Misses:       283474942    2.02%
L1-Total-Accesses:   14022923101  100.00%

L2 Cache Stats:
L2-Load-Hits:         132918804   74.26%
L2-Load-Misses:        46073952   25.74%
L2-Load-Accesses:     178992756  100.00%

L2-Store-Hits:         100389117   96.08%
L2-Store-Misses:         4093069    3.92%
L2-Store-Accesses:     104482186  100.00%

L2-Total-Hits:         233307921   82.30%
L2-Total-Misses:        50167021   17.70%
L2-Total-Accesses:     283474942  100.00%

