--------
Total Statistics
--------
Total Instructions: 29792924336
Total Cycles: 55273903263
IPC: 0.539005

--------
Single level Tlb hierarchy
--------
  Data Tlb:
    Entries:          64
    Page Size(B):   4096
    Associativity:     16

Latencies:    0   50
Tlb-Sets:    4 - LRU - assoc:  16

Tlb Stats:
Tlb-Load-Hits:        7135894994   99.67%
Tlb-Load-Misses:        23314803    0.33%
Tlb-Load-Accesses:    7159209797  100.00%

Tlb-Store-Hits:        6863223162   99.99%
Tlb-Store-Misses:          490298    0.01%
Tlb-Store-Accesses:    6863713460  100.00%

Tlb-Total-Hits:       13999118156   99.83%
Tlb-Total-Misses:        23805101    0.17%
Tlb-Total-Accesses:   14022923257  100.00%



--------
Two level Cache hierarchy
--------
  L1-Data Cache:
    Size(KB):          32
    Block Size(B):     64
    Associativity:      8

  L2-Data Cache:
    Size(KB):        1024
    Block Size(B):    128
    Associativity:      8

Latencies:    1   10  150
L1-Sets:   64 - LRU - assoc:   8
L2-Sets: 1024 - LRU - assoc:   8
Store_allocation: Yes
L2_inclusive: Yes
L2_prefetching: No

L1 Cache Stats:
L1-Load-Hits:        6988914289   97.62%
L1-Load-Misses:       170295508    2.38%
L1-Load-Accesses:    7159209797  100.00%

L1-Store-Hits:        6759502816   98.48%
L1-Store-Misses:       104210644    1.52%
L1-Store-Accesses:    6863713460  100.00%

L1-Total-Hits:       13748417105   98.04%
L1-Total-Misses:       274506152    1.96%
L1-Total-Accesses:   14022923257  100.00%

L2 Cache Stats:
L2-Load-Hits:         124235259   72.95%
L2-Load-Misses:        46060249   27.05%
L2-Load-Accesses:     170295508  100.00%

L2-Store-Hits:         100119299   96.07%
L2-Store-Misses:         4091345    3.93%
L2-Store-Accesses:     104210644  100.00%

L2-Total-Hits:         224354558   81.73%
L2-Total-Misses:        50151594   18.27%
L2-Total-Accesses:     274506152  100.00%

