--------
Total Statistics
--------
Total Instructions: 29792923600
Total Cycles: 69339262166
IPC: 0.429669

--------
Single level Tlb hierarchy
--------
  Data Tlb:
    Entries:          64
    Page Size(B):   4096
    Associativity:      1

Latencies:    0   50
Tlb-Sets:   64 - LRU - assoc:   1

Tlb Stats:
Tlb-Load-Hits:        6891877414   96.27%
Tlb-Load-Misses:       267332397    3.73%
Tlb-Load-Accesses:    7159209811  100.00%

Tlb-Store-Hits:        6827682289   99.48%
Tlb-Store-Misses:        36030736    0.52%
Tlb-Store-Accesses:    6863713025  100.00%

Tlb-Total-Hits:       13719559703   97.84%
Tlb-Total-Misses:       303363133    2.16%
Tlb-Total-Accesses:   14022922836  100.00%



--------
Two level Cache hierarchy
--------
  L1-Data Cache:
    Size(KB):          32
    Block Size(B):     64
    Associativity:      8

  L2-Data Cache:
    Size(KB):        1024
    Block Size(B):    128
    Associativity:      8

Latencies:    1   10  150
L1-Sets:   64 - LRU - assoc:   8
L2-Sets: 1024 - LRU - assoc:   8
Store_allocation: Yes
L2_inclusive: Yes
L2_prefetching: No

L1 Cache Stats:
L1-Load-Hits:        6980678649   97.51%
L1-Load-Misses:       178531162    2.49%
L1-Load-Accesses:    7159209811  100.00%

L1-Store-Hits:        6759260869   98.48%
L1-Store-Misses:       104452156    1.52%
L1-Store-Accesses:    6863713025  100.00%

L1-Total-Hits:       13739939518   97.98%
L1-Total-Misses:       282983318    2.02%
L1-Total-Accesses:   14022922836  100.00%

L2 Cache Stats:
L2-Load-Hits:         132453423   74.19%
L2-Load-Misses:        46077739   25.81%
L2-Load-Accesses:     178531162  100.00%

L2-Store-Hits:         100360389   96.08%
L2-Store-Misses:         4091767    3.92%
L2-Store-Accesses:     104452156  100.00%

L2-Total-Hits:         232813812   82.27%
L2-Total-Misses:        50169506   17.73%
L2-Total-Accesses:     282983318  100.00%

