--------
Total Statistics
--------
Total Instructions: 29792925379
Total Cycles: 55260916012
IPC: 0.539132

--------
Single level Tlb hierarchy
--------
  Data Tlb:
    Entries:          64
    Page Size(B):   4096
    Associativity:     32

Latencies:    0   50
Tlb-Sets:    2 - LRU - assoc:  32

Tlb Stats:
Tlb-Load-Hits:        7135972692   99.68%
Tlb-Load-Misses:        23237105    0.32%
Tlb-Load-Accesses:    7159209797  100.00%

Tlb-Store-Hits:        6863281443   99.99%
Tlb-Store-Misses:          432613    0.01%
Tlb-Store-Accesses:    6863714056  100.00%

Tlb-Total-Hits:       13999254135   99.83%
Tlb-Total-Misses:        23669718    0.17%
Tlb-Total-Accesses:   14022923853  100.00%



--------
Two level Cache hierarchy
--------
  L1-Data Cache:
    Size(KB):          32
    Block Size(B):     64
    Associativity:      8

  L2-Data Cache:
    Size(KB):        1024
    Block Size(B):    128
    Associativity:      8

Latencies:    1   10  150
L1-Sets:   64 - LRU - assoc:   8
L2-Sets: 1024 - LRU - assoc:   8
Store_allocation: Yes
L2_inclusive: Yes
L2_prefetching: No

L1 Cache Stats:
L1-Load-Hits:        6989579677   97.63%
L1-Load-Misses:       169630120    2.37%
L1-Load-Accesses:    7159209797  100.00%

L1-Store-Hits:        6759341258   98.48%
L1-Store-Misses:       104372798    1.52%
L1-Store-Accesses:    6863714056  100.00%

L1-Total-Hits:       13748920935   98.05%
L1-Total-Misses:       274002918    1.95%
L1-Total-Accesses:   14022923853  100.00%

L2 Cache Stats:
L2-Load-Hits:         123576638   72.85%
L2-Load-Misses:        46053482   27.15%
L2-Load-Accesses:     169630120  100.00%

L2-Store-Hits:         100282602   96.08%
L2-Store-Misses:         4090196    3.92%
L2-Store-Accesses:     104372798  100.00%

L2-Total-Hits:         223859240   81.70%
L2-Total-Misses:        50143678   18.30%
L2-Total-Accesses:     274002918  100.00%

