--------
Total Statistics
--------
Total Instructions: 7968636888
Total Cycles: 11646105164
IPC: 0.684232

--------
Single level Tlb hierarchy
--------
  Data Tlb:
    Entries:          64
    Page Size(B):   4096
    Associativity:     32

Latencies:    0   50
Tlb-Sets:    2 - LRU - assoc:  32

Tlb Stats:
Tlb-Load-Hits:        1867758170   99.97%
Tlb-Load-Misses:          548121    0.03%
Tlb-Load-Accesses:    1868306291  100.00%

Tlb-Store-Hits:         190047489   99.85%
Tlb-Store-Misses:          279846    0.15%
Tlb-Store-Accesses:     190327335  100.00%

Tlb-Total-Hits:        2057805659   99.96%
Tlb-Total-Misses:          827967    0.04%
Tlb-Total-Accesses:    2058633626  100.00%



--------
Two level Cache hierarchy
--------
  L1-Data Cache:
    Size(KB):          32
    Block Size(B):     64
    Associativity:      8

  L2-Data Cache:
    Size(KB):        1024
    Block Size(B):    128
    Associativity:      8

Latencies:    1   10  150
L1-Sets:   64 - LRU - assoc:   8
L2-Sets: 1024 - LRU - assoc:   8
Store_allocation: Yes
L2_inclusive: Yes
L2_prefetching: No

L1 Cache Stats:
L1-Load-Hits:        1846311580   98.82%
L1-Load-Misses:        21994711    1.18%
L1-Load-Accesses:    1868306291  100.00%

L1-Store-Hits:         184832041   97.11%
L1-Store-Misses:         5495294    2.89%
L1-Store-Accesses:     190327335  100.00%

L1-Total-Hits:        2031143621   98.66%
L1-Total-Misses:        27490005    1.34%
L1-Total-Accesses:    2058633626  100.00%

L2 Cache Stats:
L2-Load-Hits:          16030071   72.88%
L2-Load-Misses:         5964640   27.12%
L2-Load-Accesses:      21994711  100.00%

L2-Store-Hits:           2776359   50.52%
L2-Store-Misses:         2718935   49.48%
L2-Store-Accesses:       5495294  100.00%

L2-Total-Hits:          18806430   68.41%
L2-Total-Misses:         8683575   31.59%
L2-Total-Accesses:      27490005  100.00%

