--------
Total Statistics
--------
Total Instructions: 7968636854
Total Cycles: 11647017181
IPC: 0.684178

--------
Single level Tlb hierarchy
--------
  Data Tlb:
    Entries:          64
    Page Size(B):   4096
    Associativity:     64

Latencies:    0   50
Tlb-Sets:    1 - LRU - assoc:  64

Tlb Stats:
Tlb-Load-Hits:        1867737141   99.97%
Tlb-Load-Misses:          569136    0.03%
Tlb-Load-Accesses:    1868306277  100.00%

Tlb-Store-Hits:         190047485   99.85%
Tlb-Store-Misses:          279845    0.15%
Tlb-Store-Accesses:     190327330  100.00%

Tlb-Total-Hits:        2057784626   99.96%
Tlb-Total-Misses:          848981    0.04%
Tlb-Total-Accesses:    2058633607  100.00%



--------
Two level Cache hierarchy
--------
  L1-Data Cache:
    Size(KB):          32
    Block Size(B):     64
    Associativity:      8

  L2-Data Cache:
    Size(KB):        1024
    Block Size(B):    128
    Associativity:      8

Latencies:    1   10  150
L1-Sets:   64 - LRU - assoc:   8
L2-Sets: 1024 - LRU - assoc:   8
Store_allocation: Yes
L2_inclusive: Yes
L2_prefetching: No

L1 Cache Stats:
L1-Load-Hits:        1846331900   98.82%
L1-Load-Misses:        21974377    1.18%
L1-Load-Accesses:    1868306277  100.00%

L1-Store-Hits:         184832870   97.11%
L1-Store-Misses:         5494460    2.89%
L1-Store-Accesses:     190327330  100.00%

L1-Total-Hits:        2031164770   98.67%
L1-Total-Misses:        27468837    1.33%
L1-Total-Accesses:    2058633607  100.00%

L2 Cache Stats:
L2-Load-Hits:          16009118   72.85%
L2-Load-Misses:         5965259   27.15%
L2-Load-Accesses:      21974377  100.00%

L2-Store-Hits:           2775657   50.52%
L2-Store-Misses:         2718803   49.48%
L2-Store-Accesses:       5494460  100.00%

L2-Total-Hits:          18784775   68.39%
L2-Total-Misses:         8684062   31.61%
L2-Total-Accesses:      27468837  100.00%

