--------
Total Statistics
--------
Total Instructions: 7968636854
Total Cycles: 13915821911
IPC: 0.572631

--------
Single level Tlb hierarchy
--------
  Data Tlb:
    Entries:           8
    Page Size(B):   4096
    Associativity:      4

Latencies:    0   50
Tlb-Sets:    2 - LRU - assoc:   4

Tlb Stats:
Tlb-Load-Hits:        1822401878   97.54%
Tlb-Load-Misses:        45904399    2.46%
Tlb-Load-Accesses:    1868306277  100.00%

Tlb-Store-Hits:         190004552   99.83%
Tlb-Store-Misses:          322778    0.17%
Tlb-Store-Accesses:     190327330  100.00%

Tlb-Total-Hits:        2012406430   97.75%
Tlb-Total-Misses:        46227177    2.25%
Tlb-Total-Accesses:    2058633607  100.00%



--------
Two level Cache hierarchy
--------
  L1-Data Cache:
    Size(KB):          32
    Block Size(B):     64
    Associativity:      8

  L2-Data Cache:
    Size(KB):        1024
    Block Size(B):    128
    Associativity:      8

Latencies:    1   10  150
L1-Sets:   64 - LRU - assoc:   8
L2-Sets: 1024 - LRU - assoc:   8
Store_allocation: Yes
L2_inclusive: Yes
L2_prefetching: No

L1 Cache Stats:
L1-Load-Hits:        1846333495   98.82%
L1-Load-Misses:        21972782    1.18%
L1-Load-Accesses:    1868306277  100.00%

L1-Store-Hits:         184832602   97.11%
L1-Store-Misses:         5494728    2.89%
L1-Store-Accesses:     190327330  100.00%

L1-Total-Hits:        2031166097   98.67%
L1-Total-Misses:        27467510    1.33%
L1-Total-Accesses:    2058633607  100.00%

L2 Cache Stats:
L2-Load-Hits:          16008283   72.86%
L2-Load-Misses:         5964499   27.14%
L2-Load-Accesses:      21972782  100.00%

L2-Store-Hits:           2775777   50.52%
L2-Store-Misses:         2718951   49.48%
L2-Store-Accesses:       5494728  100.00%

L2-Total-Hits:          18784060   68.39%
L2-Total-Misses:         8683450   31.61%
L2-Total-Accesses:      27467510  100.00%

