--------
Total Statistics
--------
Total Instructions: 7968636888
Total Cycles: 11671784464
IPC: 0.682727

--------
Single level Tlb hierarchy
--------
  Data Tlb:
    Entries:          64
    Page Size(B):   4096
    Associativity:      2

Latencies:    0   50
Tlb-Sets:   32 - LRU - assoc:   2

Tlb Stats:
Tlb-Load-Hits:        1867251879   99.94%
Tlb-Load-Misses:         1054412    0.06%
Tlb-Load-Accesses:    1868306291  100.00%

Tlb-Store-Hits:         190038495   99.85%
Tlb-Store-Misses:          288840    0.15%
Tlb-Store-Accesses:     190327335  100.00%

Tlb-Total-Hits:        2057290374   99.93%
Tlb-Total-Misses:         1343252    0.07%
Tlb-Total-Accesses:    2058633626  100.00%



--------
Two level Cache hierarchy
--------
  L1-Data Cache:
    Size(KB):          32
    Block Size(B):     64
    Associativity:      8

  L2-Data Cache:
    Size(KB):        1024
    Block Size(B):    128
    Associativity:      8

Latencies:    1   10  150
L1-Sets:   64 - LRU - assoc:   8
L2-Sets: 1024 - LRU - assoc:   8
Store_allocation: Yes
L2_inclusive: Yes
L2_prefetching: No

L1 Cache Stats:
L1-Load-Hits:        1846326540   98.82%
L1-Load-Misses:        21979751    1.18%
L1-Load-Accesses:    1868306291  100.00%

L1-Store-Hits:         184832596   97.11%
L1-Store-Misses:         5494739    2.89%
L1-Store-Accesses:     190327335  100.00%

L1-Total-Hits:        2031159136   98.67%
L1-Total-Misses:        27474490    1.33%
L1-Total-Accesses:    2058633626  100.00%

L2 Cache Stats:
L2-Load-Hits:          16014588   72.86%
L2-Load-Misses:         5965163   27.14%
L2-Load-Accesses:      21979751  100.00%

L2-Store-Hits:           2775859   50.52%
L2-Store-Misses:         2718880   49.48%
L2-Store-Accesses:       5494739  100.00%

L2-Total-Hits:          18790447   68.39%
L2-Total-Misses:         8684043   31.61%
L2-Total-Accesses:      27474490  100.00%

