--------
Total Statistics
--------
Total Instructions: 7968636888
Total Cycles: 12586737604
IPC: 0.633098

--------
Single level Tlb hierarchy
--------
  Data Tlb:
    Entries:          64
    Page Size(B):   4096
    Associativity:      1

Latencies:    0   50
Tlb-Sets:   64 - LRU - assoc:   1

Tlb Stats:
Tlb-Load-Hits:        1849322735   98.98%
Tlb-Load-Misses:        18983556    1.02%
Tlb-Load-Accesses:    1868306291  100.00%

Tlb-Store-Hits:         189667337   99.65%
Tlb-Store-Misses:          659998    0.35%
Tlb-Store-Accesses:     190327335  100.00%

Tlb-Total-Hits:        2038990072   99.05%
Tlb-Total-Misses:        19643554    0.95%
Tlb-Total-Accesses:    2058633626  100.00%



--------
Two level Cache hierarchy
--------
  L1-Data Cache:
    Size(KB):          32
    Block Size(B):     64
    Associativity:      8

  L2-Data Cache:
    Size(KB):        1024
    Block Size(B):    128
    Associativity:      8

Latencies:    1   10  150
L1-Sets:   64 - LRU - assoc:   8
L2-Sets: 1024 - LRU - assoc:   8
Store_allocation: Yes
L2_inclusive: Yes
L2_prefetching: No

L1 Cache Stats:
L1-Load-Hits:        1846332290   98.82%
L1-Load-Misses:        21974001    1.18%
L1-Load-Accesses:    1868306291  100.00%

L1-Store-Hits:         184832817   97.11%
L1-Store-Misses:         5494518    2.89%
L1-Store-Accesses:     190327335  100.00%

L1-Total-Hits:        2031165107   98.67%
L1-Total-Misses:        27468519    1.33%
L1-Total-Accesses:    2058633626  100.00%

L2 Cache Stats:
L2-Load-Hits:          16008787   72.85%
L2-Load-Misses:         5965214   27.15%
L2-Load-Accesses:      21974001  100.00%

L2-Store-Hits:           2775704   50.52%
L2-Store-Misses:         2718814   49.48%
L2-Store-Accesses:       5494518  100.00%

L2-Total-Hits:          18784491   68.39%
L2-Total-Misses:         8684028   31.61%
L2-Total-Accesses:      27468519  100.00%

