--------
Total Statistics
--------
Total Instructions: 7968636854
Total Cycles: 11645747571
IPC: 0.684253

--------
Single level Tlb hierarchy
--------
  Data Tlb:
    Entries:          64
    Page Size(B):   4096
    Associativity:     16

Latencies:    0   50
Tlb-Sets:    4 - LRU - assoc:  16

Tlb Stats:
Tlb-Load-Hits:        1867765940   99.97%
Tlb-Load-Misses:          540337    0.03%
Tlb-Load-Accesses:    1868306277  100.00%

Tlb-Store-Hits:         190047474   99.85%
Tlb-Store-Misses:          279856    0.15%
Tlb-Store-Accesses:     190327330  100.00%

Tlb-Total-Hits:        2057813414   99.96%
Tlb-Total-Misses:          820193    0.04%
Tlb-Total-Accesses:    2058633607  100.00%



--------
Two level Cache hierarchy
--------
  L1-Data Cache:
    Size(KB):          32
    Block Size(B):     64
    Associativity:      8

  L2-Data Cache:
    Size(KB):        1024
    Block Size(B):    128
    Associativity:      8

Latencies:    1   10  150
L1-Sets:   64 - LRU - assoc:   8
L2-Sets: 1024 - LRU - assoc:   8
Store_allocation: Yes
L2_inclusive: Yes
L2_prefetching: No

L1 Cache Stats:
L1-Load-Hits:        1846309492   98.82%
L1-Load-Misses:        21996785    1.18%
L1-Load-Accesses:    1868306277  100.00%

L1-Store-Hits:         184831999   97.11%
L1-Store-Misses:         5495331    2.89%
L1-Store-Accesses:     190327330  100.00%

L1-Total-Hits:        2031141491   98.66%
L1-Total-Misses:        27492116    1.34%
L1-Total-Accesses:    2058633607  100.00%

L2 Cache Stats:
L2-Load-Hits:          16032105   72.88%
L2-Load-Misses:         5964680   27.12%
L2-Load-Accesses:      21996785  100.00%

L2-Store-Hits:           2776369   50.52%
L2-Store-Misses:         2718962   49.48%
L2-Store-Accesses:       5495331  100.00%

L2-Total-Hits:          18808474   68.41%
L2-Total-Misses:         8683642   31.59%
L2-Total-Accesses:      27492116  100.00%

