--------
Total Statistics
--------
Total Instructions: 7968636888
Total Cycles: 11684849884
IPC: 0.681963

--------
Single level Tlb hierarchy
--------
  Data Tlb:
    Entries:          32
    Page Size(B):   4096
    Associativity:      4

Latencies:    0   50
Tlb-Sets:    8 - LRU - assoc:   4

Tlb Stats:
Tlb-Load-Hits:        1866986256   99.93%
Tlb-Load-Misses:         1320035    0.07%
Tlb-Load-Accesses:    1868306291  100.00%

Tlb-Store-Hits:         190046566   99.85%
Tlb-Store-Misses:          280769    0.15%
Tlb-Store-Accesses:     190327335  100.00%

Tlb-Total-Hits:        2057032822   99.92%
Tlb-Total-Misses:         1600804    0.08%
Tlb-Total-Accesses:    2058633626  100.00%



--------
Two level Cache hierarchy
--------
  L1-Data Cache:
    Size(KB):          32
    Block Size(B):     64
    Associativity:      8

  L2-Data Cache:
    Size(KB):        1024
    Block Size(B):    128
    Associativity:      8

Latencies:    1   10  150
L1-Sets:   64 - LRU - assoc:   8
L2-Sets: 1024 - LRU - assoc:   8
Store_allocation: Yes
L2_inclusive: Yes
L2_prefetching: No

L1 Cache Stats:
L1-Load-Hits:        1846301953   98.82%
L1-Load-Misses:        22004338    1.18%
L1-Load-Accesses:    1868306291  100.00%

L1-Store-Hits:         184830736   97.11%
L1-Store-Misses:         5496599    2.89%
L1-Store-Accesses:     190327335  100.00%

L1-Total-Hits:        2031132689   98.66%
L1-Total-Misses:        27500937    1.34%
L1-Total-Accesses:    2058633626  100.00%

L2 Cache Stats:
L2-Load-Hits:          16039814   72.89%
L2-Load-Misses:         5964524   27.11%
L2-Load-Accesses:      22004338  100.00%

L2-Store-Hits:           2777591   50.53%
L2-Store-Misses:         2719008   49.47%
L2-Store-Accesses:       5496599  100.00%

L2-Total-Hits:          18817405   68.42%
L2-Total-Misses:         8683532   31.58%
L2-Total-Accesses:      27500937  100.00%

