--------
Total Statistics
--------
Total Instructions: 7968636854
Total Cycles: 11645405191
IPC: 0.684273

--------
Single level Tlb hierarchy
--------
  Data Tlb:
    Entries:         128
    Page Size(B):   4096
    Associativity:      4

Latencies:    0   50
Tlb-Sets:   32 - LRU - assoc:   4

Tlb Stats:
Tlb-Load-Hits:        1867769922   99.97%
Tlb-Load-Misses:          536355    0.03%
Tlb-Load-Accesses:    1868306277  100.00%

Tlb-Store-Hits:         190047485   99.85%
Tlb-Store-Misses:          279845    0.15%
Tlb-Store-Accesses:     190327330  100.00%

Tlb-Total-Hits:        2057817407   99.96%
Tlb-Total-Misses:          816200    0.04%
Tlb-Total-Accesses:    2058633607  100.00%



--------
Two level Cache hierarchy
--------
  L1-Data Cache:
    Size(KB):          32
    Block Size(B):     64
    Associativity:      8

  L2-Data Cache:
    Size(KB):        1024
    Block Size(B):    128
    Associativity:      8

Latencies:    1   10  150
L1-Sets:   64 - LRU - assoc:   8
L2-Sets: 1024 - LRU - assoc:   8
Store_allocation: Yes
L2_inclusive: Yes
L2_prefetching: No

L1 Cache Stats:
L1-Load-Hits:        1846331715   98.82%
L1-Load-Misses:        21974562    1.18%
L1-Load-Accesses:    1868306277  100.00%

L1-Store-Hits:         184832374   97.11%
L1-Store-Misses:         5494956    2.89%
L1-Store-Accesses:     190327330  100.00%

L1-Total-Hits:        2031164089   98.67%
L1-Total-Misses:        27469518    1.33%
L1-Total-Accesses:    2058633607  100.00%

L2 Cache Stats:
L2-Load-Hits:          16009470   72.85%
L2-Load-Misses:         5965092   27.15%
L2-Load-Accesses:      21974562  100.00%

L2-Store-Hits:           2775851   50.52%
L2-Store-Misses:         2719105   49.48%
L2-Store-Accesses:       5494956  100.00%

L2-Total-Hits:          18785321   68.39%
L2-Total-Misses:         8684197   31.61%
L2-Total-Accesses:      27469518  100.00%

