--------
Total Statistics
--------
Total Instructions: 7968636888
Total Cycles: 11902284074
IPC: 0.669505

--------
Single level Tlb hierarchy
--------
  Data Tlb:
    Entries:          16
    Page Size(B):   4096
    Associativity:      4

Latencies:    0   50
Tlb-Sets:    4 - LRU - assoc:   4

Tlb Stats:
Tlb-Load-Hits:        1862637488   99.70%
Tlb-Load-Misses:         5668803    0.30%
Tlb-Load-Accesses:    1868306291  100.00%

Tlb-Store-Hits:         190043121   99.85%
Tlb-Store-Misses:          284214    0.15%
Tlb-Store-Accesses:     190327335  100.00%

Tlb-Total-Hits:        2052680609   99.71%
Tlb-Total-Misses:         5953017    0.29%
Tlb-Total-Accesses:    2058633626  100.00%



--------
Two level Cache hierarchy
--------
  L1-Data Cache:
    Size(KB):          32
    Block Size(B):     64
    Associativity:      8

  L2-Data Cache:
    Size(KB):        1024
    Block Size(B):    128
    Associativity:      8

Latencies:    1   10  150
L1-Sets:   64 - LRU - assoc:   8
L2-Sets: 1024 - LRU - assoc:   8
Store_allocation: Yes
L2_inclusive: Yes
L2_prefetching: No

L1 Cache Stats:
L1-Load-Hits:        1846326487   98.82%
L1-Load-Misses:        21979804    1.18%
L1-Load-Accesses:    1868306291  100.00%

L1-Store-Hits:         184832593   97.11%
L1-Store-Misses:         5494742    2.89%
L1-Store-Accesses:     190327335  100.00%

L1-Total-Hits:        2031159080   98.67%
L1-Total-Misses:        27474546    1.33%
L1-Total-Accesses:    2058633626  100.00%

L2 Cache Stats:
L2-Load-Hits:          16014549   72.86%
L2-Load-Misses:         5965255   27.14%
L2-Load-Accesses:      21979804  100.00%

L2-Store-Hits:           2775882   50.52%
L2-Store-Misses:         2718860   49.48%
L2-Store-Accesses:       5494742  100.00%

L2-Total-Hits:          18790431   68.39%
L2-Total-Misses:         8684115   31.61%
L2-Total-Accesses:      27474546  100.00%

