--------
Total Statistics
--------
Total Instructions: 31246957050
Total Cycles: 48156247907
IPC: 0.648866

--------
Single level Tlb hierarchy
--------
  Data Tlb:
    Entries:          64
    Page Size(B):   4096
    Associativity:     64

Latencies:    0   50
Tlb-Sets:    1 - LRU - assoc:  64

Tlb Stats:
Tlb-Load-Hits:        9378136041   99.88%
Tlb-Load-Misses:        11602590    0.12%
Tlb-Load-Accesses:    9389738631  100.00%

Tlb-Store-Hits:        4904779970   99.93%
Tlb-Store-Misses:         3394566    0.07%
Tlb-Store-Accesses:    4908174536  100.00%

Tlb-Total-Hits:       14282916011   99.90%
Tlb-Total-Misses:        14997156    0.10%
Tlb-Total-Accesses:   14297913167  100.00%



--------
Two level Cache hierarchy
--------
  L1-Data Cache:
    Size(KB):          32
    Block Size(B):     64
    Associativity:      8

  L2-Data Cache:
    Size(KB):        1024
    Block Size(B):    128
    Associativity:      8

Latencies:    1   10  150
L1-Sets:   64 - LRU - assoc:   8
L2-Sets: 1024 - LRU - assoc:   8
Store_allocation: Yes
L2_inclusive: Yes
L2_prefetching: No

L1 Cache Stats:
L1-Load-Hits:        9339608269   99.47%
L1-Load-Misses:        50130362    0.53%
L1-Load-Accesses:    9389738631  100.00%

L1-Store-Hits:        4897952299   99.79%
L1-Store-Misses:        10222237    0.21%
L1-Store-Accesses:    4908174536  100.00%

L1-Total-Hits:       14237560568   99.58%
L1-Total-Misses:        60352599    0.42%
L1-Total-Accesses:   14297913167  100.00%

L2 Cache Stats:
L2-Load-Hits:          44012393   87.80%
L2-Load-Misses:         6117969   12.20%
L2-Load-Accesses:      50130362  100.00%

L2-Store-Hits:           7953580   77.81%
L2-Store-Misses:         2268657   22.19%
L2-Store-Accesses:      10222237  100.00%

L2-Total-Hits:          51965973   86.10%
L2-Total-Misses:         8386626   13.90%
L2-Total-Accesses:      60352599  100.00%

