--------
Total Statistics
--------
Total Instructions: 31246957013
Total Cycles: 78789646251
IPC: 0.396587

--------
Single level Tlb hierarchy
--------
  Data Tlb:
    Entries:          16
    Page Size(B):   4096
    Associativity:      4

Latencies:    0   50
Tlb-Sets:    4 - LRU - assoc:   4

Tlb Stats:
Tlb-Load-Hits:        8954481048   95.36%
Tlb-Load-Misses:       435257569    4.64%
Tlb-Load-Accesses:    9389738617  100.00%

Tlb-Store-Hits:        4715764634   96.08%
Tlb-Store-Misses:       192409897    3.92%
Tlb-Store-Accesses:    4908174531  100.00%

Tlb-Total-Hits:       13670245682   95.61%
Tlb-Total-Misses:       627667466    4.39%
Tlb-Total-Accesses:   14297913148  100.00%



--------
Two level Cache hierarchy
--------
  L1-Data Cache:
    Size(KB):          32
    Block Size(B):     64
    Associativity:      8

  L2-Data Cache:
    Size(KB):        1024
    Block Size(B):    128
    Associativity:      8

Latencies:    1   10  150
L1-Sets:   64 - LRU - assoc:   8
L2-Sets: 1024 - LRU - assoc:   8
Store_allocation: Yes
L2_inclusive: Yes
L2_prefetching: No

L1 Cache Stats:
L1-Load-Hits:        9339642160   99.47%
L1-Load-Misses:        50096457    0.53%
L1-Load-Accesses:    9389738617  100.00%

L1-Store-Hits:        4897964044   99.79%
L1-Store-Misses:        10210487    0.21%
L1-Store-Accesses:    4908174531  100.00%

L1-Total-Hits:       14237606204   99.58%
L1-Total-Misses:        60306944    0.42%
L1-Total-Accesses:   14297913148  100.00%

L2 Cache Stats:
L2-Load-Hits:          43976783   87.78%
L2-Load-Misses:         6119674   12.22%
L2-Load-Accesses:      50096457  100.00%

L2-Store-Hits:           7941272   77.78%
L2-Store-Misses:         2269215   22.22%
L2-Store-Accesses:      10210487  100.00%

L2-Total-Hits:          51918055   86.09%
L2-Total-Misses:         8388889   13.91%
L2-Total-Accesses:      60306944  100.00%

