--------
Total Statistics
--------
Total Instructions: 31246957013
Total Cycles: 50531961091
IPC: 0.61836

--------
Single level Tlb hierarchy
--------
  Data Tlb:
    Entries:          32
    Page Size(B):   4096
    Associativity:      4

Latencies:    0   50
Tlb-Sets:    8 - LRU - assoc:   4

Tlb Stats:
Tlb-Load-Hits:        9346426137   99.54%
Tlb-Load-Misses:        43312480    0.46%
Tlb-Load-Accesses:    9389738617  100.00%

Tlb-Store-Hits:        4888971438   99.61%
Tlb-Store-Misses:        19203093    0.39%
Tlb-Store-Accesses:    4908174531  100.00%

Tlb-Total-Hits:       14235397575   99.56%
Tlb-Total-Misses:        62515573    0.44%
Tlb-Total-Accesses:   14297913148  100.00%



--------
Two level Cache hierarchy
--------
  L1-Data Cache:
    Size(KB):          32
    Block Size(B):     64
    Associativity:      8

  L2-Data Cache:
    Size(KB):        1024
    Block Size(B):    128
    Associativity:      8

Latencies:    1   10  150
L1-Sets:   64 - LRU - assoc:   8
L2-Sets: 1024 - LRU - assoc:   8
Store_allocation: Yes
L2_inclusive: Yes
L2_prefetching: No

L1 Cache Stats:
L1-Load-Hits:        9339632082   99.47%
L1-Load-Misses:        50106535    0.53%
L1-Load-Accesses:    9389738617  100.00%

L1-Store-Hits:        4897948808   99.79%
L1-Store-Misses:        10225723    0.21%
L1-Store-Accesses:    4908174531  100.00%

L1-Total-Hits:       14237580890   99.58%
L1-Total-Misses:        60332258    0.42%
L1-Total-Accesses:   14297913148  100.00%

L2 Cache Stats:
L2-Load-Hits:          43989411   87.79%
L2-Load-Misses:         6117124   12.21%
L2-Load-Accesses:      50106535  100.00%

L2-Store-Hits:           7956249   77.81%
L2-Store-Misses:         2269474   22.19%
L2-Store-Accesses:      10225723  100.00%

L2-Total-Hits:          51945660   86.10%
L2-Total-Misses:         8386598   13.90%
L2-Total-Accesses:      60332258  100.00%

