--------
Total Statistics
--------
Total Instructions: 31246957013
Total Cycles: 59048353121
IPC: 0.529176

--------
Single level Tlb hierarchy
--------
  Data Tlb:
    Entries:          64
    Page Size(B):   4096
    Associativity:      2

Latencies:    0   50
Tlb-Sets:   32 - LRU - assoc:   2

Tlb Stats:
Tlb-Load-Hits:        9214464353   98.13%
Tlb-Load-Misses:       175274264    1.87%
Tlb-Load-Accesses:    9389738617  100.00%

Tlb-Store-Hits:        4850587348   98.83%
Tlb-Store-Misses:        57587183    1.17%
Tlb-Store-Accesses:    4908174531  100.00%

Tlb-Total-Hits:       14065051701   98.37%
Tlb-Total-Misses:       232861447    1.63%
Tlb-Total-Accesses:   14297913148  100.00%



--------
Two level Cache hierarchy
--------
  L1-Data Cache:
    Size(KB):          32
    Block Size(B):     64
    Associativity:      8

  L2-Data Cache:
    Size(KB):        1024
    Block Size(B):    128
    Associativity:      8

Latencies:    1   10  150
L1-Sets:   64 - LRU - assoc:   8
L2-Sets: 1024 - LRU - assoc:   8
Store_allocation: Yes
L2_inclusive: Yes
L2_prefetching: No

L1 Cache Stats:
L1-Load-Hits:        9339677526   99.47%
L1-Load-Misses:        50061091    0.53%
L1-Load-Accesses:    9389738617  100.00%

L1-Store-Hits:        4897966126   99.79%
L1-Store-Misses:        10208405    0.21%
L1-Store-Accesses:    4908174531  100.00%

L1-Total-Hits:       14237643652   99.58%
L1-Total-Misses:        60269496    0.42%
L1-Total-Accesses:   14297913148  100.00%

L2 Cache Stats:
L2-Load-Hits:          43944968   87.78%
L2-Load-Misses:         6116123   12.22%
L2-Load-Accesses:      50061091  100.00%

L2-Store-Hits:           7939757   77.78%
L2-Store-Misses:         2268648   22.22%
L2-Store-Accesses:      10208405  100.00%

L2-Total-Hits:          51884725   86.09%
L2-Total-Misses:         8384771   13.91%
L2-Total-Accesses:      60269496  100.00%

