--------
Total Statistics
--------
Total Instructions: 31246957013
Total Cycles: 133781959321
IPC: 0.233566

--------
Single level Tlb hierarchy
--------
  Data Tlb:
    Entries:           8
    Page Size(B):   4096
    Associativity:      4

Latencies:    0   50
Tlb-Sets:    2 - LRU - assoc:   4

Tlb Stats:
Tlb-Load-Hits:        7979974001   84.99%
Tlb-Load-Misses:      1409764616   15.01%
Tlb-Load-Accesses:    9389738617  100.00%

Tlb-Store-Hits:        4590437508   93.53%
Tlb-Store-Misses:       317737023    6.47%
Tlb-Store-Accesses:    4908174531  100.00%

Tlb-Total-Hits:       12570411509   87.92%
Tlb-Total-Misses:      1727501639   12.08%
Tlb-Total-Accesses:   14297913148  100.00%



--------
Two level Cache hierarchy
--------
  L1-Data Cache:
    Size(KB):          32
    Block Size(B):     64
    Associativity:      8

  L2-Data Cache:
    Size(KB):        1024
    Block Size(B):    128
    Associativity:      8

Latencies:    1   10  150
L1-Sets:   64 - LRU - assoc:   8
L2-Sets: 1024 - LRU - assoc:   8
Store_allocation: Yes
L2_inclusive: Yes
L2_prefetching: No

L1 Cache Stats:
L1-Load-Hits:        9339629470   99.47%
L1-Load-Misses:        50109147    0.53%
L1-Load-Accesses:    9389738617  100.00%

L1-Store-Hits:        4897913097   99.79%
L1-Store-Misses:        10261434    0.21%
L1-Store-Accesses:    4908174531  100.00%

L1-Total-Hits:       14237542567   99.58%
L1-Total-Misses:        60370581    0.42%
L1-Total-Accesses:   14297913148  100.00%

L2 Cache Stats:
L2-Load-Hits:          43988942   87.79%
L2-Load-Misses:         6120205   12.21%
L2-Load-Accesses:      50109147  100.00%

L2-Store-Hits:           7992963   77.89%
L2-Store-Misses:         2268471   22.11%
L2-Store-Accesses:      10261434  100.00%

L2-Total-Hits:          51981905   86.10%
L2-Total-Misses:         8388676   13.90%
L2-Total-Accesses:      60370581  100.00%

