--------
Total Statistics
--------
Total Instructions: 31246957013
Total Cycles: 97852271051
IPC: 0.319328

--------
Single level Tlb hierarchy
--------
  Data Tlb:
    Entries:          64
    Page Size(B):   4096
    Associativity:      1

Latencies:    0   50
Tlb-Sets:   64 - LRU - assoc:   1

Tlb Stats:
Tlb-Load-Hits:        8502873849   90.55%
Tlb-Load-Misses:       886864768    9.45%
Tlb-Load-Accesses:    9389738617  100.00%

Tlb-Store-Hits:        4786112315   97.51%
Tlb-Store-Misses:       122062216    2.49%
Tlb-Store-Accesses:    4908174531  100.00%

Tlb-Total-Hits:       13288986164   92.94%
Tlb-Total-Misses:      1008926984    7.06%
Tlb-Total-Accesses:   14297913148  100.00%



--------
Two level Cache hierarchy
--------
  L1-Data Cache:
    Size(KB):          32
    Block Size(B):     64
    Associativity:      8

  L2-Data Cache:
    Size(KB):        1024
    Block Size(B):    128
    Associativity:      8

Latencies:    1   10  150
L1-Sets:   64 - LRU - assoc:   8
L2-Sets: 1024 - LRU - assoc:   8
Store_allocation: Yes
L2_inclusive: Yes
L2_prefetching: No

L1 Cache Stats:
L1-Load-Hits:        9339673887   99.47%
L1-Load-Misses:        50064730    0.53%
L1-Load-Accesses:    9389738617  100.00%

L1-Store-Hits:        4897966287   99.79%
L1-Store-Misses:        10208244    0.21%
L1-Store-Accesses:    4908174531  100.00%

L1-Total-Hits:       14237640174   99.58%
L1-Total-Misses:        60272974    0.42%
L1-Total-Accesses:   14297913148  100.00%

L2 Cache Stats:
L2-Load-Hits:          43945047   87.78%
L2-Load-Misses:         6119683   12.22%
L2-Load-Accesses:      50064730  100.00%

L2-Store-Hits:           7939114   77.77%
L2-Store-Misses:         2269130   22.23%
L2-Store-Accesses:      10208244  100.00%

L2-Total-Hits:          51884161   86.08%
L2-Total-Misses:         8388813   13.92%
L2-Total-Accesses:      60272974  100.00%

