--------
Total Statistics
--------
Total Instructions: 31246957013
Total Cycles: 48159438461
IPC: 0.648823

--------
Single level Tlb hierarchy
--------
  Data Tlb:
    Entries:          64
    Page Size(B):   4096
    Associativity:     16

Latencies:    0   50
Tlb-Sets:    4 - LRU - assoc:  16

Tlb Stats:
Tlb-Load-Hits:        9378111978   99.88%
Tlb-Load-Misses:        11626639    0.12%
Tlb-Load-Accesses:    9389738617  100.00%

Tlb-Store-Hits:        4904732756   99.93%
Tlb-Store-Misses:         3441775    0.07%
Tlb-Store-Accesses:    4908174531  100.00%

Tlb-Total-Hits:       14282844734   99.89%
Tlb-Total-Misses:        15068414    0.11%
Tlb-Total-Accesses:   14297913148  100.00%



--------
Two level Cache hierarchy
--------
  L1-Data Cache:
    Size(KB):          32
    Block Size(B):     64
    Associativity:      8

  L2-Data Cache:
    Size(KB):        1024
    Block Size(B):    128
    Associativity:      8

Latencies:    1   10  150
L1-Sets:   64 - LRU - assoc:   8
L2-Sets: 1024 - LRU - assoc:   8
Store_allocation: Yes
L2_inclusive: Yes
L2_prefetching: No

L1 Cache Stats:
L1-Load-Hits:        9339651098   99.47%
L1-Load-Misses:        50087519    0.53%
L1-Load-Accesses:    9389738617  100.00%

L1-Store-Hits:        4897956175   99.79%
L1-Store-Misses:        10218356    0.21%
L1-Store-Accesses:    4908174531  100.00%

L1-Total-Hits:       14237607273   99.58%
L1-Total-Misses:        60305875    0.42%
L1-Total-Accesses:   14297913148  100.00%

L2 Cache Stats:
L2-Load-Hits:          43969927   87.79%
L2-Load-Misses:         6117592   12.21%
L2-Load-Accesses:      50087519  100.00%

L2-Store-Hits:           7948689   77.79%
L2-Store-Misses:         2269667   22.21%
L2-Store-Accesses:      10218356  100.00%

L2-Total-Hits:          51918616   86.09%
L2-Total-Misses:         8387259   13.91%
L2-Total-Accesses:      60305875  100.00%

