--------
Total Statistics
--------
Total Instructions: 31246957047
Total Cycles: 48177728774
IPC: 0.648577

--------
Single level Tlb hierarchy
--------
  Data Tlb:
    Entries:          64
    Page Size(B):   4096
    Associativity:      8

Latencies:    0   50
Tlb-Sets:    8 - LRU - assoc:   8

Tlb Stats:
Tlb-Load-Hits:        9377860407   99.87%
Tlb-Load-Misses:        11878224    0.13%
Tlb-Load-Accesses:    9389738631  100.00%

Tlb-Store-Hits:        4904627254   99.93%
Tlb-Store-Misses:         3547282    0.07%
Tlb-Store-Accesses:    4908174536  100.00%

Tlb-Total-Hits:       14282487661   99.89%
Tlb-Total-Misses:        15425506    0.11%
Tlb-Total-Accesses:   14297913167  100.00%



--------
Two level Cache hierarchy
--------
  L1-Data Cache:
    Size(KB):          32
    Block Size(B):     64
    Associativity:      8

  L2-Data Cache:
    Size(KB):        1024
    Block Size(B):    128
    Associativity:      8

Latencies:    1   10  150
L1-Sets:   64 - LRU - assoc:   8
L2-Sets: 1024 - LRU - assoc:   8
Store_allocation: Yes
L2_inclusive: Yes
L2_prefetching: No

L1 Cache Stats:
L1-Load-Hits:        9339603658   99.47%
L1-Load-Misses:        50134973    0.53%
L1-Load-Accesses:    9389738631  100.00%

L1-Store-Hits:        4897944603   99.79%
L1-Store-Misses:        10229933    0.21%
L1-Store-Accesses:    4908174536  100.00%

L1-Total-Hits:       14237548261   99.58%
L1-Total-Misses:        60364906    0.42%
L1-Total-Accesses:   14297913167  100.00%

L2 Cache Stats:
L2-Load-Hits:          44018142   87.80%
L2-Load-Misses:         6116831   12.20%
L2-Load-Accesses:      50134973  100.00%

L2-Store-Hits:           7960536   77.82%
L2-Store-Misses:         2269397   22.18%
L2-Store-Accesses:      10229933  100.00%

L2-Total-Hits:          51978678   86.11%
L2-Total-Misses:         8386228   13.89%
L2-Total-Accesses:      60364906  100.00%

