--------
Total Statistics
--------
Total Instructions: 31246957013
Total Cycles: 48645420991
IPC: 0.642341

--------
Single level Tlb hierarchy
--------
  Data Tlb:
    Entries:          64
    Page Size(B):   4096
    Associativity:      4

Latencies:    0   50
Tlb-Sets:   16 - LRU - assoc:   4

Tlb Stats:
Tlb-Load-Hits:        9372641514   99.82%
Tlb-Load-Misses:        17097103    0.18%
Tlb-Load-Accesses:    9389738617  100.00%

Tlb-Store-Hits:        4900488051   99.84%
Tlb-Store-Misses:         7686480    0.16%
Tlb-Store-Accesses:    4908174531  100.00%

Tlb-Total-Hits:       14273129565   99.83%
Tlb-Total-Misses:        24783583    0.17%
Tlb-Total-Accesses:   14297913148  100.00%



--------
Two level Cache hierarchy
--------
  L1-Data Cache:
    Size(KB):          32
    Block Size(B):     64
    Associativity:      8

  L2-Data Cache:
    Size(KB):        1024
    Block Size(B):    128
    Associativity:      8

Latencies:    1   10  150
L1-Sets:   64 - LRU - assoc:   8
L2-Sets: 1024 - LRU - assoc:   8
Store_allocation: Yes
L2_inclusive: Yes
L2_prefetching: No

L1 Cache Stats:
L1-Load-Hits:        9339672649   99.47%
L1-Load-Misses:        50065968    0.53%
L1-Load-Accesses:    9389738617  100.00%

L1-Store-Hits:        4897966141   99.79%
L1-Store-Misses:        10208390    0.21%
L1-Store-Accesses:    4908174531  100.00%

L1-Total-Hits:       14237638790   99.58%
L1-Total-Misses:        60274358    0.42%
L1-Total-Accesses:   14297913148  100.00%

L2 Cache Stats:
L2-Load-Hits:          43945257   87.77%
L2-Load-Misses:         6120711   12.23%
L2-Load-Accesses:      50065968  100.00%

L2-Store-Hits:           7938247   77.76%
L2-Store-Misses:         2270143   22.24%
L2-Store-Accesses:      10208390  100.00%

L2-Total-Hits:          51883504   86.08%
L2-Total-Misses:         8390854   13.92%
L2-Total-Accesses:      60274358  100.00%

