--------
Total Statistics
--------
Total Instructions: 6899721493
Total Cycles: 9671329476
IPC: 0.71342

--------
Single level Tlb hierarchy
--------
  Data Tlb:
    Entries:          32
    Page Size(B):   4096
    Associativity:      4

Latencies:    0   50
Tlb-Sets:    8 - LRU - assoc:   4

Tlb Stats:
Tlb-Load-Hits:        1839475204   99.94%
Tlb-Load-Misses:         1103246    0.06%
Tlb-Load-Accesses:    1840578450  100.00%

Tlb-Store-Hits:         681953759   99.98%
Tlb-Store-Misses:          139704    0.02%
Tlb-Store-Accesses:     682093463  100.00%

Tlb-Total-Hits:        2521428963   99.95%
Tlb-Total-Misses:         1242950    0.05%
Tlb-Total-Accesses:    2522671913  100.00%



--------
Two level Cache hierarchy
--------
  L1-Data Cache:
    Size(KB):          32
    Block Size(B):     64
    Associativity:      8

  L2-Data Cache:
    Size(KB):        1024
    Block Size(B):    128
    Associativity:      8

Latencies:    1   10  150
L1-Sets:   64 - LRU - assoc:   8
L2-Sets: 1024 - LRU - assoc:   8
Store_allocation: Yes
L2_inclusive: Yes
L2_prefetching: No

L1 Cache Stats:
L1-Load-Hits:        1837034104   99.81%
L1-Load-Misses:         3544346    0.19%
L1-Load-Accesses:    1840578450  100.00%

L1-Store-Hits:         681460412   99.91%
L1-Store-Misses:          633051    0.09%
L1-Store-Accesses:     682093463  100.00%

L1-Total-Hits:        2518494516   99.83%
L1-Total-Misses:         4177397    0.17%
L1-Total-Accesses:    2522671913  100.00%

L2 Cache Stats:
L2-Load-Hits:           2772779   78.23%
L2-Load-Misses:          771567   21.77%
L2-Load-Accesses:       3544346  100.00%

L2-Store-Hits:            437854   69.17%
L2-Store-Misses:          195197   30.83%
L2-Store-Accesses:        633051  100.00%

L2-Total-Hits:           3210633   76.86%
L2-Total-Misses:          966764   23.14%
L2-Total-Accesses:       4177397  100.00%

