--------
Total Statistics
--------
Total Instructions: 6899721493
Total Cycles: 9625199576
IPC: 0.716839

--------
Single level Tlb hierarchy
--------
  Data Tlb:
    Entries:         128
    Page Size(B):   4096
    Associativity:      4

Latencies:    0   50
Tlb-Sets:   32 - LRU - assoc:   4

Tlb Stats:
Tlb-Load-Hits:        1840283729   99.98%
Tlb-Load-Misses:          294721    0.02%
Tlb-Load-Accesses:    1840578450  100.00%

Tlb-Store-Hits:         682072856  100.00%
Tlb-Store-Misses:           20607    0.00%
Tlb-Store-Accesses:     682093463  100.00%

Tlb-Total-Hits:        2522356585   99.99%
Tlb-Total-Misses:          315328    0.01%
Tlb-Total-Accesses:    2522671913  100.00%



--------
Two level Cache hierarchy
--------
  L1-Data Cache:
    Size(KB):          32
    Block Size(B):     64
    Associativity:      8

  L2-Data Cache:
    Size(KB):        1024
    Block Size(B):    128
    Associativity:      8

Latencies:    1   10  150
L1-Sets:   64 - LRU - assoc:   8
L2-Sets: 1024 - LRU - assoc:   8
Store_allocation: Yes
L2_inclusive: Yes
L2_prefetching: No

L1 Cache Stats:
L1-Load-Hits:        1837020735   99.81%
L1-Load-Misses:         3557715    0.19%
L1-Load-Accesses:    1840578450  100.00%

L1-Store-Hits:         681462386   99.91%
L1-Store-Misses:          631077    0.09%
L1-Store-Accesses:     682093463  100.00%

L1-Total-Hits:        2518483121   99.83%
L1-Total-Misses:         4188792    0.17%
L1-Total-Accesses:    2522671913  100.00%

L2 Cache Stats:
L2-Load-Hits:           2785208   78.29%
L2-Load-Misses:          772507   21.71%
L2-Load-Accesses:       3557715  100.00%

L2-Store-Hits:            435905   69.07%
L2-Store-Misses:          195172   30.93%
L2-Store-Accesses:        631077  100.00%

L2-Total-Hits:           3221113   76.90%
L2-Total-Misses:          967679   23.10%
L2-Total-Accesses:       4188792  100.00%

