--------
Total Statistics
--------
Total Instructions: 6899721527
Total Cycles: 9634812239
IPC: 0.716124

--------
Single level Tlb hierarchy
--------
  Data Tlb:
    Entries:          64
    Page Size(B):   4096
    Associativity:     64

Latencies:    0   50
Tlb-Sets:    1 - LRU - assoc:  64

Tlb Stats:
Tlb-Load-Hits:        1840120932   99.98%
Tlb-Load-Misses:          457532    0.02%
Tlb-Load-Accesses:    1840578464  100.00%

Tlb-Store-Hits:         682043099   99.99%
Tlb-Store-Misses:           50369    0.01%
Tlb-Store-Accesses:     682093468  100.00%

Tlb-Total-Hits:        2522164031   99.98%
Tlb-Total-Misses:          507901    0.02%
Tlb-Total-Accesses:    2522671932  100.00%



--------
Two level Cache hierarchy
--------
  L1-Data Cache:
    Size(KB):          32
    Block Size(B):     64
    Associativity:      8

  L2-Data Cache:
    Size(KB):        1024
    Block Size(B):    128
    Associativity:      8

Latencies:    1   10  150
L1-Sets:   64 - LRU - assoc:   8
L2-Sets: 1024 - LRU - assoc:   8
Store_allocation: Yes
L2_inclusive: Yes
L2_prefetching: No

L1 Cache Stats:
L1-Load-Hits:        1836997836   99.81%
L1-Load-Misses:         3580628    0.19%
L1-Load-Accesses:    1840578464  100.00%

L1-Store-Hits:         681456938   99.91%
L1-Store-Misses:          636530    0.09%
L1-Store-Accesses:     682093468  100.00%

L1-Total-Hits:        2518454774   99.83%
L1-Total-Misses:         4217158    0.17%
L1-Total-Accesses:    2522671932  100.00%

L2 Cache Stats:
L2-Load-Hits:           2810038   78.48%
L2-Load-Misses:          770590   21.52%
L2-Load-Accesses:       3580628  100.00%

L2-Store-Hits:            441439   69.35%
L2-Store-Misses:          195091   30.65%
L2-Store-Accesses:        636530  100.00%

L2-Total-Hits:           3251477   77.10%
L2-Total-Misses:          965681   22.90%
L2-Total-Accesses:       4217158  100.00%

