--------
Total Statistics
--------
Total Instructions: 6899721493
Total Cycles: 9641052876
IPC: 0.715661

--------
Single level Tlb hierarchy
--------
  Data Tlb:
    Entries:          64
    Page Size(B):   4096
    Associativity:      4

Latencies:    0   50
Tlb-Sets:   16 - LRU - assoc:   4

Tlb Stats:
Tlb-Load-Hits:        1839994807   99.97%
Tlb-Load-Misses:          583643    0.03%
Tlb-Load-Accesses:    1840578450  100.00%

Tlb-Store-Hits:         682037470   99.99%
Tlb-Store-Misses:           55993    0.01%
Tlb-Store-Accesses:     682093463  100.00%

Tlb-Total-Hits:        2522032277   99.97%
Tlb-Total-Misses:          639636    0.03%
Tlb-Total-Accesses:    2522671913  100.00%



--------
Two level Cache hierarchy
--------
  L1-Data Cache:
    Size(KB):          32
    Block Size(B):     64
    Associativity:      8

  L2-Data Cache:
    Size(KB):        1024
    Block Size(B):    128
    Associativity:      8

Latencies:    1   10  150
L1-Sets:   64 - LRU - assoc:   8
L2-Sets: 1024 - LRU - assoc:   8
Store_allocation: Yes
L2_inclusive: Yes
L2_prefetching: No

L1 Cache Stats:
L1-Load-Hits:        1837019050   99.81%
L1-Load-Misses:         3559400    0.19%
L1-Load-Accesses:    1840578450  100.00%

L1-Store-Hits:         681485941   99.91%
L1-Store-Misses:          607522    0.09%
L1-Store-Accesses:     682093463  100.00%

L1-Total-Hits:        2518504991   99.83%
L1-Total-Misses:         4166922    0.17%
L1-Total-Accesses:    2522671913  100.00%

L2 Cache Stats:
L2-Load-Hits:           2787861   78.32%
L2-Load-Misses:          771539   21.68%
L2-Load-Accesses:       3559400  100.00%

L2-Store-Hits:            412338   67.87%
L2-Store-Misses:          195184   32.13%
L2-Store-Accesses:        607522  100.00%

L2-Total-Hits:           3200199   76.80%
L2-Total-Misses:          966723   23.20%
L2-Total-Accesses:       4166922  100.00%

