--------
Total Statistics
--------
Total Instructions: 6899721493
Total Cycles: 9782894556
IPC: 0.705284

--------
Single level Tlb hierarchy
--------
  Data Tlb:
    Entries:          16
    Page Size(B):   4096
    Associativity:      4

Latencies:    0   50
Tlb-Sets:    4 - LRU - assoc:   4

Tlb Stats:
Tlb-Load-Hits:        1837592578   99.84%
Tlb-Load-Misses:         2985872    0.16%
Tlb-Load-Accesses:    1840578450  100.00%

Tlb-Store-Hits:         681602061   99.93%
Tlb-Store-Misses:          491402    0.07%
Tlb-Store-Accesses:     682093463  100.00%

Tlb-Total-Hits:        2519194639   99.86%
Tlb-Total-Misses:         3477274    0.14%
Tlb-Total-Accesses:    2522671913  100.00%



--------
Two level Cache hierarchy
--------
  L1-Data Cache:
    Size(KB):          32
    Block Size(B):     64
    Associativity:      8

  L2-Data Cache:
    Size(KB):        1024
    Block Size(B):    128
    Associativity:      8

Latencies:    1   10  150
L1-Sets:   64 - LRU - assoc:   8
L2-Sets: 1024 - LRU - assoc:   8
Store_allocation: Yes
L2_inclusive: Yes
L2_prefetching: No

L1 Cache Stats:
L1-Load-Hits:        1837035335   99.81%
L1-Load-Misses:         3543115    0.19%
L1-Load-Accesses:    1840578450  100.00%

L1-Store-Hits:         681466193   99.91%
L1-Store-Misses:          627270    0.09%
L1-Store-Accesses:     682093463  100.00%

L1-Total-Hits:        2518501528   99.83%
L1-Total-Misses:         4170385    0.17%
L1-Total-Accesses:    2522671913  100.00%

L2 Cache Stats:
L2-Load-Hits:           2771953   78.23%
L2-Load-Misses:          771162   21.77%
L2-Load-Accesses:       3543115  100.00%

L2-Store-Hits:            432208   68.90%
L2-Store-Misses:          195062   31.10%
L2-Store-Accesses:        627270  100.00%

L2-Total-Hits:           3204161   76.83%
L2-Total-Misses:          966224   23.17%
L2-Total-Accesses:       4170385  100.00%

