--------
Total Statistics
--------
Total Instructions: 6899721493
Total Cycles: 9985195886
IPC: 0.690995

--------
Single level Tlb hierarchy
--------
  Data Tlb:
    Entries:           8
    Page Size(B):   4096
    Associativity:      4

Latencies:    0   50
Tlb-Sets:    2 - LRU - assoc:   4

Tlb Stats:
Tlb-Load-Hits:        1833855569   99.63%
Tlb-Load-Misses:         6722881    0.37%
Tlb-Load-Accesses:    1840578450  100.00%

Tlb-Store-Hits:         681295506   99.88%
Tlb-Store-Misses:          797957    0.12%
Tlb-Store-Accesses:     682093463  100.00%

Tlb-Total-Hits:        2515151075   99.70%
Tlb-Total-Misses:         7520838    0.30%
Tlb-Total-Accesses:    2522671913  100.00%



--------
Two level Cache hierarchy
--------
  L1-Data Cache:
    Size(KB):          32
    Block Size(B):     64
    Associativity:      8

  L2-Data Cache:
    Size(KB):        1024
    Block Size(B):    128
    Associativity:      8

Latencies:    1   10  150
L1-Sets:   64 - LRU - assoc:   8
L2-Sets: 1024 - LRU - assoc:   8
Store_allocation: Yes
L2_inclusive: Yes
L2_prefetching: No

L1 Cache Stats:
L1-Load-Hits:        1837024522   99.81%
L1-Load-Misses:         3553928    0.19%
L1-Load-Accesses:    1840578450  100.00%

L1-Store-Hits:         681481478   99.91%
L1-Store-Misses:          611985    0.09%
L1-Store-Accesses:     682093463  100.00%

L1-Total-Hits:        2518506000   99.83%
L1-Total-Misses:         4165913    0.17%
L1-Total-Accesses:    2522671913  100.00%

L2 Cache Stats:
L2-Load-Hits:           2781693   78.27%
L2-Load-Misses:          772235   21.73%
L2-Load-Accesses:       3553928  100.00%

L2-Store-Hits:            416877   68.12%
L2-Store-Misses:          195108   31.88%
L2-Store-Accesses:        611985  100.00%

L2-Total-Hits:           3198570   76.78%
L2-Total-Misses:          967343   23.22%
L2-Total-Accesses:       4165913  100.00%

