--------
Total Statistics
--------
Total Instructions: 6899721527
Total Cycles: 9654045019
IPC: 0.714697

--------
Single level Tlb hierarchy
--------
  Data Tlb:
    Entries:          64
    Page Size(B):   4096
    Associativity:      2

Latencies:    0   50
Tlb-Sets:   32 - LRU - assoc:   2

Tlb Stats:
Tlb-Load-Hits:        1839763125   99.96%
Tlb-Load-Misses:          815339    0.04%
Tlb-Load-Accesses:    1840578464  100.00%

Tlb-Store-Hits:         682007360   99.99%
Tlb-Store-Misses:           86108    0.01%
Tlb-Store-Accesses:     682093468  100.00%

Tlb-Total-Hits:        2521770485   99.96%
Tlb-Total-Misses:          901447    0.04%
Tlb-Total-Accesses:    2522671932  100.00%



--------
Two level Cache hierarchy
--------
  L1-Data Cache:
    Size(KB):          32
    Block Size(B):     64
    Associativity:      8

  L2-Data Cache:
    Size(KB):        1024
    Block Size(B):    128
    Associativity:      8

Latencies:    1   10  150
L1-Sets:   64 - LRU - assoc:   8
L2-Sets: 1024 - LRU - assoc:   8
Store_allocation: Yes
L2_inclusive: Yes
L2_prefetching: No

L1 Cache Stats:
L1-Load-Hits:        1837035200   99.81%
L1-Load-Misses:         3543264    0.19%
L1-Load-Accesses:    1840578464  100.00%

L1-Store-Hits:         681484711   99.91%
L1-Store-Misses:          608757    0.09%
L1-Store-Accesses:     682093468  100.00%

L1-Total-Hits:        2518519911   99.84%
L1-Total-Misses:         4152021    0.16%
L1-Total-Accesses:    2522671932  100.00%

L2 Cache Stats:
L2-Load-Hits:           2771385   78.22%
L2-Load-Misses:          771879   21.78%
L2-Load-Accesses:       3543264  100.00%

L2-Store-Hits:            413576   67.94%
L2-Store-Misses:          195181   32.06%
L2-Store-Accesses:        608757  100.00%

L2-Total-Hits:           3184961   76.71%
L2-Total-Misses:          967060   23.29%
L2-Total-Accesses:       4152021  100.00%

