--------
Total Statistics
--------
Total Instructions: 6899721527
Total Cycles: 9635049179
IPC: 0.716107

--------
Single level Tlb hierarchy
--------
  Data Tlb:
    Entries:          64
    Page Size(B):   4096
    Associativity:     32

Latencies:    0   50
Tlb-Sets:    2 - LRU - assoc:  32

Tlb Stats:
Tlb-Load-Hits:        1840119896   99.98%
Tlb-Load-Misses:          458568    0.02%
Tlb-Load-Accesses:    1840578464  100.00%

Tlb-Store-Hits:         682034985   99.99%
Tlb-Store-Misses:           58483    0.01%
Tlb-Store-Accesses:     682093468  100.00%

Tlb-Total-Hits:        2522154881   99.98%
Tlb-Total-Misses:          517051    0.02%
Tlb-Total-Accesses:    2522671932  100.00%



--------
Two level Cache hierarchy
--------
  L1-Data Cache:
    Size(KB):          32
    Block Size(B):     64
    Associativity:      8

  L2-Data Cache:
    Size(KB):        1024
    Block Size(B):    128
    Associativity:      8

Latencies:    1   10  150
L1-Sets:   64 - LRU - assoc:   8
L2-Sets: 1024 - LRU - assoc:   8
Store_allocation: Yes
L2_inclusive: Yes
L2_prefetching: No

L1 Cache Stats:
L1-Load-Hits:        1837023773   99.81%
L1-Load-Misses:         3554691    0.19%
L1-Load-Accesses:    1840578464  100.00%

L1-Store-Hits:         681465402   99.91%
L1-Store-Misses:          628066    0.09%
L1-Store-Accesses:     682093468  100.00%

L1-Total-Hits:        2518489175   99.83%
L1-Total-Misses:         4182757    0.17%
L1-Total-Accesses:    2522671932  100.00%

L2 Cache Stats:
L2-Load-Hits:           2783193   78.30%
L2-Load-Misses:          771498   21.70%
L2-Load-Accesses:       3554691  100.00%

L2-Store-Hits:            433060   68.95%
L2-Store-Misses:          195006   31.05%
L2-Store-Accesses:        628066  100.00%

L2-Total-Hits:           3216253   76.89%
L2-Total-Misses:          966504   23.11%
L2-Total-Accesses:       4182757  100.00%

