--------
Total Statistics
--------
Total Instructions: 6899721493
Total Cycles: 9637204796
IPC: 0.715946

--------
Single level Tlb hierarchy
--------
  Data Tlb:
    Entries:          64
    Page Size(B):   4096
    Associativity:      8

Latencies:    0   50
Tlb-Sets:    8 - LRU - assoc:   8

Tlb Stats:
Tlb-Load-Hits:        1840080113   99.97%
Tlb-Load-Misses:          498337    0.03%
Tlb-Load-Accesses:    1840578450  100.00%

Tlb-Store-Hits:         682038399   99.99%
Tlb-Store-Misses:           55064    0.01%
Tlb-Store-Accesses:     682093463  100.00%

Tlb-Total-Hits:        2522118512   99.98%
Tlb-Total-Misses:          553401    0.02%
Tlb-Total-Accesses:    2522671913  100.00%



--------
Two level Cache hierarchy
--------
  L1-Data Cache:
    Size(KB):          32
    Block Size(B):     64
    Associativity:      8

  L2-Data Cache:
    Size(KB):        1024
    Block Size(B):    128
    Associativity:      8

Latencies:    1   10  150
L1-Sets:   64 - LRU - assoc:   8
L2-Sets: 1024 - LRU - assoc:   8
Store_allocation: Yes
L2_inclusive: Yes
L2_prefetching: No

L1 Cache Stats:
L1-Load-Hits:        1837005399   99.81%
L1-Load-Misses:         3573051    0.19%
L1-Load-Accesses:    1840578450  100.00%

L1-Store-Hits:         681460935   99.91%
L1-Store-Misses:          632528    0.09%
L1-Store-Accesses:     682093463  100.00%

L1-Total-Hits:        2518466334   99.83%
L1-Total-Misses:         4205579    0.17%
L1-Total-Accesses:    2522671913  100.00%

L2 Cache Stats:
L2-Load-Hits:           2800938   78.39%
L2-Load-Misses:          772113   21.61%
L2-Load-Accesses:       3573051  100.00%

L2-Store-Hits:            437404   69.15%
L2-Store-Misses:          195124   30.85%
L2-Store-Accesses:        632528  100.00%

L2-Total-Hits:           3238342   77.00%
L2-Total-Misses:          967237   23.00%
L2-Total-Accesses:       4205579  100.00%

