--------
Total Statistics
--------
Total Instructions: 19352350950
Total Cycles: 60270554478
IPC: 0.321091

--------
Single level Tlb hierarchy
--------
  Data Tlb:
    Entries:           8
    Page Size(B):   4096
    Associativity:      4

Latencies:    0   50
Tlb-Sets:    2 - LRU - assoc:   4

Tlb Stats:
Tlb-Load-Hits:        8585224189   99.05%
Tlb-Load-Misses:        82746116    0.95%
Tlb-Load-Accesses:    8667970305  100.00%

Tlb-Store-Hits:         323905413   99.09%
Tlb-Store-Misses:         2975300    0.91%
Tlb-Store-Accesses:     326880713  100.00%

Tlb-Total-Hits:        8909129602   99.05%
Tlb-Total-Misses:        85721416    0.95%
Tlb-Total-Accesses:    8994851018  100.00%



--------
Two level Cache hierarchy
--------
  L1-Data Cache:
    Size(KB):          32
    Block Size(B):     64
    Associativity:      8

  L2-Data Cache:
    Size(KB):        1024
    Block Size(B):    128
    Associativity:      8

Latencies:    1   10  150
L1-Sets:   64 - LRU - assoc:   8
L2-Sets: 1024 - LRU - assoc:   8
Store_allocation: Yes
L2_inclusive: Yes
L2_prefetching: No

L1 Cache Stats:
L1-Load-Hits:        8208548917   94.70%
L1-Load-Misses:       459421388    5.30%
L1-Load-Accesses:    8667970305  100.00%

L1-Store-Hits:         324906380   99.40%
L1-Store-Misses:         1974333    0.60%
L1-Store-Accesses:     326880713  100.00%

L1-Total-Hits:        8533455297   94.87%
L1-Total-Misses:       461395721    5.13%
L1-Total-Accesses:    8994851018  100.00%

L2 Cache Stats:
L2-Load-Hits:         306395975   66.69%
L2-Load-Misses:       153025413   33.31%
L2-Load-Accesses:     459421388  100.00%

L2-Store-Hits:           1510916   76.53%
L2-Store-Misses:          463417   23.47%
L2-Store-Accesses:       1974333  100.00%

L2-Total-Hits:         307906891   66.73%
L2-Total-Misses:       153488830   33.27%
L2-Total-Accesses:     461395721  100.00%

