--------
Total Statistics
--------
Total Instructions: 19352350950
Total Cycles: 57616405418
IPC: 0.335883

--------
Single level Tlb hierarchy
--------
  Data Tlb:
    Entries:          64
    Page Size(B):   4096
    Associativity:     16

Latencies:    0   50
Tlb-Sets:    4 - LRU - assoc:  16

Tlb Stats:
Tlb-Load-Hits:        8634742610   99.62%
Tlb-Load-Misses:        33227695    0.38%
Tlb-Load-Accesses:    8667970305  100.00%

Tlb-Store-Hits:         326773207   99.97%
Tlb-Store-Misses:          107506    0.03%
Tlb-Store-Accesses:     326880713  100.00%

Tlb-Total-Hits:        8961515817   99.63%
Tlb-Total-Misses:        33335201    0.37%
Tlb-Total-Accesses:    8994851018  100.00%



--------
Two level Cache hierarchy
--------
  L1-Data Cache:
    Size(KB):          32
    Block Size(B):     64
    Associativity:      8

  L2-Data Cache:
    Size(KB):        1024
    Block Size(B):    128
    Associativity:      8

Latencies:    1   10  150
L1-Sets:   64 - LRU - assoc:   8
L2-Sets: 1024 - LRU - assoc:   8
Store_allocation: Yes
L2_inclusive: Yes
L2_prefetching: No

L1 Cache Stats:
L1-Load-Hits:        8212318021   94.74%
L1-Load-Misses:       455652284    5.26%
L1-Load-Accesses:    8667970305  100.00%

L1-Store-Hits:         324899312   99.39%
L1-Store-Misses:         1981401    0.61%
L1-Store-Accesses:     326880713  100.00%

L1-Total-Hits:        8537217333   94.91%
L1-Total-Misses:       457633685    5.09%
L1-Total-Accesses:    8994851018  100.00%

L2 Cache Stats:
L2-Load-Hits:         302617969   66.41%
L2-Load-Misses:       153034315   33.59%
L2-Load-Accesses:     455652284  100.00%

L2-Store-Hits:           1508339   76.12%
L2-Store-Misses:          473062   23.88%
L2-Store-Accesses:       1981401  100.00%

L2-Total-Hits:         304126308   66.46%
L2-Total-Misses:       153507377   33.54%
L2-Total-Accesses:     457633685  100.00%

