--------
Total Statistics
--------
Total Instructions: 19352350950
Total Cycles: 57554859868
IPC: 0.336242

--------
Single level Tlb hierarchy
--------
  Data Tlb:
    Entries:         128
    Page Size(B):   4096
    Associativity:      4

Latencies:    0   50
Tlb-Sets:   32 - LRU - assoc:   4

Tlb Stats:
Tlb-Load-Hits:        8635898598   99.63%
Tlb-Load-Misses:        32071707    0.37%
Tlb-Load-Accesses:    8667970305  100.00%

Tlb-Store-Hits:         326829108   99.98%
Tlb-Store-Misses:           51605    0.02%
Tlb-Store-Accesses:     326880713  100.00%

Tlb-Total-Hits:        8962727706   99.64%
Tlb-Total-Misses:        32123312    0.36%
Tlb-Total-Accesses:    8994851018  100.00%



--------
Two level Cache hierarchy
--------
  L1-Data Cache:
    Size(KB):          32
    Block Size(B):     64
    Associativity:      8

  L2-Data Cache:
    Size(KB):        1024
    Block Size(B):    128
    Associativity:      8

Latencies:    1   10  150
L1-Sets:   64 - LRU - assoc:   8
L2-Sets: 1024 - LRU - assoc:   8
Store_allocation: Yes
L2_inclusive: Yes
L2_prefetching: No

L1 Cache Stats:
L1-Load-Hits:        8212331028   94.74%
L1-Load-Misses:       455639277    5.26%
L1-Load-Accesses:    8667970305  100.00%

L1-Store-Hits:         324905170   99.40%
L1-Store-Misses:         1975543    0.60%
L1-Store-Accesses:     326880713  100.00%

L1-Total-Hits:        8537236198   94.91%
L1-Total-Misses:       457614820    5.09%
L1-Total-Accesses:    8994851018  100.00%

L2 Cache Stats:
L2-Load-Hits:         302609085   66.41%
L2-Load-Misses:       153030192   33.59%
L2-Load-Accesses:     455639277  100.00%

L2-Store-Hits:           1503441   76.10%
L2-Store-Misses:          472102   23.90%
L2-Store-Accesses:       1975543  100.00%

L2-Total-Hits:         304112526   66.46%
L2-Total-Misses:       153502294   33.54%
L2-Total-Accesses:     457614820  100.00%

