--------
Total Statistics
--------
Total Instructions: 19352350984
Total Cycles: 57781575771
IPC: 0.334923

--------
Single level Tlb hierarchy
--------
  Data Tlb:
    Entries:          32
    Page Size(B):   4096
    Associativity:      4

Latencies:    0   50
Tlb-Sets:    8 - LRU - assoc:   4

Tlb Stats:
Tlb-Load-Hits:        8631712103   99.58%
Tlb-Load-Misses:        36258216    0.42%
Tlb-Load-Accesses:    8667970319  100.00%

Tlb-Store-Hits:         326469553   99.87%
Tlb-Store-Misses:          411165    0.13%
Tlb-Store-Accesses:     326880718  100.00%

Tlb-Total-Hits:        8958181656   99.59%
Tlb-Total-Misses:        36669381    0.41%
Tlb-Total-Accesses:    8994851037  100.00%



--------
Two level Cache hierarchy
--------
  L1-Data Cache:
    Size(KB):          32
    Block Size(B):     64
    Associativity:      8

  L2-Data Cache:
    Size(KB):        1024
    Block Size(B):    128
    Associativity:      8

Latencies:    1   10  150
L1-Sets:   64 - LRU - assoc:   8
L2-Sets: 1024 - LRU - assoc:   8
Store_allocation: Yes
L2_inclusive: Yes
L2_prefetching: No

L1 Cache Stats:
L1-Load-Hits:        8212335736   94.74%
L1-Load-Misses:       455634583    5.26%
L1-Load-Accesses:    8667970319  100.00%

L1-Store-Hits:         324899451   99.39%
L1-Store-Misses:         1981267    0.61%
L1-Store-Accesses:     326880718  100.00%

L1-Total-Hits:        8537235187   94.91%
L1-Total-Misses:       457615850    5.09%
L1-Total-Accesses:    8994851037  100.00%

L2 Cache Stats:
L2-Load-Hits:         302606881   66.41%
L2-Load-Misses:       153027702   33.59%
L2-Load-Accesses:     455634583  100.00%

L2-Store-Hits:           1510661   76.25%
L2-Store-Misses:          470606   23.75%
L2-Store-Accesses:       1981267  100.00%

L2-Total-Hits:         304117542   66.46%
L2-Total-Misses:       153498308   33.54%
L2-Total-Accesses:     457615850  100.00%

