--------
Total Statistics
--------
Total Instructions: 19352350984
Total Cycles: 57611192391
IPC: 0.335913

--------
Single level Tlb hierarchy
--------
  Data Tlb:
    Entries:          64
    Page Size(B):   4096
    Associativity:     32

Latencies:    0   50
Tlb-Sets:    2 - LRU - assoc:  32

Tlb Stats:
Tlb-Load-Hits:        8634796181   99.62%
Tlb-Load-Misses:        33174138    0.38%
Tlb-Load-Accesses:    8667970319  100.00%

Tlb-Store-Hits:         326778391   99.97%
Tlb-Store-Misses:          102327    0.03%
Tlb-Store-Accesses:     326880718  100.00%

Tlb-Total-Hits:        8961574572   99.63%
Tlb-Total-Misses:        33276465    0.37%
Tlb-Total-Accesses:    8994851037  100.00%



--------
Two level Cache hierarchy
--------
  L1-Data Cache:
    Size(KB):          32
    Block Size(B):     64
    Associativity:      8

  L2-Data Cache:
    Size(KB):        1024
    Block Size(B):    128
    Associativity:      8

Latencies:    1   10  150
L1-Sets:   64 - LRU - assoc:   8
L2-Sets: 1024 - LRU - assoc:   8
Store_allocation: Yes
L2_inclusive: Yes
L2_prefetching: No

L1 Cache Stats:
L1-Load-Hits:        8212363859   94.74%
L1-Load-Misses:       455606460    5.26%
L1-Load-Accesses:    8667970319  100.00%

L1-Store-Hits:         324894761   99.39%
L1-Store-Misses:         1985957    0.61%
L1-Store-Accesses:     326880718  100.00%

L1-Total-Hits:        8537258620   94.91%
L1-Total-Misses:       457592417    5.09%
L1-Total-Accesses:    8994851037  100.00%

L2 Cache Stats:
L2-Load-Hits:         302580696   66.41%
L2-Load-Misses:       153025764   33.59%
L2-Load-Accesses:     455606460  100.00%

L2-Store-Hits:           1516768   76.37%
L2-Store-Misses:          469189   23.63%
L2-Store-Accesses:       1985957  100.00%

L2-Total-Hits:         304097464   66.46%
L2-Total-Misses:       153494953   33.54%
L2-Total-Accesses:     457592417  100.00%

