--------
Total Statistics
--------
Total Instructions: 19352350950
Total Cycles: 57645285628
IPC: 0.335714

--------
Single level Tlb hierarchy
--------
  Data Tlb:
    Entries:          64
    Page Size(B):   4096
    Associativity:     64

Latencies:    0   50
Tlb-Sets:    1 - LRU - assoc:  64

Tlb Stats:
Tlb-Load-Hits:        8634833988   99.62%
Tlb-Load-Misses:        33136317    0.38%
Tlb-Load-Accesses:    8667970305  100.00%

Tlb-Store-Hits:         326780959   99.97%
Tlb-Store-Misses:           99754    0.03%
Tlb-Store-Accesses:     326880713  100.00%

Tlb-Total-Hits:        8961614947   99.63%
Tlb-Total-Misses:        33236071    0.37%
Tlb-Total-Accesses:    8994851018  100.00%



--------
Two level Cache hierarchy
--------
  L1-Data Cache:
    Size(KB):          32
    Block Size(B):     64
    Associativity:      8

  L2-Data Cache:
    Size(KB):        1024
    Block Size(B):    128
    Associativity:      8

Latencies:    1   10  150
L1-Sets:   64 - LRU - assoc:   8
L2-Sets: 1024 - LRU - assoc:   8
Store_allocation: Yes
L2_inclusive: Yes
L2_prefetching: No

L1 Cache Stats:
L1-Load-Hits:        8208534623   94.70%
L1-Load-Misses:       459435682    5.30%
L1-Load-Accesses:    8667970305  100.00%

L1-Store-Hits:         324916194   99.40%
L1-Store-Misses:         1964519    0.60%
L1-Store-Accesses:     326880713  100.00%

L1-Total-Hits:        8533450817   94.87%
L1-Total-Misses:       461400201    5.13%
L1-Total-Accesses:    8994851018  100.00%

L2 Cache Stats:
L2-Load-Hits:         306406831   66.69%
L2-Load-Misses:       153028851   33.31%
L2-Load-Accesses:     459435682  100.00%

L2-Store-Hits:           1511516   76.94%
L2-Store-Misses:          453003   23.06%
L2-Store-Accesses:       1964519  100.00%

L2-Total-Hits:         307918347   66.74%
L2-Total-Misses:       153481854   33.26%
L2-Total-Accesses:     461400201  100.00%

