--------
Total Statistics
--------
Total Instructions: 19352350950
Total Cycles: 57523039978
IPC: 0.336428

--------
Single level Tlb hierarchy
--------
  Data Tlb:
    Entries:         256
    Page Size(B):   4096
    Associativity:      4

Latencies:    0   50
Tlb-Sets:   64 - LRU - assoc:   4

Tlb Stats:
Tlb-Load-Hits:        8637916051   99.65%
Tlb-Load-Misses:        30054254    0.35%
Tlb-Load-Accesses:    8667970305  100.00%

Tlb-Store-Hits:         326852388   99.99%
Tlb-Store-Misses:           28325    0.01%
Tlb-Store-Accesses:     326880713  100.00%

Tlb-Total-Hits:        8964768439   99.67%
Tlb-Total-Misses:        30082579    0.33%
Tlb-Total-Accesses:    8994851018  100.00%



--------
Two level Cache hierarchy
--------
  L1-Data Cache:
    Size(KB):          32
    Block Size(B):     64
    Associativity:      8

  L2-Data Cache:
    Size(KB):        1024
    Block Size(B):    128
    Associativity:      8

Latencies:    1   10  150
L1-Sets:   64 - LRU - assoc:   8
L2-Sets: 1024 - LRU - assoc:   8
Store_allocation: Yes
L2_inclusive: Yes
L2_prefetching: No

L1 Cache Stats:
L1-Load-Hits:        8205262800   94.66%
L1-Load-Misses:       462707505    5.34%
L1-Load-Accesses:    8667970305  100.00%

L1-Store-Hits:         324901907   99.39%
L1-Store-Misses:         1978806    0.61%
L1-Store-Accesses:     326880713  100.00%

L1-Total-Hits:        8530164707   94.83%
L1-Total-Misses:       464686311    5.17%
L1-Total-Accesses:    8994851018  100.00%

L2 Cache Stats:
L2-Load-Hits:         309677236   66.93%
L2-Load-Misses:       153030269   33.07%
L2-Load-Accesses:     462707505  100.00%

L2-Store-Hits:           1510102   76.31%
L2-Store-Misses:          468704   23.69%
L2-Store-Accesses:       1978806  100.00%

L2-Total-Hits:         311187338   66.97%
L2-Total-Misses:       153498973   33.03%
L2-Total-Accesses:     464686311  100.00%

