--------
Total Statistics
--------
Total Instructions: 19352350984
Total Cycles: 58145392071
IPC: 0.332827

--------
Single level Tlb hierarchy
--------
  Data Tlb:
    Entries:          16
    Page Size(B):   4096
    Associativity:      4

Latencies:    0   50
Tlb-Sets:    4 - LRU - assoc:   4

Tlb Stats:
Tlb-Load-Hits:        8625779724   99.51%
Tlb-Load-Misses:        42190595    0.49%
Tlb-Load-Accesses:    8667970319  100.00%

Tlb-Store-Hits:         325891409   99.70%
Tlb-Store-Misses:          989309    0.30%
Tlb-Store-Accesses:     326880718  100.00%

Tlb-Total-Hits:        8951671133   99.52%
Tlb-Total-Misses:        43179904    0.48%
Tlb-Total-Accesses:    8994851037  100.00%



--------
Two level Cache hierarchy
--------
  L1-Data Cache:
    Size(KB):          32
    Block Size(B):     64
    Associativity:      8

  L2-Data Cache:
    Size(KB):        1024
    Block Size(B):    128
    Associativity:      8

Latencies:    1   10  150
L1-Sets:   64 - LRU - assoc:   8
L2-Sets: 1024 - LRU - assoc:   8
Store_allocation: Yes
L2_inclusive: Yes
L2_prefetching: No

L1 Cache Stats:
L1-Load-Hits:        8208449755   94.70%
L1-Load-Misses:       459520564    5.30%
L1-Load-Accesses:    8667970319  100.00%

L1-Store-Hits:         324904757   99.40%
L1-Store-Misses:         1975961    0.60%
L1-Store-Accesses:     326880718  100.00%

L1-Total-Hits:        8533354512   94.87%
L1-Total-Misses:       461496525    5.13%
L1-Total-Accesses:    8994851037  100.00%

L2 Cache Stats:
L2-Load-Hits:         306496218   66.70%
L2-Load-Misses:       153024346   33.30%
L2-Load-Accesses:     459520564  100.00%

L2-Store-Hits:           1505443   76.19%
L2-Store-Misses:          470518   23.81%
L2-Store-Accesses:       1975961  100.00%

L2-Total-Hits:         308001661   66.74%
L2-Total-Misses:       153494864   33.26%
L2-Total-Accesses:     461496525  100.00%

