--------
Total Statistics
--------
Total Instructions: 27912973166
Total Cycles: 77930017683
IPC: 0.35818

--------
Single level Tlb hierarchy
--------
  Data Tlb:
    Entries:           8
    Page Size(B):   4096
    Associativity:      4

Latencies:    0   50
Tlb-Sets:    2 - LRU - assoc:   4

Tlb Stats:
Tlb-Load-Hits:        6959316800   90.74%
Tlb-Load-Misses:       709986797    9.26%
Tlb-Load-Accesses:    7669303597  100.00%

Tlb-Store-Hits:        2250716448   97.12%
Tlb-Store-Misses:        66655832    2.88%
Tlb-Store-Accesses:    2317372280  100.00%

Tlb-Total-Hits:        9210033248   92.22%
Tlb-Total-Misses:       776642629    7.78%
Tlb-Total-Accesses:    9986675877  100.00%



--------
Two level Cache hierarchy
--------
  L1-Data Cache:
    Size(KB):          32
    Block Size(B):     64
    Associativity:      8

  L2-Data Cache:
    Size(KB):        1024
    Block Size(B):    128
    Associativity:      8

Latencies:    1   10  150
L1-Sets:   64 - LRU - assoc:   8
L2-Sets: 1024 - LRU - assoc:   8
Store_allocation: Yes
L2_inclusive: Yes
L2_prefetching: No

L1 Cache Stats:
L1-Load-Hits:        7603430466   99.14%
L1-Load-Misses:        65873131    0.86%
L1-Load-Accesses:    7669303597  100.00%

L1-Store-Hits:        2263593997   97.68%
L1-Store-Misses:        53778283    2.32%
L1-Store-Accesses:    2317372280  100.00%

L1-Total-Hits:        9867024463   98.80%
L1-Total-Misses:       119651414    1.20%
L1-Total-Accesses:    9986675877  100.00%

L2 Cache Stats:
L2-Load-Hits:          65871133  100.00%
L2-Load-Misses:            1998    0.00%
L2-Load-Accesses:      65873131  100.00%

L2-Store-Hits:          53768794   99.98%
L2-Store-Misses:            9489    0.02%
L2-Store-Accesses:      53778283  100.00%

L2-Total-Hits:         119639927   99.99%
L2-Total-Misses:           11487    0.01%
L2-Total-Accesses:     119651414  100.00%

