--------
Total Statistics
--------
Total Instructions: 27912973132
Total Cycles: 39204907000
IPC: 0.711977

--------
Single level Tlb hierarchy
--------
  Data Tlb:
    Entries:          64
    Page Size(B):   4096
    Associativity:      2

Latencies:    0   50
Tlb-Sets:   32 - LRU - assoc:   2

Tlb Stats:
Tlb-Load-Hits:        7667760837   99.98%
Tlb-Load-Misses:         1542746    0.02%
Tlb-Load-Accesses:    7669303583  100.00%

Tlb-Store-Hits:        2316818541   99.98%
Tlb-Store-Misses:          553734    0.02%
Tlb-Store-Accesses:    2317372275  100.00%

Tlb-Total-Hits:        9984579378   99.98%
Tlb-Total-Misses:         2096480    0.02%
Tlb-Total-Accesses:    9986675858  100.00%



--------
Two level Cache hierarchy
--------
  L1-Data Cache:
    Size(KB):          32
    Block Size(B):     64
    Associativity:      8

  L2-Data Cache:
    Size(KB):        1024
    Block Size(B):    128
    Associativity:      8

Latencies:    1   10  150
L1-Sets:   64 - LRU - assoc:   8
L2-Sets: 1024 - LRU - assoc:   8
Store_allocation: Yes
L2_inclusive: Yes
L2_prefetching: No

L1 Cache Stats:
L1-Load-Hits:        7603437048   99.14%
L1-Load-Misses:        65866535    0.86%
L1-Load-Accesses:    7669303583  100.00%

L1-Store-Hits:        2263367744   97.67%
L1-Store-Misses:        54004531    2.33%
L1-Store-Accesses:    2317372275  100.00%

L1-Total-Hits:        9866804792   98.80%
L1-Total-Misses:       119871066    1.20%
L1-Total-Accesses:    9986675858  100.00%

L2 Cache Stats:
L2-Load-Hits:          65864537  100.00%
L2-Load-Misses:            1998    0.00%
L2-Load-Accesses:      65866535  100.00%

L2-Store-Hits:          53995040   99.98%
L2-Store-Misses:            9491    0.02%
L2-Store-Accesses:      54004531  100.00%

L2-Total-Hits:         119859577   99.99%
L2-Total-Misses:           11489    0.01%
L2-Total-Accesses:     119871066  100.00%

