--------
Total Statistics
--------
Total Instructions: 27912973166
Total Cycles: 39100125433
IPC: 0.713884

--------
Single level Tlb hierarchy
--------
  Data Tlb:
    Entries:         128
    Page Size(B):   4096
    Associativity:      4

Latencies:    0   50
Tlb-Sets:   32 - LRU - assoc:   4

Tlb Stats:
Tlb-Load-Hits:        7669303370  100.00%
Tlb-Load-Misses:             227    0.00%
Tlb-Load-Accesses:    7669303597  100.00%

Tlb-Store-Hits:        2317371805  100.00%
Tlb-Store-Misses:             475    0.00%
Tlb-Store-Accesses:    2317372280  100.00%

Tlb-Total-Hits:        9986675175  100.00%
Tlb-Total-Misses:             702    0.00%
Tlb-Total-Accesses:    9986675877  100.00%



--------
Two level Cache hierarchy
--------
  L1-Data Cache:
    Size(KB):          32
    Block Size(B):     64
    Associativity:      8

  L2-Data Cache:
    Size(KB):        1024
    Block Size(B):    128
    Associativity:      8

Latencies:    1   10  150
L1-Sets:   64 - LRU - assoc:   8
L2-Sets: 1024 - LRU - assoc:   8
Store_allocation: Yes
L2_inclusive: Yes
L2_prefetching: No

L1 Cache Stats:
L1-Load-Hits:        7603456970   99.14%
L1-Load-Misses:        65846627    0.86%
L1-Load-Accesses:    7669303597  100.00%

L1-Store-Hits:        2263347083   97.67%
L1-Store-Misses:        54025197    2.33%
L1-Store-Accesses:    2317372280  100.00%

L1-Total-Hits:        9866804053   98.80%
L1-Total-Misses:       119871824    1.20%
L1-Total-Accesses:    9986675877  100.00%

L2 Cache Stats:
L2-Load-Hits:          65844629  100.00%
L2-Load-Misses:            1998    0.00%
L2-Load-Accesses:      65846627  100.00%

L2-Store-Hits:          54015708   99.98%
L2-Store-Misses:            9489    0.02%
L2-Store-Accesses:      54025197  100.00%

L2-Total-Hits:         119860337   99.99%
L2-Total-Misses:           11487    0.01%
L2-Total-Accesses:     119871824  100.00%

