--------
Total Statistics
--------
Total Instructions: 27912973166
Total Cycles: 39097263893
IPC: 0.713937

--------
Single level Tlb hierarchy
--------
  Data Tlb:
    Entries:          64
    Page Size(B):   4096
    Associativity:     16

Latencies:    0   50
Tlb-Sets:    4 - LRU - assoc:  16

Tlb Stats:
Tlb-Load-Hits:        7669303509  100.00%
Tlb-Load-Misses:              88    0.00%
Tlb-Load-Accesses:    7669303597  100.00%

Tlb-Store-Hits:        2317371935  100.00%
Tlb-Store-Misses:             345    0.00%
Tlb-Store-Accesses:    2317372280  100.00%

Tlb-Total-Hits:        9986675444  100.00%
Tlb-Total-Misses:             433    0.00%
Tlb-Total-Accesses:    9986675877  100.00%



--------
Two level Cache hierarchy
--------
  L1-Data Cache:
    Size(KB):          32
    Block Size(B):     64
    Associativity:      8

  L2-Data Cache:
    Size(KB):        1024
    Block Size(B):    128
    Associativity:      8

Latencies:    1   10  150
L1-Sets:   64 - LRU - assoc:   8
L2-Sets: 1024 - LRU - assoc:   8
Store_allocation: Yes
L2_inclusive: Yes
L2_prefetching: No

L1 Cache Stats:
L1-Load-Hits:        7603464153   99.14%
L1-Load-Misses:        65839444    0.86%
L1-Load-Accesses:    7669303597  100.00%

L1-Store-Hits:        2263624724   97.68%
L1-Store-Misses:        53747556    2.32%
L1-Store-Accesses:    2317372280  100.00%

L1-Total-Hits:        9867088877   98.80%
L1-Total-Misses:       119587000    1.20%
L1-Total-Accesses:    9986675877  100.00%

L2 Cache Stats:
L2-Load-Hits:          65837446  100.00%
L2-Load-Misses:            1998    0.00%
L2-Load-Accesses:      65839444  100.00%

L2-Store-Hits:          53738066   99.98%
L2-Store-Misses:            9490    0.02%
L2-Store-Accesses:      53747556  100.00%

L2-Total-Hits:         119575512   99.99%
L2-Total-Misses:           11488    0.01%
L2-Total-Accesses:     119587000  100.00%

