--------
Total Statistics
--------
Total Instructions: 27912973132
Total Cycles: 50650496430
IPC: 0.55109

--------
Single level Tlb hierarchy
--------
  Data Tlb:
    Entries:          64
    Page Size(B):   4096
    Associativity:      1

Latencies:    0   50
Tlb-Sets:   64 - LRU - assoc:   1

Tlb Stats:
Tlb-Load-Hits:        7469697829   97.40%
Tlb-Load-Misses:       199605754    2.60%
Tlb-Load-Accesses:    7669303583  100.00%

Tlb-Store-Hits:        2285902036   98.64%
Tlb-Store-Misses:        31470239    1.36%
Tlb-Store-Accesses:    2317372275  100.00%

Tlb-Total-Hits:        9755599865   97.69%
Tlb-Total-Misses:       231075993    2.31%
Tlb-Total-Accesses:    9986675858  100.00%



--------
Two level Cache hierarchy
--------
  L1-Data Cache:
    Size(KB):          32
    Block Size(B):     64
    Associativity:      8

  L2-Data Cache:
    Size(KB):        1024
    Block Size(B):    128
    Associativity:      8

Latencies:    1   10  150
L1-Sets:   64 - LRU - assoc:   8
L2-Sets: 1024 - LRU - assoc:   8
Store_allocation: Yes
L2_inclusive: Yes
L2_prefetching: No

L1 Cache Stats:
L1-Load-Hits:        7603340799   99.14%
L1-Load-Misses:        65962784    0.86%
L1-Load-Accesses:    7669303583  100.00%

L1-Store-Hits:        2263802600   97.69%
L1-Store-Misses:        53569675    2.31%
L1-Store-Accesses:    2317372275  100.00%

L1-Total-Hits:        9867143399   98.80%
L1-Total-Misses:       119532459    1.20%
L1-Total-Accesses:    9986675858  100.00%

L2 Cache Stats:
L2-Load-Hits:          65960785  100.00%
L2-Load-Misses:            1999    0.00%
L2-Load-Accesses:      65962784  100.00%

L2-Store-Hits:          53560186   99.98%
L2-Store-Misses:            9489    0.02%
L2-Store-Accesses:      53569675  100.00%

L2-Total-Hits:         119520971   99.99%
L2-Total-Misses:           11488    0.01%
L2-Total-Accesses:     119532459  100.00%

