--------
Total Statistics
--------
Total Instructions: 2172104973
Total Cycles: 4811542780
IPC: 0.451436

--------
Single level Tlb hierarchy
--------
  Data Tlb:
    Entries:          64
    Page Size(B):   4096
    Associativity:      4

Latencies:    0   50
Tlb-Sets:   16 - LRU - assoc:   4

Tlb Stats:
Tlb-Load-Hits:         567190105   94.21%
Tlb-Load-Misses:        34832925    5.79%
Tlb-Load-Accesses:     602023030  100.00%

Tlb-Store-Hits:         130400806   99.68%
Tlb-Store-Misses:          421301    0.32%
Tlb-Store-Accesses:     130822107  100.00%

Tlb-Total-Hits:         697590911   95.19%
Tlb-Total-Misses:        35254226    4.81%
Tlb-Total-Accesses:     732845137  100.00%



--------
Two level Cache hierarchy
--------
  L1-Data Cache:
    Size(KB):          32
    Block Size(B):     64
    Associativity:      8

  L2-Data Cache:
    Size(KB):         512
    Block Size(B):    256
    Associativity:      8

Latencies:    1   10  150
L1-Sets:   64 - LRU - assoc:   8
L2-Sets:  256 - LRU - assoc:   8
Store_allocation: Yes
L2_inclusive: Yes
L2_prefetching: No

L1 Cache Stats:
L1-Load-Hits:         598900757   99.48%
L1-Load-Misses:         3122273    0.52%
L1-Load-Accesses:     602023030  100.00%

L1-Store-Hits:         130310328   99.61%
L1-Store-Misses:          511779    0.39%
L1-Store-Accesses:     130822107  100.00%

L1-Total-Hits:         729211085   99.50%
L1-Total-Misses:         3634052    0.50%
L1-Total-Accesses:     732845137  100.00%

L2 Cache Stats:
L2-Load-Hits:           2507837   80.32%
L2-Load-Misses:          614436   19.68%
L2-Load-Accesses:       3122273  100.00%

L2-Store-Hits:            409276   79.97%
L2-Store-Misses:          102503   20.03%
L2-Store-Accesses:        511779  100.00%

L2-Total-Hits:           2917113   80.27%
L2-Total-Misses:          716939   19.73%
L2-Total-Accesses:       3634052  100.00%

