--------
Total Statistics
--------
Total Instructions: 2172104973
Total Cycles: 4697536390
IPC: 0.462392

--------
Single level Tlb hierarchy
--------
  Data Tlb:
    Entries:          64
    Page Size(B):   4096
    Associativity:      4

Latencies:    0   50
Tlb-Sets:   16 - LRU - assoc:   4

Tlb Stats:
Tlb-Load-Hits:         567190406   94.21%
Tlb-Load-Misses:        34832624    5.79%
Tlb-Load-Accesses:     602023030  100.00%

Tlb-Store-Hits:         130400807   99.68%
Tlb-Store-Misses:          421300    0.32%
Tlb-Store-Accesses:     130822107  100.00%

Tlb-Total-Hits:         697591213   95.19%
Tlb-Total-Misses:        35253924    4.81%
Tlb-Total-Accesses:     732845137  100.00%



--------
Two level Cache hierarchy
--------
  L1-Data Cache:
    Size(KB):          32
    Block Size(B):     64
    Associativity:      8

  L2-Data Cache:
    Size(KB):        2048
    Block Size(B):    256
    Associativity:      8

Latencies:    1   10  150
L1-Sets:   64 - LRU - assoc:   8
L2-Sets: 1024 - LRU - assoc:   8
Store_allocation: Yes
L2_inclusive: Yes
L2_prefetching: No

L1 Cache Stats:
L1-Load-Hits:         599563883   99.59%
L1-Load-Misses:         2459147    0.41%
L1-Load-Accesses:     602023030  100.00%

L1-Store-Hits:         130412201   99.69%
L1-Store-Misses:          409906    0.31%
L1-Store-Accesses:     130822107  100.00%

L1-Total-Hits:         729976084   99.61%
L1-Total-Misses:         2869053    0.39%
L1-Total-Accesses:     732845137  100.00%

L2 Cache Stats:
L2-Load-Hits:           2452376   99.72%
L2-Load-Misses:            6771    0.28%
L2-Load-Accesses:       2459147  100.00%

L2-Store-Hits:            408680   99.70%
L2-Store-Misses:            1226    0.30%
L2-Store-Accesses:        409906  100.00%

L2-Total-Hits:           2861056   99.72%
L2-Total-Misses:            7997    0.28%
L2-Total-Accesses:       2869053  100.00%

