--------
Total Statistics
--------
Total Instructions: 2172105007
Total Cycles: 4926147323
IPC: 0.440934

--------
Single level Tlb hierarchy
--------
  Data Tlb:
    Entries:          64
    Page Size(B):   4096
    Associativity:      4

Latencies:    0   50
Tlb-Sets:   16 - LRU - assoc:   4

Tlb Stats:
Tlb-Load-Hits:         567190320   94.21%
Tlb-Load-Misses:        34832724    5.79%
Tlb-Load-Accesses:     602023044  100.00%

Tlb-Store-Hits:         130400811   99.68%
Tlb-Store-Misses:          421301    0.32%
Tlb-Store-Accesses:     130822112  100.00%

Tlb-Total-Hits:         697591131   95.19%
Tlb-Total-Misses:        35254025    4.81%
Tlb-Total-Accesses:     732845156  100.00%



--------
Two level Cache hierarchy
--------
  L1-Data Cache:
    Size(KB):          32
    Block Size(B):     64
    Associativity:      8

  L2-Data Cache:
    Size(KB):         512
    Block Size(B):    128
    Associativity:      8

Latencies:    1   10  150
L1-Sets:   64 - LRU - assoc:   8
L2-Sets:  512 - LRU - assoc:   8
Store_allocation: Yes
L2_inclusive: Yes
L2_prefetching: No

L1 Cache Stats:
L1-Load-Hits:         598311825   99.38%
L1-Load-Misses:         3711219    0.62%
L1-Load-Accesses:     602023044  100.00%

L1-Store-Hits:         130207945   99.53%
L1-Store-Misses:          614167    0.47%
L1-Store-Accesses:     130822112  100.00%

L1-Total-Hits:         728519770   99.41%
L1-Total-Misses:         4325386    0.59%
L1-Total-Accesses:     732845156  100.00%

L2 Cache Stats:
L2-Load-Hits:           2481576   66.87%
L2-Load-Misses:         1229643   33.13%
L2-Load-Accesses:       3711219  100.00%

L2-Store-Hits:            408863   66.57%
L2-Store-Misses:          205304   33.43%
L2-Store-Accesses:        614167  100.00%

L2-Total-Hits:           2890439   66.82%
L2-Total-Misses:         1434947   33.18%
L2-Total-Accesses:       4325386  100.00%

