--------
Total Statistics
--------
Total Instructions: 2172104973
Total Cycles: 5126978280
IPC: 0.423662

--------
Single level Tlb hierarchy
--------
  Data Tlb:
    Entries:          64
    Page Size(B):   4096
    Associativity:      4

Latencies:    0   50
Tlb-Sets:   16 - LRU - assoc:   4

Tlb Stats:
Tlb-Load-Hits:         567190306   94.21%
Tlb-Load-Misses:        34832724    5.79%
Tlb-Load-Accesses:     602023030  100.00%

Tlb-Store-Hits:         130400806   99.68%
Tlb-Store-Misses:          421301    0.32%
Tlb-Store-Accesses:     130822107  100.00%

Tlb-Total-Hits:         697591112   95.19%
Tlb-Total-Misses:        35254025    4.81%
Tlb-Total-Accesses:     732845137  100.00%



--------
Two level Cache hierarchy
--------
  L1-Data Cache:
    Size(KB):          32
    Block Size(B):     64
    Associativity:      8

  L2-Data Cache:
    Size(KB):        1024
    Block Size(B):     64
    Associativity:      8

Latencies:    1   10  150
L1-Sets:   64 - LRU - assoc:   8
L2-Sets: 2048 - LRU - assoc:   8
Store_allocation: Yes
L2_inclusive: Yes
L2_prefetching: No

L1 Cache Stats:
L1-Load-Hits:         599562310   99.59%
L1-Load-Misses:         2460720    0.41%
L1-Load-Accesses:     602023030  100.00%

L1-Store-Hits:         130411940   99.69%
L1-Store-Misses:          410167    0.31%
L1-Store-Accesses:     130822107  100.00%

L1-Total-Hits:         729974250   99.61%
L1-Total-Misses:         2870887    0.39%
L1-Total-Accesses:     732845137  100.00%

L2 Cache Stats:
L2-Load-Hits:               100    0.00%
L2-Load-Misses:         2460620  100.00%
L2-Load-Accesses:       2460720  100.00%

L2-Store-Hits:                 0    0.00%
L2-Store-Misses:          410167  100.00%
L2-Store-Accesses:        410167  100.00%

L2-Total-Hits:               100    0.00%
L2-Total-Misses:         2870787  100.00%
L2-Total-Accesses:       2870887  100.00%

