--------
Total Statistics
--------
Total Instructions: 2172104973
Total Cycles: 4811571650
IPC: 0.451434

--------
Single level Tlb hierarchy
--------
  Data Tlb:
    Entries:          64
    Page Size(B):   4096
    Associativity:      4

Latencies:    0   50
Tlb-Sets:   16 - LRU - assoc:   4

Tlb Stats:
Tlb-Load-Hits:         567190405   94.21%
Tlb-Load-Misses:        34832625    5.79%
Tlb-Load-Accesses:     602023030  100.00%

Tlb-Store-Hits:         130400807   99.68%
Tlb-Store-Misses:          421300    0.32%
Tlb-Store-Accesses:     130822107  100.00%

Tlb-Total-Hits:         697591212   95.19%
Tlb-Total-Misses:        35253925    4.81%
Tlb-Total-Accesses:     732845137  100.00%



--------
Two level Cache hierarchy
--------
  L1-Data Cache:
    Size(KB):          32
    Block Size(B):     64
    Associativity:      8

  L2-Data Cache:
    Size(KB):        1024
    Block Size(B):    256
    Associativity:      8

Latencies:    1   10  150
L1-Sets:   64 - LRU - assoc:   8
L2-Sets:  512 - LRU - assoc:   8
Store_allocation: Yes
L2_inclusive: Yes
L2_prefetching: No

L1 Cache Stats:
L1-Load-Hits:         598901887   99.48%
L1-Load-Misses:         3121143    0.52%
L1-Load-Accesses:     602023030  100.00%

L1-Store-Hits:         130310746   99.61%
L1-Store-Misses:          511361    0.39%
L1-Store-Accesses:     130822107  100.00%

L1-Total-Hits:         729212633   99.50%
L1-Total-Misses:         3632504    0.50%
L1-Total-Accesses:     732845137  100.00%

L2 Cache Stats:
L2-Load-Hits:           2506311   80.30%
L2-Load-Misses:          614832   19.70%
L2-Load-Accesses:       3121143  100.00%

L2-Store-Hits:            408858   79.95%
L2-Store-Misses:          102503   20.05%
L2-Store-Accesses:        511361  100.00%

L2-Total-Hits:           2915169   80.25%
L2-Total-Misses:          717335   19.75%
L2-Total-Accesses:       3632504  100.00%

