--------
Total Statistics
--------
Total Instructions: 2172104973
Total Cycles: 4701646880
IPC: 0.461988

--------
Single level Tlb hierarchy
--------
  Data Tlb:
    Entries:          64
    Page Size(B):   4096
    Associativity:      4

Latencies:    0   50
Tlb-Sets:   16 - LRU - assoc:   4

Tlb Stats:
Tlb-Load-Hits:         567175206   94.21%
Tlb-Load-Misses:        34847824    5.79%
Tlb-Load-Accesses:     602023030  100.00%

Tlb-Store-Hits:         130395706   99.67%
Tlb-Store-Misses:          426401    0.33%
Tlb-Store-Accesses:     130822107  100.00%

Tlb-Total-Hits:         697570912   95.19%
Tlb-Total-Misses:        35274225    4.81%
Tlb-Total-Accesses:     732845137  100.00%



--------
Two level Cache hierarchy
--------
  L1-Data Cache:
    Size(KB):          32
    Block Size(B):     64
    Associativity:      8

  L2-Data Cache:
    Size(KB):        2048
    Block Size(B):     64
    Associativity:      8

Latencies:    1   10  150
L1-Sets:   64 - LRU - assoc:   8
L2-Sets: 4096 - LRU - assoc:   8
Store_allocation: Yes
L2_inclusive: Yes
L2_prefetching: No

L1 Cache Stats:
L1-Load-Hits:         599565271   99.59%
L1-Load-Misses:         2457759    0.41%
L1-Load-Accesses:     602023030  100.00%

L1-Store-Hits:         130412399   99.69%
L1-Store-Misses:          409708    0.31%
L1-Store-Accesses:     130822107  100.00%

L1-Total-Hits:         729977670   99.61%
L1-Total-Misses:         2867467    0.39%
L1-Total-Accesses:     732845137  100.00%

L2 Cache Stats:
L2-Load-Hits:           2433125   99.00%
L2-Load-Misses:           24634    1.00%
L2-Load-Accesses:       2457759  100.00%

L2-Store-Hits:            405603   99.00%
L2-Store-Misses:            4105    1.00%
L2-Store-Accesses:        409708  100.00%

L2-Total-Hits:           2838728   99.00%
L2-Total-Misses:           28739    1.00%
L2-Total-Accesses:       2867467  100.00%

