--------
Total Statistics
--------
Total Instructions: 2172104973
Total Cycles: 4926109340
IPC: 0.440937

--------
Single level Tlb hierarchy
--------
  Data Tlb:
    Entries:          64
    Page Size(B):   4096
    Associativity:      4

Latencies:    0   50
Tlb-Sets:   16 - LRU - assoc:   4

Tlb Stats:
Tlb-Load-Hits:         567190306   94.21%
Tlb-Load-Misses:        34832724    5.79%
Tlb-Load-Accesses:     602023030  100.00%

Tlb-Store-Hits:         130400806   99.68%
Tlb-Store-Misses:          421301    0.32%
Tlb-Store-Accesses:     130822107  100.00%

Tlb-Total-Hits:         697591112   95.19%
Tlb-Total-Misses:        35254025    4.81%
Tlb-Total-Accesses:     732845137  100.00%



--------
Two level Cache hierarchy
--------
  L1-Data Cache:
    Size(KB):          32
    Block Size(B):     64
    Associativity:      8

  L2-Data Cache:
    Size(KB):        1024
    Block Size(B):    128
    Associativity:     16

Latencies:    1   10  150
L1-Sets:   64 - LRU - assoc:   8
L2-Sets:  512 - LRU - assoc:  16
Store_allocation: Yes
L2_inclusive: Yes
L2_prefetching: No

L1 Cache Stats:
L1-Load-Hits:         598315766   99.38%
L1-Load-Misses:         3707264    0.62%
L1-Load-Accesses:     602023030  100.00%

L1-Store-Hits:         130189808   99.52%
L1-Store-Misses:          632299    0.48%
L1-Store-Accesses:     130822107  100.00%

L1-Total-Hits:         728505574   99.41%
L1-Total-Misses:         4339563    0.59%
L1-Total-Accesses:     732845137  100.00%

L2 Cache Stats:
L2-Load-Hits:           2478421   66.85%
L2-Load-Misses:         1228843   33.15%
L2-Load-Accesses:       3707264  100.00%

L2-Store-Hits:            427393   67.59%
L2-Store-Misses:          204906   32.41%
L2-Store-Accesses:        632299  100.00%

L2-Total-Hits:           2905814   66.96%
L2-Total-Misses:         1433749   33.04%
L2-Total-Accesses:       4339563  100.00%

