--------
Total Statistics
--------
Total Instructions: 2172105007
Total Cycles: 4698536213
IPC: 0.462294

--------
Single level Tlb hierarchy
--------
  Data Tlb:
    Entries:          64
    Page Size(B):   4096
    Associativity:      4

Latencies:    0   50
Tlb-Sets:   16 - LRU - assoc:   4

Tlb Stats:
Tlb-Load-Hits:         567190419   94.21%
Tlb-Load-Misses:        34832625    5.79%
Tlb-Load-Accesses:     602023044  100.00%

Tlb-Store-Hits:         130400812   99.68%
Tlb-Store-Misses:          421300    0.32%
Tlb-Store-Accesses:     130822112  100.00%

Tlb-Total-Hits:         697591231   95.19%
Tlb-Total-Misses:        35253925    4.81%
Tlb-Total-Accesses:     732845156  100.00%



--------
Two level Cache hierarchy
--------
  L1-Data Cache:
    Size(KB):          32
    Block Size(B):     64
    Associativity:      8

  L2-Data Cache:
    Size(KB):        2048
    Block Size(B):    128
    Associativity:      8

Latencies:    1   10  150
L1-Sets:   64 - LRU - assoc:   8
L2-Sets: 2048 - LRU - assoc:   8
Store_allocation: Yes
L2_inclusive: Yes
L2_prefetching: No

L1 Cache Stats:
L1-Load-Hits:         599559486   99.59%
L1-Load-Misses:         2463558    0.41%
L1-Load-Accesses:     602023044  100.00%

L1-Store-Hits:         130412405   99.69%
L1-Store-Misses:          409707    0.31%
L1-Store-Accesses:     130822112  100.00%

L1-Total-Hits:         729971891   99.61%
L1-Total-Misses:         2873265    0.39%
L1-Total-Accesses:     732845156  100.00%

L2 Cache Stats:
L2-Load-Hits:           2451231   99.50%
L2-Load-Misses:           12327    0.50%
L2-Load-Accesses:       2463558  100.00%

L2-Store-Hits:            407653   99.50%
L2-Store-Misses:            2054    0.50%
L2-Store-Accesses:        409707  100.00%

L2-Total-Hits:           2858884   99.50%
L2-Total-Misses:           14381    0.50%
L2-Total-Accesses:       2873265  100.00%

