--------
Total Statistics
--------
Total Instructions: 2172104973
Total Cycles: 5127487790
IPC: 0.42362

--------
Single level Tlb hierarchy
--------
  Data Tlb:
    Entries:          64
    Page Size(B):   4096
    Associativity:      4

Latencies:    0   50
Tlb-Sets:   16 - LRU - assoc:   4

Tlb Stats:
Tlb-Load-Hits:         567190406   94.21%
Tlb-Load-Misses:        34832624    5.79%
Tlb-Load-Accesses:     602023030  100.00%

Tlb-Store-Hits:         130400807   99.68%
Tlb-Store-Misses:          421300    0.32%
Tlb-Store-Accesses:     130822107  100.00%

Tlb-Total-Hits:         697591213   95.19%
Tlb-Total-Misses:        35253924    4.81%
Tlb-Total-Accesses:     732845137  100.00%



--------
Two level Cache hierarchy
--------
  L1-Data Cache:
    Size(KB):          32
    Block Size(B):     64
    Associativity:      8

  L2-Data Cache:
    Size(KB):         512
    Block Size(B):     64
    Associativity:      8

Latencies:    1   10  150
L1-Sets:   64 - LRU - assoc:   8
L2-Sets: 1024 - LRU - assoc:   8
Store_allocation: Yes
L2_inclusive: Yes
L2_prefetching: No

L1 Cache Stats:
L1-Load-Hits:         599559253   99.59%
L1-Load-Misses:         2463777    0.41%
L1-Load-Accesses:     602023030  100.00%

L1-Store-Hits:         130411781   99.69%
L1-Store-Misses:          410326    0.31%
L1-Store-Accesses:     130822107  100.00%

L1-Total-Hits:         729971034   99.61%
L1-Total-Misses:         2874103    0.39%
L1-Total-Accesses:     732845137  100.00%

L2 Cache Stats:
L2-Load-Hits:               100    0.00%
L2-Load-Misses:         2463677  100.00%
L2-Load-Accesses:       2463777  100.00%

L2-Store-Hits:                 0    0.00%
L2-Store-Misses:          410326  100.00%
L2-Store-Accesses:        410326  100.00%

L2-Total-Hits:               100    0.00%
L2-Total-Misses:         2874003  100.00%
L2-Total-Accesses:       2874103  100.00%

