--------
Total Statistics
--------
Total Instructions: 11723409626
Total Cycles: 16608333111
IPC: 0.705875

--------
Single level Tlb hierarchy
--------
  Data Tlb:
    Entries:          64
    Page Size(B):   4096
    Associativity:      4

Latencies:    0   50
Tlb-Sets:   16 - LRU - assoc:   4

Tlb Stats:
Tlb-Load-Hits:        2184702362   99.39%
Tlb-Load-Misses:        13510626    0.61%
Tlb-Load-Accesses:    2198212988  100.00%

Tlb-Store-Hits:         516242021   99.97%
Tlb-Store-Misses:          180306    0.03%
Tlb-Store-Accesses:     516422327  100.00%

Tlb-Total-Hits:        2700944383   99.50%
Tlb-Total-Misses:        13690932    0.50%
Tlb-Total-Accesses:    2714635315  100.00%



--------
Two level Cache hierarchy
--------
  L1-Data Cache:
    Size(KB):          32
    Block Size(B):     64
    Associativity:      8

  L2-Data Cache:
    Size(KB):        1024
    Block Size(B):     64
    Associativity:      8

Latencies:    1   10  150
L1-Sets:   64 - LRU - assoc:   8
L2-Sets: 2048 - LRU - assoc:   8
Store_allocation: Yes
L2_inclusive: Yes
L2_prefetching: No

L1 Cache Stats:
L1-Load-Hits:        2086669169   94.93%
L1-Load-Misses:       111543819    5.07%
L1-Load-Accesses:    2198212988  100.00%

L1-Store-Hits:         510824624   98.92%
L1-Store-Misses:         5597703    1.08%
L1-Store-Accesses:     516422327  100.00%

L1-Total-Hits:        2597493793   95.68%
L1-Total-Misses:       117141522    4.32%
L1-Total-Accesses:    2714635315  100.00%

L2 Cache Stats:
L2-Load-Hits:         110389336   98.96%
L2-Load-Misses:         1154483    1.04%
L2-Load-Accesses:     111543819  100.00%

L2-Store-Hits:           4656677   83.19%
L2-Store-Misses:          941026   16.81%
L2-Store-Accesses:       5597703  100.00%

L2-Total-Hits:         115046013   98.21%
L2-Total-Misses:         2095509    1.79%
L2-Total-Accesses:     117141522  100.00%

