--------
Total Statistics
--------
Total Instructions: 11723409626
Total Cycles: 16550891941
IPC: 0.708325

--------
Single level Tlb hierarchy
--------
  Data Tlb:
    Entries:          64
    Page Size(B):   4096
    Associativity:      4

Latencies:    0   50
Tlb-Sets:   16 - LRU - assoc:   4

Tlb Stats:
Tlb-Load-Hits:        2184634146   99.38%
Tlb-Load-Misses:        13578842    0.62%
Tlb-Load-Accesses:    2198212988  100.00%

Tlb-Store-Hits:         516241697   99.97%
Tlb-Store-Misses:          180630    0.03%
Tlb-Store-Accesses:     516422327  100.00%

Tlb-Total-Hits:        2700875843   99.49%
Tlb-Total-Misses:        13759472    0.51%
Tlb-Total-Accesses:    2714635315  100.00%



--------
Two level Cache hierarchy
--------
  L1-Data Cache:
    Size(KB):          32
    Block Size(B):     64
    Associativity:      8

  L2-Data Cache:
    Size(KB):         512
    Block Size(B):    128
    Associativity:      8

Latencies:    1   10  150
L1-Sets:   64 - LRU - assoc:   8
L2-Sets:  512 - LRU - assoc:   8
Store_allocation: Yes
L2_inclusive: Yes
L2_prefetching: No

L1 Cache Stats:
L1-Load-Hits:        2086060029   94.90%
L1-Load-Misses:       112152959    5.10%
L1-Load-Accesses:    2198212988  100.00%

L1-Store-Hits:         509849341   98.73%
L1-Store-Misses:         6572986    1.27%
L1-Store-Accesses:     516422327  100.00%

L1-Total-Hits:        2595909370   95.63%
L1-Total-Misses:       118725945    4.37%
L1-Total-Accesses:    2714635315  100.00%

L2 Cache Stats:
L2-Load-Hits:         111218883   99.17%
L2-Load-Misses:          934076    0.83%
L2-Load-Accesses:     112152959  100.00%

L2-Store-Hits:           5922969   90.11%
L2-Store-Misses:          650017    9.89%
L2-Store-Accesses:       6572986  100.00%

L2-Total-Hits:         117141852   98.67%
L2-Total-Misses:         1584093    1.33%
L2-Total-Accesses:     118725945  100.00%

