--------
Total Statistics
--------
Total Instructions: 11723409660
Total Cycles: 16765103784
IPC: 0.699275

--------
Single level Tlb hierarchy
--------
  Data Tlb:
    Entries:          64
    Page Size(B):   4096
    Associativity:      4

Latencies:    0   50
Tlb-Sets:   16 - LRU - assoc:   4

Tlb Stats:
Tlb-Load-Hits:        2184696886   99.39%
Tlb-Load-Misses:        13516116    0.61%
Tlb-Load-Accesses:    2198213002  100.00%

Tlb-Store-Hits:         516241903   99.97%
Tlb-Store-Misses:          180429    0.03%
Tlb-Store-Accesses:     516422332  100.00%

Tlb-Total-Hits:        2700938789   99.50%
Tlb-Total-Misses:        13696545    0.50%
Tlb-Total-Accesses:    2714635334  100.00%



--------
Two level Cache hierarchy
--------
  L1-Data Cache:
    Size(KB):          32
    Block Size(B):     64
    Associativity:      8

  L2-Data Cache:
    Size(KB):         512
    Block Size(B):    128
    Associativity:      4

Latencies:    1   10  150
L1-Sets:   64 - LRU - assoc:   8
L2-Sets: 1024 - LRU - assoc:   4
Store_allocation: Yes
L2_inclusive: Yes
L2_prefetching: No

L1 Cache Stats:
L1-Load-Hits:        2085713682   94.88%
L1-Load-Misses:       112499320    5.12%
L1-Load-Accesses:    2198213002  100.00%

L1-Store-Hits:         509851483   98.73%
L1-Store-Misses:         6570849    1.27%
L1-Store-Accesses:     516422332  100.00%

L1-Total-Hits:        2595565165   95.61%
L1-Total-Misses:       119070169    4.39%
L1-Total-Accesses:    2714635334  100.00%

L2 Cache Stats:
L2-Load-Hits:         110127156   97.89%
L2-Load-Misses:         2372164    2.11%
L2-Load-Accesses:     112499320  100.00%

L2-Store-Hits:           5932814   90.29%
L2-Store-Misses:          638035    9.71%
L2-Store-Accesses:       6570849  100.00%

L2-Total-Hits:         116059970   97.47%
L2-Total-Misses:         3010199    2.53%
L2-Total-Accesses:     119070169  100.00%

