--------
Total Statistics
--------
Total Instructions: 11723409626
Total Cycles: 16463613121
IPC: 0.71208

--------
Single level Tlb hierarchy
--------
  Data Tlb:
    Entries:          64
    Page Size(B):   4096
    Associativity:      4

Latencies:    0   50
Tlb-Sets:   16 - LRU - assoc:   4

Tlb Stats:
Tlb-Load-Hits:        2184783035   99.39%
Tlb-Load-Misses:        13429953    0.61%
Tlb-Load-Accesses:    2198212988  100.00%

Tlb-Store-Hits:         516241889   99.97%
Tlb-Store-Misses:          180438    0.03%
Tlb-Store-Accesses:     516422327  100.00%

Tlb-Total-Hits:        2701024924   99.50%
Tlb-Total-Misses:        13610391    0.50%
Tlb-Total-Accesses:    2714635315  100.00%



--------
Two level Cache hierarchy
--------
  L1-Data Cache:
    Size(KB):          32
    Block Size(B):     64
    Associativity:      8

  L2-Data Cache:
    Size(KB):        1024
    Block Size(B):    128
    Associativity:      8

Latencies:    1   10  150
L1-Sets:   64 - LRU - assoc:   8
L2-Sets: 1024 - LRU - assoc:   8
Store_allocation: Yes
L2_inclusive: Yes
L2_prefetching: No

L1 Cache Stats:
L1-Load-Hits:        2086248127   94.91%
L1-Load-Misses:       111964861    5.09%
L1-Load-Accesses:    2198212988  100.00%

L1-Store-Hits:         510130835   98.78%
L1-Store-Misses:         6291492    1.22%
L1-Store-Accesses:     516422327  100.00%

L1-Total-Hits:        2596378962   95.64%
L1-Total-Misses:       118256353    4.36%
L1-Total-Accesses:    2714635315  100.00%

L2 Cache Stats:
L2-Load-Hits:         111350263   99.45%
L2-Load-Misses:          614598    0.55%
L2-Load-Accesses:     111964861  100.00%

L2-Store-Hits:           5822856   92.55%
L2-Store-Misses:          468636    7.45%
L2-Store-Accesses:       6291492  100.00%

L2-Total-Hits:         117173119   99.08%
L2-Total-Misses:         1083234    0.92%
L2-Total-Accesses:     118256353  100.00%

