--------
Total Statistics
--------
Total Instructions: 11723409626
Total Cycles: 18357869121
IPC: 0.638604

--------
Single level Tlb hierarchy
--------
  Data Tlb:
    Entries:          64
    Page Size(B):   4096
    Associativity:      4

Latencies:    0   50
Tlb-Sets:   16 - LRU - assoc:   4

Tlb Stats:
Tlb-Load-Hits:        2184771746   99.39%
Tlb-Load-Misses:        13441242    0.61%
Tlb-Load-Accesses:    2198212988  100.00%

Tlb-Store-Hits:         516162165   99.95%
Tlb-Store-Misses:          260162    0.05%
Tlb-Store-Accesses:     516422327  100.00%

Tlb-Total-Hits:        2700933911   99.50%
Tlb-Total-Misses:        13701404    0.50%
Tlb-Total-Accesses:    2714635315  100.00%



--------
Two level Cache hierarchy
--------
  L1-Data Cache:
    Size(KB):          32
    Block Size(B):     64
    Associativity:      8

  L2-Data Cache:
    Size(KB):         256
    Block Size(B):    128
    Associativity:      4

Latencies:    1   10  150
L1-Sets:   64 - LRU - assoc:   8
L2-Sets:  512 - LRU - assoc:   4
Store_allocation: Yes
L2_inclusive: Yes
L2_prefetching: No

L1 Cache Stats:
L1-Load-Hits:        2083339854   94.77%
L1-Load-Misses:       114873134    5.23%
L1-Load-Accesses:    2198212988  100.00%

L1-Store-Hits:         509713013   98.70%
L1-Store-Misses:         6709314    1.30%
L1-Store-Accesses:     516422327  100.00%

L1-Total-Hits:        2593052867   95.52%
L1-Total-Misses:       121582448    4.48%
L1-Total-Accesses:    2714635315  100.00%

L2 Cache Stats:
L2-Load-Hits:         102304811   89.06%
L2-Load-Misses:        12568323   10.94%
L2-Load-Accesses:     114873134  100.00%

L2-Store-Hits:           5818107   86.72%
L2-Store-Misses:          891207   13.28%
L2-Store-Accesses:       6709314  100.00%

L2-Total-Hits:         108122918   88.93%
L2-Total-Misses:        13459530   11.07%
L2-Total-Accesses:     121582448  100.00%

