--------
Total Statistics
--------
Total Instructions: 11723409626
Total Cycles: 16384522801
IPC: 0.715517

--------
Single level Tlb hierarchy
--------
  Data Tlb:
    Entries:          64
    Page Size(B):   4096
    Associativity:      4

Latencies:    0   50
Tlb-Sets:   16 - LRU - assoc:   4

Tlb Stats:
Tlb-Load-Hits:        2184676858   99.38%
Tlb-Load-Misses:        13536130    0.62%
Tlb-Load-Accesses:    2198212988  100.00%

Tlb-Store-Hits:         516241711   99.97%
Tlb-Store-Misses:          180616    0.03%
Tlb-Store-Accesses:     516422327  100.00%

Tlb-Total-Hits:        2700918569   99.49%
Tlb-Total-Misses:        13716746    0.51%
Tlb-Total-Accesses:    2714635315  100.00%



--------
Two level Cache hierarchy
--------
  L1-Data Cache:
    Size(KB):          32
    Block Size(B):     64
    Associativity:      8

  L2-Data Cache:
    Size(KB):        2048
    Block Size(B):    128
    Associativity:      8

Latencies:    1   10  150
L1-Sets:   64 - LRU - assoc:   8
L2-Sets: 2048 - LRU - assoc:   8
Store_allocation: Yes
L2_inclusive: Yes
L2_prefetching: No

L1 Cache Stats:
L1-Load-Hits:        2086597818   94.92%
L1-Load-Misses:       111615170    5.08%
L1-Load-Accesses:    2198212988  100.00%

L1-Store-Hits:         510242581   98.80%
L1-Store-Misses:         6179746    1.20%
L1-Store-Accesses:     516422327  100.00%

L1-Total-Hits:        2596840399   95.66%
L1-Total-Misses:       117794916    4.34%
L1-Total-Accesses:    2714635315  100.00%

L2 Cache Stats:
L2-Load-Hits:         111270237   99.69%
L2-Load-Misses:          344933    0.31%
L2-Load-Accesses:     111615170  100.00%

L2-Store-Hits:           5973403   96.66%
L2-Store-Misses:          206343    3.34%
L2-Store-Accesses:       6179746  100.00%

L2-Total-Hits:         117243640   99.53%
L2-Total-Misses:          551276    0.47%
L2-Total-Accesses:     117794916  100.00%

