--------
Total Statistics
--------
Total Instructions: 11723409626
Total Cycles: 16382773621
IPC: 0.715594

--------
Single level Tlb hierarchy
--------
  Data Tlb:
    Entries:          64
    Page Size(B):   4096
    Associativity:      4

Latencies:    0   50
Tlb-Sets:   16 - LRU - assoc:   4

Tlb Stats:
Tlb-Load-Hits:        2184764806   99.39%
Tlb-Load-Misses:        13448182    0.61%
Tlb-Load-Accesses:    2198212988  100.00%

Tlb-Store-Hits:         516241737   99.97%
Tlb-Store-Misses:          180590    0.03%
Tlb-Store-Accesses:     516422327  100.00%

Tlb-Total-Hits:        2701006543   99.50%
Tlb-Total-Misses:        13628772    0.50%
Tlb-Total-Accesses:    2714635315  100.00%



--------
Two level Cache hierarchy
--------
  L1-Data Cache:
    Size(KB):          32
    Block Size(B):     64
    Associativity:      8

  L2-Data Cache:
    Size(KB):        1024
    Block Size(B):    256
    Associativity:      8

Latencies:    1   10  150
L1-Sets:   64 - LRU - assoc:   8
L2-Sets:  512 - LRU - assoc:   8
Store_allocation: Yes
L2_inclusive: Yes
L2_prefetching: No

L1 Cache Stats:
L1-Load-Hits:        2086411004   94.91%
L1-Load-Misses:       111801984    5.09%
L1-Load-Accesses:    2198212988  100.00%

L1-Store-Hits:         510466078   98.85%
L1-Store-Misses:         5956249    1.15%
L1-Store-Accesses:     516422327  100.00%

L1-Total-Hits:        2596877082   95.66%
L1-Total-Misses:       117758233    4.34%
L1-Total-Accesses:    2714635315  100.00%

L2 Cache Stats:
L2-Load-Hits:         111465748   99.70%
L2-Load-Misses:          336236    0.30%
L2-Load-Accesses:     111801984  100.00%

L2-Store-Hits:           5721100   96.05%
L2-Store-Misses:          235149    3.95%
L2-Store-Accesses:       5956249  100.00%

L2-Total-Hits:         117186848   99.51%
L2-Total-Misses:          571385    0.49%
L2-Total-Accesses:     117758233  100.00%

