--------
Total Statistics
--------
Total Instructions: 11723409626
Total Cycles: 16467479891
IPC: 0.711913

--------
Single level Tlb hierarchy
--------
  Data Tlb:
    Entries:          64
    Page Size(B):   4096
    Associativity:      4

Latencies:    0   50
Tlb-Sets:   16 - LRU - assoc:   4

Tlb Stats:
Tlb-Load-Hits:        2184772569   99.39%
Tlb-Load-Misses:        13440419    0.61%
Tlb-Load-Accesses:    2198212988  100.00%

Tlb-Store-Hits:         516162107   99.95%
Tlb-Store-Misses:          260220    0.05%
Tlb-Store-Accesses:     516422327  100.00%

Tlb-Total-Hits:        2700934676   99.50%
Tlb-Total-Misses:        13700639    0.50%
Tlb-Total-Accesses:    2714635315  100.00%



--------
Two level Cache hierarchy
--------
  L1-Data Cache:
    Size(KB):          32
    Block Size(B):     64
    Associativity:      8

  L2-Data Cache:
    Size(KB):        1024
    Block Size(B):    128
    Associativity:     16

Latencies:    1   10  150
L1-Sets:   64 - LRU - assoc:   8
L2-Sets:  512 - LRU - assoc:  16
Store_allocation: Yes
L2_inclusive: Yes
L2_prefetching: No

L1 Cache Stats:
L1-Load-Hits:        2086352605   94.91%
L1-Load-Misses:       111860383    5.09%
L1-Load-Accesses:    2198212988  100.00%

L1-Store-Hits:         510340955   98.82%
L1-Store-Misses:         6081372    1.18%
L1-Store-Accesses:     516422327  100.00%

L1-Total-Hits:        2596693560   95.66%
L1-Total-Misses:       117941755    4.34%
L1-Total-Accesses:    2714635315  100.00%

L2 Cache Stats:
L2-Load-Hits:         111233391   99.44%
L2-Load-Misses:          626992    0.56%
L2-Load-Accesses:     111860383  100.00%

L2-Store-Hits:           5608461   92.22%
L2-Store-Misses:          472911    7.78%
L2-Store-Accesses:       6081372  100.00%

L2-Total-Hits:         116841852   99.07%
L2-Total-Misses:         1099903    0.93%
L2-Total-Accesses:     117941755  100.00%

