--------
Total Statistics
--------
Total Instructions: 11723409660
Total Cycles: 16383304034
IPC: 0.715571

--------
Single level Tlb hierarchy
--------
  Data Tlb:
    Entries:          64
    Page Size(B):   4096
    Associativity:      4

Latencies:    0   50
Tlb-Sets:   16 - LRU - assoc:   4

Tlb Stats:
Tlb-Load-Hits:        2184782544   99.39%
Tlb-Load-Misses:        13430458    0.61%
Tlb-Load-Accesses:    2198213002  100.00%

Tlb-Store-Hits:         516162109   99.95%
Tlb-Store-Misses:          260223    0.05%
Tlb-Store-Accesses:     516422332  100.00%

Tlb-Total-Hits:        2700944653   99.50%
Tlb-Total-Misses:        13690681    0.50%
Tlb-Total-Accesses:    2714635334  100.00%



--------
Two level Cache hierarchy
--------
  L1-Data Cache:
    Size(KB):          32
    Block Size(B):     64
    Associativity:      8

  L2-Data Cache:
    Size(KB):        2048
    Block Size(B):    128
    Associativity:     16

Latencies:    1   10  150
L1-Sets:   64 - LRU - assoc:   8
L2-Sets: 1024 - LRU - assoc:  16
Store_allocation: Yes
L2_inclusive: Yes
L2_prefetching: No

L1 Cache Stats:
L1-Load-Hits:        2086567719   94.92%
L1-Load-Misses:       111645283    5.08%
L1-Load-Accesses:    2198213002  100.00%

L1-Store-Hits:         510443761   98.84%
L1-Store-Misses:         5978571    1.16%
L1-Store-Accesses:     516422332  100.00%

L1-Total-Hits:        2597011480   95.67%
L1-Total-Misses:       117623854    4.33%
L1-Total-Accesses:    2714635334  100.00%

L2 Cache Stats:
L2-Load-Hits:         111292047   99.68%
L2-Load-Misses:          353236    0.32%
L2-Load-Accesses:     111645283  100.00%

L2-Store-Hits:           5768564   96.49%
L2-Store-Misses:          210007    3.51%
L2-Store-Accesses:       5978571  100.00%

L2-Total-Hits:         117060611   99.52%
L2-Total-Misses:          563243    0.48%
L2-Total-Accesses:     117623854  100.00%

