--------
Total Statistics
--------
Total Instructions: 1682276472
Total Cycles: 9630229899
IPC: 0.174687

--------
Single level Tlb hierarchy
--------
  Data Tlb:
    Entries:          64
    Page Size(B):   4096
    Associativity:      4

Latencies:    0   50
Tlb-Sets:   16 - LRU - assoc:   4

Tlb Stats:
Tlb-Load-Hits:         280282576   87.16%
Tlb-Load-Misses:        41272879   12.84%
Tlb-Load-Accesses:     321555455  100.00%

Tlb-Store-Hits:         132164581  100.00%
Tlb-Store-Misses:              21    0.00%
Tlb-Store-Accesses:     132164602  100.00%

Tlb-Total-Hits:         412447157   90.90%
Tlb-Total-Misses:        41272900    9.10%
Tlb-Total-Accesses:     453720057  100.00%



--------
Two level Cache hierarchy
--------
  L1-Data Cache:
    Size(KB):          32
    Block Size(B):     64
    Associativity:      8

  L2-Data Cache:
    Size(KB):        1024
    Block Size(B):     64
    Associativity:      8

Latencies:    1   10  150
L1-Sets:   64 - LRU - assoc:   8
L2-Sets: 2048 - LRU - assoc:   8
Store_allocation: Yes
L2_inclusive: Yes
L2_prefetching: No

L1 Cache Stats:
L1-Load-Hits:         284286121   88.41%
L1-Load-Misses:        37269334   11.59%
L1-Load-Accesses:     321555455  100.00%

L1-Store-Hits:         132155239   99.99%
L1-Store-Misses:            9363    0.01%
L1-Store-Accesses:     132164602  100.00%

L1-Total-Hits:         416441360   91.78%
L1-Total-Misses:        37278697    8.22%
L1-Total-Accesses:     453720057  100.00%

L2 Cache Stats:
L2-Load-Hits:           3559531    9.55%
L2-Load-Misses:        33709803   90.45%
L2-Load-Accesses:      37269334  100.00%

L2-Store-Hits:               490    5.23%
L2-Store-Misses:            8873   94.77%
L2-Store-Accesses:          9363  100.00%

L2-Total-Hits:           3560021    9.55%
L2-Total-Misses:        33718676   90.45%
L2-Total-Accesses:      37278697  100.00%

