--------
Total Statistics
--------
Total Instructions: 1682276506
Total Cycles: 9808083652
IPC: 0.171519

--------
Single level Tlb hierarchy
--------
  Data Tlb:
    Entries:          64
    Page Size(B):   4096
    Associativity:      4

Latencies:    0   50
Tlb-Sets:   16 - LRU - assoc:   4

Tlb Stats:
Tlb-Load-Hits:         279934785   87.06%
Tlb-Load-Misses:        41620684   12.94%
Tlb-Load-Accesses:     321555469  100.00%

Tlb-Store-Hits:         131819374   99.74%
Tlb-Store-Misses:          345233    0.26%
Tlb-Store-Accesses:     132164607  100.00%

Tlb-Total-Hits:         411754159   90.75%
Tlb-Total-Misses:        41965917    9.25%
Tlb-Total-Accesses:     453720076  100.00%



--------
Two level Cache hierarchy
--------
  L1-Data Cache:
    Size(KB):          32
    Block Size(B):     64
    Associativity:      8

  L2-Data Cache:
    Size(KB):         512
    Block Size(B):    256
    Associativity:      8

Latencies:    1   10  150
L1-Sets:   64 - LRU - assoc:   8
L2-Sets:  256 - LRU - assoc:   8
Store_allocation: Yes
L2_inclusive: Yes
L2_prefetching: No

L1 Cache Stats:
L1-Load-Hits:         244117956   75.92%
L1-Load-Misses:        77437513   24.08%
L1-Load-Accesses:     321555469  100.00%

L1-Store-Hits:         132153608   99.99%
L1-Store-Misses:           10999    0.01%
L1-Store-Accesses:     132164607  100.00%

L1-Total-Hits:         376271564   82.93%
L1-Total-Misses:        77448512   17.07%
L1-Total-Accesses:     453720076  100.00%

L2 Cache Stats:
L2-Load-Hits:          45445619   58.69%
L2-Load-Misses:        31991894   41.31%
L2-Load-Accesses:      77437513  100.00%

L2-Store-Hits:              7519   68.36%
L2-Store-Misses:            3480   31.64%
L2-Store-Accesses:         10999  100.00%

L2-Total-Hits:          45453138   58.69%
L2-Total-Misses:        31995374   41.31%
L2-Total-Accesses:      77448512  100.00%

