--------
Total Statistics
--------
Total Instructions: 1682276472
Total Cycles: 9352413719
IPC: 0.179876

--------
Single level Tlb hierarchy
--------
  Data Tlb:
    Entries:          64
    Page Size(B):   4096
    Associativity:      4

Latencies:    0   50
Tlb-Sets:   16 - LRU - assoc:   4

Tlb Stats:
Tlb-Load-Hits:         279786155   87.01%
Tlb-Load-Misses:        41769300   12.99%
Tlb-Load-Accesses:     321555455  100.00%

Tlb-Store-Hits:         132164584  100.00%
Tlb-Store-Misses:              18    0.00%
Tlb-Store-Accesses:     132164602  100.00%

Tlb-Total-Hits:         411950739   90.79%
Tlb-Total-Misses:        41769318    9.21%
Tlb-Total-Accesses:     453720057  100.00%



--------
Two level Cache hierarchy
--------
  L1-Data Cache:
    Size(KB):          32
    Block Size(B):     64
    Associativity:      8

  L2-Data Cache:
    Size(KB):        2048
    Block Size(B):     64
    Associativity:      8

Latencies:    1   10  150
L1-Sets:   64 - LRU - assoc:   8
L2-Sets: 4096 - LRU - assoc:   8
Store_allocation: Yes
L2_inclusive: Yes
L2_prefetching: No

L1 Cache Stats:
L1-Load-Hits:         284307482   88.42%
L1-Load-Misses:        37247973   11.58%
L1-Load-Accesses:     321555455  100.00%

L1-Store-Hits:         132160646  100.00%
L1-Store-Misses:            3956    0.00%
L1-Store-Accesses:     132164602  100.00%

L1-Total-Hits:         416468128   91.79%
L1-Total-Misses:        37251929    8.21%
L1-Total-Accesses:     453720057  100.00%

L2 Cache Stats:
L2-Load-Hits:           5548486   14.90%
L2-Load-Misses:        31699487   85.10%
L2-Load-Accesses:      37247973  100.00%

L2-Store-Hits:               563   14.23%
L2-Store-Misses:            3393   85.77%
L2-Store-Accesses:          3956  100.00%

L2-Total-Hits:           5549049   14.90%
L2-Total-Misses:        31702880   85.10%
L2-Total-Accesses:      37251929  100.00%

