--------
Total Statistics
--------
Total Instructions: 1682276472
Total Cycles: 9647692219
IPC: 0.174371

--------
Single level Tlb hierarchy
--------
  Data Tlb:
    Entries:          64
    Page Size(B):   4096
    Associativity:      4

Latencies:    0   50
Tlb-Sets:   16 - LRU - assoc:   4

Tlb Stats:
Tlb-Load-Hits:         281607895   87.58%
Tlb-Load-Misses:        39947560   12.42%
Tlb-Load-Accesses:     321555455  100.00%

Tlb-Store-Hits:         132164584  100.00%
Tlb-Store-Misses:              18    0.00%
Tlb-Store-Accesses:     132164602  100.00%

Tlb-Total-Hits:         413772479   91.20%
Tlb-Total-Misses:        39947578    8.80%
Tlb-Total-Accesses:     453720057  100.00%



--------
Two level Cache hierarchy
--------
  L1-Data Cache:
    Size(KB):          32
    Block Size(B):     64
    Associativity:      8

  L2-Data Cache:
    Size(KB):        1024
    Block Size(B):    128
    Associativity:      8

Latencies:    1   10  150
L1-Sets:   64 - LRU - assoc:   8
L2-Sets: 1024 - LRU - assoc:   8
Store_allocation: Yes
L2_inclusive: Yes
L2_prefetching: No

L1 Cache Stats:
L1-Load-Hits:         249170966   77.49%
L1-Load-Misses:        72384489   22.51%
L1-Load-Accesses:     321555455  100.00%

L1-Store-Hits:         132144062   99.98%
L1-Store-Misses:           20540    0.02%
L1-Store-Accesses:     132164602  100.00%

L1-Total-Hits:         381315028   84.04%
L1-Total-Misses:        72405029   15.96%
L1-Total-Accesses:     453720057  100.00%

L2 Cache Stats:
L2-Load-Hits:          40453804   55.89%
L2-Load-Misses:        31930685   44.11%
L2-Load-Accesses:      72384489  100.00%

L2-Store-Hits:             16115   78.46%
L2-Store-Misses:            4425   21.54%
L2-Store-Accesses:         20540  100.00%

L2-Total-Hits:          40469919   55.89%
L2-Total-Misses:        31935110   44.11%
L2-Total-Accesses:      72405029  100.00%

