--------
Total Statistics
--------
Total Instructions: 1682276472
Total Cycles: 9301925109
IPC: 0.180853

--------
Single level Tlb hierarchy
--------
  Data Tlb:
    Entries:          64
    Page Size(B):   4096
    Associativity:      4

Latencies:    0   50
Tlb-Sets:   16 - LRU - assoc:   4

Tlb Stats:
Tlb-Load-Hits:         279292069   86.86%
Tlb-Load-Misses:        42263386   13.14%
Tlb-Load-Accesses:     321555455  100.00%

Tlb-Store-Hits:         132164583  100.00%
Tlb-Store-Misses:              19    0.00%
Tlb-Store-Accesses:     132164602  100.00%

Tlb-Total-Hits:         411456652   90.69%
Tlb-Total-Misses:        42263405    9.31%
Tlb-Total-Accesses:     453720057  100.00%



--------
Two level Cache hierarchy
--------
  L1-Data Cache:
    Size(KB):          32
    Block Size(B):     64
    Associativity:      8

  L2-Data Cache:
    Size(KB):        2048
    Block Size(B):    256
    Associativity:      8

Latencies:    1   10  150
L1-Sets:   64 - LRU - assoc:   8
L2-Sets: 1024 - LRU - assoc:   8
Store_allocation: Yes
L2_inclusive: Yes
L2_prefetching: No

L1 Cache Stats:
L1-Load-Hits:         248053543   77.14%
L1-Load-Misses:        73501912   22.86%
L1-Load-Accesses:     321555455  100.00%

L1-Store-Hits:         132148656   99.99%
L1-Store-Misses:           15946    0.01%
L1-Store-Accesses:     132164602  100.00%

L1-Total-Hits:         380202199   83.80%
L1-Total-Misses:        73517858   16.20%
L1-Total-Accesses:     453720057  100.00%

L2 Cache Stats:
L2-Load-Hits:          44721322   60.84%
L2-Load-Misses:        28780590   39.16%
L2-Load-Accesses:      73501912  100.00%

L2-Store-Hits:             12671   79.46%
L2-Store-Misses:            3275   20.54%
L2-Store-Accesses:         15946  100.00%

L2-Total-Hits:          44733993   60.85%
L2-Total-Misses:        28783865   39.15%
L2-Total-Accesses:      73517858  100.00%

