--------
Total Statistics
--------
Total Instructions: 1682276506
Total Cycles: 9768708262
IPC: 0.172211

--------
Single level Tlb hierarchy
--------
  Data Tlb:
    Entries:          64
    Page Size(B):   4096
    Associativity:      4

Latencies:    0   50
Tlb-Sets:   16 - LRU - assoc:   4

Tlb Stats:
Tlb-Load-Hits:         280891630   87.35%
Tlb-Load-Misses:        40663839   12.65%
Tlb-Load-Accesses:     321555469  100.00%

Tlb-Store-Hits:         132164589  100.00%
Tlb-Store-Misses:              18    0.00%
Tlb-Store-Accesses:     132164607  100.00%

Tlb-Total-Hits:         413056219   91.04%
Tlb-Total-Misses:        40663857    8.96%
Tlb-Total-Accesses:     453720076  100.00%



--------
Two level Cache hierarchy
--------
  L1-Data Cache:
    Size(KB):          32
    Block Size(B):     64
    Associativity:      8

  L2-Data Cache:
    Size(KB):         512
    Block Size(B):     64
    Associativity:      8

Latencies:    1   10  150
L1-Sets:   64 - LRU - assoc:   8
L2-Sets: 1024 - LRU - assoc:   8
Store_allocation: Yes
L2_inclusive: Yes
L2_prefetching: No

L1 Cache Stats:
L1-Load-Hits:         284243969   88.40%
L1-Load-Misses:        37311500   11.60%
L1-Load-Accesses:     321555469  100.00%

L1-Store-Hits:         132150969   99.99%
L1-Store-Misses:           13638    0.01%
L1-Store-Accesses:     132164607  100.00%

L1-Total-Hits:         416394938   91.77%
L1-Total-Misses:        37325138    8.23%
L1-Total-Accesses:     453720076  100.00%

L2 Cache Stats:
L2-Load-Hits:           2482899    6.65%
L2-Load-Misses:        34828601   93.35%
L2-Load-Accesses:      37311500  100.00%

L2-Store-Hits:               456    3.34%
L2-Store-Misses:           13182   96.66%
L2-Store-Accesses:         13638  100.00%

L2-Total-Hits:           2483355    6.65%
L2-Total-Misses:        34841783   93.35%
L2-Total-Accesses:      37325138  100.00%

