--------
Total Statistics
--------
Total Instructions: 1682276472
Total Cycles: 9458547609
IPC: 0.177858

--------
Single level Tlb hierarchy
--------
  Data Tlb:
    Entries:          64
    Page Size(B):   4096
    Associativity:      4

Latencies:    0   50
Tlb-Sets:   16 - LRU - assoc:   4

Tlb Stats:
Tlb-Load-Hits:         279013425   86.77%
Tlb-Load-Misses:        42542030   13.23%
Tlb-Load-Accesses:     321555455  100.00%

Tlb-Store-Hits:         132164584  100.00%
Tlb-Store-Misses:              18    0.00%
Tlb-Store-Accesses:     132164602  100.00%

Tlb-Total-Hits:         411178009   90.62%
Tlb-Total-Misses:        42542048    9.38%
Tlb-Total-Accesses:     453720057  100.00%



--------
Two level Cache hierarchy
--------
  L1-Data Cache:
    Size(KB):          32
    Block Size(B):     64
    Associativity:      8

  L2-Data Cache:
    Size(KB):        2048
    Block Size(B):    128
    Associativity:     16

Latencies:    1   10  150
L1-Sets:   64 - LRU - assoc:   8
L2-Sets: 1024 - LRU - assoc:  16
Store_allocation: Yes
L2_inclusive: Yes
L2_prefetching: No

L1 Cache Stats:
L1-Load-Hits:         251329692   78.16%
L1-Load-Misses:        70225763   21.84%
L1-Load-Accesses:     321555455  100.00%

L1-Store-Hits:         132155707   99.99%
L1-Store-Misses:            8895    0.01%
L1-Store-Accesses:     132164602  100.00%

L1-Total-Hits:         383485399   84.52%
L1-Total-Misses:        70234658   15.48%
L1-Total-Accesses:     453720057  100.00%

L2 Cache Stats:
L2-Load-Hits:          40272698   57.35%
L2-Load-Misses:        29953065   42.65%
L2-Load-Accesses:      70225763  100.00%

L2-Store-Hits:              7946   89.33%
L2-Store-Misses:             949   10.67%
L2-Store-Accesses:          8895  100.00%

L2-Total-Hits:          40280644   57.35%
L2-Total-Misses:        29954014   42.65%
L2-Total-Accesses:      70234658  100.00%

