--------
Total Statistics
--------
Total Instructions: 1682276472
Total Cycles: 10026476849
IPC: 0.167783

--------
Single level Tlb hierarchy
--------
  Data Tlb:
    Entries:          64
    Page Size(B):   4096
    Associativity:      4

Latencies:    0   50
Tlb-Sets:   16 - LRU - assoc:   4

Tlb Stats:
Tlb-Load-Hits:         277787243   86.39%
Tlb-Load-Misses:        43768212   13.61%
Tlb-Load-Accesses:     321555455  100.00%

Tlb-Store-Hits:         132164583  100.00%
Tlb-Store-Misses:              19    0.00%
Tlb-Store-Accesses:     132164602  100.00%

Tlb-Total-Hits:         409951826   90.35%
Tlb-Total-Misses:        43768231    9.65%
Tlb-Total-Accesses:     453720057  100.00%



--------
Two level Cache hierarchy
--------
  L1-Data Cache:
    Size(KB):          32
    Block Size(B):     64
    Associativity:      8

  L2-Data Cache:
    Size(KB):         512
    Block Size(B):    128
    Associativity:      8

Latencies:    1   10  150
L1-Sets:   64 - LRU - assoc:   8
L2-Sets:  512 - LRU - assoc:   8
Store_allocation: Yes
L2_inclusive: Yes
L2_prefetching: No

L1 Cache Stats:
L1-Load-Hits:         247909477   77.10%
L1-Load-Misses:        73645978   22.90%
L1-Load-Accesses:     321555455  100.00%

L1-Store-Hits:         132136508   99.98%
L1-Store-Misses:           28094    0.02%
L1-Store-Accesses:     132164602  100.00%

L1-Total-Hits:         380045985   83.76%
L1-Total-Misses:        73674072   16.24%
L1-Total-Accesses:     453720057  100.00%

L2 Cache Stats:
L2-Load-Hits:          40551253   55.06%
L2-Load-Misses:        33094725   44.94%
L2-Load-Accesses:      73645978  100.00%

L2-Store-Hits:             20632   73.44%
L2-Store-Misses:            7462   26.56%
L2-Store-Accesses:         28094  100.00%

L2-Total-Hits:          40571885   55.07%
L2-Total-Misses:        33102187   44.93%
L2-Total-Accesses:      73674072  100.00%

