--------
Total Statistics
--------
Total Instructions: 1682276506
Total Cycles: 10093837282
IPC: 0.166664

--------
Single level Tlb hierarchy
--------
  Data Tlb:
    Entries:          64
    Page Size(B):   4096
    Associativity:      4

Latencies:    0   50
Tlb-Sets:   16 - LRU - assoc:   4

Tlb Stats:
Tlb-Load-Hits:         279181031   86.82%
Tlb-Load-Misses:        42374438   13.18%
Tlb-Load-Accesses:     321555469  100.00%

Tlb-Store-Hits:         132164589  100.00%
Tlb-Store-Misses:              18    0.00%
Tlb-Store-Accesses:     132164607  100.00%

Tlb-Total-Hits:         411345620   90.66%
Tlb-Total-Misses:        42374456    9.34%
Tlb-Total-Accesses:     453720076  100.00%



--------
Two level Cache hierarchy
--------
  L1-Data Cache:
    Size(KB):          32
    Block Size(B):     64
    Associativity:      8

  L2-Data Cache:
    Size(KB):         256
    Block Size(B):    128
    Associativity:      4

Latencies:    1   10  150
L1-Sets:   64 - LRU - assoc:   8
L2-Sets:  512 - LRU - assoc:   4
Store_allocation: Yes
L2_inclusive: Yes
L2_prefetching: No

L1 Cache Stats:
L1-Load-Hits:         247005553   76.82%
L1-Load-Misses:        74549916   23.18%
L1-Load-Accesses:     321555469  100.00%

L1-Store-Hits:         132148493   99.99%
L1-Store-Misses:           16114    0.01%
L1-Store-Accesses:     132164607  100.00%

L1-Total-Hits:         379154046   83.57%
L1-Total-Misses:        74566030   16.43%
L1-Total-Accesses:     453720076  100.00%

L2 Cache Stats:
L2-Load-Hits:          40599241   54.46%
L2-Load-Misses:        33950675   45.54%
L2-Load-Accesses:      74549916  100.00%

L2-Store-Hits:             10405   64.57%
L2-Store-Misses:            5709   35.43%
L2-Store-Accesses:         16114  100.00%

L2-Total-Hits:          40609646   54.46%
L2-Total-Misses:        33956384   45.54%
L2-Total-Accesses:      74566030  100.00%

