--------
Total Statistics
--------
Total Instructions: 1682276506
Total Cycles: 9349902972
IPC: 0.179924

--------
Single level Tlb hierarchy
--------
  Data Tlb:
    Entries:          64
    Page Size(B):   4096
    Associativity:      4

Latencies:    0   50
Tlb-Sets:   16 - LRU - assoc:   4

Tlb Stats:
Tlb-Load-Hits:         281166279   87.44%
Tlb-Load-Misses:        40389190   12.56%
Tlb-Load-Accesses:     321555469  100.00%

Tlb-Store-Hits:         132164576  100.00%
Tlb-Store-Misses:              31    0.00%
Tlb-Store-Accesses:     132164607  100.00%

Tlb-Total-Hits:         413330855   91.10%
Tlb-Total-Misses:        40389221    8.90%
Tlb-Total-Accesses:     453720076  100.00%



--------
Two level Cache hierarchy
--------
  L1-Data Cache:
    Size(KB):          32
    Block Size(B):     64
    Associativity:      8

  L2-Data Cache:
    Size(KB):        2048
    Block Size(B):    128
    Associativity:      8

Latencies:    1   10  150
L1-Sets:   64 - LRU - assoc:   8
L2-Sets: 2048 - LRU - assoc:   8
Store_allocation: Yes
L2_inclusive: Yes
L2_prefetching: No

L1 Cache Stats:
L1-Load-Hits:         251321469   78.16%
L1-Load-Misses:        70234000   21.84%
L1-Load-Accesses:     321555469  100.00%

L1-Store-Hits:         132150208   99.99%
L1-Store-Misses:           14399    0.01%
L1-Store-Accesses:     132164607  100.00%

L1-Total-Hits:         383471677   84.52%
L1-Total-Misses:        70248399   15.48%
L1-Total-Accesses:     453720076  100.00%

L2 Cache Stats:
L2-Load-Hits:          40289642   57.36%
L2-Load-Misses:        29944358   42.64%
L2-Load-Accesses:      70234000  100.00%

L2-Store-Hits:             12348   85.76%
L2-Store-Misses:            2051   14.24%
L2-Store-Accesses:         14399  100.00%

L2-Total-Hits:          40301990   57.37%
L2-Total-Misses:        29946409   42.63%
L2-Total-Accesses:      70248399  100.00%

