--------
Total Statistics
--------
Total Instructions: 1682276472
Total Cycles: 9602587269
IPC: 0.17519

--------
Single level Tlb hierarchy
--------
  Data Tlb:
    Entries:          64
    Page Size(B):   4096
    Associativity:      4

Latencies:    0   50
Tlb-Sets:   16 - LRU - assoc:   4

Tlb Stats:
Tlb-Load-Hits:         279746475   87.00%
Tlb-Load-Misses:        41808980   13.00%
Tlb-Load-Accesses:     321555455  100.00%

Tlb-Store-Hits:         132164584  100.00%
Tlb-Store-Misses:              18    0.00%
Tlb-Store-Accesses:     132164602  100.00%

Tlb-Total-Hits:         411911059   90.79%
Tlb-Total-Misses:        41808998    9.21%
Tlb-Total-Accesses:     453720057  100.00%



--------
Two level Cache hierarchy
--------
  L1-Data Cache:
    Size(KB):          32
    Block Size(B):     64
    Associativity:      8

  L2-Data Cache:
    Size(KB):        1024
    Block Size(B):    256
    Associativity:      8

Latencies:    1   10  150
L1-Sets:   64 - LRU - assoc:   8
L2-Sets:  512 - LRU - assoc:   8
Store_allocation: Yes
L2_inclusive: Yes
L2_prefetching: No

L1 Cache Stats:
L1-Load-Hits:         246013861   76.51%
L1-Load-Misses:        75541594   23.49%
L1-Load-Accesses:     321555455  100.00%

L1-Store-Hits:         132155007   99.99%
L1-Store-Misses:            9595    0.01%
L1-Store-Accesses:     132164602  100.00%

L1-Total-Hits:         378168868   83.35%
L1-Total-Misses:        75551189   16.65%
L1-Total-Accesses:     453720057  100.00%

L2 Cache Stats:
L2-Load-Hits:          44739893   59.23%
L2-Load-Misses:        30801701   40.77%
L2-Load-Accesses:      75541594  100.00%

L2-Store-Hits:              7103   74.03%
L2-Store-Misses:            2492   25.97%
L2-Store-Accesses:          9595  100.00%

L2-Total-Hits:          44746996   59.23%
L2-Total-Misses:        30804193   40.77%
L2-Total-Accesses:      75551189  100.00%

