--------
Total Statistics
--------
Total Instructions: 20881570022
Total Cycles: 53010904055
IPC: 0.393911

--------
Single level Tlb hierarchy
--------
  Data Tlb:
    Entries:          64
    Page Size(B):   4096
    Associativity:      4

Latencies:    0   50
Tlb-Sets:   16 - LRU - assoc:   4

Tlb Stats:
Tlb-Load-Hits:        6323571246   99.53%
Tlb-Load-Misses:        30124569    0.47%
Tlb-Load-Accesses:    6353695815  100.00%

Tlb-Store-Hits:        2637897249   99.79%
Tlb-Store-Misses:         5643519    0.21%
Tlb-Store-Accesses:    2643540768  100.00%

Tlb-Total-Hits:        8961468495   99.60%
Tlb-Total-Misses:        35768088    0.40%
Tlb-Total-Accesses:    8997236583  100.00%



--------
Two level Cache hierarchy
--------
  L1-Data Cache:
    Size(KB):          32
    Block Size(B):     64
    Associativity:      8

  L2-Data Cache:
    Size(KB):        2048
    Block Size(B):     64
    Associativity:      8

Latencies:    1   10  150
L1-Sets:   64 - LRU - assoc:   8
L2-Sets: 4096 - LRU - assoc:   8
Store_allocation: Yes
L2_inclusive: Yes
L2_prefetching: No

L1 Cache Stats:
L1-Load-Hits:        6203170254   97.63%
L1-Load-Misses:       150525561    2.37%
L1-Load-Accesses:    6353695815  100.00%

L1-Store-Hits:        2631809784   99.56%
L1-Store-Misses:        11730984    0.44%
L1-Store-Accesses:    2643540768  100.00%

L1-Total-Hits:        8834980038   98.20%
L1-Total-Misses:       162256545    1.80%
L1-Total-Accesses:    8997236583  100.00%

L2 Cache Stats:
L2-Load-Hits:          29334136   19.49%
L2-Load-Misses:       121191425   80.51%
L2-Load-Accesses:     150525561  100.00%

L2-Store-Hits:           1448225   12.35%
L2-Store-Misses:        10282759   87.65%
L2-Store-Accesses:      11730984  100.00%

L2-Total-Hits:          30782361   18.97%
L2-Total-Misses:       131474184   81.03%
L2-Total-Accesses:     162256545  100.00%

