--------
Total Statistics
--------
Total Instructions: 20881570062
Total Cycles: 44540962013
IPC: 0.468817

--------
Single level Tlb hierarchy
--------
  Data Tlb:
    Entries:          64
    Page Size(B):   4096
    Associativity:      4

Latencies:    0   50
Tlb-Sets:   16 - LRU - assoc:   4

Tlb Stats:
Tlb-Load-Hits:        6324927217   99.55%
Tlb-Load-Misses:        28768601    0.45%
Tlb-Load-Accesses:    6353695818  100.00%

Tlb-Store-Hits:        2638706387   99.82%
Tlb-Store-Misses:         4834386    0.18%
Tlb-Store-Accesses:    2643540773  100.00%

Tlb-Total-Hits:        8963633604   99.63%
Tlb-Total-Misses:        33602987    0.37%
Tlb-Total-Accesses:    8997236591  100.00%



--------
Two level Cache hierarchy
--------
  L1-Data Cache:
    Size(KB):          32
    Block Size(B):     64
    Associativity:      8

  L2-Data Cache:
    Size(KB):        1024
    Block Size(B):    128
    Associativity:     16

Latencies:    1   10  150
L1-Sets:   64 - LRU - assoc:   8
L2-Sets:  512 - LRU - assoc:  16
Store_allocation: Yes
L2_inclusive: Yes
L2_prefetching: No

L1 Cache Stats:
L1-Load-Hits:        6132053321   96.51%
L1-Load-Misses:       221642497    3.49%
L1-Load-Accesses:    6353695818  100.00%

L1-Store-Hits:        2624342209   99.27%
L1-Store-Misses:        19198564    0.73%
L1-Store-Accesses:    2643540773  100.00%

L1-Total-Hits:        8756395530   97.32%
L1-Total-Misses:       240841061    2.68%
L1-Total-Accesses:    8997236591  100.00%

L2 Cache Stats:
L2-Load-Hits:         156715810   70.71%
L2-Load-Misses:        64926687   29.29%
L2-Load-Accesses:     221642497  100.00%

L2-Store-Hits:          13634615   71.02%
L2-Store-Misses:         5563949   28.98%
L2-Store-Accesses:      19198564  100.00%

L2-Total-Hits:         170350425   70.73%
L2-Total-Misses:        70490636   29.27%
L2-Total-Accesses:     240841061  100.00%

