--------
Total Statistics
--------
Total Instructions: 20881570115
Total Cycles: 45476559231
IPC: 0.459172

--------
Single level Tlb hierarchy
--------
  Data Tlb:
    Entries:          64
    Page Size(B):   4096
    Associativity:      4

Latencies:    0   50
Tlb-Sets:   16 - LRU - assoc:   4

Tlb Stats:
Tlb-Load-Hits:        6322018355   99.50%
Tlb-Load-Misses:        31677472    0.50%
Tlb-Load-Accesses:    6353695827  100.00%

Tlb-Store-Hits:        2638217855   99.80%
Tlb-Store-Misses:         5322924    0.20%
Tlb-Store-Accesses:    2643540779  100.00%

Tlb-Total-Hits:        8960236210   99.59%
Tlb-Total-Misses:        37000396    0.41%
Tlb-Total-Accesses:    8997236606  100.00%



--------
Two level Cache hierarchy
--------
  L1-Data Cache:
    Size(KB):          32
    Block Size(B):     64
    Associativity:      8

  L2-Data Cache:
    Size(KB):         256
    Block Size(B):    128
    Associativity:      4

Latencies:    1   10  150
L1-Sets:   64 - LRU - assoc:   8
L2-Sets:  512 - LRU - assoc:   4
Store_allocation: Yes
L2_inclusive: Yes
L2_prefetching: No

L1 Cache Stats:
L1-Load-Hits:        6127757767   96.44%
L1-Load-Misses:       225938060    3.56%
L1-Load-Accesses:    6353695827  100.00%

L1-Store-Hits:        2623828423   99.25%
L1-Store-Misses:        19712356    0.75%
L1-Store-Accesses:    2643540779  100.00%

L1-Total-Hits:        8751586190   97.27%
L1-Total-Misses:       245650416    2.73%
L1-Total-Accesses:    8997236606  100.00%

L2 Cache Stats:
L2-Load-Hits:         156587683   69.31%
L2-Load-Misses:        69350377   30.69%
L2-Load-Accesses:     225938060  100.00%

L2-Store-Hits:          13787876   69.95%
L2-Store-Misses:         5924480   30.05%
L2-Store-Accesses:      19712356  100.00%

L2-Total-Hits:         170375559   69.36%
L2-Total-Misses:        75274857   30.64%
L2-Total-Accesses:     245650416  100.00%

