--------
Total Statistics
--------
Total Instructions: 20881570222
Total Cycles: 44209414127
IPC: 0.472333

--------
Single level Tlb hierarchy
--------
  Data Tlb:
    Entries:          64
    Page Size(B):   4096
    Associativity:      4

Latencies:    0   50
Tlb-Sets:   16 - LRU - assoc:   4

Tlb Stats:
Tlb-Load-Hits:        6321089855   99.49%
Tlb-Load-Misses:        32605999    0.51%
Tlb-Load-Accesses:    6353695854  100.00%

Tlb-Store-Hits:        2638389122   99.81%
Tlb-Store-Misses:         5151669    0.19%
Tlb-Store-Accesses:    2643540791  100.00%

Tlb-Total-Hits:        8959478977   99.58%
Tlb-Total-Misses:        37757668    0.42%
Tlb-Total-Accesses:    8997236645  100.00%



--------
Two level Cache hierarchy
--------
  L1-Data Cache:
    Size(KB):          32
    Block Size(B):     64
    Associativity:      8

  L2-Data Cache:
    Size(KB):        2048
    Block Size(B):    128
    Associativity:     16

Latencies:    1   10  150
L1-Sets:   64 - LRU - assoc:   8
L2-Sets: 1024 - LRU - assoc:  16
Store_allocation: Yes
L2_inclusive: Yes
L2_prefetching: No

L1 Cache Stats:
L1-Load-Hits:        6134947293   96.56%
L1-Load-Misses:       218748561    3.44%
L1-Load-Accesses:    6353695854  100.00%

L1-Store-Hits:        2624892011   99.29%
L1-Store-Misses:        18648780    0.71%
L1-Store-Accesses:    2643540791  100.00%

L1-Total-Hits:        8759839304   97.36%
L1-Total-Misses:       237397341    2.64%
L1-Total-Accesses:    8997236645  100.00%

L2 Cache Stats:
L2-Load-Hits:         156832696   71.70%
L2-Load-Misses:        61915865   28.30%
L2-Load-Accesses:     218748561  100.00%

L2-Store-Hits:          13439642   72.07%
L2-Store-Misses:         5209138   27.93%
L2-Store-Accesses:      18648780  100.00%

L2-Total-Hits:         170272338   71.72%
L2-Total-Misses:        67125003   28.28%
L2-Total-Accesses:     237397341  100.00%

