--------
Total Statistics
--------
Total Instructions: 20881570263
Total Cycles: 39724982937
IPC: 0.525653

--------
Single level Tlb hierarchy
--------
  Data Tlb:
    Entries:          64
    Page Size(B):   4096
    Associativity:      4

Latencies:    0   50
Tlb-Sets:   16 - LRU - assoc:   4

Tlb Stats:
Tlb-Load-Hits:        6312446990   99.35%
Tlb-Load-Misses:        41248869    0.65%
Tlb-Load-Accesses:    6353695859  100.00%

Tlb-Store-Hits:        2637244125   99.76%
Tlb-Store-Misses:         6296680    0.24%
Tlb-Store-Accesses:    2643540805  100.00%

Tlb-Total-Hits:        8949691115   99.47%
Tlb-Total-Misses:        47545549    0.53%
Tlb-Total-Accesses:    8997236664  100.00%



--------
Two level Cache hierarchy
--------
  L1-Data Cache:
    Size(KB):          32
    Block Size(B):     64
    Associativity:      8

  L2-Data Cache:
    Size(KB):        1024
    Block Size(B):    256
    Associativity:      8

Latencies:    1   10  150
L1-Sets:   64 - LRU - assoc:   8
L2-Sets:  512 - LRU - assoc:   8
Store_allocation: Yes
L2_inclusive: Yes
L2_prefetching: No

L1 Cache Stats:
L1-Load-Hits:        6163856536   97.01%
L1-Load-Misses:       189839323    2.99%
L1-Load-Accesses:    6353695859  100.00%

L1-Store-Hits:        2627840437   99.41%
L1-Store-Misses:        15700368    0.59%
L1-Store-Accesses:    2643540805  100.00%

L1-Total-Hits:        8791696973   97.72%
L1-Total-Misses:       205539691    2.28%
L1-Total-Accesses:    8997236664  100.00%

L2 Cache Stats:
L2-Load-Hits:         156623871   82.50%
L2-Load-Misses:        33215452   17.50%
L2-Load-Accesses:     189839323  100.00%

L2-Store-Hits:          12825809   81.69%
L2-Store-Misses:         2874559   18.31%
L2-Store-Accesses:      15700368  100.00%

L2-Total-Hits:         169449680   82.44%
L2-Total-Misses:        36090011   17.56%
L2-Total-Accesses:     205539691  100.00%

