--------
Total Statistics
--------
Total Instructions: 20881570083
Total Cycles: 38869196235
IPC: 0.537227

--------
Single level Tlb hierarchy
--------
  Data Tlb:
    Entries:          64
    Page Size(B):   4096
    Associativity:      4

Latencies:    0   50
Tlb-Sets:   16 - LRU - assoc:   4

Tlb Stats:
Tlb-Load-Hits:        6321208450   99.49%
Tlb-Load-Misses:        32487373    0.51%
Tlb-Load-Accesses:    6353695823  100.00%

Tlb-Store-Hits:        2638214574   99.80%
Tlb-Store-Misses:         5326215    0.20%
Tlb-Store-Accesses:    2643540789  100.00%

Tlb-Total-Hits:        8959423024   99.58%
Tlb-Total-Misses:        37813588    0.42%
Tlb-Total-Accesses:    8997236612  100.00%



--------
Two level Cache hierarchy
--------
  L1-Data Cache:
    Size(KB):          32
    Block Size(B):     64
    Associativity:      8

  L2-Data Cache:
    Size(KB):        2048
    Block Size(B):    256
    Associativity:      8

Latencies:    1   10  150
L1-Sets:   64 - LRU - assoc:   8
L2-Sets: 1024 - LRU - assoc:   8
Store_allocation: Yes
L2_inclusive: Yes
L2_prefetching: No

L1 Cache Stats:
L1-Load-Hits:        6166061014   97.05%
L1-Load-Misses:       187634809    2.95%
L1-Load-Accesses:    6353695823  100.00%

L1-Store-Hits:        2628204104   99.42%
L1-Store-Misses:        15336685    0.58%
L1-Store-Accesses:    2643540789  100.00%

L1-Total-Hits:        8794265118   97.74%
L1-Total-Misses:       202971494    2.26%
L1-Total-Accesses:    8997236612  100.00%

L2 Cache Stats:
L2-Load-Hits:         156500469   83.41%
L2-Load-Misses:        31134340   16.59%
L2-Load-Accesses:     187634809  100.00%

L2-Store-Hits:          12671057   82.62%
L2-Store-Misses:         2665628   17.38%
L2-Store-Accesses:      15336685  100.00%

L2-Total-Hits:         169171526   83.35%
L2-Total-Misses:        33799968   16.65%
L2-Total-Accesses:     202971494  100.00%

