--------
Total Statistics
--------
Total Instructions: 20881570250
Total Cycles: 45078667136
IPC: 0.463225

--------
Single level Tlb hierarchy
--------
  Data Tlb:
    Entries:          64
    Page Size(B):   4096
    Associativity:      4

Latencies:    0   50
Tlb-Sets:   16 - LRU - assoc:   4

Tlb Stats:
Tlb-Load-Hits:        6316872521   99.42%
Tlb-Load-Misses:        36823341    0.58%
Tlb-Load-Accesses:    6353695862  100.00%

Tlb-Store-Hits:        2636131986   99.72%
Tlb-Store-Misses:         7408818    0.28%
Tlb-Store-Accesses:    2643540804  100.00%

Tlb-Total-Hits:        8953004507   99.51%
Tlb-Total-Misses:        44232159    0.49%
Tlb-Total-Accesses:    8997236666  100.00%



--------
Two level Cache hierarchy
--------
  L1-Data Cache:
    Size(KB):          32
    Block Size(B):     64
    Associativity:      8

  L2-Data Cache:
    Size(KB):        1024
    Block Size(B):    128
    Associativity:      8

Latencies:    1   10  150
L1-Sets:   64 - LRU - assoc:   8
L2-Sets: 1024 - LRU - assoc:   8
Store_allocation: Yes
L2_inclusive: Yes
L2_prefetching: No

L1 Cache Stats:
L1-Load-Hits:        6132081121   96.51%
L1-Load-Misses:       221614741    3.49%
L1-Load-Accesses:    6353695862  100.00%

L1-Store-Hits:        2624391873   99.28%
L1-Store-Misses:        19148931    0.72%
L1-Store-Accesses:    2643540804  100.00%

L1-Total-Hits:        8756472994   97.32%
L1-Total-Misses:       240763672    2.68%
L1-Total-Accesses:    8997236666  100.00%

L2 Cache Stats:
L2-Load-Hits:         156638621   70.68%
L2-Load-Misses:        64976120   29.32%
L2-Load-Accesses:     221614741  100.00%

L2-Store-Hits:          13587614   70.96%
L2-Store-Misses:         5561317   29.04%
L2-Store-Accesses:      19148931  100.00%

L2-Total-Hits:         170226235   70.70%
L2-Total-Misses:        70537437   29.30%
L2-Total-Accesses:     240763672  100.00%

