--------
Total Statistics
--------
Total Instructions: 20881570241
Total Cycles: 39590154518
IPC: 0.527444

--------
Single level Tlb hierarchy
--------
  Data Tlb:
    Entries:          64
    Page Size(B):   4096
    Associativity:      4

Latencies:    0   50
Tlb-Sets:   16 - LRU - assoc:   4

Tlb Stats:
Tlb-Load-Hits:        6319059857   99.45%
Tlb-Load-Misses:        34635993    0.55%
Tlb-Load-Accesses:    6353695850  100.00%

Tlb-Store-Hits:        2638087924   99.79%
Tlb-Store-Misses:         5452873    0.21%
Tlb-Store-Accesses:    2643540797  100.00%

Tlb-Total-Hits:        8957147781   99.55%
Tlb-Total-Misses:        40088866    0.45%
Tlb-Total-Accesses:    8997236647  100.00%



--------
Two level Cache hierarchy
--------
  L1-Data Cache:
    Size(KB):          32
    Block Size(B):     64
    Associativity:      8

  L2-Data Cache:
    Size(KB):         512
    Block Size(B):    256
    Associativity:      8

Latencies:    1   10  150
L1-Sets:   64 - LRU - assoc:   8
L2-Sets:  256 - LRU - assoc:   8
Store_allocation: Yes
L2_inclusive: Yes
L2_prefetching: No

L1 Cache Stats:
L1-Load-Hits:        6162183800   96.99%
L1-Load-Misses:       191512050    3.01%
L1-Load-Accesses:    6353695850  100.00%

L1-Store-Hits:        2627668949   99.40%
L1-Store-Misses:        15871848    0.60%
L1-Store-Accesses:    2643540797  100.00%

L1-Total-Hits:        8789852749   97.70%
L1-Total-Misses:       207383898    2.30%
L1-Total-Accesses:    8997236647  100.00%

L2 Cache Stats:
L2-Load-Hits:         156952568   81.95%
L2-Load-Misses:        34559482   18.05%
L2-Load-Accesses:     191512050  100.00%

L2-Store-Hits:          12877561   81.13%
L2-Store-Misses:         2994287   18.87%
L2-Store-Accesses:      15871848  100.00%

L2-Total-Hits:         169830129   81.89%
L2-Total-Misses:        37553769   18.11%
L2-Total-Accesses:     207383898  100.00%

