--------
Total Statistics
--------
Total Instructions: 29792924370
Total Cycles: 58641205006
IPC: 0.508054

--------
Single level Tlb hierarchy
--------
  Data Tlb:
    Entries:          64
    Page Size(B):   4096
    Associativity:      4

Latencies:    0   50
Tlb-Sets:   16 - LRU - assoc:   4

Tlb Stats:
Tlb-Load-Hits:        7125732237   99.53%
Tlb-Load-Misses:        33477574    0.47%
Tlb-Load-Accesses:    7159209811  100.00%

Tlb-Store-Hits:        6860885956   99.96%
Tlb-Store-Misses:         2827509    0.04%
Tlb-Store-Accesses:    6863713465  100.00%

Tlb-Total-Hits:       13986618193   99.74%
Tlb-Total-Misses:        36305083    0.26%
Tlb-Total-Accesses:   14022923276  100.00%



--------
Two level Cache hierarchy
--------
  L1-Data Cache:
    Size(KB):          32
    Block Size(B):     64
    Associativity:      8

  L2-Data Cache:
    Size(KB):        1024
    Block Size(B):     64
    Associativity:      8

Latencies:    1   10  150
L1-Sets:   64 - LRU - assoc:   8
L2-Sets: 2048 - LRU - assoc:   8
Store_allocation: Yes
L2_inclusive: Yes
L2_prefetching: No

L1 Cache Stats:
L1-Load-Hits:        7035535036   98.27%
L1-Load-Misses:       123674775    1.73%
L1-Load-Accesses:    7159209811  100.00%

L1-Store-Hits:        6764940064   98.56%
L1-Store-Misses:        98773401    1.44%
L1-Store-Accesses:    6863713465  100.00%

L1-Total-Hits:       13800475100   98.41%
L1-Total-Misses:       222448176    1.59%
L1-Total-Accesses:   14022923276  100.00%

L2 Cache Stats:
L2-Load-Hits:          59548994   48.15%
L2-Load-Misses:        64125781   51.85%
L2-Load-Accesses:     123674775  100.00%

L2-Store-Hits:          90995039   92.13%
L2-Store-Misses:         7778362    7.87%
L2-Store-Accesses:      98773401  100.00%

L2-Total-Hits:         150544033   67.68%
L2-Total-Misses:        71904143   32.32%
L2-Total-Accesses:     222448176  100.00%

