--------
Total Statistics
--------
Total Instructions: 29792924336
Total Cycles: 59054319883
IPC: 0.5045

--------
Single level Tlb hierarchy
--------
  Data Tlb:
    Entries:          64
    Page Size(B):   4096
    Associativity:      4

Latencies:    0   50
Tlb-Sets:   16 - LRU - assoc:   4

Tlb Stats:
Tlb-Load-Hits:        7123277955   99.50%
Tlb-Load-Misses:        35931842    0.50%
Tlb-Load-Accesses:    7159209797  100.00%

Tlb-Store-Hits:        6859762292   99.94%
Tlb-Store-Misses:         3951168    0.06%
Tlb-Store-Accesses:    6863713460  100.00%

Tlb-Total-Hits:       13983040247   99.72%
Tlb-Total-Misses:        39883010    0.28%
Tlb-Total-Accesses:   14022923257  100.00%



--------
Two level Cache hierarchy
--------
  L1-Data Cache:
    Size(KB):          32
    Block Size(B):     64
    Associativity:      8

  L2-Data Cache:
    Size(KB):         256
    Block Size(B):    128
    Associativity:      4

Latencies:    1   10  150
L1-Sets:   64 - LRU - assoc:   8
L2-Sets:  512 - LRU - assoc:   4
Store_allocation: Yes
L2_inclusive: Yes
L2_prefetching: No

L1 Cache Stats:
L1-Load-Hits:        6979965425   97.50%
L1-Load-Misses:       179244372    2.50%
L1-Load-Accesses:    7159209797  100.00%

L1-Store-Hits:        6753383288   98.39%
L1-Store-Misses:       110330172    1.61%
L1-Store-Accesses:    6863713460  100.00%

L1-Total-Hits:       13733348713   97.93%
L1-Total-Misses:       289574544    2.07%
L1-Total-Accesses:   14022923257  100.00%

L2 Cache Stats:
L2-Load-Hits:         116195396   64.83%
L2-Load-Misses:        63048976   35.17%
L2-Load-Accesses:     179244372  100.00%

L2-Store-Hits:         104388639   94.61%
L2-Store-Misses:         5941533    5.39%
L2-Store-Accesses:     110330172  100.00%

L2-Total-Hits:         220584035   76.18%
L2-Total-Misses:        68990509   23.82%
L2-Total-Accesses:     289574544  100.00%

