--------
Total Statistics
--------
Total Instructions: 29792924370
Total Cycles: 56062745196
IPC: 0.531421

--------
Single level Tlb hierarchy
--------
  Data Tlb:
    Entries:          64
    Page Size(B):   4096
    Associativity:      4

Latencies:    0   50
Tlb-Sets:   16 - LRU - assoc:   4

Tlb Stats:
Tlb-Load-Hits:        7122288531   99.48%
Tlb-Load-Misses:        36921280    0.52%
Tlb-Load-Accesses:    7159209811  100.00%

Tlb-Store-Hits:        6860545614   99.95%
Tlb-Store-Misses:         3167851    0.05%
Tlb-Store-Accesses:    6863713465  100.00%

Tlb-Total-Hits:       13982834145   99.71%
Tlb-Total-Misses:        40089131    0.29%
Tlb-Total-Accesses:   14022923276  100.00%



--------
Two level Cache hierarchy
--------
  L1-Data Cache:
    Size(KB):          32
    Block Size(B):     64
    Associativity:      8

  L2-Data Cache:
    Size(KB):        1024
    Block Size(B):    128
    Associativity:      8

Latencies:    1   10  150
L1-Sets:   64 - LRU - assoc:   8
L2-Sets: 1024 - LRU - assoc:   8
Store_allocation: Yes
L2_inclusive: Yes
L2_prefetching: No

L1 Cache Stats:
L1-Load-Hits:        6991816722   97.66%
L1-Load-Misses:       167393089    2.34%
L1-Load-Accesses:    7159209811  100.00%

L1-Store-Hits:        6759510269   98.48%
L1-Store-Misses:       104203196    1.52%
L1-Store-Accesses:    6863713465  100.00%

L1-Total-Hits:       13751326991   98.06%
L1-Total-Misses:       271596285    1.94%
L1-Total-Accesses:   14022923276  100.00%

L2 Cache Stats:
L2-Load-Hits:         121308153   72.47%
L2-Load-Misses:        46084936   27.53%
L2-Load-Accesses:     167393089  100.00%

L2-Store-Hits:         100111611   96.07%
L2-Store-Misses:         4091585    3.93%
L2-Store-Accesses:     104203196  100.00%

L2-Total-Hits:         221419764   81.53%
L2-Total-Misses:        50176521   18.47%
L2-Total-Accesses:     271596285  100.00%

