--------
Total Statistics
--------
Total Instructions: 29792924063
Total Cycles: 55000160374
IPC: 0.541688

--------
Single level Tlb hierarchy
--------
  Data Tlb:
    Entries:          64
    Page Size(B):   4096
    Associativity:      4

Latencies:    0   50
Tlb-Sets:   16 - LRU - assoc:   4

Tlb Stats:
Tlb-Load-Hits:        7126245232   99.54%
Tlb-Load-Misses:        32964565    0.46%
Tlb-Load-Accesses:    7159209797  100.00%

Tlb-Store-Hits:        6860857014   99.96%
Tlb-Store-Misses:         2856290    0.04%
Tlb-Store-Accesses:    6863713304  100.00%

Tlb-Total-Hits:       13987102246   99.74%
Tlb-Total-Misses:        35820855    0.26%
Tlb-Total-Accesses:   14022923101  100.00%



--------
Two level Cache hierarchy
--------
  L1-Data Cache:
    Size(KB):          32
    Block Size(B):     64
    Associativity:      8

  L2-Data Cache:
    Size(KB):        2048
    Block Size(B):    128
    Associativity:     16

Latencies:    1   10  150
L1-Sets:   64 - LRU - assoc:   8
L2-Sets: 1024 - LRU - assoc:  16
Store_allocation: Yes
L2_inclusive: Yes
L2_prefetching: No

L1 Cache Stats:
L1-Load-Hits:        6994515667   97.70%
L1-Load-Misses:       164694130    2.30%
L1-Load-Accesses:    7159209797  100.00%

L1-Store-Hits:        6760750013   98.50%
L1-Store-Misses:       102963291    1.50%
L1-Store-Accesses:    6863713304  100.00%

L1-Total-Hits:       13755265680   98.09%
L1-Total-Misses:       267657421    1.91%
L1-Total-Accesses:   14022923101  100.00%

L2 Cache Stats:
L2-Load-Hits:         123412585   74.93%
L2-Load-Misses:        41281545   25.07%
L2-Load-Accesses:     164694130  100.00%

L2-Store-Hits:          99466861   96.60%
L2-Store-Misses:         3496430    3.40%
L2-Store-Accesses:     102963291  100.00%

L2-Total-Hits:         222879446   83.27%
L2-Total-Misses:        44777975   16.73%
L2-Total-Accesses:     267657421  100.00%

