--------
Total Statistics
--------
Total Instructions: 29792924063
Total Cycles: 55328957004
IPC: 0.538469

--------
Single level Tlb hierarchy
--------
  Data Tlb:
    Entries:          64
    Page Size(B):   4096
    Associativity:      4

Latencies:    0   50
Tlb-Sets:   16 - LRU - assoc:   4

Tlb Stats:
Tlb-Load-Hits:        7122361152   99.49%
Tlb-Load-Misses:        36848645    0.51%
Tlb-Load-Accesses:    7159209797  100.00%

Tlb-Store-Hits:        6860183350   99.95%
Tlb-Store-Misses:         3529954    0.05%
Tlb-Store-Accesses:    6863713304  100.00%

Tlb-Total-Hits:       13982544502   99.71%
Tlb-Total-Misses:        40378599    0.29%
Tlb-Total-Accesses:   14022923101  100.00%



--------
Two level Cache hierarchy
--------
  L1-Data Cache:
    Size(KB):          32
    Block Size(B):     64
    Associativity:      8

  L2-Data Cache:
    Size(KB):         512
    Block Size(B):    256
    Associativity:      8

Latencies:    1   10  150
L1-Sets:   64 - LRU - assoc:   8
L2-Sets:  256 - LRU - assoc:   8
Store_allocation: Yes
L2_inclusive: Yes
L2_prefetching: No

L1 Cache Stats:
L1-Load-Hits:        6989451604   97.63%
L1-Load-Misses:       169758193    2.37%
L1-Load-Accesses:    7159209797  100.00%

L1-Store-Hits:        6759583368   98.48%
L1-Store-Misses:       104129936    1.52%
L1-Store-Accesses:    6863713304  100.00%

L1-Total-Hits:       13749034972   98.05%
L1-Total-Misses:       273888129    1.95%
L1-Total-Accesses:   14022923101  100.00%

L2 Cache Stats:
L2-Load-Hits:         127453766   75.08%
L2-Load-Misses:        42304427   24.92%
L2-Load-Accesses:     169758193  100.00%

L2-Store-Hits:         101399039   97.38%
L2-Store-Misses:         2730897    2.62%
L2-Store-Accesses:     104129936  100.00%

L2-Total-Hits:         228852805   83.56%
L2-Total-Misses:        45035324   16.44%
L2-Total-Accesses:     273888129  100.00%

