--------
Total Statistics
--------
Total Instructions: 29792924370
Total Cycles: 54125233206
IPC: 0.550444

--------
Single level Tlb hierarchy
--------
  Data Tlb:
    Entries:          64
    Page Size(B):   4096
    Associativity:      4

Latencies:    0   50
Tlb-Sets:   16 - LRU - assoc:   4

Tlb Stats:
Tlb-Load-Hits:        7126055337   99.54%
Tlb-Load-Misses:        33154474    0.46%
Tlb-Load-Accesses:    7159209811  100.00%

Tlb-Store-Hits:        6860662905   99.96%
Tlb-Store-Misses:         3050560    0.04%
Tlb-Store-Accesses:    6863713465  100.00%

Tlb-Total-Hits:       13986718242   99.74%
Tlb-Total-Misses:        36205034    0.26%
Tlb-Total-Accesses:   14022923276  100.00%



--------
Two level Cache hierarchy
--------
  L1-Data Cache:
    Size(KB):          32
    Block Size(B):     64
    Associativity:      8

  L2-Data Cache:
    Size(KB):        1024
    Block Size(B):    256
    Associativity:      8

Latencies:    1   10  150
L1-Sets:   64 - LRU - assoc:   8
L2-Sets:  512 - LRU - assoc:   8
Store_allocation: Yes
L2_inclusive: Yes
L2_prefetching: No

L1 Cache Stats:
L1-Load-Hits:        6993196136   97.68%
L1-Load-Misses:       166013675    2.32%
L1-Load-Accesses:    7159209811  100.00%

L1-Store-Hits:        6762002304   98.52%
L1-Store-Misses:       101711161    1.48%
L1-Store-Accesses:    6863713465  100.00%

L1-Total-Hits:       13755198440   98.09%
L1-Total-Misses:       267724836    1.91%
L1-Total-Accesses:   14022923276  100.00%

L2 Cache Stats:
L2-Load-Hits:         129363848   77.92%
L2-Load-Misses:        36649827   22.08%
L2-Load-Accesses:     166013675  100.00%

L2-Store-Hits:          99548418   97.87%
L2-Store-Misses:         2162743    2.13%
L2-Store-Accesses:     101711161  100.00%

L2-Total-Hits:         228912266   85.50%
L2-Total-Misses:        38812570   14.50%
L2-Total-Accesses:     267724836  100.00%

