--------
Total Statistics
--------
Total Instructions: 29792924370
Total Cycles: 60718306916
IPC: 0.490674

--------
Single level Tlb hierarchy
--------
  Data Tlb:
    Entries:          64
    Page Size(B):   4096
    Associativity:      4

Latencies:    0   50
Tlb-Sets:   16 - LRU - assoc:   4

Tlb Stats:
Tlb-Load-Hits:        7124496074   99.52%
Tlb-Load-Misses:        34713737    0.48%
Tlb-Load-Accesses:    7159209811  100.00%

Tlb-Store-Hits:        6860132461   99.95%
Tlb-Store-Misses:         3581004    0.05%
Tlb-Store-Accesses:    6863713465  100.00%

Tlb-Total-Hits:       13984628535   99.73%
Tlb-Total-Misses:        38294741    0.27%
Tlb-Total-Accesses:   14022923276  100.00%



--------
Two level Cache hierarchy
--------
  L1-Data Cache:
    Size(KB):          32
    Block Size(B):     64
    Associativity:      8

  L2-Data Cache:
    Size(KB):         512
    Block Size(B):     64
    Associativity:      8

Latencies:    1   10  150
L1-Sets:   64 - LRU - assoc:   8
L2-Sets: 1024 - LRU - assoc:   8
Store_allocation: Yes
L2_inclusive: Yes
L2_prefetching: No

L1 Cache Stats:
L1-Load-Hits:        7030461699   98.20%
L1-Load-Misses:       128748112    1.80%
L1-Load-Accesses:    7159209811  100.00%

L1-Store-Hits:        6764775930   98.56%
L1-Store-Misses:        98937535    1.44%
L1-Store-Accesses:    6863713465  100.00%

L1-Total-Hits:       13795237629   98.38%
L1-Total-Misses:       227685647    1.62%
L1-Total-Accesses:   14022923276  100.00%

L2 Cache Stats:
L2-Load-Hits:          54496956   42.33%
L2-Load-Misses:        74251156   57.67%
L2-Load-Accesses:     128748112  100.00%

L2-Store-Hits:          88449586   89.40%
L2-Store-Misses:        10487949   10.60%
L2-Store-Accesses:      98937535  100.00%

L2-Total-Hits:         142946542   62.78%
L2-Total-Misses:        84739105   37.22%
L2-Total-Accesses:     227685647  100.00%

