--------
Total Statistics
--------
Total Instructions: 29792923600
Total Cycles: 57369048936
IPC: 0.519321

--------
Single level Tlb hierarchy
--------
  Data Tlb:
    Entries:          64
    Page Size(B):   4096
    Associativity:      4

Latencies:    0   50
Tlb-Sets:   16 - LRU - assoc:   4

Tlb Stats:
Tlb-Load-Hits:        7125063699   99.52%
Tlb-Load-Misses:        34146112    0.48%
Tlb-Load-Accesses:    7159209811  100.00%

Tlb-Store-Hits:        6860964759   99.96%
Tlb-Store-Misses:         2748266    0.04%
Tlb-Store-Accesses:    6863713025  100.00%

Tlb-Total-Hits:       13986028458   99.74%
Tlb-Total-Misses:        36894378    0.26%
Tlb-Total-Accesses:   14022922836  100.00%



--------
Two level Cache hierarchy
--------
  L1-Data Cache:
    Size(KB):          32
    Block Size(B):     64
    Associativity:      8

  L2-Data Cache:
    Size(KB):         512
    Block Size(B):    128
    Associativity:      4

Latencies:    1   10  150
L1-Sets:   64 - LRU - assoc:   8
L2-Sets: 1024 - LRU - assoc:   4
Store_allocation: Yes
L2_inclusive: Yes
L2_prefetching: No

L1 Cache Stats:
L1-Load-Hits:        6985508070   97.57%
L1-Load-Misses:       173701741    2.43%
L1-Load-Accesses:    7159209811  100.00%

L1-Store-Hits:        6756049441   98.43%
L1-Store-Misses:       107663584    1.57%
L1-Store-Accesses:    6863713025  100.00%

L1-Total-Hits:       13741557511   97.99%
L1-Total-Misses:       281365325    2.01%
L1-Total-Accesses:   14022922836  100.00%

L2 Cache Stats:
L2-Load-Hits:         119728139   68.93%
L2-Load-Misses:        53973602   31.07%
L2-Load-Accesses:     173701741  100.00%

L2-Store-Hits:         102338317   95.05%
L2-Store-Misses:         5325267    4.95%
L2-Store-Accesses:     107663584  100.00%

L2-Total-Hits:         222066456   78.92%
L2-Total-Misses:        59298869   21.08%
L2-Total-Accesses:     281365325  100.00%

