--------
Total Statistics
--------
Total Instructions: 29792925413
Total Cycles: 57512878035
IPC: 0.518022

--------
Single level Tlb hierarchy
--------
  Data Tlb:
    Entries:          64
    Page Size(B):   4096
    Associativity:      4

Latencies:    0   50
Tlb-Sets:   16 - LRU - assoc:   4

Tlb Stats:
Tlb-Load-Hits:        7121565432   99.47%
Tlb-Load-Misses:        37644379    0.53%
Tlb-Load-Accesses:    7159209811  100.00%

Tlb-Store-Hits:        6860316644   99.95%
Tlb-Store-Misses:         3397417    0.05%
Tlb-Store-Accesses:    6863714061  100.00%

Tlb-Total-Hits:       13981882076   99.71%
Tlb-Total-Misses:        41041796    0.29%
Tlb-Total-Accesses:   14022923872  100.00%



--------
Two level Cache hierarchy
--------
  L1-Data Cache:
    Size(KB):          32
    Block Size(B):     64
    Associativity:      8

  L2-Data Cache:
    Size(KB):         512
    Block Size(B):    128
    Associativity:      8

Latencies:    1   10  150
L1-Sets:   64 - LRU - assoc:   8
L2-Sets:  512 - LRU - assoc:   8
Store_allocation: Yes
L2_inclusive: Yes
L2_prefetching: No

L1 Cache Stats:
L1-Load-Hits:        6985473827   97.57%
L1-Load-Misses:       173735984    2.43%
L1-Load-Accesses:    7159209811  100.00%

L1-Store-Hits:        6756167970   98.43%
L1-Store-Misses:       107546091    1.57%
L1-Store-Accesses:    6863714061  100.00%

L1-Total-Hits:       13741641797   97.99%
L1-Total-Misses:       281282075    2.01%
L1-Total-Accesses:   14022923872  100.00%

L2 Cache Stats:
L2-Load-Hits:         120186013   69.18%
L2-Load-Misses:        53549971   30.82%
L2-Load-Accesses:     173735984  100.00%

L2-Store-Hits:         102215274   95.04%
L2-Store-Misses:         5330817    4.96%
L2-Store-Accesses:     107546091  100.00%

L2-Total-Hits:         222401287   79.07%
L2-Total-Misses:        58880788   20.93%
L2-Total-Accesses:     281282075  100.00%

