--------
Total Statistics
--------
Total Instructions: 7968636854
Total Cycles: 11752582291
IPC: 0.678033

--------
Single level Tlb hierarchy
--------
  Data Tlb:
    Entries:          64
    Page Size(B):   4096
    Associativity:      4

Latencies:    0   50
Tlb-Sets:   16 - LRU - assoc:   4

Tlb Stats:
Tlb-Load-Hits:        1867741404   99.97%
Tlb-Load-Misses:          564873    0.03%
Tlb-Load-Accesses:    1868306277  100.00%

Tlb-Store-Hits:         190047485   99.85%
Tlb-Store-Misses:          279845    0.15%
Tlb-Store-Accesses:     190327330  100.00%

Tlb-Total-Hits:        2057788889   99.96%
Tlb-Total-Misses:          844718    0.04%
Tlb-Total-Accesses:    2058633607  100.00%



--------
Two level Cache hierarchy
--------
  L1-Data Cache:
    Size(KB):          32
    Block Size(B):     64
    Associativity:      8

  L2-Data Cache:
    Size(KB):         256
    Block Size(B):    128
    Associativity:      4

Latencies:    1   10  150
L1-Sets:   64 - LRU - assoc:   8
L2-Sets:  512 - LRU - assoc:   4
Store_allocation: Yes
L2_inclusive: Yes
L2_prefetching: No

L1 Cache Stats:
L1-Load-Hits:        1846032089   98.81%
L1-Load-Misses:        22274188    1.19%
L1-Load-Accesses:    1868306277  100.00%

L1-Store-Hits:         184538090   96.96%
L1-Store-Misses:         5789240    3.04%
L1-Store-Accesses:     190327330  100.00%

L1-Total-Hits:        2030570179   98.64%
L1-Total-Misses:        28063428    1.36%
L1-Total-Accesses:    2058633607  100.00%

L2 Cache Stats:
L2-Load-Hits:          15643448   70.23%
L2-Load-Misses:         6630740   29.77%
L2-Load-Accesses:      22274188  100.00%

L2-Store-Hits:           3070369   53.04%
L2-Store-Misses:         2718871   46.96%
L2-Store-Accesses:       5789240  100.00%

L2-Total-Hits:          18713817   66.68%
L2-Total-Misses:         9349611   33.32%
L2-Total-Accesses:      28063428  100.00%

