--------
Total Statistics
--------
Total Instructions: 7968636854
Total Cycles: 11177880851
IPC: 0.712893

--------
Single level Tlb hierarchy
--------
  Data Tlb:
    Entries:          64
    Page Size(B):   4096
    Associativity:      4

Latencies:    0   50
Tlb-Sets:   16 - LRU - assoc:   4

Tlb Stats:
Tlb-Load-Hits:        1867741801   99.97%
Tlb-Load-Misses:          564476    0.03%
Tlb-Load-Accesses:    1868306277  100.00%

Tlb-Store-Hits:         190047484   99.85%
Tlb-Store-Misses:          279846    0.15%
Tlb-Store-Accesses:     190327330  100.00%

Tlb-Total-Hits:        2057789285   99.96%
Tlb-Total-Misses:          844322    0.04%
Tlb-Total-Accesses:    2058633607  100.00%



--------
Two level Cache hierarchy
--------
  L1-Data Cache:
    Size(KB):          32
    Block Size(B):     64
    Associativity:      8

  L2-Data Cache:
    Size(KB):        2048
    Block Size(B):    256
    Associativity:      8

Latencies:    1   10  150
L1-Sets:   64 - LRU - assoc:   8
L2-Sets: 1024 - LRU - assoc:   8
Store_allocation: Yes
L2_inclusive: Yes
L2_prefetching: No

L1 Cache Stats:
L1-Load-Hits:        1849306283   98.98%
L1-Load-Misses:        18999994    1.02%
L1-Load-Accesses:    1868306277  100.00%

L1-Store-Hits:         185388985   97.41%
L1-Store-Misses:         4938345    2.59%
L1-Store-Accesses:     190327330  100.00%

L1-Total-Hits:        2034695268   98.84%
L1-Total-Misses:        23938339    1.16%
L1-Total-Accesses:    2058633607  100.00%

L2 Cache Stats:
L2-Load-Hits:          15387062   80.98%
L2-Load-Misses:         3612932   19.02%
L2-Load-Accesses:      18999994  100.00%

L2-Store-Hits:           2757871   55.85%
L2-Store-Misses:         2180474   44.15%
L2-Store-Accesses:       4938345  100.00%

L2-Total-Hits:          18144933   75.80%
L2-Total-Misses:         5793406   24.20%
L2-Total-Accesses:      23938339  100.00%

