--------
Total Statistics
--------
Total Instructions: 7968636854
Total Cycles: 11648629751
IPC: 0.684084

--------
Single level Tlb hierarchy
--------
  Data Tlb:
    Entries:          64
    Page Size(B):   4096
    Associativity:      4

Latencies:    0   50
Tlb-Sets:   16 - LRU - assoc:   4

Tlb Stats:
Tlb-Load-Hits:        1867741845   99.97%
Tlb-Load-Misses:          564432    0.03%
Tlb-Load-Accesses:    1868306277  100.00%

Tlb-Store-Hits:         190047484   99.85%
Tlb-Store-Misses:          279846    0.15%
Tlb-Store-Accesses:     190327330  100.00%

Tlb-Total-Hits:        2057789329   99.96%
Tlb-Total-Misses:          844278    0.04%
Tlb-Total-Accesses:    2058633607  100.00%



--------
Two level Cache hierarchy
--------
  L1-Data Cache:
    Size(KB):          32
    Block Size(B):     64
    Associativity:      8

  L2-Data Cache:
    Size(KB):        1024
    Block Size(B):    128
    Associativity:     16

Latencies:    1   10  150
L1-Sets:   64 - LRU - assoc:   8
L2-Sets:  512 - LRU - assoc:  16
Store_allocation: Yes
L2_inclusive: Yes
L2_prefetching: No

L1 Cache Stats:
L1-Load-Hits:        1846319533   98.82%
L1-Load-Misses:        21986744    1.18%
L1-Load-Accesses:    1868306277  100.00%

L1-Store-Hits:         184832305   97.11%
L1-Store-Misses:         5495025    2.89%
L1-Store-Accesses:     190327330  100.00%

L1-Total-Hits:        2031151838   98.67%
L1-Total-Misses:        27481769    1.33%
L1-Total-Accesses:    2058633607  100.00%

L2 Cache Stats:
L2-Load-Hits:          16010169   72.82%
L2-Load-Misses:         5976575   27.18%
L2-Load-Accesses:      21986744  100.00%

L2-Store-Hits:           2776082   50.52%
L2-Store-Misses:         2718943   49.48%
L2-Store-Accesses:       5495025  100.00%

L2-Total-Hits:          18786251   68.36%
L2-Total-Misses:         8695518   31.64%
L2-Total-Accesses:      27481769  100.00%

