--------
Total Statistics
--------
Total Instructions: 7968636854
Total Cycles: 11438192281
IPC: 0.696669

--------
Single level Tlb hierarchy
--------
  Data Tlb:
    Entries:          64
    Page Size(B):   4096
    Associativity:      4

Latencies:    0   50
Tlb-Sets:   16 - LRU - assoc:   4

Tlb Stats:
Tlb-Load-Hits:        1867741557   99.97%
Tlb-Load-Misses:          564720    0.03%
Tlb-Load-Accesses:    1868306277  100.00%

Tlb-Store-Hits:         190047485   99.85%
Tlb-Store-Misses:          279845    0.15%
Tlb-Store-Accesses:     190327330  100.00%

Tlb-Total-Hits:        2057789042   99.96%
Tlb-Total-Misses:          844565    0.04%
Tlb-Total-Accesses:    2058633607  100.00%



--------
Two level Cache hierarchy
--------
  L1-Data Cache:
    Size(KB):          32
    Block Size(B):     64
    Associativity:      8

  L2-Data Cache:
    Size(KB):        2048
    Block Size(B):    128
    Associativity:      8

Latencies:    1   10  150
L1-Sets:   64 - LRU - assoc:   8
L2-Sets: 2048 - LRU - assoc:   8
Store_allocation: Yes
L2_inclusive: Yes
L2_prefetching: No

L1 Cache Stats:
L1-Load-Hits:        1847915035   98.91%
L1-Load-Misses:        20391242    1.09%
L1-Load-Accesses:    1868306277  100.00%

L1-Store-Hits:         184832670   97.11%
L1-Store-Misses:         5494660    2.89%
L1-Store-Accesses:     190327330  100.00%

L1-Total-Hits:        2032747705   98.74%
L1-Total-Misses:        25885902    1.26%
L1-Total-Accesses:    2058633607  100.00%

L2 Cache Stats:
L2-Load-Hits:          15711274   77.05%
L2-Load-Misses:         4679968   22.95%
L2-Load-Accesses:      20391242  100.00%

L2-Store-Hits:           2775731   50.52%
L2-Store-Misses:         2718929   49.48%
L2-Store-Accesses:       5494660  100.00%

L2-Total-Hits:          18487005   71.42%
L2-Total-Misses:         7398897   28.58%
L2-Total-Accesses:      25885902  100.00%

