--------
Total Statistics
--------
Total Instructions: 7968636888
Total Cycles: 11821362704
IPC: 0.674088

--------
Single level Tlb hierarchy
--------
  Data Tlb:
    Entries:          64
    Page Size(B):   4096
    Associativity:      4

Latencies:    0   50
Tlb-Sets:   16 - LRU - assoc:   4

Tlb Stats:
Tlb-Load-Hits:        1867741179   99.97%
Tlb-Load-Misses:          565112    0.03%
Tlb-Load-Accesses:    1868306291  100.00%

Tlb-Store-Hits:         190047490   99.85%
Tlb-Store-Misses:          279845    0.15%
Tlb-Store-Accesses:     190327335  100.00%

Tlb-Total-Hits:        2057788669   99.96%
Tlb-Total-Misses:          844957    0.04%
Tlb-Total-Accesses:    2058633626  100.00%



--------
Two level Cache hierarchy
--------
  L1-Data Cache:
    Size(KB):          32
    Block Size(B):     64
    Associativity:      8

  L2-Data Cache:
    Size(KB):         512
    Block Size(B):     64
    Associativity:      8

Latencies:    1   10  150
L1-Sets:   64 - LRU - assoc:   8
L2-Sets: 1024 - LRU - assoc:   8
Store_allocation: Yes
L2_inclusive: Yes
L2_prefetching: No

L1 Cache Stats:
L1-Load-Hits:        1854387703   99.26%
L1-Load-Misses:        13918588    0.74%
L1-Load-Accesses:    1868306291  100.00%

L1-Store-Hits:         187239324   98.38%
L1-Store-Misses:         3088011    1.62%
L1-Store-Accesses:     190327335  100.00%

L1-Total-Hits:        2041627027   99.17%
L1-Total-Misses:        17006599    0.83%
L1-Total-Accesses:    2058633626  100.00%

L2 Cache Stats:
L2-Load-Hits:           6454298   46.37%
L2-Load-Misses:         7464290   53.63%
L2-Load-Accesses:      13918588  100.00%

L2-Store-Hits:              7112    0.23%
L2-Store-Misses:         3080899   99.77%
L2-Store-Accesses:       3088011  100.00%

L2-Total-Hits:           6461410   37.99%
L2-Total-Misses:        10545189   62.01%
L2-Total-Accesses:      17006599  100.00%

