--------
Total Statistics
--------
Total Instructions: 7968636854
Total Cycles: 11613663761
IPC: 0.686143

--------
Single level Tlb hierarchy
--------
  Data Tlb:
    Entries:          64
    Page Size(B):   4096
    Associativity:      4

Latencies:    0   50
Tlb-Sets:   16 - LRU - assoc:   4

Tlb Stats:
Tlb-Load-Hits:        1867729409   99.97%
Tlb-Load-Misses:          576868    0.03%
Tlb-Load-Accesses:    1868306277  100.00%

Tlb-Store-Hits:         190047485   99.85%
Tlb-Store-Misses:          279845    0.15%
Tlb-Store-Accesses:     190327330  100.00%

Tlb-Total-Hits:        2057776894   99.96%
Tlb-Total-Misses:          856713    0.04%
Tlb-Total-Accesses:    2058633607  100.00%



--------
Two level Cache hierarchy
--------
  L1-Data Cache:
    Size(KB):          32
    Block Size(B):     64
    Associativity:      8

  L2-Data Cache:
    Size(KB):        1024
    Block Size(B):     64
    Associativity:      8

Latencies:    1   10  150
L1-Sets:   64 - LRU - assoc:   8
L2-Sets: 2048 - LRU - assoc:   8
Store_allocation: Yes
L2_inclusive: Yes
L2_prefetching: No

L1 Cache Stats:
L1-Load-Hits:        1854391848   99.26%
L1-Load-Misses:        13914429    0.74%
L1-Load-Accesses:    1868306277  100.00%

L1-Store-Hits:         187238804   98.38%
L1-Store-Misses:         3088526    1.62%
L1-Store-Accesses:     190327330  100.00%

L1-Total-Hits:        2041630652   99.17%
L1-Total-Misses:        17002955    0.83%
L1-Total-Accesses:    2058633607  100.00%

L2 Cache Stats:
L2-Load-Hits:           7838693   56.33%
L2-Load-Misses:         6075736   43.67%
L2-Load-Accesses:      13914429  100.00%

L2-Store-Hits:              7408    0.24%
L2-Store-Misses:         3081118   99.76%
L2-Store-Accesses:       3088526  100.00%

L2-Total-Hits:           7846101   46.15%
L2-Total-Misses:         9156854   53.85%
L2-Total-Accesses:      17002955  100.00%

