--------
Total Statistics
--------
Total Instructions: 7968636854
Total Cycles: 11303291301
IPC: 0.704984

--------
Single level Tlb hierarchy
--------
  Data Tlb:
    Entries:          64
    Page Size(B):   4096
    Associativity:      4

Latencies:    0   50
Tlb-Sets:   16 - LRU - assoc:   4

Tlb Stats:
Tlb-Load-Hits:        1867741430   99.97%
Tlb-Load-Misses:          564847    0.03%
Tlb-Load-Accesses:    1868306277  100.00%

Tlb-Store-Hits:         190047481   99.85%
Tlb-Store-Misses:          279849    0.15%
Tlb-Store-Accesses:     190327330  100.00%

Tlb-Total-Hits:        2057788911   99.96%
Tlb-Total-Misses:          844696    0.04%
Tlb-Total-Accesses:    2058633607  100.00%



--------
Two level Cache hierarchy
--------
  L1-Data Cache:
    Size(KB):          32
    Block Size(B):     64
    Associativity:      8

  L2-Data Cache:
    Size(KB):        1024
    Block Size(B):    256
    Associativity:      8

Latencies:    1   10  150
L1-Sets:   64 - LRU - assoc:   8
L2-Sets:  512 - LRU - assoc:   8
Store_allocation: Yes
L2_inclusive: Yes
L2_prefetching: No

L1 Cache Stats:
L1-Load-Hits:        1848259493   98.93%
L1-Load-Misses:        20046784    1.07%
L1-Load-Accesses:    1868306277  100.00%

L1-Store-Hits:         185293420   97.36%
L1-Store-Misses:         5033910    2.64%
L1-Store-Accesses:     190327330  100.00%

L1-Total-Hits:        2033552913   98.78%
L1-Total-Misses:        25080694    1.22%
L1-Total-Accesses:    2058633607  100.00%

L2 Cache Stats:
L2-Load-Hits:          15675552   78.19%
L2-Load-Misses:         4371232   21.81%
L2-Load-Accesses:      20046784  100.00%

L2-Store-Hits:           2851948   56.65%
L2-Store-Misses:         2181962   43.35%
L2-Store-Accesses:       5033910  100.00%

L2-Total-Hits:          18527500   73.87%
L2-Total-Misses:         6553194   26.13%
L2-Total-Accesses:      25080694  100.00%

