--------
Total Statistics
--------
Total Instructions: 7968636854
Total Cycles: 11723273891
IPC: 0.679728

--------
Single level Tlb hierarchy
--------
  Data Tlb:
    Entries:          64
    Page Size(B):   4096
    Associativity:      4

Latencies:    0   50
Tlb-Sets:   16 - LRU - assoc:   4

Tlb Stats:
Tlb-Load-Hits:        1867741717   99.97%
Tlb-Load-Misses:          564560    0.03%
Tlb-Load-Accesses:    1868306277  100.00%

Tlb-Store-Hits:         190047485   99.85%
Tlb-Store-Misses:          279845    0.15%
Tlb-Store-Accesses:     190327330  100.00%

Tlb-Total-Hits:        2057789202   99.96%
Tlb-Total-Misses:          844405    0.04%
Tlb-Total-Accesses:    2058633607  100.00%



--------
Two level Cache hierarchy
--------
  L1-Data Cache:
    Size(KB):          32
    Block Size(B):     64
    Associativity:      8

  L2-Data Cache:
    Size(KB):         512
    Block Size(B):    128
    Associativity:      4

Latencies:    1   10  150
L1-Sets:   64 - LRU - assoc:   8
L2-Sets: 1024 - LRU - assoc:   4
Store_allocation: Yes
L2_inclusive: Yes
L2_prefetching: No

L1 Cache Stats:
L1-Load-Hits:        1846109158   98.81%
L1-Load-Misses:        22197119    1.19%
L1-Load-Accesses:    1868306277  100.00%

L1-Store-Hits:         184619451   97.00%
L1-Store-Misses:         5707879    3.00%
L1-Store-Accesses:     190327330  100.00%

L1-Total-Hits:        2030728609   98.64%
L1-Total-Misses:        27904998    1.36%
L1-Total-Accesses:    2058633607  100.00%

L2 Cache Stats:
L2-Load-Hits:          15751095   70.96%
L2-Load-Misses:         6446024   29.04%
L2-Load-Accesses:      22197119  100.00%

L2-Store-Hits:           2989015   52.37%
L2-Store-Misses:         2718864   47.63%
L2-Store-Accesses:       5707879  100.00%

L2-Total-Hits:          18740110   67.16%
L2-Total-Misses:         9164888   32.84%
L2-Total-Accesses:      27904998  100.00%

