--------
Total Statistics
--------
Total Instructions: 7968636854
Total Cycles: 11734327241
IPC: 0.679088

--------
Single level Tlb hierarchy
--------
  Data Tlb:
    Entries:          64
    Page Size(B):   4096
    Associativity:      4

Latencies:    0   50
Tlb-Sets:   16 - LRU - assoc:   4

Tlb Stats:
Tlb-Load-Hits:        1867741562   99.97%
Tlb-Load-Misses:          564715    0.03%
Tlb-Load-Accesses:    1868306277  100.00%

Tlb-Store-Hits:         190047484   99.85%
Tlb-Store-Misses:          279846    0.15%
Tlb-Store-Accesses:     190327330  100.00%

Tlb-Total-Hits:        2057789046   99.96%
Tlb-Total-Misses:          844561    0.04%
Tlb-Total-Accesses:    2058633607  100.00%



--------
Two level Cache hierarchy
--------
  L1-Data Cache:
    Size(KB):          32
    Block Size(B):     64
    Associativity:      8

  L2-Data Cache:
    Size(KB):         512
    Block Size(B):    128
    Associativity:      8

Latencies:    1   10  150
L1-Sets:   64 - LRU - assoc:   8
L2-Sets:  512 - LRU - assoc:   8
Store_allocation: Yes
L2_inclusive: Yes
L2_prefetching: No

L1 Cache Stats:
L1-Load-Hits:        1846047384   98.81%
L1-Load-Misses:        22258893    1.19%
L1-Load-Accesses:    1868306277  100.00%

L1-Store-Hits:         184581550   96.98%
L1-Store-Misses:         5745780    3.02%
L1-Store-Accesses:     190327330  100.00%

L1-Total-Hits:        2030628934   98.64%
L1-Total-Misses:        28004673    1.36%
L1-Total-Accesses:    2058633607  100.00%

L2 Cache Stats:
L2-Load-Hits:          15746210   70.74%
L2-Load-Misses:         6512683   29.26%
L2-Load-Accesses:      22258893  100.00%

L2-Store-Hits:           3026583   52.67%
L2-Store-Misses:         2719197   47.33%
L2-Store-Accesses:       5745780  100.00%

L2-Total-Hits:          18772793   67.03%
L2-Total-Misses:         9231880   32.97%
L2-Total-Accesses:      28004673  100.00%

