--------
Total Statistics
--------
Total Instructions: 7968636854
Total Cycles: 11437672031
IPC: 0.696701

--------
Single level Tlb hierarchy
--------
  Data Tlb:
    Entries:          64
    Page Size(B):   4096
    Associativity:      4

Latencies:    0   50
Tlb-Sets:   16 - LRU - assoc:   4

Tlb Stats:
Tlb-Load-Hits:        1867741465   99.97%
Tlb-Load-Misses:          564812    0.03%
Tlb-Load-Accesses:    1868306277  100.00%

Tlb-Store-Hits:         190047483   99.85%
Tlb-Store-Misses:          279847    0.15%
Tlb-Store-Accesses:     190327330  100.00%

Tlb-Total-Hits:        2057788948   99.96%
Tlb-Total-Misses:          844659    0.04%
Tlb-Total-Accesses:    2058633607  100.00%



--------
Two level Cache hierarchy
--------
  L1-Data Cache:
    Size(KB):          32
    Block Size(B):     64
    Associativity:      8

  L2-Data Cache:
    Size(KB):        2048
    Block Size(B):    128
    Associativity:     16

Latencies:    1   10  150
L1-Sets:   64 - LRU - assoc:   8
L2-Sets: 1024 - LRU - assoc:  16
Store_allocation: Yes
L2_inclusive: Yes
L2_prefetching: No

L1 Cache Stats:
L1-Load-Hits:        1847915992   98.91%
L1-Load-Misses:        20390285    1.09%
L1-Load-Accesses:    1868306277  100.00%

L1-Store-Hits:         184832728   97.11%
L1-Store-Misses:         5494602    2.89%
L1-Store-Accesses:     190327330  100.00%

L1-Total-Hits:        2032748720   98.74%
L1-Total-Misses:        25884887    1.26%
L1-Total-Accesses:    2058633607  100.00%

L2 Cache Stats:
L2-Load-Hits:          15713726   77.06%
L2-Load-Misses:         4676559   22.94%
L2-Load-Accesses:      20390285  100.00%

L2-Store-Hits:           2775696   50.52%
L2-Store-Misses:         2718906   49.48%
L2-Store-Accesses:       5494602  100.00%

L2-Total-Hits:          18489422   71.43%
L2-Total-Misses:         7395465   28.57%
L2-Total-Accesses:      25884887  100.00%

