--------
Total Statistics
--------
Total Instructions: 7968636854
Total Cycles: 11364038931
IPC: 0.701215

--------
Single level Tlb hierarchy
--------
  Data Tlb:
    Entries:          64
    Page Size(B):   4096
    Associativity:      4

Latencies:    0   50
Tlb-Sets:   16 - LRU - assoc:   4

Tlb Stats:
Tlb-Load-Hits:        1867741871   99.97%
Tlb-Load-Misses:          564406    0.03%
Tlb-Load-Accesses:    1868306277  100.00%

Tlb-Store-Hits:         190047481   99.85%
Tlb-Store-Misses:          279849    0.15%
Tlb-Store-Accesses:     190327330  100.00%

Tlb-Total-Hits:        2057789352   99.96%
Tlb-Total-Misses:          844255    0.04%
Tlb-Total-Accesses:    2058633607  100.00%



--------
Two level Cache hierarchy
--------
  L1-Data Cache:
    Size(KB):          32
    Block Size(B):     64
    Associativity:      8

  L2-Data Cache:
    Size(KB):         512
    Block Size(B):    256
    Associativity:      8

Latencies:    1   10  150
L1-Sets:   64 - LRU - assoc:   8
L2-Sets:  256 - LRU - assoc:   8
Store_allocation: Yes
L2_inclusive: Yes
L2_prefetching: No

L1 Cache Stats:
L1-Load-Hits:        1848235011   98.93%
L1-Load-Misses:        20071266    1.07%
L1-Load-Accesses:    1868306277  100.00%

L1-Store-Hits:         185180469   97.30%
L1-Store-Misses:         5146861    2.70%
L1-Store-Accesses:     190327330  100.00%

L1-Total-Hits:        2033415480   98.78%
L1-Total-Misses:        25218127    1.22%
L1-Total-Accesses:    2058633607  100.00%

L2 Cache Stats:
L2-Load-Hits:          15304442   76.25%
L2-Load-Misses:         4766824   23.75%
L2-Load-Accesses:      20071266  100.00%

L2-Store-Hits:           2964522   57.60%
L2-Store-Misses:         2182339   42.40%
L2-Store-Accesses:       5146861  100.00%

L2-Total-Hits:          18268964   72.44%
L2-Total-Misses:         6949163   27.56%
L2-Total-Accesses:      25218127  100.00%

