--------
Total Statistics
--------
Total Instructions: 31246957013
Total Cycles: 48806161771
IPC: 0.640226

--------
Single level Tlb hierarchy
--------
  Data Tlb:
    Entries:          64
    Page Size(B):   4096
    Associativity:      4

Latencies:    0   50
Tlb-Sets:   16 - LRU - assoc:   4

Tlb Stats:
Tlb-Load-Hits:        9372440828   99.82%
Tlb-Load-Misses:        17297789    0.18%
Tlb-Load-Accesses:    9389738617  100.00%

Tlb-Store-Hits:        4902280266   99.88%
Tlb-Store-Misses:         5894265    0.12%
Tlb-Store-Accesses:    4908174531  100.00%

Tlb-Total-Hits:       14274721094   99.84%
Tlb-Total-Misses:        23192054    0.16%
Tlb-Total-Accesses:   14297913148  100.00%



--------
Two level Cache hierarchy
--------
  L1-Data Cache:
    Size(KB):          32
    Block Size(B):     64
    Associativity:      8

  L2-Data Cache:
    Size(KB):         512
    Block Size(B):    256
    Associativity:      8

Latencies:    1   10  150
L1-Sets:   64 - LRU - assoc:   8
L2-Sets:  256 - LRU - assoc:   8
Store_allocation: Yes
L2_inclusive: Yes
L2_prefetching: No

L1 Cache Stats:
L1-Load-Hits:        9337083235   99.44%
L1-Load-Misses:        52655382    0.56%
L1-Load-Accesses:    9389738617  100.00%

L1-Store-Hits:        4898472777   99.80%
L1-Store-Misses:         9701754    0.20%
L1-Store-Accesses:    4908174531  100.00%

L1-Total-Hits:       14235556012   99.56%
L1-Total-Misses:        62357136    0.44%
L1-Total-Accesses:   14297913148  100.00%

L2 Cache Stats:
L2-Load-Hits:          44415048   84.35%
L2-Load-Misses:         8240334   15.65%
L2-Load-Accesses:      52655382  100.00%

L2-Store-Hits:           8087971   83.37%
L2-Store-Misses:         1613783   16.63%
L2-Store-Accesses:       9701754  100.00%

L2-Total-Hits:          52503019   84.20%
L2-Total-Misses:         9854117   15.80%
L2-Total-Accesses:      62357136  100.00%

