--------
Total Statistics
--------
Total Instructions: 31246957013
Total Cycles: 48374636161
IPC: 0.645937

--------
Single level Tlb hierarchy
--------
  Data Tlb:
    Entries:          64
    Page Size(B):   4096
    Associativity:      4

Latencies:    0   50
Tlb-Sets:   16 - LRU - assoc:   4

Tlb Stats:
Tlb-Load-Hits:        9375232311   99.85%
Tlb-Load-Misses:        14506306    0.15%
Tlb-Load-Accesses:    9389738617  100.00%

Tlb-Store-Hits:        4902992128   99.89%
Tlb-Store-Misses:         5182403    0.11%
Tlb-Store-Accesses:    4908174531  100.00%

Tlb-Total-Hits:       14278224439   99.86%
Tlb-Total-Misses:        19688709    0.14%
Tlb-Total-Accesses:   14297913148  100.00%



--------
Two level Cache hierarchy
--------
  L1-Data Cache:
    Size(KB):          32
    Block Size(B):     64
    Associativity:      8

  L2-Data Cache:
    Size(KB):        1024
    Block Size(B):    128
    Associativity:     16

Latencies:    1   10  150
L1-Sets:   64 - LRU - assoc:   8
L2-Sets:  512 - LRU - assoc:  16
Store_allocation: Yes
L2_inclusive: Yes
L2_prefetching: No

L1 Cache Stats:
L1-Load-Hits:        9339754075   99.47%
L1-Load-Misses:        49984542    0.53%
L1-Load-Accesses:    9389738617  100.00%

L1-Store-Hits:        4897916213   99.79%
L1-Store-Misses:        10258318    0.21%
L1-Store-Accesses:    4908174531  100.00%

L1-Total-Hits:       14237670288   99.58%
L1-Total-Misses:        60242860    0.42%
L1-Total-Accesses:   14297913148  100.00%

L2 Cache Stats:
L2-Load-Hits:          43971296   87.97%
L2-Load-Misses:         6013246   12.03%
L2-Load-Accesses:      49984542  100.00%

L2-Store-Hits:           7985551   77.84%
L2-Store-Misses:         2272767   22.16%
L2-Store-Accesses:      10258318  100.00%

L2-Total-Hits:          51956847   86.25%
L2-Total-Misses:         8286013   13.75%
L2-Total-Accesses:      60242860  100.00%

