--------
Total Statistics
--------
Total Instructions: 31246957013
Total Cycles: 49779848461
IPC: 0.627703

--------
Single level Tlb hierarchy
--------
  Data Tlb:
    Entries:          64
    Page Size(B):   4096
    Associativity:      4

Latencies:    0   50
Tlb-Sets:   16 - LRU - assoc:   4

Tlb Stats:
Tlb-Load-Hits:        9369306712   99.78%
Tlb-Load-Misses:        20431905    0.22%
Tlb-Load-Accesses:    9389738617  100.00%

Tlb-Store-Hits:        4902653713   99.89%
Tlb-Store-Misses:         5520818    0.11%
Tlb-Store-Accesses:    4908174531  100.00%

Tlb-Total-Hits:       14271960425   99.82%
Tlb-Total-Misses:        25952723    0.18%
Tlb-Total-Accesses:   14297913148  100.00%



--------
Two level Cache hierarchy
--------
  L1-Data Cache:
    Size(KB):          32
    Block Size(B):     64
    Associativity:      8

  L2-Data Cache:
    Size(KB):         512
    Block Size(B):     64
    Associativity:      8

Latencies:    1   10  150
L1-Sets:   64 - LRU - assoc:   8
L2-Sets: 1024 - LRU - assoc:   8
Store_allocation: Yes
L2_inclusive: Yes
L2_prefetching: No

L1 Cache Stats:
L1-Load-Hits:        9346911649   99.54%
L1-Load-Misses:        42826968    0.46%
L1-Load-Accesses:    9389738617  100.00%

L1-Store-Hits:        4900692639   99.85%
L1-Store-Misses:         7481892    0.15%
L1-Store-Accesses:    4908174531  100.00%

L1-Total-Hits:       14247604288   99.65%
L1-Total-Misses:        50308860    0.35%
L1-Total-Accesses:   14297913148  100.00%

L2 Cache Stats:
L2-Load-Hits:          31345279   73.19%
L2-Load-Misses:        11481689   26.81%
L2-Load-Accesses:      42826968  100.00%

L2-Store-Hits:           2735224   36.56%
L2-Store-Misses:         4746668   63.44%
L2-Store-Accesses:       7481892  100.00%

L2-Total-Hits:          34080503   67.74%
L2-Total-Misses:        16228357   32.26%
L2-Total-Accesses:      50308860  100.00%

