--------
Total Statistics
--------
Total Instructions: 31246957047
Total Cycles: 48776613894
IPC: 0.640613

--------
Single level Tlb hierarchy
--------
  Data Tlb:
    Entries:          64
    Page Size(B):   4096
    Associativity:      4

Latencies:    0   50
Tlb-Sets:   16 - LRU - assoc:   4

Tlb Stats:
Tlb-Load-Hits:        9377523589   99.87%
Tlb-Load-Misses:        12215042    0.13%
Tlb-Load-Accesses:    9389738631  100.00%

Tlb-Store-Hits:        4904494222   99.93%
Tlb-Store-Misses:         3680314    0.07%
Tlb-Store-Accesses:    4908174536  100.00%

Tlb-Total-Hits:       14282017811   99.89%
Tlb-Total-Misses:        15895356    0.11%
Tlb-Total-Accesses:   14297913167  100.00%



--------
Two level Cache hierarchy
--------
  L1-Data Cache:
    Size(KB):          32
    Block Size(B):     64
    Associativity:      8

  L2-Data Cache:
    Size(KB):         512
    Block Size(B):    128
    Associativity:      4

Latencies:    1   10  150
L1-Sets:   64 - LRU - assoc:   8
L2-Sets: 1024 - LRU - assoc:   4
Store_allocation: Yes
L2_inclusive: Yes
L2_prefetching: No

L1 Cache Stats:
L1-Load-Hits:        9336365912   99.43%
L1-Load-Misses:        53372719    0.57%
L1-Load-Accesses:    9389738631  100.00%

L1-Store-Hits:        4897428797   99.78%
L1-Store-Misses:        10745739    0.22%
L1-Store-Accesses:    4908174536  100.00%

L1-Total-Hits:       14233794709   99.55%
L1-Total-Misses:        64118458    0.45%
L1-Total-Accesses:   14297913167  100.00%

L2 Cache Stats:
L2-Load-Hits:          44014426   82.47%
L2-Load-Misses:         9358293   17.53%
L2-Load-Accesses:      53372719  100.00%

L2-Store-Hits:           8132090   75.68%
L2-Store-Misses:         2613649   24.32%
L2-Store-Accesses:      10745739  100.00%

L2-Total-Hits:          52146516   81.33%
L2-Total-Misses:        11971942   18.67%
L2-Total-Accesses:      64118458  100.00%

