--------
Total Statistics
--------
Total Instructions: 31246957013
Total Cycles: 47621600631
IPC: 0.656151

--------
Single level Tlb hierarchy
--------
  Data Tlb:
    Entries:          64
    Page Size(B):   4096
    Associativity:      4

Latencies:    0   50
Tlb-Sets:   16 - LRU - assoc:   4

Tlb Stats:
Tlb-Load-Hits:        9377031964   99.86%
Tlb-Load-Misses:        12706653    0.14%
Tlb-Load-Accesses:    9389738617  100.00%

Tlb-Store-Hits:        4904128596   99.92%
Tlb-Store-Misses:         4045935    0.08%
Tlb-Store-Accesses:    4908174531  100.00%

Tlb-Total-Hits:       14281160560   99.88%
Tlb-Total-Misses:        16752588    0.12%
Tlb-Total-Accesses:   14297913148  100.00%



--------
Two level Cache hierarchy
--------
  L1-Data Cache:
    Size(KB):          32
    Block Size(B):     64
    Associativity:      8

  L2-Data Cache:
    Size(KB):        2048
    Block Size(B):    256
    Associativity:      8

Latencies:    1   10  150
L1-Sets:   64 - LRU - assoc:   8
L2-Sets: 1024 - LRU - assoc:   8
Store_allocation: Yes
L2_inclusive: Yes
L2_prefetching: No

L1 Cache Stats:
L1-Load-Hits:        9342511768   99.50%
L1-Load-Misses:        47226849    0.50%
L1-Load-Accesses:    9389738617  100.00%

L1-Store-Hits:        4899433548   99.82%
L1-Store-Misses:         8740983    0.18%
L1-Store-Accesses:    4908174531  100.00%

L1-Total-Hits:       14241945316   99.61%
L1-Total-Misses:        55967832    0.39%
L1-Total-Accesses:   14297913148  100.00%

L2 Cache Stats:
L2-Load-Hits:          43729828   92.60%
L2-Load-Misses:         3497021    7.40%
L2-Load-Accesses:      47226849  100.00%

L2-Store-Hits:           7708519   88.19%
L2-Store-Misses:         1032464   11.81%
L2-Store-Accesses:       8740983  100.00%

L2-Total-Hits:          51438347   91.91%
L2-Total-Misses:         4529485    8.09%
L2-Total-Accesses:      55967832  100.00%

