--------
Total Statistics
--------
Total Instructions: 31246957013
Total Cycles: 48783971531
IPC: 0.640517

--------
Single level Tlb hierarchy
--------
  Data Tlb:
    Entries:          64
    Page Size(B):   4096
    Associativity:      4

Latencies:    0   50
Tlb-Sets:   16 - LRU - assoc:   4

Tlb Stats:
Tlb-Load-Hits:        9369428472   99.78%
Tlb-Load-Misses:        20310145    0.22%
Tlb-Load-Accesses:    9389738617  100.00%

Tlb-Store-Hits:        4902700708   99.89%
Tlb-Store-Misses:         5473823    0.11%
Tlb-Store-Accesses:    4908174531  100.00%

Tlb-Total-Hits:       14272129180   99.82%
Tlb-Total-Misses:        25783968    0.18%
Tlb-Total-Accesses:   14297913148  100.00%



--------
Two level Cache hierarchy
--------
  L1-Data Cache:
    Size(KB):          32
    Block Size(B):     64
    Associativity:      8

  L2-Data Cache:
    Size(KB):        2048
    Block Size(B):     64
    Associativity:      8

Latencies:    1   10  150
L1-Sets:   64 - LRU - assoc:   8
L2-Sets: 4096 - LRU - assoc:   8
Store_allocation: Yes
L2_inclusive: Yes
L2_prefetching: No

L1 Cache Stats:
L1-Load-Hits:        9346964276   99.54%
L1-Load-Misses:        42774341    0.46%
L1-Load-Accesses:    9389738617  100.00%

L1-Store-Hits:        4900715775   99.85%
L1-Store-Misses:         7458756    0.15%
L1-Store-Accesses:    4908174531  100.00%

L1-Total-Hits:       14247680051   99.65%
L1-Total-Misses:        50233097    0.35%
L1-Total-Accesses:   14297913148  100.00%

L2 Cache Stats:
L2-Load-Hits:          36376139   85.04%
L2-Load-Misses:         6398202   14.96%
L2-Load-Accesses:      42774341  100.00%

L2-Store-Hits:           4206478   56.40%
L2-Store-Misses:         3252278   43.60%
L2-Store-Accesses:       7458756  100.00%

L2-Total-Hits:          40582617   80.79%
L2-Total-Misses:         9650480   19.21%
L2-Total-Accesses:      50233097  100.00%

