--------
Total Statistics
--------
Total Instructions: 31246957013
Total Cycles: 55744451731
IPC: 0.560539

--------
Single level Tlb hierarchy
--------
  Data Tlb:
    Entries:          64
    Page Size(B):   4096
    Associativity:      4

Latencies:    0   50
Tlb-Sets:   16 - LRU - assoc:   4

Tlb Stats:
Tlb-Load-Hits:        9289055010   98.93%
Tlb-Load-Misses:       100683607    1.07%
Tlb-Load-Accesses:    9389738617  100.00%

Tlb-Store-Hits:        4852752344   98.87%
Tlb-Store-Misses:        55422187    1.13%
Tlb-Store-Accesses:    4908174531  100.00%

Tlb-Total-Hits:       14141807354   98.91%
Tlb-Total-Misses:       156105794    1.09%
Tlb-Total-Accesses:   14297913148  100.00%



--------
Two level Cache hierarchy
--------
  L1-Data Cache:
    Size(KB):          32
    Block Size(B):     64
    Associativity:      8

  L2-Data Cache:
    Size(KB):        1024
    Block Size(B):     64
    Associativity:      8

Latencies:    1   10  150
L1-Sets:   64 - LRU - assoc:   8
L2-Sets: 2048 - LRU - assoc:   8
Store_allocation: Yes
L2_inclusive: Yes
L2_prefetching: No

L1 Cache Stats:
L1-Load-Hits:        9346964985   99.54%
L1-Load-Misses:        42773632    0.46%
L1-Load-Accesses:    9389738617  100.00%

L1-Store-Hits:        4900718731   99.85%
L1-Store-Misses:         7455800    0.15%
L1-Store-Accesses:    4908174531  100.00%

L1-Total-Hits:       14247683716   99.65%
L1-Total-Misses:        50229432    0.35%
L1-Total-Accesses:   14297913148  100.00%

L2 Cache Stats:
L2-Load-Hits:          34397126   80.42%
L2-Load-Misses:         8376506   19.58%
L2-Load-Accesses:      42773632  100.00%

L2-Store-Hits:           3218989   43.17%
L2-Store-Misses:         4236811   56.83%
L2-Store-Accesses:       7455800  100.00%

L2-Total-Hits:          37616115   74.89%
L2-Total-Misses:        12613317   25.11%
L2-Total-Accesses:      50229432  100.00%

