--------
Total Statistics
--------
Total Instructions: 31246957013
Total Cycles: 48715215621
IPC: 0.641421

--------
Single level Tlb hierarchy
--------
  Data Tlb:
    Entries:          64
    Page Size(B):   4096
    Associativity:      4

Latencies:    0   50
Tlb-Sets:   16 - LRU - assoc:   4

Tlb Stats:
Tlb-Load-Hits:        9377534299   99.87%
Tlb-Load-Misses:        12204318    0.13%
Tlb-Load-Accesses:    9389738617  100.00%

Tlb-Store-Hits:        4904470641   99.92%
Tlb-Store-Misses:         3703890    0.08%
Tlb-Store-Accesses:    4908174531  100.00%

Tlb-Total-Hits:       14282004940   99.89%
Tlb-Total-Misses:        15908208    0.11%
Tlb-Total-Accesses:   14297913148  100.00%



--------
Two level Cache hierarchy
--------
  L1-Data Cache:
    Size(KB):          32
    Block Size(B):     64
    Associativity:      8

  L2-Data Cache:
    Size(KB):         512
    Block Size(B):    128
    Associativity:      8

Latencies:    1   10  150
L1-Sets:   64 - LRU - assoc:   8
L2-Sets:  512 - LRU - assoc:   8
Store_allocation: Yes
L2_inclusive: Yes
L2_prefetching: No

L1 Cache Stats:
L1-Load-Hits:        9336627502   99.43%
L1-Load-Misses:        53111115    0.57%
L1-Load-Accesses:    9389738617  100.00%

L1-Store-Hits:        4897536060   99.78%
L1-Store-Misses:        10638471    0.22%
L1-Store-Accesses:    4908174531  100.00%

L1-Total-Hits:       14234163562   99.55%
L1-Total-Misses:        63749586    0.45%
L1-Total-Accesses:   14297913148  100.00%

L2 Cache Stats:
L2-Load-Hits:          44077797   82.99%
L2-Load-Misses:         9033318   17.01%
L2-Load-Accesses:      53111115  100.00%

L2-Store-Hits:           8088861   76.03%
L2-Store-Misses:         2549610   23.97%
L2-Store-Accesses:      10638471  100.00%

L2-Total-Hits:          52166658   81.83%
L2-Total-Misses:        11582928   18.17%
L2-Total-Accesses:      63749586  100.00%

