--------
Total Statistics
--------
Total Instructions: 31246957013
Total Cycles: 48058515261
IPC: 0.650186

--------
Single level Tlb hierarchy
--------
  Data Tlb:
    Entries:          64
    Page Size(B):   4096
    Associativity:      4

Latencies:    0   50
Tlb-Sets:   16 - LRU - assoc:   4

Tlb Stats:
Tlb-Load-Hits:        9374433724   99.84%
Tlb-Load-Misses:        15304893    0.16%
Tlb-Load-Accesses:    9389738617  100.00%

Tlb-Store-Hits:        4903249338   99.90%
Tlb-Store-Misses:         4925193    0.10%
Tlb-Store-Accesses:    4908174531  100.00%

Tlb-Total-Hits:       14277683062   99.86%
Tlb-Total-Misses:        20230086    0.14%
Tlb-Total-Accesses:   14297913148  100.00%



--------
Two level Cache hierarchy
--------
  L1-Data Cache:
    Size(KB):          32
    Block Size(B):     64
    Associativity:      8

  L2-Data Cache:
    Size(KB):        2048
    Block Size(B):    128
    Associativity:     16

Latencies:    1   10  150
L1-Sets:   64 - LRU - assoc:   8
L2-Sets: 1024 - LRU - assoc:  16
Store_allocation: Yes
L2_inclusive: Yes
L2_prefetching: No

L1 Cache Stats:
L1-Load-Hits:        9341703797   99.49%
L1-Load-Misses:        48034820    0.51%
L1-Load-Accesses:    9389738617  100.00%

L1-Store-Hits:        4898526896   99.80%
L1-Store-Misses:         9647635    0.20%
L1-Store-Accesses:    4908174531  100.00%

L1-Total-Hits:       14240230693   99.60%
L1-Total-Misses:        57682455    0.40%
L1-Total-Accesses:   14297913148  100.00%

L2 Cache Stats:
L2-Load-Hits:          43662170   90.90%
L2-Load-Misses:         4372650    9.10%
L2-Load-Accesses:      48034820  100.00%

L2-Store-Hits:           7851510   81.38%
L2-Store-Misses:         1796125   18.62%
L2-Store-Accesses:       9647635  100.00%

L2-Total-Hits:          51513680   89.31%
L2-Total-Misses:         6168775   10.69%
L2-Total-Accesses:      57682455  100.00%

