--------
Total Statistics
--------
Total Instructions: 31246957047
Total Cycles: 49012451184
IPC: 0.637531

--------
Single level Tlb hierarchy
--------
  Data Tlb:
    Entries:          64
    Page Size(B):   4096
    Associativity:      4

Latencies:    0   50
Tlb-Sets:   16 - LRU - assoc:   4

Tlb Stats:
Tlb-Load-Hits:        9359625904   99.68%
Tlb-Load-Misses:        30112727    0.32%
Tlb-Load-Accesses:    9389738631  100.00%

Tlb-Store-Hits:        4899123064   99.82%
Tlb-Store-Misses:         9051472    0.18%
Tlb-Store-Accesses:    4908174536  100.00%

Tlb-Total-Hits:       14258748968   99.73%
Tlb-Total-Misses:        39164199    0.27%
Tlb-Total-Accesses:   14297913167  100.00%



--------
Two level Cache hierarchy
--------
  L1-Data Cache:
    Size(KB):          32
    Block Size(B):     64
    Associativity:      8

  L2-Data Cache:
    Size(KB):        2048
    Block Size(B):    128
    Associativity:      8

Latencies:    1   10  150
L1-Sets:   64 - LRU - assoc:   8
L2-Sets: 2048 - LRU - assoc:   8
Store_allocation: Yes
L2_inclusive: Yes
L2_prefetching: No

L1 Cache Stats:
L1-Load-Hits:        9341669956   99.49%
L1-Load-Misses:        48068675    0.51%
L1-Load-Accesses:    9389738631  100.00%

L1-Store-Hits:        4898531514   99.80%
L1-Store-Misses:         9643022    0.20%
L1-Store-Accesses:    4908174536  100.00%

L1-Total-Hits:       14240201470   99.60%
L1-Total-Misses:        57711697    0.40%
L1-Total-Accesses:   14297913167  100.00%

L2 Cache Stats:
L2-Load-Hits:          43650828   90.81%
L2-Load-Misses:         4417847    9.19%
L2-Load-Accesses:      48068675  100.00%

L2-Store-Hits:           7845842   81.36%
L2-Store-Misses:         1797180   18.64%
L2-Store-Accesses:       9643022  100.00%

L2-Total-Hits:          51496670   89.23%
L2-Total-Misses:         6215027   10.77%
L2-Total-Accesses:      57711697  100.00%

