--------
Total Statistics
--------
Total Instructions: 31246957047
Total Cycles: 48119607394
IPC: 0.64936

--------
Single level Tlb hierarchy
--------
  Data Tlb:
    Entries:          64
    Page Size(B):   4096
    Associativity:      4

Latencies:    0   50
Tlb-Sets:   16 - LRU - assoc:   4

Tlb Stats:
Tlb-Load-Hits:        9374565602   99.84%
Tlb-Load-Misses:        15173029    0.16%
Tlb-Load-Accesses:    9389738631  100.00%

Tlb-Store-Hits:        4903203618   99.90%
Tlb-Store-Misses:         4970918    0.10%
Tlb-Store-Accesses:    4908174536  100.00%

Tlb-Total-Hits:       14277769220   99.86%
Tlb-Total-Misses:        20143947    0.14%
Tlb-Total-Accesses:   14297913167  100.00%



--------
Two level Cache hierarchy
--------
  L1-Data Cache:
    Size(KB):          32
    Block Size(B):     64
    Associativity:      8

  L2-Data Cache:
    Size(KB):        1024
    Block Size(B):    256
    Associativity:      8

Latencies:    1   10  150
L1-Sets:   64 - LRU - assoc:   8
L2-Sets:  512 - LRU - assoc:   8
Store_allocation: Yes
L2_inclusive: Yes
L2_prefetching: No

L1 Cache Stats:
L1-Load-Hits:        9340304282   99.47%
L1-Load-Misses:        49434349    0.53%
L1-Load-Accesses:    9389738631  100.00%

L1-Store-Hits:        4899043267   99.81%
L1-Store-Misses:         9131269    0.19%
L1-Store-Accesses:    4908174536  100.00%

L1-Total-Hits:       14239347549   99.59%
L1-Total-Misses:        58565618    0.41%
L1-Total-Accesses:   14297913167  100.00%

L2 Cache Stats:
L2-Load-Hits:          44137568   89.29%
L2-Load-Misses:         5296781   10.71%
L2-Load-Accesses:      49434349  100.00%

L2-Store-Hits:           7882159   86.32%
L2-Store-Misses:         1249110   13.68%
L2-Store-Accesses:       9131269  100.00%

L2-Total-Hits:          52019727   88.82%
L2-Total-Misses:         6545891   11.18%
L2-Total-Accesses:      58565618  100.00%

