--------
Total Statistics
--------
Total Instructions: 6899721527
Total Cycles: 9640746449
IPC: 0.715683

--------
Single level Tlb hierarchy
--------
  Data Tlb:
    Entries:          64
    Page Size(B):   4096
    Associativity:      4

Latencies:    0   50
Tlb-Sets:   16 - LRU - assoc:   4

Tlb Stats:
Tlb-Load-Hits:        1840001105   99.97%
Tlb-Load-Misses:          577359    0.03%
Tlb-Load-Accesses:    1840578464  100.00%

Tlb-Store-Hits:         682039909   99.99%
Tlb-Store-Misses:           53559    0.01%
Tlb-Store-Accesses:     682093468  100.00%

Tlb-Total-Hits:        2522041014   99.97%
Tlb-Total-Misses:          630918    0.03%
Tlb-Total-Accesses:    2522671932  100.00%



--------
Two level Cache hierarchy
--------
  L1-Data Cache:
    Size(KB):          32
    Block Size(B):     64
    Associativity:      8

  L2-Data Cache:
    Size(KB):        1024
    Block Size(B):    128
    Associativity:      8

Latencies:    1   10  150
L1-Sets:   64 - LRU - assoc:   8
L2-Sets: 1024 - LRU - assoc:   8
Store_allocation: Yes
L2_inclusive: Yes
L2_prefetching: No

L1 Cache Stats:
L1-Load-Hits:        1837023800   99.81%
L1-Load-Misses:         3554664    0.19%
L1-Load-Accesses:    1840578464  100.00%

L1-Store-Hits:         681465178   99.91%
L1-Store-Misses:          628290    0.09%
L1-Store-Accesses:     682093468  100.00%

L1-Total-Hits:        2518488978   99.83%
L1-Total-Misses:         4182954    0.17%
L1-Total-Accesses:    2522671932  100.00%

L2 Cache Stats:
L2-Load-Hits:           2783260   78.30%
L2-Load-Misses:          771404   21.70%
L2-Load-Accesses:       3554664  100.00%

L2-Store-Hits:            433177   68.95%
L2-Store-Misses:          195113   31.05%
L2-Store-Accesses:        628290  100.00%

L2-Total-Hits:           3216437   76.89%
L2-Total-Misses:          966517   23.11%
L2-Total-Accesses:       4182954  100.00%

