--------
Total Statistics
--------
Total Instructions: 6899721527
Total Cycles: 9674241249
IPC: 0.713205

--------
Single level Tlb hierarchy
--------
  Data Tlb:
    Entries:          64
    Page Size(B):   4096
    Associativity:      4

Latencies:    0   50
Tlb-Sets:   16 - LRU - assoc:   4

Tlb Stats:
Tlb-Load-Hits:        1840016140   99.97%
Tlb-Load-Misses:          562324    0.03%
Tlb-Load-Accesses:    1840578464  100.00%

Tlb-Store-Hits:         682040339   99.99%
Tlb-Store-Misses:           53129    0.01%
Tlb-Store-Accesses:     682093468  100.00%

Tlb-Total-Hits:        2522056479   99.98%
Tlb-Total-Misses:          615453    0.02%
Tlb-Total-Accesses:    2522671932  100.00%



--------
Two level Cache hierarchy
--------
  L1-Data Cache:
    Size(KB):          32
    Block Size(B):     64
    Associativity:      8

  L2-Data Cache:
    Size(KB):         512
    Block Size(B):    128
    Associativity:      4

Latencies:    1   10  150
L1-Sets:   64 - LRU - assoc:   8
L2-Sets: 1024 - LRU - assoc:   4
Store_allocation: Yes
L2_inclusive: Yes
L2_prefetching: No

L1 Cache Stats:
L1-Load-Hits:        1836788082   99.79%
L1-Load-Misses:         3790382    0.21%
L1-Load-Accesses:    1840578464  100.00%

L1-Store-Hits:         681477881   99.91%
L1-Store-Misses:          615587    0.09%
L1-Store-Accesses:     682093468  100.00%

L1-Total-Hits:        2518265963   99.83%
L1-Total-Misses:         4405969    0.17%
L1-Total-Accesses:    2522671932  100.00%

L2 Cache Stats:
L2-Load-Hits:           2807369   74.07%
L2-Load-Misses:          983013   25.93%
L2-Load-Accesses:       3790382  100.00%

L2-Store-Hits:            418497   67.98%
L2-Store-Misses:          197090   32.02%
L2-Store-Accesses:        615587  100.00%

L2-Total-Hits:           3225866   73.22%
L2-Total-Misses:         1180103   26.78%
L2-Total-Accesses:       4405969  100.00%

