--------
Total Statistics
--------
Total Instructions: 6899721493
Total Cycles: 9636836176
IPC: 0.715974

--------
Single level Tlb hierarchy
--------
  Data Tlb:
    Entries:          64
    Page Size(B):   4096
    Associativity:      4

Latencies:    0   50
Tlb-Sets:   16 - LRU - assoc:   4

Tlb Stats:
Tlb-Load-Hits:        1840030767   99.97%
Tlb-Load-Misses:          547683    0.03%
Tlb-Load-Accesses:    1840578450  100.00%

Tlb-Store-Hits:         682041436   99.99%
Tlb-Store-Misses:           52027    0.01%
Tlb-Store-Accesses:     682093463  100.00%

Tlb-Total-Hits:        2522072203   99.98%
Tlb-Total-Misses:          599710    0.02%
Tlb-Total-Accesses:    2522671913  100.00%



--------
Two level Cache hierarchy
--------
  L1-Data Cache:
    Size(KB):          32
    Block Size(B):     64
    Associativity:      8

  L2-Data Cache:
    Size(KB):        1024
    Block Size(B):    128
    Associativity:     16

Latencies:    1   10  150
L1-Sets:   64 - LRU - assoc:   8
L2-Sets:  512 - LRU - assoc:  16
Store_allocation: Yes
L2_inclusive: Yes
L2_prefetching: No

L1 Cache Stats:
L1-Load-Hits:        1837038174   99.81%
L1-Load-Misses:         3540276    0.19%
L1-Load-Accesses:    1840578450  100.00%

L1-Store-Hits:         681487077   99.91%
L1-Store-Misses:          606386    0.09%
L1-Store-Accesses:     682093463  100.00%

L1-Total-Hits:        2518525251   99.84%
L1-Total-Misses:         4146662    0.16%
L1-Total-Accesses:    2522671913  100.00%

L2 Cache Stats:
L2-Load-Hits:           2781975   78.58%
L2-Load-Misses:          758301   21.42%
L2-Load-Accesses:       3540276  100.00%

L2-Store-Hits:            411416   67.85%
L2-Store-Misses:          194970   32.15%
L2-Store-Accesses:        606386  100.00%

L2-Total-Hits:           3193391   77.01%
L2-Total-Misses:          953271   22.99%
L2-Total-Accesses:       4146662  100.00%

