--------
Total Statistics
--------
Total Instructions: 6899721493
Total Cycles: 9637618916
IPC: 0.715916

--------
Single level Tlb hierarchy
--------
  Data Tlb:
    Entries:          64
    Page Size(B):   4096
    Associativity:      4

Latencies:    0   50
Tlb-Sets:   16 - LRU - assoc:   4

Tlb Stats:
Tlb-Load-Hits:        1839999883   99.97%
Tlb-Load-Misses:          578567    0.03%
Tlb-Load-Accesses:    1840578450  100.00%

Tlb-Store-Hits:         682034129   99.99%
Tlb-Store-Misses:           59334    0.01%
Tlb-Store-Accesses:     682093463  100.00%

Tlb-Total-Hits:        2522034012   99.97%
Tlb-Total-Misses:          637901    0.03%
Tlb-Total-Accesses:    2522671913  100.00%



--------
Two level Cache hierarchy
--------
  L1-Data Cache:
    Size(KB):          32
    Block Size(B):     64
    Associativity:      8

  L2-Data Cache:
    Size(KB):        2048
    Block Size(B):    128
    Associativity:     16

Latencies:    1   10  150
L1-Sets:   64 - LRU - assoc:   8
L2-Sets: 1024 - LRU - assoc:  16
Store_allocation: Yes
L2_inclusive: Yes
L2_prefetching: No

L1 Cache Stats:
L1-Load-Hits:        1837074890   99.81%
L1-Load-Misses:         3503560    0.19%
L1-Load-Accesses:    1840578450  100.00%

L1-Store-Hits:         681484172   99.91%
L1-Store-Misses:          609291    0.09%
L1-Store-Accesses:     682093463  100.00%

L1-Total-Hits:        2518559062   99.84%
L1-Total-Misses:         4112851    0.16%
L1-Total-Accesses:    2522671913  100.00%

L2 Cache Stats:
L2-Load-Hits:           2750268   78.50%
L2-Load-Misses:          753292   21.50%
L2-Load-Accesses:       3503560  100.00%

L2-Store-Hits:            414570   68.04%
L2-Store-Misses:          194721   31.96%
L2-Store-Accesses:        609291  100.00%

L2-Total-Hits:           3164838   76.95%
L2-Total-Misses:          948013   23.05%
L2-Total-Accesses:       4112851  100.00%

