--------
Total Statistics
--------
Total Instructions: 6899721493
Total Cycles: 9571846056
IPC: 0.720835

--------
Single level Tlb hierarchy
--------
  Data Tlb:
    Entries:          64
    Page Size(B):   4096
    Associativity:      4

Latencies:    0   50
Tlb-Sets:   16 - LRU - assoc:   4

Tlb Stats:
Tlb-Load-Hits:        1839978341   99.97%
Tlb-Load-Misses:          600109    0.03%
Tlb-Load-Accesses:    1840578450  100.00%

Tlb-Store-Hits:         682036205   99.99%
Tlb-Store-Misses:           57258    0.01%
Tlb-Store-Accesses:     682093463  100.00%

Tlb-Total-Hits:        2522014546   99.97%
Tlb-Total-Misses:          657367    0.03%
Tlb-Total-Accesses:    2522671913  100.00%



--------
Two level Cache hierarchy
--------
  L1-Data Cache:
    Size(KB):          32
    Block Size(B):     64
    Associativity:      8

  L2-Data Cache:
    Size(KB):        1024
    Block Size(B):    256
    Associativity:      8

Latencies:    1   10  150
L1-Sets:   64 - LRU - assoc:   8
L2-Sets:  512 - LRU - assoc:   8
Store_allocation: Yes
L2_inclusive: Yes
L2_prefetching: No

L1 Cache Stats:
L1-Load-Hits:        1837354975   99.82%
L1-Load-Misses:         3223475    0.18%
L1-Load-Accesses:    1840578450  100.00%

L1-Store-Hits:         681559653   99.92%
L1-Store-Misses:          533810    0.08%
L1-Store-Accesses:     682093463  100.00%

L1-Total-Hits:        2518914628   99.85%
L1-Total-Misses:         3757285    0.15%
L1-Total-Accesses:    2522671913  100.00%

L2 Cache Stats:
L2-Load-Hits:           2794491   86.69%
L2-Load-Misses:          428984   13.31%
L2-Load-Accesses:       3223475  100.00%

L2-Store-Hits:            436051   81.69%
L2-Store-Misses:           97759   18.31%
L2-Store-Accesses:        533810  100.00%

L2-Total-Hits:           3230542   85.98%
L2-Total-Misses:          526743   14.02%
L2-Total-Accesses:       3757285  100.00%

