--------
Total Statistics
--------
Total Instructions: 6899721527
Total Cycles: 9565505349
IPC: 0.721313

--------
Single level Tlb hierarchy
--------
  Data Tlb:
    Entries:          64
    Page Size(B):   4096
    Associativity:      4

Latencies:    0   50
Tlb-Sets:   16 - LRU - assoc:   4

Tlb Stats:
Tlb-Load-Hits:        1840016478   99.97%
Tlb-Load-Misses:          561986    0.03%
Tlb-Load-Accesses:    1840578464  100.00%

Tlb-Store-Hits:         682039802   99.99%
Tlb-Store-Misses:           53666    0.01%
Tlb-Store-Accesses:     682093468  100.00%

Tlb-Total-Hits:        2522056280   99.98%
Tlb-Total-Misses:          615652    0.02%
Tlb-Total-Accesses:    2522671932  100.00%



--------
Two level Cache hierarchy
--------
  L1-Data Cache:
    Size(KB):          32
    Block Size(B):     64
    Associativity:      8

  L2-Data Cache:
    Size(KB):        2048
    Block Size(B):    256
    Associativity:      8

Latencies:    1   10  150
L1-Sets:   64 - LRU - assoc:   8
L2-Sets: 1024 - LRU - assoc:   8
Store_allocation: Yes
L2_inclusive: Yes
L2_prefetching: No

L1 Cache Stats:
L1-Load-Hits:        1837379987   99.83%
L1-Load-Misses:         3198477    0.17%
L1-Load-Accesses:    1840578464  100.00%

L1-Store-Hits:         681557981   99.92%
L1-Store-Misses:          535487    0.08%
L1-Store-Accesses:     682093468  100.00%

L1-Total-Hits:        2518937968   99.85%
L1-Total-Misses:         3733964    0.15%
L1-Total-Accesses:    2522671932  100.00%

L2 Cache Stats:
L2-Load-Hits:           2795876   87.41%
L2-Load-Misses:          402601   12.59%
L2-Load-Accesses:       3198477  100.00%

L2-Store-Hits:            438157   81.82%
L2-Store-Misses:           97330   18.18%
L2-Store-Accesses:        535487  100.00%

L2-Total-Hits:           3234033   86.61%
L2-Total-Misses:          499931   13.39%
L2-Total-Accesses:       3733964  100.00%

