--------
Total Statistics
--------
Total Instructions: 6899721527
Total Cycles: 9671323029
IPC: 0.713421

--------
Single level Tlb hierarchy
--------
  Data Tlb:
    Entries:          64
    Page Size(B):   4096
    Associativity:      4

Latencies:    0   50
Tlb-Sets:   16 - LRU - assoc:   4

Tlb Stats:
Tlb-Load-Hits:        1840004960   99.97%
Tlb-Load-Misses:          573504    0.03%
Tlb-Load-Accesses:    1840578464  100.00%

Tlb-Store-Hits:         682039999   99.99%
Tlb-Store-Misses:           53469    0.01%
Tlb-Store-Accesses:     682093468  100.00%

Tlb-Total-Hits:        2522044959   99.98%
Tlb-Total-Misses:          626973    0.02%
Tlb-Total-Accesses:    2522671932  100.00%



--------
Two level Cache hierarchy
--------
  L1-Data Cache:
    Size(KB):          32
    Block Size(B):     64
    Associativity:      8

  L2-Data Cache:
    Size(KB):         512
    Block Size(B):    128
    Associativity:      8

Latencies:    1   10  150
L1-Sets:   64 - LRU - assoc:   8
L2-Sets:  512 - LRU - assoc:   8
Store_allocation: Yes
L2_inclusive: Yes
L2_prefetching: No

L1 Cache Stats:
L1-Load-Hits:        1836840221   99.80%
L1-Load-Misses:         3738243    0.20%
L1-Load-Accesses:    1840578464  100.00%

L1-Store-Hits:         681480639   99.91%
L1-Store-Misses:          612829    0.09%
L1-Store-Accesses:     682093468  100.00%

L1-Total-Hits:        2518320860   99.83%
L1-Total-Misses:         4351072    0.17%
L1-Total-Accesses:    2522671932  100.00%

L2 Cache Stats:
L2-Load-Hits:           2774338   74.22%
L2-Load-Misses:          963905   25.78%
L2-Load-Accesses:       3738243  100.00%

L2-Store-Hits:            416266   67.93%
L2-Store-Misses:          196563   32.07%
L2-Store-Accesses:        612829  100.00%

L2-Total-Hits:           3190604   73.33%
L2-Total-Misses:         1160468   26.67%
L2-Total-Accesses:       4351072  100.00%

