--------
Total Statistics
--------
Total Instructions: 6899721493
Total Cycles: 9752836116
IPC: 0.707458

--------
Single level Tlb hierarchy
--------
  Data Tlb:
    Entries:          64
    Page Size(B):   4096
    Associativity:      4

Latencies:    0   50
Tlb-Sets:   16 - LRU - assoc:   4

Tlb Stats:
Tlb-Load-Hits:        1840028287   99.97%
Tlb-Load-Misses:          550163    0.03%
Tlb-Load-Accesses:    1840578450  100.00%

Tlb-Store-Hits:         682041468   99.99%
Tlb-Store-Misses:           51995    0.01%
Tlb-Store-Accesses:     682093463  100.00%

Tlb-Total-Hits:        2522069755   99.98%
Tlb-Total-Misses:          602158    0.02%
Tlb-Total-Accesses:    2522671913  100.00%



--------
Two level Cache hierarchy
--------
  L1-Data Cache:
    Size(KB):          32
    Block Size(B):     64
    Associativity:      8

  L2-Data Cache:
    Size(KB):        1024
    Block Size(B):     64
    Associativity:      8

Latencies:    1   10  150
L1-Sets:   64 - LRU - assoc:   8
L2-Sets: 2048 - LRU - assoc:   8
Store_allocation: Yes
L2_inclusive: Yes
L2_prefetching: No

L1 Cache Stats:
L1-Load-Hits:        1837961551   99.86%
L1-Load-Misses:         2616899    0.14%
L1-Load-Accesses:    1840578450  100.00%

L1-Store-Hits:         681678711   99.94%
L1-Store-Misses:          414752    0.06%
L1-Store-Accesses:     682093463  100.00%

L1-Total-Hits:        2519640262   99.88%
L1-Total-Misses:         3031651    0.12%
L1-Total-Accesses:    2522671913  100.00%

L2 Cache Stats:
L2-Load-Hits:           1206976   46.12%
L2-Load-Misses:         1409923   53.88%
L2-Load-Accesses:       2616899  100.00%

L2-Store-Hits:             24553    5.92%
L2-Store-Misses:          390199   94.08%
L2-Store-Accesses:        414752  100.00%

L2-Total-Hits:           1231529   40.62%
L2-Total-Misses:         1800122   59.38%
L2-Total-Accesses:       3031651  100.00%

