--------
Total Statistics
--------
Total Instructions: 6899721527
Total Cycles: 9598308069
IPC: 0.718848

--------
Single level Tlb hierarchy
--------
  Data Tlb:
    Entries:          64
    Page Size(B):   4096
    Associativity:      4

Latencies:    0   50
Tlb-Sets:   16 - LRU - assoc:   4

Tlb Stats:
Tlb-Load-Hits:        1840024516   99.97%
Tlb-Load-Misses:          553948    0.03%
Tlb-Load-Accesses:    1840578464  100.00%

Tlb-Store-Hits:         682041047   99.99%
Tlb-Store-Misses:           52421    0.01%
Tlb-Store-Accesses:     682093468  100.00%

Tlb-Total-Hits:        2522065563   99.98%
Tlb-Total-Misses:          606369    0.02%
Tlb-Total-Accesses:    2522671932  100.00%



--------
Two level Cache hierarchy
--------
  L1-Data Cache:
    Size(KB):          32
    Block Size(B):     64
    Associativity:      8

  L2-Data Cache:
    Size(KB):         512
    Block Size(B):    256
    Associativity:      8

Latencies:    1   10  150
L1-Sets:   64 - LRU - assoc:   8
L2-Sets:  256 - LRU - assoc:   8
Store_allocation: Yes
L2_inclusive: Yes
L2_prefetching: No

L1 Cache Stats:
L1-Load-Hits:        1837107483   99.81%
L1-Load-Misses:         3470981    0.19%
L1-Load-Accesses:    1840578464  100.00%

L1-Store-Hits:         681547388   99.92%
L1-Store-Misses:          546080    0.08%
L1-Store-Accesses:     682093468  100.00%

L1-Total-Hits:        2518654871   99.84%
L1-Total-Misses:         4017061    0.16%
L1-Total-Accesses:    2522671932  100.00%

L2 Cache Stats:
L2-Load-Hits:           2867565   82.62%
L2-Load-Misses:          603416   17.38%
L2-Load-Accesses:       3470981  100.00%

L2-Store-Hits:            446659   81.79%
L2-Store-Misses:           99421   18.21%
L2-Store-Accesses:        546080  100.00%

L2-Total-Hits:           3314224   82.50%
L2-Total-Misses:          702837   17.50%
L2-Total-Accesses:       4017061  100.00%

