--------
Total Statistics
--------
Total Instructions: 6899721493
Total Cycles: 9636895836
IPC: 0.715969

--------
Single level Tlb hierarchy
--------
  Data Tlb:
    Entries:          64
    Page Size(B):   4096
    Associativity:      4

Latencies:    0   50
Tlb-Sets:   16 - LRU - assoc:   4

Tlb Stats:
Tlb-Load-Hits:        1840016205   99.97%
Tlb-Load-Misses:          562245    0.03%
Tlb-Load-Accesses:    1840578450  100.00%

Tlb-Store-Hits:         682041437   99.99%
Tlb-Store-Misses:           52026    0.01%
Tlb-Store-Accesses:     682093463  100.00%

Tlb-Total-Hits:        2522057642   99.98%
Tlb-Total-Misses:          614271    0.02%
Tlb-Total-Accesses:    2522671913  100.00%



--------
Two level Cache hierarchy
--------
  L1-Data Cache:
    Size(KB):          32
    Block Size(B):     64
    Associativity:      8

  L2-Data Cache:
    Size(KB):        2048
    Block Size(B):    128
    Associativity:      8

Latencies:    1   10  150
L1-Sets:   64 - LRU - assoc:   8
L2-Sets: 2048 - LRU - assoc:   8
Store_allocation: Yes
L2_inclusive: Yes
L2_prefetching: No

L1 Cache Stats:
L1-Load-Hits:        1837051707   99.81%
L1-Load-Misses:         3526743    0.19%
L1-Load-Accesses:    1840578450  100.00%

L1-Store-Hits:         681464288   99.91%
L1-Store-Misses:          629175    0.09%
L1-Store-Accesses:     682093463  100.00%

L1-Total-Hits:        2518515995   99.84%
L1-Total-Misses:         4155918    0.16%
L1-Total-Accesses:    2522671913  100.00%

L2 Cache Stats:
L2-Load-Hits:           2773261   78.64%
L2-Load-Misses:          753482   21.36%
L2-Load-Accesses:       3526743  100.00%

L2-Store-Hits:            434459   69.05%
L2-Store-Misses:          194716   30.95%
L2-Store-Accesses:        629175  100.00%

L2-Total-Hits:           3207720   77.18%
L2-Total-Misses:          948198   22.82%
L2-Total-Accesses:       4155918  100.00%

