--------
Total Statistics
--------
Total Instructions: 6899721527
Total Cycles: 9708349349
IPC: 0.7107

--------
Single level Tlb hierarchy
--------
  Data Tlb:
    Entries:          64
    Page Size(B):   4096
    Associativity:      4

Latencies:    0   50
Tlb-Sets:   16 - LRU - assoc:   4

Tlb Stats:
Tlb-Load-Hits:        1840014047   99.97%
Tlb-Load-Misses:          564417    0.03%
Tlb-Load-Accesses:    1840578464  100.00%

Tlb-Store-Hits:         682040178   99.99%
Tlb-Store-Misses:           53290    0.01%
Tlb-Store-Accesses:     682093468  100.00%

Tlb-Total-Hits:        2522054225   99.98%
Tlb-Total-Misses:          617707    0.02%
Tlb-Total-Accesses:    2522671932  100.00%



--------
Two level Cache hierarchy
--------
  L1-Data Cache:
    Size(KB):          32
    Block Size(B):     64
    Associativity:      8

  L2-Data Cache:
    Size(KB):         256
    Block Size(B):    128
    Associativity:      4

Latencies:    1   10  150
L1-Sets:   64 - LRU - assoc:   8
L2-Sets:  512 - LRU - assoc:   4
Store_allocation: Yes
L2_inclusive: Yes
L2_prefetching: No

L1 Cache Stats:
L1-Load-Hits:        1836587200   99.78%
L1-Load-Misses:         3991264    0.22%
L1-Load-Accesses:    1840578464  100.00%

L1-Store-Hits:         681446623   99.91%
L1-Store-Misses:          646845    0.09%
L1-Store-Accesses:     682093468  100.00%

L1-Total-Hits:        2518033823   99.82%
L1-Total-Misses:         4638109    0.18%
L1-Total-Accesses:    2522671932  100.00%

L2 Cache Stats:
L2-Load-Hits:           2799776   70.15%
L2-Load-Misses:         1191488   29.85%
L2-Load-Accesses:       3991264  100.00%

L2-Store-Hits:            447070   69.12%
L2-Store-Misses:          199775   30.88%
L2-Store-Accesses:        646845  100.00%

L2-Total-Hits:           3246846   70.00%
L2-Total-Misses:         1391263   30.00%
L2-Total-Accesses:       4638109  100.00%

