--------
Total Statistics
--------
Total Instructions: 19352350950
Total Cycles: 74378861528
IPC: 0.260186

--------
Single level Tlb hierarchy
--------
  Data Tlb:
    Entries:          64
    Page Size(B):   4096
    Associativity:      4

Latencies:    0   50
Tlb-Sets:   16 - LRU - assoc:   4

Tlb Stats:
Tlb-Load-Hits:        8634623737   99.62%
Tlb-Load-Misses:        33346568    0.38%
Tlb-Load-Accesses:    8667970305  100.00%

Tlb-Store-Hits:         326736486   99.96%
Tlb-Store-Misses:          144227    0.04%
Tlb-Store-Accesses:     326880713  100.00%

Tlb-Total-Hits:        8961360223   99.63%
Tlb-Total-Misses:        33490795    0.37%
Tlb-Total-Accesses:    8994851018  100.00%



--------
Two level Cache hierarchy
--------
  L1-Data Cache:
    Size(KB):          32
    Block Size(B):     64
    Associativity:      8

  L2-Data Cache:
    Size(KB):        2048
    Block Size(B):     64
    Associativity:      8

Latencies:    1   10  150
L1-Sets:   64 - LRU - assoc:   8
L2-Sets: 4096 - LRU - assoc:   8
Store_allocation: Yes
L2_inclusive: Yes
L2_prefetching: No

L1 Cache Stats:
L1-Load-Hits:        8383634229   96.72%
L1-Load-Misses:       284336076    3.28%
L1-Load-Accesses:    8667970305  100.00%

L1-Store-Hits:         325878493   99.69%
L1-Store-Misses:         1002220    0.31%
L1-Store-Accesses:     326880713  100.00%

L1-Total-Hits:        8709512722   96.83%
L1-Total-Misses:       285338296    3.17%
L1-Total-Accesses:    8994851018  100.00%

L2 Cache Stats:
L2-Load-Hits:           8443217    2.97%
L2-Load-Misses:       275892859   97.03%
L2-Load-Accesses:     284336076  100.00%

L2-Store-Hits:            203500   20.30%
L2-Store-Misses:          798720   79.70%
L2-Store-Accesses:       1002220  100.00%

L2-Total-Hits:           8646717    3.03%
L2-Total-Misses:       276691579   96.97%
L2-Total-Accesses:     285338296  100.00%

