--------
Total Statistics
--------
Total Instructions: 19352350950
Total Cycles: 47727798878
IPC: 0.405473

--------
Single level Tlb hierarchy
--------
  Data Tlb:
    Entries:          64
    Page Size(B):   4096
    Associativity:      4

Latencies:    0   50
Tlb-Sets:   16 - LRU - assoc:   4

Tlb Stats:
Tlb-Load-Hits:        8634556818   99.61%
Tlb-Load-Misses:        33413487    0.39%
Tlb-Load-Accesses:    8667970305  100.00%

Tlb-Store-Hits:         326735520   99.96%
Tlb-Store-Misses:          145193    0.04%
Tlb-Store-Accesses:     326880713  100.00%

Tlb-Total-Hits:        8961292338   99.63%
Tlb-Total-Misses:        33558680    0.37%
Tlb-Total-Accesses:    8994851018  100.00%



--------
Two level Cache hierarchy
--------
  L1-Data Cache:
    Size(KB):          32
    Block Size(B):     64
    Associativity:      8

  L2-Data Cache:
    Size(KB):         512
    Block Size(B):    256
    Associativity:      8

Latencies:    1   10  150
L1-Sets:   64 - LRU - assoc:   8
L2-Sets:  256 - LRU - assoc:   8
Store_allocation: Yes
L2_inclusive: Yes
L2_prefetching: No

L1 Cache Stats:
L1-Load-Hits:        8275636118   95.47%
L1-Load-Misses:       392334187    4.53%
L1-Load-Accesses:    8667970305  100.00%

L1-Store-Hits:         325350109   99.53%
L1-Store-Misses:         1530604    0.47%
L1-Store-Accesses:     326880713  100.00%

L1-Total-Hits:        8600986227   95.62%
L1-Total-Misses:       393864791    4.38%
L1-Total-Accesses:    8994851018  100.00%

L2 Cache Stats:
L2-Load-Hits:         300825222   76.68%
L2-Load-Misses:        91508965   23.32%
L2-Load-Accesses:     392334187  100.00%

L2-Store-Hits:           1279469   83.59%
L2-Store-Misses:          251135   16.41%
L2-Store-Accesses:       1530604  100.00%

L2-Total-Hits:         302104691   76.70%
L2-Total-Misses:        91760100   23.30%
L2-Total-Accesses:     393864791  100.00%

