--------
Total Statistics
--------
Total Instructions: 19352350950
Total Cycles: 57959048178
IPC: 0.333897

--------
Single level Tlb hierarchy
--------
  Data Tlb:
    Entries:          64
    Page Size(B):   4096
    Associativity:      4

Latencies:    0   50
Tlb-Sets:   16 - LRU - assoc:   4

Tlb Stats:
Tlb-Load-Hits:        8634583432   99.61%
Tlb-Load-Misses:        33386873    0.39%
Tlb-Load-Accesses:    8667970305  100.00%

Tlb-Store-Hits:         326736483   99.96%
Tlb-Store-Misses:          144230    0.04%
Tlb-Store-Accesses:     326880713  100.00%

Tlb-Total-Hits:        8961319915   99.63%
Tlb-Total-Misses:        33531103    0.37%
Tlb-Total-Accesses:    8994851018  100.00%



--------
Two level Cache hierarchy
--------
  L1-Data Cache:
    Size(KB):          32
    Block Size(B):     64
    Associativity:      8

  L2-Data Cache:
    Size(KB):         512
    Block Size(B):    128
    Associativity:      4

Latencies:    1   10  150
L1-Sets:   64 - LRU - assoc:   8
L2-Sets: 1024 - LRU - assoc:   4
Store_allocation: Yes
L2_inclusive: Yes
L2_prefetching: No

L1 Cache Stats:
L1-Load-Hits:        8210092901   94.72%
L1-Load-Misses:       457877404    5.28%
L1-Load-Accesses:    8667970305  100.00%

L1-Store-Hits:         324861826   99.38%
L1-Store-Misses:         2018887    0.62%
L1-Store-Accesses:     326880713  100.00%

L1-Total-Hits:        8534954727   94.89%
L1-Total-Misses:       459896291    5.11%
L1-Total-Accesses:    8994851018  100.00%

L2 Cache Stats:
L2-Load-Hits:         302813432   66.13%
L2-Load-Misses:       155063972   33.87%
L2-Load-Accesses:     457877404  100.00%

L2-Store-Hits:           1507338   74.66%
L2-Store-Misses:          511549   25.34%
L2-Store-Accesses:       2018887  100.00%

L2-Total-Hits:         304320770   66.17%
L2-Total-Misses:       155575521   33.83%
L2-Total-Accesses:     459896291  100.00%

