--------
Total Statistics
--------
Total Instructions: 19352350950
Total Cycles: 46756694848
IPC: 0.413895

--------
Single level Tlb hierarchy
--------
  Data Tlb:
    Entries:          64
    Page Size(B):   4096
    Associativity:      4

Latencies:    0   50
Tlb-Sets:   16 - LRU - assoc:   4

Tlb Stats:
Tlb-Load-Hits:        8634551980   99.61%
Tlb-Load-Misses:        33418325    0.39%
Tlb-Load-Accesses:    8667970305  100.00%

Tlb-Store-Hits:         326736485   99.96%
Tlb-Store-Misses:          144228    0.04%
Tlb-Store-Accesses:     326880713  100.00%

Tlb-Total-Hits:        8961288465   99.63%
Tlb-Total-Misses:        33562553    0.37%
Tlb-Total-Accesses:    8994851018  100.00%



--------
Two level Cache hierarchy
--------
  L1-Data Cache:
    Size(KB):          32
    Block Size(B):     64
    Associativity:      8

  L2-Data Cache:
    Size(KB):        2048
    Block Size(B):    256
    Associativity:      8

Latencies:    1   10  150
L1-Sets:   64 - LRU - assoc:   8
L2-Sets: 1024 - LRU - assoc:   8
Store_allocation: Yes
L2_inclusive: Yes
L2_prefetching: No

L1 Cache Stats:
L1-Load-Hits:        8282593634   95.55%
L1-Load-Misses:       385376671    4.45%
L1-Load-Accesses:    8667970305  100.00%

L1-Store-Hits:         325395611   99.55%
L1-Store-Misses:         1485102    0.45%
L1-Store-Accesses:     326880713  100.00%

L1-Total-Hits:        8607989245   95.70%
L1-Total-Misses:       386861773    4.30%
L1-Total-Accesses:    8994851018  100.00%

L2 Cache Stats:
L2-Load-Hits:         299841244   77.80%
L2-Load-Misses:        85535427   22.20%
L2-Load-Accesses:     385376671  100.00%

L2-Store-Hits:           1268879   85.44%
L2-Store-Misses:          216223   14.56%
L2-Store-Accesses:       1485102  100.00%

L2-Total-Hits:         301110123   77.83%
L2-Total-Misses:        85751650   22.17%
L2-Total-Accesses:     386861773  100.00%

