--------
Total Statistics
--------
Total Instructions: 19352350950
Total Cycles: 57624022878
IPC: 0.335838

--------
Single level Tlb hierarchy
--------
  Data Tlb:
    Entries:          64
    Page Size(B):   4096
    Associativity:      4

Latencies:    0   50
Tlb-Sets:   16 - LRU - assoc:   4

Tlb Stats:
Tlb-Load-Hits:        8634610344   99.62%
Tlb-Load-Misses:        33359961    0.38%
Tlb-Load-Accesses:    8667970305  100.00%

Tlb-Store-Hits:         326736866   99.96%
Tlb-Store-Misses:          143847    0.04%
Tlb-Store-Accesses:     326880713  100.00%

Tlb-Total-Hits:        8961347210   99.63%
Tlb-Total-Misses:        33503808    0.37%
Tlb-Total-Accesses:    8994851018  100.00%



--------
Two level Cache hierarchy
--------
  L1-Data Cache:
    Size(KB):          32
    Block Size(B):     64
    Associativity:      8

  L2-Data Cache:
    Size(KB):        1024
    Block Size(B):    128
    Associativity:      8

Latencies:    1   10  150
L1-Sets:   64 - LRU - assoc:   8
L2-Sets: 1024 - LRU - assoc:   8
Store_allocation: Yes
L2_inclusive: Yes
L2_prefetching: No

L1 Cache Stats:
L1-Load-Hits:        8212371707   94.74%
L1-Load-Misses:       455598598    5.26%
L1-Load-Accesses:    8667970305  100.00%

L1-Store-Hits:         324902150   99.39%
L1-Store-Misses:         1978563    0.61%
L1-Store-Accesses:     326880713  100.00%

L1-Total-Hits:        8537273857   94.91%
L1-Total-Misses:       457577161    5.09%
L1-Total-Accesses:    8994851018  100.00%

L2 Cache Stats:
L2-Load-Hits:         302561907   66.41%
L2-Load-Misses:       153036691   33.59%
L2-Load-Accesses:     455598598  100.00%

L2-Store-Hits:           1509528   76.29%
L2-Store-Misses:          469035   23.71%
L2-Store-Accesses:       1978563  100.00%

L2-Total-Hits:         304071435   66.45%
L2-Total-Misses:       153505726   33.55%
L2-Total-Accesses:     457577161  100.00%

