--------
Total Statistics
--------
Total Instructions: 19352350950
Total Cycles: 56964284738
IPC: 0.339728

--------
Single level Tlb hierarchy
--------
  Data Tlb:
    Entries:          64
    Page Size(B):   4096
    Associativity:      4

Latencies:    0   50
Tlb-Sets:   16 - LRU - assoc:   4

Tlb Stats:
Tlb-Load-Hits:        8634566941   99.61%
Tlb-Load-Misses:        33403364    0.39%
Tlb-Load-Accesses:    8667970305  100.00%

Tlb-Store-Hits:         326710786   99.95%
Tlb-Store-Misses:          169927    0.05%
Tlb-Store-Accesses:     326880713  100.00%

Tlb-Total-Hits:        8961277727   99.63%
Tlb-Total-Misses:        33573291    0.37%
Tlb-Total-Accesses:    8994851018  100.00%



--------
Two level Cache hierarchy
--------
  L1-Data Cache:
    Size(KB):          32
    Block Size(B):     64
    Associativity:      8

  L2-Data Cache:
    Size(KB):        2048
    Block Size(B):    128
    Associativity:      8

Latencies:    1   10  150
L1-Sets:   64 - LRU - assoc:   8
L2-Sets: 2048 - LRU - assoc:   8
Store_allocation: Yes
L2_inclusive: Yes
L2_prefetching: No

L1 Cache Stats:
L1-Load-Hits:        8217064943   94.80%
L1-Load-Misses:       450905362    5.20%
L1-Load-Accesses:    8667970305  100.00%

L1-Store-Hits:         324951873   99.41%
L1-Store-Misses:         1928840    0.59%
L1-Store-Accesses:     326880713  100.00%

L1-Total-Hits:        8542016816   94.97%
L1-Total-Misses:       452834202    5.03%
L1-Total-Accesses:    8994851018  100.00%

L2 Cache Stats:
L2-Load-Hits:         301925409   66.96%
L2-Load-Misses:       148979953   33.04%
L2-Load-Accesses:     450905362  100.00%

L2-Store-Hits:           1508285   78.20%
L2-Store-Misses:          420555   21.80%
L2-Store-Accesses:       1928840  100.00%

L2-Total-Hits:         303433694   67.01%
L2-Total-Misses:       149400508   32.99%
L2-Total-Accesses:     452834202  100.00%

