--------
Total Statistics
--------
Total Instructions: 19352350950
Total Cycles: 75023364498
IPC: 0.257951

--------
Single level Tlb hierarchy
--------
  Data Tlb:
    Entries:          64
    Page Size(B):   4096
    Associativity:      4

Latencies:    0   50
Tlb-Sets:   16 - LRU - assoc:   4

Tlb Stats:
Tlb-Load-Hits:        8634621846   99.62%
Tlb-Load-Misses:        33348459    0.38%
Tlb-Load-Accesses:    8667970305  100.00%

Tlb-Store-Hits:         326713088   99.95%
Tlb-Store-Misses:          167625    0.05%
Tlb-Store-Accesses:     326880713  100.00%

Tlb-Total-Hits:        8961334934   99.63%
Tlb-Total-Misses:        33516084    0.37%
Tlb-Total-Accesses:    8994851018  100.00%



--------
Two level Cache hierarchy
--------
  L1-Data Cache:
    Size(KB):          32
    Block Size(B):     64
    Associativity:      8

  L2-Data Cache:
    Size(KB):        1024
    Block Size(B):     64
    Associativity:      8

Latencies:    1   10  150
L1-Sets:   64 - LRU - assoc:   8
L2-Sets: 2048 - LRU - assoc:   8
Store_allocation: Yes
L2_inclusive: Yes
L2_prefetching: No

L1 Cache Stats:
L1-Load-Hits:        8383533424   96.72%
L1-Load-Misses:       284436881    3.28%
L1-Load-Accesses:    8667970305  100.00%

L1-Store-Hits:         325878936   99.69%
L1-Store-Misses:         1001777    0.31%
L1-Store-Accesses:     326880713  100.00%

L1-Total-Hits:        8709412360   96.83%
L1-Total-Misses:       285438658    3.17%
L1-Total-Accesses:    8994851018  100.00%

L2 Cache Stats:
L2-Load-Hits:           4377516    1.54%
L2-Load-Misses:       280059365   98.46%
L2-Load-Accesses:     284436881  100.00%

L2-Store-Hits:             87997    8.78%
L2-Store-Misses:          913780   91.22%
L2-Store-Accesses:       1001777  100.00%

L2-Total-Hits:           4465513    1.56%
L2-Total-Misses:       280973145   98.44%
L2-Total-Accesses:     285438658  100.00%

