--------
Total Statistics
--------
Total Instructions: 19352350984
Total Cycles: 57959412061
IPC: 0.333895

--------
Single level Tlb hierarchy
--------
  Data Tlb:
    Entries:          64
    Page Size(B):   4096
    Associativity:      4

Latencies:    0   50
Tlb-Sets:   16 - LRU - assoc:   4

Tlb Stats:
Tlb-Load-Hits:        8634531001   99.61%
Tlb-Load-Misses:        33439318    0.39%
Tlb-Load-Accesses:    8667970319  100.00%

Tlb-Store-Hits:         326744151   99.96%
Tlb-Store-Misses:          136567    0.04%
Tlb-Store-Accesses:     326880718  100.00%

Tlb-Total-Hits:        8961275152   99.63%
Tlb-Total-Misses:        33575885    0.37%
Tlb-Total-Accesses:    8994851037  100.00%



--------
Two level Cache hierarchy
--------
  L1-Data Cache:
    Size(KB):          32
    Block Size(B):     64
    Associativity:      8

  L2-Data Cache:
    Size(KB):         512
    Block Size(B):    128
    Associativity:      8

Latencies:    1   10  150
L1-Sets:   64 - LRU - assoc:   8
L2-Sets:  512 - LRU - assoc:   8
Store_allocation: Yes
L2_inclusive: Yes
L2_prefetching: No

L1 Cache Stats:
L1-Load-Hits:        8210109784   94.72%
L1-Load-Misses:       457860535    5.28%
L1-Load-Accesses:    8667970319  100.00%

L1-Store-Hits:         324853014   99.38%
L1-Store-Misses:         2027704    0.62%
L1-Store-Accesses:     326880718  100.00%

L1-Total-Hits:        8534962798   94.89%
L1-Total-Misses:       459888239    5.11%
L1-Total-Accesses:    8994851037  100.00%

L2 Cache Stats:
L2-Load-Hits:         302811881   66.14%
L2-Load-Misses:       155048654   33.86%
L2-Load-Accesses:     457860535  100.00%

L2-Store-Hits:           1512802   74.61%
L2-Store-Misses:          514902   25.39%
L2-Store-Accesses:       2027704  100.00%

L2-Total-Hits:         304324683   66.17%
L2-Total-Misses:       155563556   33.83%
L2-Total-Accesses:     459888239  100.00%

