--------
Total Statistics
--------
Total Instructions: 19352350984
Total Cycles: 47407135951
IPC: 0.408216

--------
Single level Tlb hierarchy
--------
  Data Tlb:
    Entries:          64
    Page Size(B):   4096
    Associativity:      4

Latencies:    0   50
Tlb-Sets:   16 - LRU - assoc:   4

Tlb Stats:
Tlb-Load-Hits:        8634633313   99.62%
Tlb-Load-Misses:        33337006    0.38%
Tlb-Load-Accesses:    8667970319  100.00%

Tlb-Store-Hits:         326715489   99.95%
Tlb-Store-Misses:          165229    0.05%
Tlb-Store-Accesses:     326880718  100.00%

Tlb-Total-Hits:        8961348802   99.63%
Tlb-Total-Misses:        33502235    0.37%
Tlb-Total-Accesses:    8994851037  100.00%



--------
Two level Cache hierarchy
--------
  L1-Data Cache:
    Size(KB):          32
    Block Size(B):     64
    Associativity:      8

  L2-Data Cache:
    Size(KB):        1024
    Block Size(B):    256
    Associativity:      8

Latencies:    1   10  150
L1-Sets:   64 - LRU - assoc:   8
L2-Sets:  512 - LRU - assoc:   8
Store_allocation: Yes
L2_inclusive: Yes
L2_prefetching: No

L1 Cache Stats:
L1-Load-Hits:        8277886100   95.50%
L1-Load-Misses:       390084219    4.50%
L1-Load-Accesses:    8667970319  100.00%

L1-Store-Hits:         325321799   99.52%
L1-Store-Misses:         1558919    0.48%
L1-Store-Accesses:     326880718  100.00%

L1-Total-Hits:        8603207899   95.65%
L1-Total-Misses:       391643138    4.35%
L1-Total-Accesses:    8994851037  100.00%

L2 Cache Stats:
L2-Load-Hits:         300534446   77.04%
L2-Load-Misses:        89549773   22.96%
L2-Load-Accesses:     390084219  100.00%

L2-Store-Hits:           1319420   84.64%
L2-Store-Misses:          239499   15.36%
L2-Store-Accesses:       1558919  100.00%

L2-Total-Hits:         301853866   77.07%
L2-Total-Misses:        89789272   22.93%
L2-Total-Accesses:     391643138  100.00%

