--------
Total Statistics
--------
Total Instructions: 19352350984
Total Cycles: 57701580941
IPC: 0.335387

--------
Single level Tlb hierarchy
--------
  Data Tlb:
    Entries:          64
    Page Size(B):   4096
    Associativity:      4

Latencies:    0   50
Tlb-Sets:   16 - LRU - assoc:   4

Tlb Stats:
Tlb-Load-Hits:        8634557442   99.61%
Tlb-Load-Misses:        33412877    0.39%
Tlb-Load-Accesses:    8667970319  100.00%

Tlb-Store-Hits:         326724484   99.95%
Tlb-Store-Misses:          156234    0.05%
Tlb-Store-Accesses:     326880718  100.00%

Tlb-Total-Hits:        8961281926   99.63%
Tlb-Total-Misses:        33569111    0.37%
Tlb-Total-Accesses:    8994851037  100.00%



--------
Two level Cache hierarchy
--------
  L1-Data Cache:
    Size(KB):          32
    Block Size(B):     64
    Associativity:      8

  L2-Data Cache:
    Size(KB):        1024
    Block Size(B):    128
    Associativity:     16

Latencies:    1   10  150
L1-Sets:   64 - LRU - assoc:   8
L2-Sets:  512 - LRU - assoc:  16
Store_allocation: Yes
L2_inclusive: Yes
L2_prefetching: No

L1 Cache Stats:
L1-Load-Hits:        8205279826   94.66%
L1-Load-Misses:       462690493    5.34%
L1-Load-Accesses:    8667970319  100.00%

L1-Store-Hits:         324898454   99.39%
L1-Store-Misses:         1982264    0.61%
L1-Store-Accesses:     326880718  100.00%

L1-Total-Hits:        8530178280   94.83%
L1-Total-Misses:       464672757    5.17%
L1-Total-Accesses:    8994851037  100.00%

L2 Cache Stats:
L2-Load-Hits:         309629806   66.92%
L2-Load-Misses:       153060687   33.08%
L2-Load-Accesses:     462690493  100.00%

L2-Store-Hits:           1514979   76.43%
L2-Store-Misses:          467285   23.57%
L2-Store-Accesses:       1982264  100.00%

L2-Total-Hits:         311144785   66.96%
L2-Total-Misses:       153527972   33.04%
L2-Total-Accesses:     464672757  100.00%

