--------
Total Statistics
--------
Total Instructions: 19352350950
Total Cycles: 75365615078
IPC: 0.25678

--------
Single level Tlb hierarchy
--------
  Data Tlb:
    Entries:          64
    Page Size(B):   4096
    Associativity:      4

Latencies:    0   50
Tlb-Sets:   16 - LRU - assoc:   4

Tlb Stats:
Tlb-Load-Hits:        8634557893   99.61%
Tlb-Load-Misses:        33412412    0.39%
Tlb-Load-Accesses:    8667970305  100.00%

Tlb-Store-Hits:         326724473   99.95%
Tlb-Store-Misses:          156240    0.05%
Tlb-Store-Accesses:     326880713  100.00%

Tlb-Total-Hits:        8961282366   99.63%
Tlb-Total-Misses:        33568652    0.37%
Tlb-Total-Accesses:    8994851018  100.00%



--------
Two level Cache hierarchy
--------
  L1-Data Cache:
    Size(KB):          32
    Block Size(B):     64
    Associativity:      8

  L2-Data Cache:
    Size(KB):         512
    Block Size(B):     64
    Associativity:      8

Latencies:    1   10  150
L1-Sets:   64 - LRU - assoc:   8
L2-Sets: 1024 - LRU - assoc:   8
Store_allocation: Yes
L2_inclusive: Yes
L2_prefetching: No

L1 Cache Stats:
L1-Load-Hits:        8383253961   96.72%
L1-Load-Misses:       284716344    3.28%
L1-Load-Accesses:    8667970305  100.00%

L1-Store-Hits:         325877361   99.69%
L1-Store-Misses:         1003352    0.31%
L1-Store-Accesses:     326880713  100.00%

L1-Total-Hits:        8709131322   96.82%
L1-Total-Misses:       285719696    3.18%
L1-Total-Accesses:    8994851018  100.00%

L2 Cache Stats:
L2-Load-Hits:           2442007    0.86%
L2-Load-Misses:       282274337   99.14%
L2-Load-Accesses:     284716344  100.00%

L2-Store-Hits:             59132    5.89%
L2-Store-Misses:          944220   94.11%
L2-Store-Accesses:       1003352  100.00%

L2-Total-Hits:           2501139    0.88%
L2-Total-Misses:       283218557   99.12%
L2-Total-Accesses:     285719696  100.00%

