--------
Total Statistics
--------
Total Instructions: 19352350950
Total Cycles: 57010938858
IPC: 0.33945

--------
Single level Tlb hierarchy
--------
  Data Tlb:
    Entries:          64
    Page Size(B):   4096
    Associativity:      4

Latencies:    0   50
Tlb-Sets:   16 - LRU - assoc:   4

Tlb Stats:
Tlb-Load-Hits:        8634560550   99.61%
Tlb-Load-Misses:        33409755    0.39%
Tlb-Load-Accesses:    8667970305  100.00%

Tlb-Store-Hits:         326743687   99.96%
Tlb-Store-Misses:          137026    0.04%
Tlb-Store-Accesses:     326880713  100.00%

Tlb-Total-Hits:        8961304237   99.63%
Tlb-Total-Misses:        33546781    0.37%
Tlb-Total-Accesses:    8994851018  100.00%



--------
Two level Cache hierarchy
--------
  L1-Data Cache:
    Size(KB):          32
    Block Size(B):     64
    Associativity:      8

  L2-Data Cache:
    Size(KB):        2048
    Block Size(B):    128
    Associativity:     16

Latencies:    1   10  150
L1-Sets:   64 - LRU - assoc:   8
L2-Sets: 1024 - LRU - assoc:  16
Store_allocation: Yes
L2_inclusive: Yes
L2_prefetching: No

L1 Cache Stats:
L1-Load-Hits:        8213088040   94.75%
L1-Load-Misses:       454882265    5.25%
L1-Load-Accesses:    8667970305  100.00%

L1-Store-Hits:         324951989   99.41%
L1-Store-Misses:         1928724    0.59%
L1-Store-Accesses:     326880713  100.00%

L1-Total-Hits:        8538040029   94.92%
L1-Total-Misses:       456810989    5.08%
L1-Total-Accesses:    8994851018  100.00%

L2 Cache Stats:
L2-Load-Hits:         305855810   67.24%
L2-Load-Misses:       149026455   32.76%
L2-Load-Accesses:     454882265  100.00%

L2-Store-Hits:           1499926   77.77%
L2-Store-Misses:          428798   22.23%
L2-Store-Accesses:       1928724  100.00%

L2-Total-Hits:         307355736   67.28%
L2-Total-Misses:       149455253   32.72%
L2-Total-Accesses:     456810989  100.00%

