--------
Total Statistics
--------
Total Instructions: 27912973132
Total Cycles: 39095219170
IPC: 0.713974

--------
Single level Tlb hierarchy
--------
  Data Tlb:
    Entries:          64
    Page Size(B):   4096
    Associativity:      4

Latencies:    0   50
Tlb-Sets:   16 - LRU - assoc:   4

Tlb Stats:
Tlb-Load-Hits:        7669273934  100.00%
Tlb-Load-Misses:           29649    0.00%
Tlb-Load-Accesses:    7669303583  100.00%

Tlb-Store-Hits:        2317371326  100.00%
Tlb-Store-Misses:             949    0.00%
Tlb-Store-Accesses:    2317372275  100.00%

Tlb-Total-Hits:        9986645260  100.00%
Tlb-Total-Misses:           30598    0.00%
Tlb-Total-Accesses:    9986675858  100.00%



--------
Two level Cache hierarchy
--------
  L1-Data Cache:
    Size(KB):          32
    Block Size(B):     64
    Associativity:      8

  L2-Data Cache:
    Size(KB):        1024
    Block Size(B):    128
    Associativity:      8

Latencies:    1   10  150
L1-Sets:   64 - LRU - assoc:   8
L2-Sets: 1024 - LRU - assoc:   8
Store_allocation: Yes
L2_inclusive: Yes
L2_prefetching: No

L1 Cache Stats:
L1-Load-Hits:        7603532724   99.14%
L1-Load-Misses:        65770859    0.86%
L1-Load-Accesses:    7669303583  100.00%

L1-Store-Hits:        2263911441   97.69%
L1-Store-Misses:        53460834    2.31%
L1-Store-Accesses:    2317372275  100.00%

L1-Total-Hits:        9867444165   98.81%
L1-Total-Misses:       119231693    1.19%
L1-Total-Accesses:    9986675858  100.00%

L2 Cache Stats:
L2-Load-Hits:          65768859  100.00%
L2-Load-Misses:            2000    0.00%
L2-Load-Accesses:      65770859  100.00%

L2-Store-Hits:          53451345   99.98%
L2-Store-Misses:            9489    0.02%
L2-Store-Accesses:      53460834  100.00%

L2-Total-Hits:         119220204   99.99%
L2-Total-Misses:           11489    0.01%
L2-Total-Accesses:     119231693  100.00%

