--------
Total Statistics
--------
Total Instructions: 27912973166
Total Cycles: 39102452423
IPC: 0.713842

--------
Single level Tlb hierarchy
--------
  Data Tlb:
    Entries:          64
    Page Size(B):   4096
    Associativity:      4

Latencies:    0   50
Tlb-Sets:   16 - LRU - assoc:   4

Tlb Stats:
Tlb-Load-Hits:        7669227160  100.00%
Tlb-Load-Misses:           76437    0.00%
Tlb-Load-Accesses:    7669303597  100.00%

Tlb-Store-Hits:        2317371848  100.00%
Tlb-Store-Misses:             432    0.00%
Tlb-Store-Accesses:    2317372280  100.00%

Tlb-Total-Hits:        9986599008  100.00%
Tlb-Total-Misses:           76869    0.00%
Tlb-Total-Accesses:    9986675877  100.00%



--------
Two level Cache hierarchy
--------
  L1-Data Cache:
    Size(KB):          32
    Block Size(B):     64
    Associativity:      8

  L2-Data Cache:
    Size(KB):        2048
    Block Size(B):     64
    Associativity:      8

Latencies:    1   10  150
L1-Sets:   64 - LRU - assoc:   8
L2-Sets: 4096 - LRU - assoc:   8
Store_allocation: Yes
L2_inclusive: Yes
L2_prefetching: No

L1 Cache Stats:
L1-Load-Hits:        7603484615   99.14%
L1-Load-Misses:        65818982    0.86%
L1-Load-Accesses:    7669303597  100.00%

L1-Store-Hits:        2263638604   97.68%
L1-Store-Misses:        53733676    2.32%
L1-Store-Accesses:    2317372280  100.00%

L1-Total-Hits:        9867123219   98.80%
L1-Total-Misses:       119552658    1.20%
L1-Total-Accesses:    9986675877  100.00%

L2 Cache Stats:
L2-Load-Hits:          65815799  100.00%
L2-Load-Misses:            3183    0.00%
L2-Load-Accesses:      65818982  100.00%

L2-Store-Hits:          53713970   99.96%
L2-Store-Misses:           19706    0.04%
L2-Store-Accesses:      53733676  100.00%

L2-Total-Hits:         119529769   99.98%
L2-Total-Misses:           22889    0.02%
L2-Total-Accesses:     119552658  100.00%

