--------
Total Statistics
--------
Total Instructions: 27912973132
Total Cycles: 39094075480
IPC: 0.713995

--------
Single level Tlb hierarchy
--------
  Data Tlb:
    Entries:          64
    Page Size(B):   4096
    Associativity:      4

Latencies:    0   50
Tlb-Sets:   16 - LRU - assoc:   4

Tlb Stats:
Tlb-Load-Hits:        7669297378  100.00%
Tlb-Load-Misses:            6205    0.00%
Tlb-Load-Accesses:    7669303583  100.00%

Tlb-Store-Hits:        2317371903  100.00%
Tlb-Store-Misses:             372    0.00%
Tlb-Store-Accesses:    2317372275  100.00%

Tlb-Total-Hits:        9986669281  100.00%
Tlb-Total-Misses:            6577    0.00%
Tlb-Total-Accesses:    9986675858  100.00%



--------
Two level Cache hierarchy
--------
  L1-Data Cache:
    Size(KB):          32
    Block Size(B):     64
    Associativity:      8

  L2-Data Cache:
    Size(KB):         512
    Block Size(B):    256
    Associativity:      8

Latencies:    1   10  150
L1-Sets:   64 - LRU - assoc:   8
L2-Sets:  256 - LRU - assoc:   8
Store_allocation: Yes
L2_inclusive: Yes
L2_prefetching: No

L1 Cache Stats:
L1-Load-Hits:        7603521258   99.14%
L1-Load-Misses:        65782325    0.86%
L1-Load-Accesses:    7669303583  100.00%

L1-Store-Hits:        2263831431   97.69%
L1-Store-Misses:        53540844    2.31%
L1-Store-Accesses:    2317372275  100.00%

L1-Total-Hits:        9867352689   98.81%
L1-Total-Misses:       119323169    1.19%
L1-Total-Accesses:    9986675858  100.00%

L2 Cache Stats:
L2-Load-Hits:          65781329  100.00%
L2-Load-Misses:             996    0.00%
L2-Load-Accesses:      65782325  100.00%

L2-Store-Hits:          53536067   99.99%
L2-Store-Misses:            4777    0.01%
L2-Store-Accesses:      53540844  100.00%

L2-Total-Hits:         119317396  100.00%
L2-Total-Misses:            5773    0.00%
L2-Total-Accesses:     119323169  100.00%

