--------
Total Statistics
--------
Total Instructions: 27912973166
Total Cycles: 39094169593
IPC: 0.713993

--------
Single level Tlb hierarchy
--------
  Data Tlb:
    Entries:          64
    Page Size(B):   4096
    Associativity:      4

Latencies:    0   50
Tlb-Sets:   16 - LRU - assoc:   4

Tlb Stats:
Tlb-Load-Hits:        7669303316  100.00%
Tlb-Load-Misses:             281    0.00%
Tlb-Load-Accesses:    7669303597  100.00%

Tlb-Store-Hits:        2317371841  100.00%
Tlb-Store-Misses:             439    0.00%
Tlb-Store-Accesses:    2317372280  100.00%

Tlb-Total-Hits:        9986675157  100.00%
Tlb-Total-Misses:             720    0.00%
Tlb-Total-Accesses:    9986675877  100.00%



--------
Two level Cache hierarchy
--------
  L1-Data Cache:
    Size(KB):          32
    Block Size(B):     64
    Associativity:      8

  L2-Data Cache:
    Size(KB):         256
    Block Size(B):    128
    Associativity:      4

Latencies:    1   10  150
L1-Sets:   64 - LRU - assoc:   8
L2-Sets:  512 - LRU - assoc:   4
Store_allocation: Yes
L2_inclusive: Yes
L2_prefetching: No

L1 Cache Stats:
L1-Load-Hits:        7603378670   99.14%
L1-Load-Misses:        65924927    0.86%
L1-Load-Accesses:    7669303597  100.00%

L1-Store-Hits:        2264022002   97.70%
L1-Store-Misses:        53350278    2.30%
L1-Store-Accesses:    2317372280  100.00%

L1-Total-Hits:        9867400672   98.81%
L1-Total-Misses:       119275205    1.19%
L1-Total-Accesses:    9986675877  100.00%

L2 Cache Stats:
L2-Load-Hits:          65922903  100.00%
L2-Load-Misses:            2024    0.00%
L2-Load-Accesses:      65924927  100.00%

L2-Store-Hits:          53340752   99.98%
L2-Store-Misses:            9526    0.02%
L2-Store-Accesses:      53350278  100.00%

L2-Total-Hits:         119263655   99.99%
L2-Total-Misses:           11550    0.01%
L2-Total-Accesses:     119275205  100.00%

