--------
Total Statistics
--------
Total Instructions: 27912973132
Total Cycles: 39096325710
IPC: 0.713954

--------
Single level Tlb hierarchy
--------
  Data Tlb:
    Entries:          64
    Page Size(B):   4096
    Associativity:      4

Latencies:    0   50
Tlb-Sets:   16 - LRU - assoc:   4

Tlb Stats:
Tlb-Load-Hits:        7669296951  100.00%
Tlb-Load-Misses:            6632    0.00%
Tlb-Load-Accesses:    7669303583  100.00%

Tlb-Store-Hits:        2317371895  100.00%
Tlb-Store-Misses:             380    0.00%
Tlb-Store-Accesses:    2317372275  100.00%

Tlb-Total-Hits:        9986668846  100.00%
Tlb-Total-Misses:            7012    0.00%
Tlb-Total-Accesses:    9986675858  100.00%



--------
Two level Cache hierarchy
--------
  L1-Data Cache:
    Size(KB):          32
    Block Size(B):     64
    Associativity:      8

  L2-Data Cache:
    Size(KB):        2048
    Block Size(B):    128
    Associativity:     16

Latencies:    1   10  150
L1-Sets:   64 - LRU - assoc:   8
L2-Sets: 1024 - LRU - assoc:  16
Store_allocation: Yes
L2_inclusive: Yes
L2_prefetching: No

L1 Cache Stats:
L1-Load-Hits:        7603312548   99.14%
L1-Load-Misses:        65991035    0.86%
L1-Load-Accesses:    7669303583  100.00%

L1-Store-Hits:        2263902958   97.69%
L1-Store-Misses:        53469317    2.31%
L1-Store-Accesses:    2317372275  100.00%

L1-Total-Hits:        9867215506   98.80%
L1-Total-Misses:       119460352    1.20%
L1-Total-Accesses:    9986675858  100.00%

L2 Cache Stats:
L2-Load-Hits:          65989041  100.00%
L2-Load-Misses:            1994    0.00%
L2-Load-Accesses:      65991035  100.00%

L2-Store-Hits:          53459827   99.98%
L2-Store-Misses:            9490    0.02%
L2-Store-Accesses:      53469317  100.00%

L2-Total-Hits:         119448868   99.99%
L2-Total-Misses:           11484    0.01%
L2-Total-Accesses:     119460352  100.00%

