--------
Total Statistics
--------
Total Instructions: 27912973166
Total Cycles: 39102203943
IPC: 0.713847

--------
Single level Tlb hierarchy
--------
  Data Tlb:
    Entries:          64
    Page Size(B):   4096
    Associativity:      4

Latencies:    0   50
Tlb-Sets:   16 - LRU - assoc:   4

Tlb Stats:
Tlb-Load-Hits:        7669200361  100.00%
Tlb-Load-Misses:          103236    0.00%
Tlb-Load-Accesses:    7669303597  100.00%

Tlb-Store-Hits:        2317371719  100.00%
Tlb-Store-Misses:             561    0.00%
Tlb-Store-Accesses:    2317372280  100.00%

Tlb-Total-Hits:        9986572080  100.00%
Tlb-Total-Misses:          103797    0.00%
Tlb-Total-Accesses:    9986675877  100.00%



--------
Two level Cache hierarchy
--------
  L1-Data Cache:
    Size(KB):          32
    Block Size(B):     64
    Associativity:      8

  L2-Data Cache:
    Size(KB):         512
    Block Size(B):    128
    Associativity:      8

Latencies:    1   10  150
L1-Sets:   64 - LRU - assoc:   8
L2-Sets:  512 - LRU - assoc:   8
Store_allocation: Yes
L2_inclusive: Yes
L2_prefetching: No

L1 Cache Stats:
L1-Load-Hits:        7603467604   99.14%
L1-Load-Misses:        65835993    0.86%
L1-Load-Accesses:    7669303597  100.00%

L1-Store-Hits:        2263644133   97.68%
L1-Store-Misses:        53728147    2.32%
L1-Store-Accesses:    2317372280  100.00%

L1-Total-Hits:        9867111737   98.80%
L1-Total-Misses:       119564140    1.20%
L1-Total-Accesses:    9986675877  100.00%

L2 Cache Stats:
L2-Load-Hits:          65833994  100.00%
L2-Load-Misses:            1999    0.00%
L2-Load-Accesses:      65835993  100.00%

L2-Store-Hits:          53718655   99.98%
L2-Store-Misses:            9492    0.02%
L2-Store-Accesses:      53728147  100.00%

L2-Total-Hits:         119552649   99.99%
L2-Total-Misses:           11491    0.01%
L2-Total-Accesses:     119564140  100.00%

