--------
Total Statistics
--------
Total Instructions: 27912973132
Total Cycles: 39103541860
IPC: 0.713822

--------
Single level Tlb hierarchy
--------
  Data Tlb:
    Entries:          64
    Page Size(B):   4096
    Associativity:      4

Latencies:    0   50
Tlb-Sets:   16 - LRU - assoc:   4

Tlb Stats:
Tlb-Load-Hits:        7669224358  100.00%
Tlb-Load-Misses:           79225    0.00%
Tlb-Load-Accesses:    7669303583  100.00%

Tlb-Store-Hits:        2317371811  100.00%
Tlb-Store-Misses:             464    0.00%
Tlb-Store-Accesses:    2317372275  100.00%

Tlb-Total-Hits:        9986596169  100.00%
Tlb-Total-Misses:           79689    0.00%
Tlb-Total-Accesses:    9986675858  100.00%



--------
Two level Cache hierarchy
--------
  L1-Data Cache:
    Size(KB):          32
    Block Size(B):     64
    Associativity:      8

  L2-Data Cache:
    Size(KB):        2048
    Block Size(B):    128
    Associativity:      8

Latencies:    1   10  150
L1-Sets:   64 - LRU - assoc:   8
L2-Sets: 2048 - LRU - assoc:   8
Store_allocation: Yes
L2_inclusive: Yes
L2_prefetching: No

L1 Cache Stats:
L1-Load-Hits:        7603295941   99.14%
L1-Load-Misses:        66007642    0.86%
L1-Load-Accesses:    7669303583  100.00%

L1-Store-Hits:        2263561305   97.68%
L1-Store-Misses:        53810970    2.32%
L1-Store-Accesses:    2317372275  100.00%

L1-Total-Hits:        9866857246   98.80%
L1-Total-Misses:       119818612    1.20%
L1-Total-Accesses:    9986675858  100.00%

L2 Cache Stats:
L2-Load-Hits:          66005648  100.00%
L2-Load-Misses:            1994    0.00%
L2-Load-Accesses:      66007642  100.00%

L2-Store-Hits:          53801482   99.98%
L2-Store-Misses:            9488    0.02%
L2-Store-Accesses:      53810970  100.00%

L2-Total-Hits:         119807130   99.99%
L2-Total-Misses:           11482    0.01%
L2-Total-Accesses:     119818612  100.00%

