--------
Total Statistics
--------
Total Instructions: 27912973132
Total Cycles: 39098040120
IPC: 0.713923

--------
Single level Tlb hierarchy
--------
  Data Tlb:
    Entries:          64
    Page Size(B):   4096
    Associativity:      4

Latencies:    0   50
Tlb-Sets:   16 - LRU - assoc:   4

Tlb Stats:
Tlb-Load-Hits:        7669280880  100.00%
Tlb-Load-Misses:           22703    0.00%
Tlb-Load-Accesses:    7669303583  100.00%

Tlb-Store-Hits:        2317371905  100.00%
Tlb-Store-Misses:             370    0.00%
Tlb-Store-Accesses:    2317372275  100.00%

Tlb-Total-Hits:        9986652785  100.00%
Tlb-Total-Misses:           23073    0.00%
Tlb-Total-Accesses:    9986675858  100.00%



--------
Two level Cache hierarchy
--------
  L1-Data Cache:
    Size(KB):          32
    Block Size(B):     64
    Associativity:      8

  L2-Data Cache:
    Size(KB):         512
    Block Size(B):     64
    Associativity:      8

Latencies:    1   10  150
L1-Sets:   64 - LRU - assoc:   8
L2-Sets: 1024 - LRU - assoc:   8
Store_allocation: Yes
L2_inclusive: Yes
L2_prefetching: No

L1 Cache Stats:
L1-Load-Hits:        7603476897   99.14%
L1-Load-Misses:        65826686    0.86%
L1-Load-Accesses:    7669303583  100.00%

L1-Store-Hits:        2263818818   97.69%
L1-Store-Misses:        53553457    2.31%
L1-Store-Accesses:    2317372275  100.00%

L1-Total-Hits:        9867295715   98.80%
L1-Total-Misses:       119380143    1.20%
L1-Total-Accesses:    9986675858  100.00%

L2 Cache Stats:
L2-Load-Hits:          65823491  100.00%
L2-Load-Misses:            3195    0.00%
L2-Load-Accesses:      65826686  100.00%

L2-Store-Hits:          53533745   99.96%
L2-Store-Misses:           19712    0.04%
L2-Store-Accesses:      53553457  100.00%

L2-Total-Hits:         119357236   99.98%
L2-Total-Misses:           22907    0.02%
L2-Total-Accesses:     119380143  100.00%

