--------
Total Statistics
--------
Total Instructions: 27912973132
Total Cycles: 39104634790
IPC: 0.713802

--------
Single level Tlb hierarchy
--------
  Data Tlb:
    Entries:          64
    Page Size(B):   4096
    Associativity:      4

Latencies:    0   50
Tlb-Sets:   16 - LRU - assoc:   4

Tlb Stats:
Tlb-Load-Hits:        7669188441  100.00%
Tlb-Load-Misses:          115142    0.00%
Tlb-Load-Accesses:    7669303583  100.00%

Tlb-Store-Hits:        2317371898  100.00%
Tlb-Store-Misses:             377    0.00%
Tlb-Store-Accesses:    2317372275  100.00%

Tlb-Total-Hits:        9986560339  100.00%
Tlb-Total-Misses:          115519    0.00%
Tlb-Total-Accesses:    9986675858  100.00%



--------
Two level Cache hierarchy
--------
  L1-Data Cache:
    Size(KB):          32
    Block Size(B):     64
    Associativity:      8

  L2-Data Cache:
    Size(KB):        1024
    Block Size(B):    128
    Associativity:     16

Latencies:    1   10  150
L1-Sets:   64 - LRU - assoc:   8
L2-Sets:  512 - LRU - assoc:  16
Store_allocation: Yes
L2_inclusive: Yes
L2_prefetching: No

L1 Cache Stats:
L1-Load-Hits:        7603394352   99.14%
L1-Load-Misses:        65909231    0.86%
L1-Load-Accesses:    7669303583  100.00%

L1-Store-Hits:        2263532841   97.68%
L1-Store-Misses:        53839434    2.32%
L1-Store-Accesses:    2317372275  100.00%

L1-Total-Hits:        9866927193   98.80%
L1-Total-Misses:       119748665    1.20%
L1-Total-Accesses:    9986675858  100.00%

L2 Cache Stats:
L2-Load-Hits:          65907232  100.00%
L2-Load-Misses:            1999    0.00%
L2-Load-Accesses:      65909231  100.00%

L2-Store-Hits:          53829945   99.98%
L2-Store-Misses:            9489    0.02%
L2-Store-Accesses:      53839434  100.00%

L2-Total-Hits:         119737177   99.99%
L2-Total-Misses:           11488    0.01%
L2-Total-Accesses:     119748665  100.00%

