--------
Total Statistics
--------
Total Instructions: 27912973132
Total Cycles: 39101970830
IPC: 0.713851

--------
Single level Tlb hierarchy
--------
  Data Tlb:
    Entries:          64
    Page Size(B):   4096
    Associativity:      4

Latencies:    0   50
Tlb-Sets:   16 - LRU - assoc:   4

Tlb Stats:
Tlb-Load-Hits:        7669222213  100.00%
Tlb-Load-Misses:           81370    0.00%
Tlb-Load-Accesses:    7669303583  100.00%

Tlb-Store-Hits:        2317371707  100.00%
Tlb-Store-Misses:             568    0.00%
Tlb-Store-Accesses:    2317372275  100.00%

Tlb-Total-Hits:        9986593920  100.00%
Tlb-Total-Misses:           81938    0.00%
Tlb-Total-Accesses:    9986675858  100.00%



--------
Two level Cache hierarchy
--------
  L1-Data Cache:
    Size(KB):          32
    Block Size(B):     64
    Associativity:      8

  L2-Data Cache:
    Size(KB):         512
    Block Size(B):    128
    Associativity:      4

Latencies:    1   10  150
L1-Sets:   64 - LRU - assoc:   8
L2-Sets: 1024 - LRU - assoc:   4
Store_allocation: Yes
L2_inclusive: Yes
L2_prefetching: No

L1 Cache Stats:
L1-Load-Hits:        7603449352   99.14%
L1-Load-Misses:        65854231    0.86%
L1-Load-Accesses:    7669303583  100.00%

L1-Store-Hits:        2263576377   97.68%
L1-Store-Misses:        53795898    2.32%
L1-Store-Accesses:    2317372275  100.00%

L1-Total-Hits:        9867025729   98.80%
L1-Total-Misses:       119650129    1.20%
L1-Total-Accesses:    9986675858  100.00%

L2 Cache Stats:
L2-Load-Hits:          65852231  100.00%
L2-Load-Misses:            2000    0.00%
L2-Load-Accesses:      65854231  100.00%

L2-Store-Hits:          53786407   99.98%
L2-Store-Misses:            9491    0.02%
L2-Store-Accesses:      53795898  100.00%

L2-Total-Hits:         119638638   99.99%
L2-Total-Misses:           11491    0.01%
L2-Total-Accesses:     119650129  100.00%

