--------
Total Statistics
--------
Total Instructions: 2172104973
Total Cycles: 4811658110
IPC: 0.451425

--------
Single level Tlb hierarchy
--------
  Data Tlb:
    Entries:          64
    Page Size(B):   4096
    Associativity:      4

Latencies:    0   50
Tlb-Sets:   16 - LRU - assoc:   4

Tlb Stats:
Tlb-Load-Hits:         567190105   94.21%
Tlb-Load-Misses:        34832925    5.79%
Tlb-Load-Accesses:     602023030  100.00%

Tlb-Store-Hits:         130400606   99.68%
Tlb-Store-Misses:          421501    0.32%
Tlb-Store-Accesses:     130822107  100.00%

Tlb-Total-Hits:         697590711   95.19%
Tlb-Total-Misses:        35254426    4.81%
Tlb-Total-Accesses:     732845137  100.00%



--------
Two level Cache hierarchy
--------
  L1-Data Cache:
    Size(KB):          32
    Block Size(B):     64
    Associativity:      8

  L2-Data Cache:
    Size(KB):        1024
    Block Size(B):    128
    Associativity:      8

Latencies:    1   10  150
L1-Sets:   64 - LRU - assoc:   8
L2-Sets: 1024 - LRU - assoc:   8
Store_allocation: Yes
L2_inclusive: Yes
L2_prefetching: Yes (  1)

L1 Cache Stats:
L1-Load-Hits:         598902476   99.48%
L1-Load-Misses:         3120554    0.52%
L1-Load-Accesses:     602023030  100.00%

L1-Store-Hits:         130298091   99.60%
L1-Store-Misses:          524016    0.40%
L1-Store-Accesses:     130822107  100.00%

L1-Total-Hits:         729200567   99.50%
L1-Total-Misses:         3644570    0.50%
L1-Total-Accesses:     732845137  100.00%

L2 Cache Stats:
L2-Load-Hits:           2506118   80.31%
L2-Load-Misses:          614436   19.69%
L2-Load-Accesses:       3120554  100.00%

L2-Store-Hits:            421512   80.44%
L2-Store-Misses:          102504   19.56%
L2-Store-Accesses:        524016  100.00%

L2-Total-Hits:           2927630   80.33%
L2-Total-Misses:          716940   19.67%
L2-Total-Accesses:       3644570  100.00%

