--------
Total Statistics
--------
Total Instructions: 2172105007
Total Cycles: 4704142523
IPC: 0.461743

--------
Single level Tlb hierarchy
--------
  Data Tlb:
    Entries:          64
    Page Size(B):   4096
    Associativity:      4

Latencies:    0   50
Tlb-Sets:   16 - LRU - assoc:   4

Tlb Stats:
Tlb-Load-Hits:         567190124   94.21%
Tlb-Load-Misses:        34832920    5.79%
Tlb-Load-Accesses:     602023044  100.00%

Tlb-Store-Hits:         130400611   99.68%
Tlb-Store-Misses:          421501    0.32%
Tlb-Store-Accesses:     130822112  100.00%

Tlb-Total-Hits:         697590735   95.19%
Tlb-Total-Misses:        35254421    4.81%
Tlb-Total-Accesses:     732845156  100.00%



--------
Two level Cache hierarchy
--------
  L1-Data Cache:
    Size(KB):          32
    Block Size(B):     64
    Associativity:      8

  L2-Data Cache:
    Size(KB):        1024
    Block Size(B):    128
    Associativity:      8

Latencies:    1   10  150
L1-Sets:   64 - LRU - assoc:   8
L2-Sets: 1024 - LRU - assoc:   8
Store_allocation: Yes
L2_inclusive: Yes
L2_prefetching: Yes ( 32)

L1 Cache Stats:
L1-Load-Hits:         599450740   99.57%
L1-Load-Misses:         2572304    0.43%
L1-Load-Accesses:     602023044  100.00%

L1-Store-Hits:         130404960   99.68%
L1-Store-Misses:          417152    0.32%
L1-Store-Accesses:     130822112  100.00%

L1-Total-Hits:         729855700   99.59%
L1-Total-Misses:         2989456    0.41%
L1-Total-Accesses:     732845156  100.00%

L2 Cache Stats:
L2-Load-Hits:           2534763   98.54%
L2-Load-Misses:           37541    1.46%
L2-Load-Accesses:       2572304  100.00%

L2-Store-Hits:            410848   98.49%
L2-Store-Misses:            6304    1.51%
L2-Store-Accesses:        417152  100.00%

L2-Total-Hits:           2945611   98.53%
L2-Total-Misses:           43845    1.47%
L2-Total-Accesses:       2989456  100.00%

