--------
Total Statistics
--------
Total Instructions: 2172104973
Total Cycles: 4745181180
IPC: 0.45775

--------
Single level Tlb hierarchy
--------
  Data Tlb:
    Entries:          64
    Page Size(B):   4096
    Associativity:      4

Latencies:    0   50
Tlb-Sets:   16 - LRU - assoc:   4

Tlb Stats:
Tlb-Load-Hits:         567190305   94.21%
Tlb-Load-Misses:        34832725    5.79%
Tlb-Load-Accesses:     602023030  100.00%

Tlb-Store-Hits:         130400706   99.68%
Tlb-Store-Misses:          421401    0.32%
Tlb-Store-Accesses:     130822107  100.00%

Tlb-Total-Hits:         697591011   95.19%
Tlb-Total-Misses:        35254126    4.81%
Tlb-Total-Accesses:     732845137  100.00%



--------
Two level Cache hierarchy
--------
  L1-Data Cache:
    Size(KB):          32
    Block Size(B):     64
    Associativity:      8

  L2-Data Cache:
    Size(KB):        1024
    Block Size(B):    128
    Associativity:      8

Latencies:    1   10  150
L1-Sets:   64 - LRU - assoc:   8
L2-Sets: 1024 - LRU - assoc:   8
Store_allocation: Yes
L2_inclusive: Yes
L2_prefetching: Yes (  4)

L1 Cache Stats:
L1-Load-Hits:         598995574   99.50%
L1-Load-Misses:         3027456    0.50%
L1-Load-Accesses:     602023030  100.00%

L1-Store-Hits:         130399686   99.68%
L1-Store-Misses:          422421    0.32%
L1-Store-Accesses:     130822107  100.00%

L1-Total-Hits:         729395260   99.53%
L1-Total-Misses:         3449877    0.47%
L1-Total-Accesses:     732845137  100.00%

L2 Cache Stats:
L2-Load-Hits:           2781619   91.88%
L2-Load-Misses:          245837    8.12%
L2-Load-Accesses:       3027456  100.00%

L2-Store-Hits:            381418   90.29%
L2-Store-Misses:           41003    9.71%
L2-Store-Accesses:        422421  100.00%

L2-Total-Hits:           3163037   91.69%
L2-Total-Misses:          286840    8.31%
L2-Total-Accesses:       3449877  100.00%

