--------
Total Statistics
--------
Total Instructions: 2172104973
Total Cycles: 4723431620
IPC: 0.459857

--------
Single level Tlb hierarchy
--------
  Data Tlb:
    Entries:          64
    Page Size(B):   4096
    Associativity:      4

Latencies:    0   50
Tlb-Sets:   16 - LRU - assoc:   4

Tlb Stats:
Tlb-Load-Hits:         567190306   94.21%
Tlb-Load-Misses:        34832724    5.79%
Tlb-Load-Accesses:     602023030  100.00%

Tlb-Store-Hits:         130400606   99.68%
Tlb-Store-Misses:          421501    0.32%
Tlb-Store-Accesses:     130822107  100.00%

Tlb-Total-Hits:         697590912   95.19%
Tlb-Total-Misses:        35254225    4.81%
Tlb-Total-Accesses:     732845137  100.00%



--------
Two level Cache hierarchy
--------
  L1-Data Cache:
    Size(KB):          32
    Block Size(B):     64
    Associativity:      8

  L2-Data Cache:
    Size(KB):        1024
    Block Size(B):    128
    Associativity:      8

Latencies:    1   10  150
L1-Sets:   64 - LRU - assoc:   8
L2-Sets: 1024 - LRU - assoc:   8
Store_allocation: Yes
L2_inclusive: Yes
L2_prefetching: Yes (  8)

L1 Cache Stats:
L1-Load-Hits:         599247939   99.54%
L1-Load-Misses:         2775091    0.46%
L1-Load-Accesses:     602023030  100.00%

L1-Store-Hits:         130411742   99.69%
L1-Store-Misses:          410365    0.31%
L1-Store-Accesses:     130822107  100.00%

L1-Total-Hits:         729659681   99.57%
L1-Total-Misses:         3185456    0.43%
L1-Total-Accesses:     732845137  100.00%

L2 Cache Stats:
L2-Load-Hits:           2638456   95.08%
L2-Load-Misses:          136635    4.92%
L2-Load-Accesses:       2775091  100.00%

L2-Store-Hits:            387562   94.44%
L2-Store-Misses:           22803    5.56%
L2-Store-Accesses:        410365  100.00%

L2-Total-Hits:           3026018   94.99%
L2-Total-Misses:          159438    5.01%
L2-Total-Accesses:       3185456  100.00%

