--------
Total Statistics
--------
Total Instructions: 2172105007
Total Cycles: 4700415043
IPC: 0.462109

--------
Single level Tlb hierarchy
--------
  Data Tlb:
    Entries:          64
    Page Size(B):   4096
    Associativity:      4

Latencies:    0   50
Tlb-Sets:   16 - LRU - assoc:   4

Tlb Stats:
Tlb-Load-Hits:         567190121   94.21%
Tlb-Load-Misses:        34832923    5.79%
Tlb-Load-Accesses:     602023044  100.00%

Tlb-Store-Hits:         130400611   99.68%
Tlb-Store-Misses:          421501    0.32%
Tlb-Store-Accesses:     130822112  100.00%

Tlb-Total-Hits:         697590732   95.19%
Tlb-Total-Misses:        35254424    4.81%
Tlb-Total-Accesses:     732845156  100.00%



--------
Two level Cache hierarchy
--------
  L1-Data Cache:
    Size(KB):          32
    Block Size(B):     64
    Associativity:      8

  L2-Data Cache:
    Size(KB):        1024
    Block Size(B):    128
    Associativity:      8

Latencies:    1   10  150
L1-Sets:   64 - LRU - assoc:   8
L2-Sets: 1024 - LRU - assoc:   8
Store_allocation: Yes
L2_inclusive: Yes
L2_prefetching: Yes ( 64)

L1 Cache Stats:
L1-Load-Hits:         599503351   99.58%
L1-Load-Misses:         2519693    0.42%
L1-Load-Accesses:     602023044  100.00%

L1-Store-Hits:         130408432   99.68%
L1-Store-Misses:          413680    0.32%
L1-Store-Accesses:     130822112  100.00%

L1-Total-Hits:         729911783   99.60%
L1-Total-Misses:         2933373    0.40%
L1-Total-Accesses:     732845156  100.00%

L2 Cache Stats:
L2-Load-Hits:           2500262   99.23%
L2-Load-Misses:           19431    0.77%
L2-Load-Accesses:       2519693  100.00%

L2-Store-Hits:            410378   99.20%
L2-Store-Misses:            3302    0.80%
L2-Store-Accesses:        413680  100.00%

L2-Total-Hits:           2910640   99.23%
L2-Total-Misses:           22733    0.77%
L2-Total-Accesses:       2933373  100.00%

