--------
Total Statistics
--------
Total Instructions: 2172105007
Total Cycles: 4709450903
IPC: 0.461223

--------
Single level Tlb hierarchy
--------
  Data Tlb:
    Entries:          64
    Page Size(B):   4096
    Associativity:      4

Latencies:    0   50
Tlb-Sets:   16 - LRU - assoc:   4

Tlb Stats:
Tlb-Load-Hits:         567190320   94.21%
Tlb-Load-Misses:        34832724    5.79%
Tlb-Load-Accesses:     602023044  100.00%

Tlb-Store-Hits:         130400611   99.68%
Tlb-Store-Misses:          421501    0.32%
Tlb-Store-Accesses:     130822112  100.00%

Tlb-Total-Hits:         697590931   95.19%
Tlb-Total-Misses:        35254225    4.81%
Tlb-Total-Accesses:     732845156  100.00%



--------
Two level Cache hierarchy
--------
  L1-Data Cache:
    Size(KB):          32
    Block Size(B):     64
    Associativity:      8

  L2-Data Cache:
    Size(KB):        1024
    Block Size(B):    128
    Associativity:      8

Latencies:    1   10  150
L1-Sets:   64 - LRU - assoc:   8
L2-Sets: 1024 - LRU - assoc:   8
Store_allocation: Yes
L2_inclusive: Yes
L2_prefetching: Yes ( 16)

L1 Cache Stats:
L1-Load-Hits:         599501267   99.58%
L1-Load-Misses:         2521777    0.42%
L1-Load-Accesses:     602023044  100.00%

L1-Store-Hits:         130433010   99.70%
L1-Store-Misses:          389102    0.30%
L1-Store-Accesses:     130822112  100.00%

L1-Total-Hits:         729934277   99.60%
L1-Total-Misses:         2910879    0.40%
L1-Total-Accesses:     732845156  100.00%

L2 Cache Stats:
L2-Load-Hits:           2449342   97.13%
L2-Load-Misses:           72435    2.87%
L2-Load-Accesses:       2521777  100.00%

L2-Store-Hits:            376999   96.89%
L2-Store-Misses:           12103    3.11%
L2-Store-Accesses:        389102  100.00%

L2-Total-Hits:           2826341   97.10%
L2-Total-Misses:           84538    2.90%
L2-Total-Accesses:       2910879  100.00%

