--------
Total Statistics
--------
Total Instructions: 11723409626
Total Cycles: 16306943671
IPC: 0.718921

--------
Single level Tlb hierarchy
--------
  Data Tlb:
    Entries:          64
    Page Size(B):   4096
    Associativity:      4

Latencies:    0   50
Tlb-Sets:   16 - LRU - assoc:   4

Tlb Stats:
Tlb-Load-Hits:        2184705778   99.39%
Tlb-Load-Misses:        13507210    0.61%
Tlb-Load-Accesses:    2198212988  100.00%

Tlb-Store-Hits:         516241674   99.97%
Tlb-Store-Misses:          180653    0.03%
Tlb-Store-Accesses:     516422327  100.00%

Tlb-Total-Hits:        2700947452   99.50%
Tlb-Total-Misses:        13687863    0.50%
Tlb-Total-Accesses:    2714635315  100.00%



--------
Two level Cache hierarchy
--------
  L1-Data Cache:
    Size(KB):          32
    Block Size(B):     64
    Associativity:      8

  L2-Data Cache:
    Size(KB):        1024
    Block Size(B):    128
    Associativity:      8

Latencies:    1   10  150
L1-Sets:   64 - LRU - assoc:   8
L2-Sets: 1024 - LRU - assoc:   8
Store_allocation: Yes
L2_inclusive: Yes
L2_prefetching: Yes ( 64)

L1 Cache Stats:
L1-Load-Hits:        2086629875   94.92%
L1-Load-Misses:       111583113    5.08%
L1-Load-Accesses:    2198212988  100.00%

L1-Store-Hits:         510667297   98.89%
L1-Store-Misses:         5755030    1.11%
L1-Store-Accesses:     516422327  100.00%

L1-Total-Hits:        2597297172   95.68%
L1-Total-Misses:       117338143    4.32%
L1-Total-Accesses:    2714635315  100.00%

L2 Cache Stats:
L2-Load-Hits:         111559455   99.98%
L2-Load-Misses:           23658    0.02%
L2-Load-Accesses:     111583113  100.00%

L2-Store-Hits:           5704527   99.12%
L2-Store-Misses:           50503    0.88%
L2-Store-Accesses:       5755030  100.00%

L2-Total-Hits:         117263982   99.94%
L2-Total-Misses:           74161    0.06%
L2-Total-Accesses:     117338143  100.00%

