--------
Total Statistics
--------
Total Instructions: 11723409626
Total Cycles: 16374346051
IPC: 0.715962

--------
Single level Tlb hierarchy
--------
  Data Tlb:
    Entries:          64
    Page Size(B):   4096
    Associativity:      4

Latencies:    0   50
Tlb-Sets:   16 - LRU - assoc:   4

Tlb Stats:
Tlb-Load-Hits:        2184724000   99.39%
Tlb-Load-Misses:        13488988    0.61%
Tlb-Load-Accesses:    2198212988  100.00%

Tlb-Store-Hits:         516161003   99.95%
Tlb-Store-Misses:          261324    0.05%
Tlb-Store-Accesses:     516422327  100.00%

Tlb-Total-Hits:        2700885003   99.49%
Tlb-Total-Misses:        13750312    0.51%
Tlb-Total-Accesses:    2714635315  100.00%



--------
Two level Cache hierarchy
--------
  L1-Data Cache:
    Size(KB):          32
    Block Size(B):     64
    Associativity:      8

  L2-Data Cache:
    Size(KB):        1024
    Block Size(B):    128
    Associativity:      8

Latencies:    1   10  150
L1-Sets:   64 - LRU - assoc:   8
L2-Sets: 1024 - LRU - assoc:   8
Store_allocation: Yes
L2_inclusive: Yes
L2_prefetching: Yes (  2)

L1 Cache Stats:
L1-Load-Hits:        2086413528   94.91%
L1-Load-Misses:       111799460    5.09%
L1-Load-Accesses:    2198212988  100.00%

L1-Store-Hits:         510598436   98.87%
L1-Store-Misses:         5823891    1.13%
L1-Store-Accesses:     516422327  100.00%

L1-Total-Hits:        2597011964   95.67%
L1-Total-Misses:       117623351    4.33%
L1-Total-Accesses:    2714635315  100.00%

L2 Cache Stats:
L2-Load-Hits:         111541784   99.77%
L2-Load-Misses:          257676    0.23%
L2-Load-Accesses:     111799460  100.00%

L2-Store-Hits:           5597887   96.12%
L2-Store-Misses:          226004    3.88%
L2-Store-Accesses:       5823891  100.00%

L2-Total-Hits:         117139671   99.59%
L2-Total-Misses:          483680    0.41%
L2-Total-Accesses:     117623351  100.00%

