--------
Total Statistics
--------
Total Instructions: 11723409660
Total Cycles: 16395708584
IPC: 0.715029

--------
Single level Tlb hierarchy
--------
  Data Tlb:
    Entries:          64
    Page Size(B):   4096
    Associativity:      4

Latencies:    0   50
Tlb-Sets:   16 - LRU - assoc:   4

Tlb Stats:
Tlb-Load-Hits:        2184782638   99.39%
Tlb-Load-Misses:        13430364    0.61%
Tlb-Load-Accesses:    2198213002  100.00%

Tlb-Store-Hits:         516241950   99.97%
Tlb-Store-Misses:          180382    0.03%
Tlb-Store-Accesses:     516422332  100.00%

Tlb-Total-Hits:        2701024588   99.50%
Tlb-Total-Misses:        13610746    0.50%
Tlb-Total-Accesses:    2714635334  100.00%



--------
Two level Cache hierarchy
--------
  L1-Data Cache:
    Size(KB):          32
    Block Size(B):     64
    Associativity:      8

  L2-Data Cache:
    Size(KB):        1024
    Block Size(B):    128
    Associativity:      8

Latencies:    1   10  150
L1-Sets:   64 - LRU - assoc:   8
L2-Sets: 1024 - LRU - assoc:   8
Store_allocation: Yes
L2_inclusive: Yes
L2_prefetching: Yes (  1)

L1 Cache Stats:
L1-Load-Hits:        2086364072   94.91%
L1-Load-Misses:       111848930    5.09%
L1-Load-Accesses:    2198213002  100.00%

L1-Store-Hits:         510240008   98.80%
L1-Store-Misses:         6182324    1.20%
L1-Store-Accesses:     516422332  100.00%

L1-Total-Hits:        2596604080   95.65%
L1-Total-Misses:       118031254    4.35%
L1-Total-Accesses:    2714635334  100.00%

L2 Cache Stats:
L2-Load-Hits:         111500747   99.69%
L2-Load-Misses:          348183    0.31%
L2-Load-Accesses:     111848930  100.00%

L2-Store-Hits:           5885082   95.19%
L2-Store-Misses:          297242    4.81%
L2-Store-Accesses:       6182324  100.00%

L2-Total-Hits:         117385829   99.45%
L2-Total-Misses:          645425    0.55%
L2-Total-Accesses:     118031254  100.00%

