--------
Total Statistics
--------
Total Instructions: 11723409626
Total Cycles: 16341443401
IPC: 0.717404

--------
Single level Tlb hierarchy
--------
  Data Tlb:
    Entries:          64
    Page Size(B):   4096
    Associativity:      4

Latencies:    0   50
Tlb-Sets:   16 - LRU - assoc:   4

Tlb Stats:
Tlb-Load-Hits:        2184741353   99.39%
Tlb-Load-Misses:        13471635    0.61%
Tlb-Load-Accesses:    2198212988  100.00%

Tlb-Store-Hits:         516242101   99.97%
Tlb-Store-Misses:          180226    0.03%
Tlb-Store-Accesses:     516422327  100.00%

Tlb-Total-Hits:        2700983454   99.50%
Tlb-Total-Misses:        13651861    0.50%
Tlb-Total-Accesses:    2714635315  100.00%



--------
Two level Cache hierarchy
--------
  L1-Data Cache:
    Size(KB):          32
    Block Size(B):     64
    Associativity:      8

  L2-Data Cache:
    Size(KB):        1024
    Block Size(B):    128
    Associativity:      8

Latencies:    1   10  150
L1-Sets:   64 - LRU - assoc:   8
L2-Sets: 1024 - LRU - assoc:   8
Store_allocation: Yes
L2_inclusive: Yes
L2_prefetching: Yes (  4)

L1 Cache Stats:
L1-Load-Hits:        2086639672   94.92%
L1-Load-Misses:       111573316    5.08%
L1-Load-Accesses:    2198212988  100.00%

L1-Store-Hits:         510463402   98.85%
L1-Store-Misses:         5958925    1.15%
L1-Store-Accesses:     516422327  100.00%

L1-Total-Hits:        2597103074   95.67%
L1-Total-Misses:       117532241    4.33%
L1-Total-Accesses:    2714635315  100.00%

L2 Cache Stats:
L2-Load-Hits:         111398700   99.84%
L2-Load-Misses:          174616    0.16%
L2-Load-Accesses:     111573316  100.00%

L2-Store-Hits:           5830321   97.84%
L2-Store-Misses:          128604    2.16%
L2-Store-Accesses:       5958925  100.00%

L2-Total-Hits:         117229021   99.74%
L2-Total-Misses:          303220    0.26%
L2-Total-Accesses:     117532241  100.00%

