--------
Total Statistics
--------
Total Instructions: 11723416818
Total Cycles: 16326717427
IPC: 0.718051

--------
Single level Tlb hierarchy
--------
  Data Tlb:
    Entries:          64
    Page Size(B):   4096
    Associativity:      4

Latencies:    0   50
Tlb-Sets:   16 - LRU - assoc:   4

Tlb Stats:
Tlb-Load-Hits:        2184669826   99.38%
Tlb-Load-Misses:        13543906    0.62%
Tlb-Load-Accesses:    2198213732  100.00%

Tlb-Store-Hits:         516242023   99.97%
Tlb-Store-Misses:          180304    0.03%
Tlb-Store-Accesses:     516422327  100.00%

Tlb-Total-Hits:        2700911849   99.49%
Tlb-Total-Misses:        13724210    0.51%
Tlb-Total-Accesses:    2714636059  100.00%



--------
Two level Cache hierarchy
--------
  L1-Data Cache:
    Size(KB):          32
    Block Size(B):     64
    Associativity:      8

  L2-Data Cache:
    Size(KB):        1024
    Block Size(B):    128
    Associativity:      8

Latencies:    1   10  150
L1-Sets:   64 - LRU - assoc:   8
L2-Sets: 1024 - LRU - assoc:   8
Store_allocation: Yes
L2_inclusive: Yes
L2_prefetching: Yes (  8)

L1 Cache Stats:
L1-Load-Hits:        2086642158   94.92%
L1-Load-Misses:       111571574    5.08%
L1-Load-Accesses:    2198213732  100.00%

L1-Store-Hits:         510811316   98.91%
L1-Store-Misses:         5611011    1.09%
L1-Store-Accesses:     516422327  100.00%

L1-Total-Hits:        2597453474   95.68%
L1-Total-Misses:       117182585    4.32%
L1-Total-Accesses:    2714636059  100.00%

L2 Cache Stats:
L2-Load-Hits:         111470809   99.91%
L2-Load-Misses:          100765    0.09%
L2-Load-Accesses:     111571574  100.00%

L2-Store-Hits:           5507588   98.16%
L2-Store-Misses:          103423    1.84%
L2-Store-Accesses:       5611011  100.00%

L2-Total-Hits:         116978397   99.83%
L2-Total-Misses:          204188    0.17%
L2-Total-Accesses:     117182585  100.00%

