--------
Total Statistics
--------
Total Instructions: 1682276472
Total Cycles: 9544558079
IPC: 0.176255

--------
Single level Tlb hierarchy
--------
  Data Tlb:
    Entries:          64
    Page Size(B):   4096
    Associativity:      4

Latencies:    0   50
Tlb-Sets:   16 - LRU - assoc:   4

Tlb Stats:
Tlb-Load-Hits:         281848313   87.65%
Tlb-Load-Misses:        39707142   12.35%
Tlb-Load-Accesses:     321555455  100.00%

Tlb-Store-Hits:         132164584  100.00%
Tlb-Store-Misses:              18    0.00%
Tlb-Store-Accesses:     132164602  100.00%

Tlb-Total-Hits:         414012897   91.25%
Tlb-Total-Misses:        39707160    8.75%
Tlb-Total-Accesses:     453720057  100.00%



--------
Two level Cache hierarchy
--------
  L1-Data Cache:
    Size(KB):          32
    Block Size(B):     64
    Associativity:      8

  L2-Data Cache:
    Size(KB):        1024
    Block Size(B):    128
    Associativity:      8

Latencies:    1   10  150
L1-Sets:   64 - LRU - assoc:   8
L2-Sets: 1024 - LRU - assoc:   8
Store_allocation: Yes
L2_inclusive: Yes
L2_prefetching: Yes (  1)

L1 Cache Stats:
L1-Load-Hits:         242569978   75.44%
L1-Load-Misses:        78985477   24.56%
L1-Load-Accesses:     321555455  100.00%

L1-Store-Hits:         132089259   99.94%
L1-Store-Misses:           75343    0.06%
L1-Store-Accesses:     132164602  100.00%

L1-Total-Hits:         374659237   82.57%
L1-Total-Misses:        79060820   17.43%
L1-Total-Accesses:     453720057  100.00%

L2 Cache Stats:
L2-Load-Hits:          48105274   60.90%
L2-Load-Misses:        30880203   39.10%
L2-Load-Accesses:      78985477  100.00%

L2-Store-Hits:             71577   95.00%
L2-Store-Misses:            3766    5.00%
L2-Store-Accesses:         75343  100.00%

L2-Total-Hits:          48176851   60.94%
L2-Total-Misses:        30883969   39.06%
L2-Total-Accesses:      79060820  100.00%

