--------
Total Statistics
--------
Total Instructions: 1682276472
Total Cycles: 9677863759
IPC: 0.173827

--------
Single level Tlb hierarchy
--------
  Data Tlb:
    Entries:          64
    Page Size(B):   4096
    Associativity:      4

Latencies:    0   50
Tlb-Sets:   16 - LRU - assoc:   4

Tlb Stats:
Tlb-Load-Hits:         279931774   87.06%
Tlb-Load-Misses:        41623681   12.94%
Tlb-Load-Accesses:     321555455  100.00%

Tlb-Store-Hits:         132164584  100.00%
Tlb-Store-Misses:              18    0.00%
Tlb-Store-Accesses:     132164602  100.00%

Tlb-Total-Hits:         412096358   90.83%
Tlb-Total-Misses:        41623699    9.17%
Tlb-Total-Accesses:     453720057  100.00%



--------
Two level Cache hierarchy
--------
  L1-Data Cache:
    Size(KB):          32
    Block Size(B):     64
    Associativity:      8

  L2-Data Cache:
    Size(KB):        1024
    Block Size(B):    128
    Associativity:      8

Latencies:    1   10  150
L1-Sets:   64 - LRU - assoc:   8
L2-Sets: 1024 - LRU - assoc:   8
Store_allocation: Yes
L2_inclusive: Yes
L2_prefetching: Yes ( 64)

L1 Cache Stats:
L1-Load-Hits:         248660818   77.33%
L1-Load-Misses:        72894637   22.67%
L1-Load-Accesses:     321555455  100.00%

L1-Store-Hits:         132008511   99.88%
L1-Store-Misses:          156091    0.12%
L1-Store-Accesses:     132164602  100.00%

L1-Total-Hits:         380669329   83.90%
L1-Total-Misses:        73050728   16.10%
L1-Total-Accesses:     453720057  100.00%

L2 Cache Stats:
L2-Load-Hits:          41431665   56.84%
L2-Load-Misses:        31462972   43.16%
L2-Load-Accesses:      72894637  100.00%

L2-Store-Hits:             84563   54.18%
L2-Store-Misses:           71528   45.82%
L2-Store-Accesses:        156091  100.00%

L2-Total-Hits:          41516228   56.83%
L2-Total-Misses:        31534500   43.17%
L2-Total-Accesses:      73050728  100.00%

