--------
Total Statistics
--------
Total Instructions: 1682276472
Total Cycles: 9728617619
IPC: 0.17292

--------
Single level Tlb hierarchy
--------
  Data Tlb:
    Entries:          64
    Page Size(B):   4096
    Associativity:      4

Latencies:    0   50
Tlb-Sets:   16 - LRU - assoc:   4

Tlb Stats:
Tlb-Load-Hits:         277704368   86.36%
Tlb-Load-Misses:        43851087   13.64%
Tlb-Load-Accesses:     321555455  100.00%

Tlb-Store-Hits:         132164583  100.00%
Tlb-Store-Misses:              19    0.00%
Tlb-Store-Accesses:     132164602  100.00%

Tlb-Total-Hits:         409868951   90.34%
Tlb-Total-Misses:        43851106    9.66%
Tlb-Total-Accesses:     453720057  100.00%



--------
Two level Cache hierarchy
--------
  L1-Data Cache:
    Size(KB):          32
    Block Size(B):     64
    Associativity:      8

  L2-Data Cache:
    Size(KB):        1024
    Block Size(B):    128
    Associativity:      8

Latencies:    1   10  150
L1-Sets:   64 - LRU - assoc:   8
L2-Sets: 1024 - LRU - assoc:   8
Store_allocation: Yes
L2_inclusive: Yes
L2_prefetching: Yes (  8)

L1 Cache Stats:
L1-Load-Hits:         244847067   76.14%
L1-Load-Misses:        76708388   23.86%
L1-Load-Accesses:     321555455  100.00%

L1-Store-Hits:         131525856   99.52%
L1-Store-Misses:          638746    0.48%
L1-Store-Accesses:     132164602  100.00%

L1-Total-Hits:         376372923   82.95%
L1-Total-Misses:        77347134   17.05%
L1-Total-Accesses:     453720057  100.00%

L2 Cache Stats:
L2-Load-Hits:          45869174   59.80%
L2-Load-Misses:        30839214   40.20%
L2-Load-Accesses:      76708388  100.00%

L2-Store-Hits:            633997   99.26%
L2-Store-Misses:            4749    0.74%
L2-Store-Accesses:        638746  100.00%

L2-Total-Hits:          46503171   60.12%
L2-Total-Misses:        30843963   39.88%
L2-Total-Accesses:      77347134  100.00%

