--------
Total Statistics
--------
Total Instructions: 1682276472
Total Cycles: 9638073299
IPC: 0.174545

--------
Single level Tlb hierarchy
--------
  Data Tlb:
    Entries:          64
    Page Size(B):   4096
    Associativity:      4

Latencies:    0   50
Tlb-Sets:   16 - LRU - assoc:   4

Tlb Stats:
Tlb-Load-Hits:         280084287   87.10%
Tlb-Load-Misses:        41471168   12.90%
Tlb-Load-Accesses:     321555455  100.00%

Tlb-Store-Hits:         132164582  100.00%
Tlb-Store-Misses:              20    0.00%
Tlb-Store-Accesses:     132164602  100.00%

Tlb-Total-Hits:         412248869   90.86%
Tlb-Total-Misses:        41471188    9.14%
Tlb-Total-Accesses:     453720057  100.00%



--------
Two level Cache hierarchy
--------
  L1-Data Cache:
    Size(KB):          32
    Block Size(B):     64
    Associativity:      8

  L2-Data Cache:
    Size(KB):        1024
    Block Size(B):    128
    Associativity:      8

Latencies:    1   10  150
L1-Sets:   64 - LRU - assoc:   8
L2-Sets: 1024 - LRU - assoc:   8
Store_allocation: Yes
L2_inclusive: Yes
L2_prefetching: Yes (  4)

L1 Cache Stats:
L1-Load-Hits:         241753916   75.18%
L1-Load-Misses:        79801539   24.82%
L1-Load-Accesses:     321555455  100.00%

L1-Store-Hits:         130961299   99.09%
L1-Store-Misses:         1203303    0.91%
L1-Store-Accesses:     132164602  100.00%

L1-Total-Hits:         372715215   82.15%
L1-Total-Misses:        81004842   17.85%
L1-Total-Accesses:     453720057  100.00%

L2 Cache Stats:
L2-Load-Hits:          49011948   61.42%
L2-Load-Misses:        30789591   38.58%
L2-Load-Accesses:      79801539  100.00%

L2-Store-Hits:           1203101   99.98%
L2-Store-Misses:             202    0.02%
L2-Store-Accesses:       1203303  100.00%

L2-Total-Hits:          50215049   61.99%
L2-Total-Misses:        30789793   38.01%
L2-Total-Accesses:      81004842  100.00%

