--------
Total Statistics
--------
Total Instructions: 1682276506
Total Cycles: 9636632402
IPC: 0.174571

--------
Single level Tlb hierarchy
--------
  Data Tlb:
    Entries:          64
    Page Size(B):   4096
    Associativity:      4

Latencies:    0   50
Tlb-Sets:   16 - LRU - assoc:   4

Tlb Stats:
Tlb-Load-Hits:         279958755   87.06%
Tlb-Load-Misses:        41596714   12.94%
Tlb-Load-Accesses:     321555469  100.00%

Tlb-Store-Hits:         132164588  100.00%
Tlb-Store-Misses:              19    0.00%
Tlb-Store-Accesses:     132164607  100.00%

Tlb-Total-Hits:         412123343   90.83%
Tlb-Total-Misses:        41596733    9.17%
Tlb-Total-Accesses:     453720076  100.00%



--------
Two level Cache hierarchy
--------
  L1-Data Cache:
    Size(KB):          32
    Block Size(B):     64
    Associativity:      8

  L2-Data Cache:
    Size(KB):        1024
    Block Size(B):    128
    Associativity:      8

Latencies:    1   10  150
L1-Sets:   64 - LRU - assoc:   8
L2-Sets: 1024 - LRU - assoc:   8
Store_allocation: Yes
L2_inclusive: Yes
L2_prefetching: Yes (  2)

L1 Cache Stats:
L1-Load-Hits:         242376555   75.38%
L1-Load-Misses:        79178914   24.62%
L1-Load-Accesses:     321555469  100.00%

L1-Store-Hits:         131681309   99.63%
L1-Store-Misses:          483298    0.37%
L1-Store-Accesses:     132164607  100.00%

L1-Total-Hits:         374057864   82.44%
L1-Total-Misses:        79662212   17.56%
L1-Total-Accesses:     453720076  100.00%

L2 Cache Stats:
L2-Load-Hits:          48352519   61.07%
L2-Load-Misses:        30826395   38.93%
L2-Load-Accesses:      79178914  100.00%

L2-Store-Hits:            481846   99.70%
L2-Store-Misses:            1452    0.30%
L2-Store-Accesses:        483298  100.00%

L2-Total-Hits:          48834365   61.30%
L2-Total-Misses:        30827847   38.70%
L2-Total-Accesses:      79662212  100.00%

