--------
Total Statistics
--------
Total Instructions: 1682276472
Total Cycles: 9606815759
IPC: 0.175113

--------
Single level Tlb hierarchy
--------
  Data Tlb:
    Entries:          64
    Page Size(B):   4096
    Associativity:      4

Latencies:    0   50
Tlb-Sets:   16 - LRU - assoc:   4

Tlb Stats:
Tlb-Load-Hits:         280649811   87.28%
Tlb-Load-Misses:        40905644   12.72%
Tlb-Load-Accesses:     321555455  100.00%

Tlb-Store-Hits:         132164582  100.00%
Tlb-Store-Misses:              20    0.00%
Tlb-Store-Accesses:     132164602  100.00%

Tlb-Total-Hits:         412814393   90.98%
Tlb-Total-Misses:        40905664    9.02%
Tlb-Total-Accesses:     453720057  100.00%



--------
Two level Cache hierarchy
--------
  L1-Data Cache:
    Size(KB):          32
    Block Size(B):     64
    Associativity:      8

  L2-Data Cache:
    Size(KB):        1024
    Block Size(B):    128
    Associativity:      8

Latencies:    1   10  150
L1-Sets:   64 - LRU - assoc:   8
L2-Sets: 1024 - LRU - assoc:   8
Store_allocation: Yes
L2_inclusive: Yes
L2_prefetching: Yes ( 32)

L1 Cache Stats:
L1-Load-Hits:         248892192   77.40%
L1-Load-Misses:        72663263   22.60%
L1-Load-Accesses:     321555455  100.00%

L1-Store-Hits:         132032277   99.90%
L1-Store-Misses:          132325    0.10%
L1-Store-Accesses:     132164602  100.00%

L1-Total-Hits:         380924469   83.96%
L1-Total-Misses:        72795588   16.04%
L1-Total-Accesses:     453720057  100.00%

L2 Cache Stats:
L2-Load-Hits:          41402371   56.98%
L2-Load-Misses:        31260892   43.02%
L2-Load-Accesses:      72663263  100.00%

L2-Store-Hits:             76016   57.45%
L2-Store-Misses:           56309   42.55%
L2-Store-Accesses:        132325  100.00%

L2-Total-Hits:          41478387   56.98%
L2-Total-Misses:        31317201   43.02%
L2-Total-Accesses:      72795588  100.00%

