--------
Total Statistics
--------
Total Instructions: 1682276506
Total Cycles: 9555328002
IPC: 0.176056

--------
Single level Tlb hierarchy
--------
  Data Tlb:
    Entries:          64
    Page Size(B):   4096
    Associativity:      4

Latencies:    0   50
Tlb-Sets:   16 - LRU - assoc:   4

Tlb Stats:
Tlb-Load-Hits:         281485648   87.54%
Tlb-Load-Misses:        40069821   12.46%
Tlb-Load-Accesses:     321555469  100.00%

Tlb-Store-Hits:         132164589  100.00%
Tlb-Store-Misses:              18    0.00%
Tlb-Store-Accesses:     132164607  100.00%

Tlb-Total-Hits:         413650237   91.17%
Tlb-Total-Misses:        40069839    8.83%
Tlb-Total-Accesses:     453720076  100.00%



--------
Two level Cache hierarchy
--------
  L1-Data Cache:
    Size(KB):          32
    Block Size(B):     64
    Associativity:      8

  L2-Data Cache:
    Size(KB):        1024
    Block Size(B):    128
    Associativity:      8

Latencies:    1   10  150
L1-Sets:   64 - LRU - assoc:   8
L2-Sets: 1024 - LRU - assoc:   8
Store_allocation: Yes
L2_inclusive: Yes
L2_prefetching: Yes ( 16)

L1 Cache Stats:
L1-Load-Hits:         246438599   76.64%
L1-Load-Misses:        75116870   23.36%
L1-Load-Accesses:     321555469  100.00%

L1-Store-Hits:         131739655   99.68%
L1-Store-Misses:          424952    0.32%
L1-Store-Accesses:     132164607  100.00%

L1-Total-Hits:         378178254   83.35%
L1-Total-Misses:        75541822   16.65%
L1-Total-Accesses:     453720076  100.00%

L2 Cache Stats:
L2-Load-Hits:          44076583   58.68%
L2-Load-Misses:        31040287   41.32%
L2-Load-Accesses:      75116870  100.00%

L2-Store-Hits:            395764   93.13%
L2-Store-Misses:           29188    6.87%
L2-Store-Accesses:        424952  100.00%

L2-Total-Hits:          44472347   58.87%
L2-Total-Misses:        31069475   41.13%
L2-Total-Accesses:      75541822  100.00%

