--------
Total Statistics
--------
Total Instructions: 20881570013
Total Cycles: 34311922084
IPC: 0.608581

--------
Single level Tlb hierarchy
--------
  Data Tlb:
    Entries:          64
    Page Size(B):   4096
    Associativity:      4

Latencies:    0   50
Tlb-Sets:   16 - LRU - assoc:   4

Tlb Stats:
Tlb-Load-Hits:        6321649899   99.50%
Tlb-Load-Misses:        32045917    0.50%
Tlb-Load-Accesses:    6353695816  100.00%

Tlb-Store-Hits:        2638453572   99.81%
Tlb-Store-Misses:         5087193    0.19%
Tlb-Store-Accesses:    2643540765  100.00%

Tlb-Total-Hits:        8960103471   99.59%
Tlb-Total-Misses:        37133110    0.41%
Tlb-Total-Accesses:    8997236581  100.00%



--------
Two level Cache hierarchy
--------
  L1-Data Cache:
    Size(KB):          32
    Block Size(B):     64
    Associativity:      8

  L2-Data Cache:
    Size(KB):        1024
    Block Size(B):    128
    Associativity:      8

Latencies:    1   10  150
L1-Sets:   64 - LRU - assoc:   8
L2-Sets: 1024 - LRU - assoc:   8
Store_allocation: Yes
L2_inclusive: Yes
L2_prefetching: Yes ( 16)

L1 Cache Stats:
L1-Load-Hits:        6197609482   97.54%
L1-Load-Misses:       156086334    2.46%
L1-Load-Accesses:    6353695816  100.00%

L1-Store-Hits:        2631019165   99.53%
L1-Store-Misses:        12521600    0.47%
L1-Store-Accesses:    2643540765  100.00%

L1-Total-Hits:        8828628647   98.13%
L1-Total-Misses:       168607934    1.87%
L1-Total-Accesses:    8997236581  100.00%

L2 Cache Stats:
L2-Load-Hits:         150609844   96.49%
L2-Load-Misses:         5476490    3.51%
L2-Load-Accesses:     156086334  100.00%

L2-Store-Hits:          12062219   96.33%
L2-Store-Misses:          459381    3.67%
L2-Store-Accesses:      12521600  100.00%

L2-Total-Hits:         162672063   96.48%
L2-Total-Misses:         5935871    3.52%
L2-Total-Accesses:     168607934  100.00%

