--------
Total Statistics
--------
Total Instructions: 20881569679
Total Cycles: 34763885981
IPC: 0.600668

--------
Single level Tlb hierarchy
--------
  Data Tlb:
    Entries:          64
    Page Size(B):   4096
    Associativity:      4

Latencies:    0   50
Tlb-Sets:   16 - LRU - assoc:   4

Tlb Stats:
Tlb-Load-Hits:        6324921012   99.55%
Tlb-Load-Misses:        28774733    0.45%
Tlb-Load-Accesses:    6353695745  100.00%

Tlb-Store-Hits:        2638819862   99.82%
Tlb-Store-Misses:         4720855    0.18%
Tlb-Store-Accesses:    2643540717  100.00%

Tlb-Total-Hits:        8963740874   99.63%
Tlb-Total-Misses:        33495588    0.37%
Tlb-Total-Accesses:    8997236462  100.00%



--------
Two level Cache hierarchy
--------
  L1-Data Cache:
    Size(KB):          32
    Block Size(B):     64
    Associativity:      8

  L2-Data Cache:
    Size(KB):        1024
    Block Size(B):    128
    Associativity:      8

Latencies:    1   10  150
L1-Sets:   64 - LRU - assoc:   8
L2-Sets: 1024 - LRU - assoc:   8
Store_allocation: Yes
L2_inclusive: Yes
L2_prefetching: Yes (  8)

L1 Cache Stats:
L1-Load-Hits:        6192687506   97.47%
L1-Load-Misses:       161008239    2.53%
L1-Load-Accesses:    6353695745  100.00%

L1-Store-Hits:        2630642152   99.51%
L1-Store-Misses:        12898565    0.49%
L1-Store-Accesses:    2643540717  100.00%

L1-Total-Hits:        8823329658   98.07%
L1-Total-Misses:       173906804    1.93%
L1-Total-Accesses:    8997236462  100.00%

L2 Cache Stats:
L2-Load-Hits:         151977741   94.39%
L2-Load-Misses:         9030498    5.61%
L2-Load-Accesses:     161008239  100.00%

L2-Store-Hits:          12120847   93.97%
L2-Store-Misses:          777718    6.03%
L2-Store-Accesses:      12898565  100.00%

L2-Total-Hits:         164098588   94.36%
L2-Total-Misses:         9808216    5.64%
L2-Total-Accesses:     173906804  100.00%

