--------
Total Statistics
--------
Total Instructions: 20881569768
Total Cycles: 36096422834
IPC: 0.578494

--------
Single level Tlb hierarchy
--------
  Data Tlb:
    Entries:          64
    Page Size(B):   4096
    Associativity:      4

Latencies:    0   50
Tlb-Sets:   16 - LRU - assoc:   4

Tlb Stats:
Tlb-Load-Hits:        6319122590   99.46%
Tlb-Load-Misses:        34573165    0.54%
Tlb-Load-Accesses:    6353695755  100.00%

Tlb-Store-Hits:        2638692040   99.82%
Tlb-Store-Misses:         4848691    0.18%
Tlb-Store-Accesses:    2643540731  100.00%

Tlb-Total-Hits:        8957814630   99.56%
Tlb-Total-Misses:        39421856    0.44%
Tlb-Total-Accesses:    8997236486  100.00%



--------
Two level Cache hierarchy
--------
  L1-Data Cache:
    Size(KB):          32
    Block Size(B):     64
    Associativity:      8

  L2-Data Cache:
    Size(KB):        1024
    Block Size(B):    128
    Associativity:      8

Latencies:    1   10  150
L1-Sets:   64 - LRU - assoc:   8
L2-Sets: 1024 - LRU - assoc:   8
Store_allocation: Yes
L2_inclusive: Yes
L2_prefetching: Yes (  4)

L1 Cache Stats:
L1-Load-Hits:        6185313460   97.35%
L1-Load-Misses:       168382295    2.65%
L1-Load-Accesses:    6353695755  100.00%

L1-Store-Hits:        2629935758   99.49%
L1-Store-Misses:        13604973    0.51%
L1-Store-Accesses:    2643540731  100.00%

L1-Total-Hits:        8815249218   97.98%
L1-Total-Misses:       181987268    2.02%
L1-Total-Accesses:    8997236486  100.00%

L2 Cache Stats:
L2-Load-Hits:         153481878   91.15%
L2-Load-Misses:        14900417    8.85%
L2-Load-Accesses:     168382295  100.00%

L2-Store-Hits:          12327716   90.61%
L2-Store-Misses:         1277257    9.39%
L2-Store-Accesses:      13604973  100.00%

L2-Total-Hits:         165809594   91.11%
L2-Total-Misses:        16177674    8.89%
L2-Total-Accesses:     181987268  100.00%

