--------
Total Statistics
--------
Total Instructions: 20881569777
Total Cycles: 33794165908
IPC: 0.617905

--------
Single level Tlb hierarchy
--------
  Data Tlb:
    Entries:          64
    Page Size(B):   4096
    Associativity:      4

Latencies:    0   50
Tlb-Sets:   16 - LRU - assoc:   4

Tlb Stats:
Tlb-Load-Hits:        6321769641   99.50%
Tlb-Load-Misses:        31926128    0.50%
Tlb-Load-Accesses:    6353695769  100.00%

Tlb-Store-Hits:        2639059812   99.83%
Tlb-Store-Misses:         4480920    0.17%
Tlb-Store-Accesses:    2643540732  100.00%

Tlb-Total-Hits:        8960829453   99.60%
Tlb-Total-Misses:        36407048    0.40%
Tlb-Total-Accesses:    8997236501  100.00%



--------
Two level Cache hierarchy
--------
  L1-Data Cache:
    Size(KB):          32
    Block Size(B):     64
    Associativity:      8

  L2-Data Cache:
    Size(KB):        1024
    Block Size(B):    128
    Associativity:      8

Latencies:    1   10  150
L1-Sets:   64 - LRU - assoc:   8
L2-Sets: 1024 - LRU - assoc:   8
Store_allocation: Yes
L2_inclusive: Yes
L2_prefetching: Yes ( 64)

L1 Cache Stats:
L1-Load-Hits:        6198964800   97.56%
L1-Load-Misses:       154730969    2.44%
L1-Load-Accesses:    6353695769  100.00%

L1-Store-Hits:        2631437788   99.54%
L1-Store-Misses:        12102944    0.46%
L1-Store-Accesses:    2643540732  100.00%

L1-Total-Hits:        8830402588   98.15%
L1-Total-Misses:       166833913    1.85%
L1-Total-Accesses:    8997236501  100.00%

L2 Cache Stats:
L2-Load-Hits:         152069622   98.28%
L2-Load-Misses:         2661347    1.72%
L2-Load-Accesses:     154730969  100.00%

L2-Store-Hits:          11919837   98.49%
L2-Store-Misses:          183107    1.51%
L2-Store-Accesses:      12102944  100.00%

L2-Total-Hits:         163989459   98.30%
L2-Total-Misses:         2844454    1.70%
L2-Total-Accesses:     166833913  100.00%

