--------
Total Statistics
--------
Total Instructions: 20881569872
Total Cycles: 37646448282
IPC: 0.554676

--------
Single level Tlb hierarchy
--------
  Data Tlb:
    Entries:          64
    Page Size(B):   4096
    Associativity:      4

Latencies:    0   50
Tlb-Sets:   16 - LRU - assoc:   4

Tlb Stats:
Tlb-Load-Hits:        6317808510   99.44%
Tlb-Load-Misses:        35887274    0.56%
Tlb-Load-Accesses:    6353695784  100.00%

Tlb-Store-Hits:        2639047229   99.83%
Tlb-Store-Misses:         4493507    0.17%
Tlb-Store-Accesses:    2643540736  100.00%

Tlb-Total-Hits:        8956855739   99.55%
Tlb-Total-Misses:        40380781    0.45%
Tlb-Total-Accesses:    8997236520  100.00%



--------
Two level Cache hierarchy
--------
  L1-Data Cache:
    Size(KB):          32
    Block Size(B):     64
    Associativity:      8

  L2-Data Cache:
    Size(KB):        1024
    Block Size(B):    128
    Associativity:      8

Latencies:    1   10  150
L1-Sets:   64 - LRU - assoc:   8
L2-Sets: 1024 - LRU - assoc:   8
Store_allocation: Yes
L2_inclusive: Yes
L2_prefetching: Yes (  2)

L1 Cache Stats:
L1-Load-Hits:        6174637098   97.18%
L1-Load-Misses:       179058686    2.82%
L1-Load-Accesses:    6353695784  100.00%

L1-Store-Hits:        2629203463   99.46%
L1-Store-Misses:        14337273    0.54%
L1-Store-Accesses:    2643540736  100.00%

L1-Total-Hits:        8803840561   97.85%
L1-Total-Misses:       193395959    2.15%
L1-Total-Accesses:    8997236520  100.00%

L2 Cache Stats:
L2-Load-Hits:         155642800   86.92%
L2-Load-Misses:        23415886   13.08%
L2-Load-Accesses:     179058686  100.00%

L2-Store-Hits:          12322204   85.95%
L2-Store-Misses:         2015069   14.05%
L2-Store-Accesses:      14337273  100.00%

L2-Total-Hits:         167965004   86.85%
L2-Total-Misses:        25430955   13.15%
L2-Total-Accesses:     193395959  100.00%

