--------
Total Statistics
--------
Total Instructions: 20881569980
Total Cycles: 39495894218
IPC: 0.528702

--------
Single level Tlb hierarchy
--------
  Data Tlb:
    Entries:          64
    Page Size(B):   4096
    Associativity:      4

Latencies:    0   50
Tlb-Sets:   16 - LRU - assoc:   4

Tlb Stats:
Tlb-Load-Hits:        6318317149   99.44%
Tlb-Load-Misses:        35378662    0.56%
Tlb-Load-Accesses:    6353695811  100.00%

Tlb-Store-Hits:        2638541095   99.81%
Tlb-Store-Misses:         4999662    0.19%
Tlb-Store-Accesses:    2643540757  100.00%

Tlb-Total-Hits:        8956858244   99.55%
Tlb-Total-Misses:        40378324    0.45%
Tlb-Total-Accesses:    8997236568  100.00%



--------
Two level Cache hierarchy
--------
  L1-Data Cache:
    Size(KB):          32
    Block Size(B):     64
    Associativity:      8

  L2-Data Cache:
    Size(KB):        1024
    Block Size(B):    128
    Associativity:      8

Latencies:    1   10  150
L1-Sets:   64 - LRU - assoc:   8
L2-Sets: 1024 - LRU - assoc:   8
Store_allocation: Yes
L2_inclusive: Yes
L2_prefetching: Yes (  1)

L1 Cache Stats:
L1-Load-Hits:        6162622581   96.99%
L1-Load-Misses:       191073230    3.01%
L1-Load-Accesses:    6353695811  100.00%

L1-Store-Hits:        2627659895   99.40%
L1-Store-Misses:        15880862    0.60%
L1-Store-Accesses:    2643540757  100.00%

L1-Total-Hits:        8790282476   97.70%
L1-Total-Misses:       206954092    2.30%
L1-Total-Accesses:    8997236568  100.00%

L2 Cache Stats:
L2-Load-Hits:         157117722   82.23%
L2-Load-Misses:        33955508   17.77%
L2-Load-Accesses:     191073230  100.00%

L2-Store-Hits:          12978833   81.73%
L2-Store-Misses:         2902029   18.27%
L2-Store-Accesses:      15880862  100.00%

L2-Total-Hits:         170096555   82.19%
L2-Total-Misses:        36857537   17.81%
L2-Total-Accesses:     206954092  100.00%

