--------
Total Statistics
--------
Total Instructions: 29793047565
Total Cycles: 52404020799
IPC: 0.568526

--------
Single level Tlb hierarchy
--------
  Data Tlb:
    Entries:          64
    Page Size(B):   4096
    Associativity:      4

Latencies:    0   50
Tlb-Sets:   16 - LRU - assoc:   4

Tlb Stats:
Tlb-Load-Hits:        7119616479   99.45%
Tlb-Load-Misses:        39603749    0.55%
Tlb-Load-Accesses:    7159220228  100.00%

Tlb-Store-Hits:        6858115266   99.92%
Tlb-Store-Misses:         5612600    0.08%
Tlb-Store-Accesses:    6863727866  100.00%

Tlb-Total-Hits:       13977731745   99.68%
Tlb-Total-Misses:        45216349    0.32%
Tlb-Total-Accesses:   14022948094  100.00%



--------
Two level Cache hierarchy
--------
  L1-Data Cache:
    Size(KB):          32
    Block Size(B):     64
    Associativity:      8

  L2-Data Cache:
    Size(KB):        1024
    Block Size(B):    128
    Associativity:      8

Latencies:    1   10  150
L1-Sets:   64 - LRU - assoc:   8
L2-Sets: 1024 - LRU - assoc:   8
Store_allocation: Yes
L2_inclusive: Yes
L2_prefetching: Yes (  8)

L1 Cache Stats:
L1-Load-Hits:        7002978487   97.82%
L1-Load-Misses:       156241741    2.18%
L1-Load-Accesses:    7159220228  100.00%

L1-Store-Hits:        6763686618   98.54%
L1-Store-Misses:       100041248    1.46%
L1-Store-Accesses:    6863727866  100.00%

L1-Total-Hits:       13766665105   98.17%
L1-Total-Misses:       256282989    1.83%
L1-Total-Accesses:   14022948094  100.00%

L2 Cache Stats:
L2-Load-Hits:         131770980   84.34%
L2-Load-Misses:        24470761   15.66%
L2-Load-Accesses:     156241741  100.00%

L2-Store-Hits:          99416157   99.38%
L2-Store-Misses:          625091    0.62%
L2-Store-Accesses:     100041248  100.00%

L2-Total-Hits:         231187137   90.21%
L2-Total-Misses:        25095852    9.79%
L2-Total-Accesses:     256282989  100.00%

