--------
Total Statistics
--------
Total Instructions: 7968636854
Total Cycles: 10409182561
IPC: 0.765539

--------
Single level Tlb hierarchy
--------
  Data Tlb:
    Entries:          64
    Page Size(B):   4096
    Associativity:      4

Latencies:    0   50
Tlb-Sets:   16 - LRU - assoc:   4

Tlb Stats:
Tlb-Load-Hits:        1867740761   99.97%
Tlb-Load-Misses:          565516    0.03%
Tlb-Load-Accesses:    1868306277  100.00%

Tlb-Store-Hits:         190047480   99.85%
Tlb-Store-Misses:          279850    0.15%
Tlb-Store-Accesses:     190327330  100.00%

Tlb-Total-Hits:        2057788241   99.96%
Tlb-Total-Misses:          845366    0.04%
Tlb-Total-Accesses:    2058633607  100.00%



--------
Two level Cache hierarchy
--------
  L1-Data Cache:
    Size(KB):          32
    Block Size(B):     64
    Associativity:      8

  L2-Data Cache:
    Size(KB):        1024
    Block Size(B):    128
    Associativity:      8

Latencies:    1   10  150
L1-Sets:   64 - LRU - assoc:   8
L2-Sets: 1024 - LRU - assoc:   8
Store_allocation: Yes
L2_inclusive: Yes
L2_prefetching: Yes ( 32)

L1 Cache Stats:
L1-Load-Hits:        1853616540   99.21%
L1-Load-Misses:        14689737    0.79%
L1-Load-Accesses:    1868306277  100.00%

L1-Store-Hits:         186875122   98.19%
L1-Store-Misses:         3452208    1.81%
L1-Store-Accesses:     190327330  100.00%

L1-Total-Hits:        2040491662   99.12%
L1-Total-Misses:        18141945    0.88%
L1-Total-Accesses:    2058633607  100.00%

L2 Cache Stats:
L2-Load-Hits:          14010493   95.38%
L2-Load-Misses:          679244    4.62%
L2-Load-Accesses:      14689737  100.00%

L2-Store-Hits:           3076623   89.12%
L2-Store-Misses:          375585   10.88%
L2-Store-Accesses:       3452208  100.00%

L2-Total-Hits:          17087116   94.19%
L2-Total-Misses:         1054829    5.81%
L2-Total-Accesses:      18141945  100.00%

