--------
Total Statistics
--------
Total Instructions: 7968636888
Total Cycles: 10556597134
IPC: 0.754849

--------
Single level Tlb hierarchy
--------
  Data Tlb:
    Entries:          64
    Page Size(B):   4096
    Associativity:      4

Latencies:    0   50
Tlb-Sets:   16 - LRU - assoc:   4

Tlb Stats:
Tlb-Load-Hits:        1867741018   99.97%
Tlb-Load-Misses:          565273    0.03%
Tlb-Load-Accesses:    1868306291  100.00%

Tlb-Store-Hits:         190047489   99.85%
Tlb-Store-Misses:          279846    0.15%
Tlb-Store-Accesses:     190327335  100.00%

Tlb-Total-Hits:        2057788507   99.96%
Tlb-Total-Misses:          845119    0.04%
Tlb-Total-Accesses:    2058633626  100.00%



--------
Two level Cache hierarchy
--------
  L1-Data Cache:
    Size(KB):          32
    Block Size(B):     64
    Associativity:      8

  L2-Data Cache:
    Size(KB):        1024
    Block Size(B):    128
    Associativity:      8

Latencies:    1   10  150
L1-Sets:   64 - LRU - assoc:   8
L2-Sets: 1024 - LRU - assoc:   8
Store_allocation: Yes
L2_inclusive: Yes
L2_prefetching: Yes ( 16)

L1 Cache Stats:
L1-Load-Hits:        1852588181   99.16%
L1-Load-Misses:        15718110    0.84%
L1-Load-Accesses:    1868306291  100.00%

L1-Store-Hits:         186797538   98.15%
L1-Store-Misses:         3529797    1.85%
L1-Store-Accesses:     190327335  100.00%

L1-Total-Hits:        2039385719   99.07%
L1-Total-Misses:        19247907    0.93%
L1-Total-Accesses:    2058633626  100.00%

L2 Cache Stats:
L2-Load-Hits:          14300521   90.98%
L2-Load-Misses:         1417589    9.02%
L2-Load-Accesses:      15718110  100.00%

L2-Store-Hits:           2983442   84.52%
L2-Store-Misses:          546355   15.48%
L2-Store-Accesses:       3529797  100.00%

L2-Total-Hits:          17283963   89.80%
L2-Total-Misses:         1963944   10.20%
L2-Total-Accesses:      19247907  100.00%

