--------
Total Statistics
--------
Total Instructions: 7968636854
Total Cycles: 11059740841
IPC: 0.720508

--------
Single level Tlb hierarchy
--------
  Data Tlb:
    Entries:          64
    Page Size(B):   4096
    Associativity:      4

Latencies:    0   50
Tlb-Sets:   16 - LRU - assoc:   4

Tlb Stats:
Tlb-Load-Hits:        1867741584   99.97%
Tlb-Load-Misses:          564693    0.03%
Tlb-Load-Accesses:    1868306277  100.00%

Tlb-Store-Hits:         190047485   99.85%
Tlb-Store-Misses:          279845    0.15%
Tlb-Store-Accesses:     190327330  100.00%

Tlb-Total-Hits:        2057789069   99.96%
Tlb-Total-Misses:          844538    0.04%
Tlb-Total-Accesses:    2058633607  100.00%



--------
Two level Cache hierarchy
--------
  L1-Data Cache:
    Size(KB):          32
    Block Size(B):     64
    Associativity:      8

  L2-Data Cache:
    Size(KB):        1024
    Block Size(B):    128
    Associativity:      8

Latencies:    1   10  150
L1-Sets:   64 - LRU - assoc:   8
L2-Sets: 1024 - LRU - assoc:   8
Store_allocation: Yes
L2_inclusive: Yes
L2_prefetching: Yes (  4)

L1 Cache Stats:
L1-Load-Hits:        1850448636   99.04%
L1-Load-Misses:        17857641    0.96%
L1-Load-Accesses:    1868306277  100.00%

L1-Store-Hits:         185405008   97.41%
L1-Store-Misses:         4922322    2.59%
L1-Store-Accesses:     190327330  100.00%

L1-Total-Hits:        2035853644   98.89%
L1-Total-Misses:        22779963    1.11%
L1-Total-Accesses:    2058633607  100.00%

L2 Cache Stats:
L2-Load-Hits:          14662264   82.11%
L2-Load-Misses:         3195377   17.89%
L2-Load-Accesses:      17857641  100.00%

L2-Store-Hits:           3034740   61.65%
L2-Store-Misses:         1887582   38.35%
L2-Store-Accesses:       4922322  100.00%

L2-Total-Hits:          17697004   77.69%
L2-Total-Misses:         5082959   22.31%
L2-Total-Accesses:      22779963  100.00%

