--------
Total Statistics
--------
Total Instructions: 7968636854
Total Cycles: 11188150291
IPC: 0.712239

--------
Single level Tlb hierarchy
--------
  Data Tlb:
    Entries:          64
    Page Size(B):   4096
    Associativity:      4

Latencies:    0   50
Tlb-Sets:   16 - LRU - assoc:   4

Tlb Stats:
Tlb-Load-Hits:        1867741589   99.97%
Tlb-Load-Misses:          564688    0.03%
Tlb-Load-Accesses:    1868306277  100.00%

Tlb-Store-Hits:         190047478   99.85%
Tlb-Store-Misses:          279852    0.15%
Tlb-Store-Accesses:     190327330  100.00%

Tlb-Total-Hits:        2057789067   99.96%
Tlb-Total-Misses:          844540    0.04%
Tlb-Total-Accesses:    2058633607  100.00%



--------
Two level Cache hierarchy
--------
  L1-Data Cache:
    Size(KB):          32
    Block Size(B):     64
    Associativity:      8

  L2-Data Cache:
    Size(KB):        1024
    Block Size(B):    128
    Associativity:      8

Latencies:    1   10  150
L1-Sets:   64 - LRU - assoc:   8
L2-Sets: 1024 - LRU - assoc:   8
Store_allocation: Yes
L2_inclusive: Yes
L2_prefetching: Yes (  2)

L1 Cache Stats:
L1-Load-Hits:        1848507848   98.94%
L1-Load-Misses:        19798429    1.06%
L1-Load-Accesses:    1868306277  100.00%

L1-Store-Hits:         185747886   97.59%
L1-Store-Misses:         4579444    2.41%
L1-Store-Accesses:     190327330  100.00%

L1-Total-Hits:        2034255734   98.82%
L1-Total-Misses:        24377873    1.18%
L1-Total-Accesses:    2058633607  100.00%

L2 Cache Stats:
L2-Load-Hits:          15834360   79.98%
L2-Load-Misses:         3964069   20.02%
L2-Load-Accesses:      19798429  100.00%

L2-Store-Hits:           2711019   59.20%
L2-Store-Misses:         1868425   40.80%
L2-Store-Accesses:       4579444  100.00%

L2-Total-Hits:          18545379   76.07%
L2-Total-Misses:         5832494   23.93%
L2-Total-Accesses:      24377873  100.00%

