--------
Total Statistics
--------
Total Instructions: 7968636854
Total Cycles: 10342482091
IPC: 0.770476

--------
Single level Tlb hierarchy
--------
  Data Tlb:
    Entries:          64
    Page Size(B):   4096
    Associativity:      4

Latencies:    0   50
Tlb-Sets:   16 - LRU - assoc:   4

Tlb Stats:
Tlb-Load-Hits:        1867730269   99.97%
Tlb-Load-Misses:          576008    0.03%
Tlb-Load-Accesses:    1868306277  100.00%

Tlb-Store-Hits:         190047482   99.85%
Tlb-Store-Misses:          279848    0.15%
Tlb-Store-Accesses:     190327330  100.00%

Tlb-Total-Hits:        2057777751   99.96%
Tlb-Total-Misses:          855856    0.04%
Tlb-Total-Accesses:    2058633607  100.00%



--------
Two level Cache hierarchy
--------
  L1-Data Cache:
    Size(KB):          32
    Block Size(B):     64
    Associativity:      8

  L2-Data Cache:
    Size(KB):        1024
    Block Size(B):    128
    Associativity:      8

Latencies:    1   10  150
L1-Sets:   64 - LRU - assoc:   8
L2-Sets: 1024 - LRU - assoc:   8
Store_allocation: Yes
L2_inclusive: Yes
L2_prefetching: Yes ( 64)

L1 Cache Stats:
L1-Load-Hits:        1853829999   99.23%
L1-Load-Misses:        14476278    0.77%
L1-Load-Accesses:    1868306277  100.00%

L1-Store-Hits:         187079105   98.29%
L1-Store-Misses:         3248225    1.71%
L1-Store-Accesses:     190327330  100.00%

L1-Total-Hits:        2040909104   99.14%
L1-Total-Misses:        17724503    0.86%
L1-Total-Accesses:    2058633607  100.00%

L2 Cache Stats:
L2-Load-Hits:          14007793   96.76%
L2-Load-Misses:          468485    3.24%
L2-Load-Accesses:      14476278  100.00%

L2-Store-Hits:           3082218   94.89%
L2-Store-Misses:          166007    5.11%
L2-Store-Accesses:       3248225  100.00%

L2-Total-Hits:          17090011   96.42%
L2-Total-Misses:          634492    3.58%
L2-Total-Accesses:      17724503  100.00%

