--------
Total Statistics
--------
Total Instructions: 7968636854
Total Cycles: 11294366791
IPC: 0.705541

--------
Single level Tlb hierarchy
--------
  Data Tlb:
    Entries:          64
    Page Size(B):   4096
    Associativity:      4

Latencies:    0   50
Tlb-Sets:   16 - LRU - assoc:   4

Tlb Stats:
Tlb-Load-Hits:        1867741726   99.97%
Tlb-Load-Misses:          564551    0.03%
Tlb-Load-Accesses:    1868306277  100.00%

Tlb-Store-Hits:         190047482   99.85%
Tlb-Store-Misses:          279848    0.15%
Tlb-Store-Accesses:     190327330  100.00%

Tlb-Total-Hits:        2057789208   99.96%
Tlb-Total-Misses:          844399    0.04%
Tlb-Total-Accesses:    2058633607  100.00%



--------
Two level Cache hierarchy
--------
  L1-Data Cache:
    Size(KB):          32
    Block Size(B):     64
    Associativity:      8

  L2-Data Cache:
    Size(KB):        1024
    Block Size(B):    128
    Associativity:      8

Latencies:    1   10  150
L1-Sets:   64 - LRU - assoc:   8
L2-Sets: 1024 - LRU - assoc:   8
Store_allocation: Yes
L2_inclusive: Yes
L2_prefetching: Yes (  1)

L1 Cache Stats:
L1-Load-Hits:        1848450781   98.94%
L1-Load-Misses:        19855496    1.06%
L1-Load-Accesses:    1868306277  100.00%

L1-Store-Hits:         185295043   97.36%
L1-Store-Misses:         5032287    2.64%
L1-Store-Accesses:     190327330  100.00%

L1-Total-Hits:        2033745824   98.79%
L1-Total-Misses:        24887783    1.21%
L1-Total-Accesses:    2058633607  100.00%

L2 Cache Stats:
L2-Load-Hits:          15640950   78.77%
L2-Load-Misses:         4214546   21.23%
L2-Load-Accesses:      19855496  100.00%

L2-Store-Hits:           2740176   54.45%
L2-Store-Misses:         2292111   45.55%
L2-Store-Accesses:       5032287  100.00%

L2-Total-Hits:          18381126   73.86%
L2-Total-Misses:         6506657   26.14%
L2-Total-Accesses:      24887783  100.00%

