--------
Total Statistics
--------
Total Instructions: 7968636854
Total Cycles: 10729193361
IPC: 0.742706

--------
Single level Tlb hierarchy
--------
  Data Tlb:
    Entries:          64
    Page Size(B):   4096
    Associativity:      4

Latencies:    0   50
Tlb-Sets:   16 - LRU - assoc:   4

Tlb Stats:
Tlb-Load-Hits:        1867741100   99.97%
Tlb-Load-Misses:          565177    0.03%
Tlb-Load-Accesses:    1868306277  100.00%

Tlb-Store-Hits:         190047480   99.85%
Tlb-Store-Misses:          279850    0.15%
Tlb-Store-Accesses:     190327330  100.00%

Tlb-Total-Hits:        2057788580   99.96%
Tlb-Total-Misses:          845027    0.04%
Tlb-Total-Accesses:    2058633607  100.00%



--------
Two level Cache hierarchy
--------
  L1-Data Cache:
    Size(KB):          32
    Block Size(B):     64
    Associativity:      8

  L2-Data Cache:
    Size(KB):        1024
    Block Size(B):    128
    Associativity:      8

Latencies:    1   10  150
L1-Sets:   64 - LRU - assoc:   8
L2-Sets: 1024 - LRU - assoc:   8
Store_allocation: Yes
L2_inclusive: Yes
L2_prefetching: Yes (  8)

L1 Cache Stats:
L1-Load-Hits:        1851631550   99.11%
L1-Load-Misses:        16674727    0.89%
L1-Load-Accesses:    1868306277  100.00%

L1-Store-Hits:         186389982   97.93%
L1-Store-Misses:         3937348    2.07%
L1-Store-Accesses:     190327330  100.00%

L1-Total-Hits:        2038021532   99.00%
L1-Total-Misses:        20612075    1.00%
L1-Total-Accesses:    2058633607  100.00%

L2 Cache Stats:
L2-Load-Hits:          14528384   87.13%
L2-Load-Misses:         2146343   12.87%
L2-Load-Accesses:      16674727  100.00%

L2-Store-Hits:           3060019   77.72%
L2-Store-Misses:          877329   22.28%
L2-Store-Accesses:       3937348  100.00%

L2-Total-Hits:          17588403   85.33%
L2-Total-Misses:         3023672   14.67%
L2-Total-Accesses:      20612075  100.00%

