--------
Total Statistics
--------
Total Instructions: 31246957013
Total Cycles: 51338608041
IPC: 0.608644

--------
Single level Tlb hierarchy
--------
  Data Tlb:
    Entries:          64
    Page Size(B):   4096
    Associativity:      4

Latencies:    0   50
Tlb-Sets:   16 - LRU - assoc:   4

Tlb Stats:
Tlb-Load-Hits:        9346837972   99.54%
Tlb-Load-Misses:        42900645    0.46%
Tlb-Load-Accesses:    9389738617  100.00%

Tlb-Store-Hits:        4873615992   99.30%
Tlb-Store-Misses:        34558539    0.70%
Tlb-Store-Accesses:    4908174531  100.00%

Tlb-Total-Hits:       14220453964   99.46%
Tlb-Total-Misses:        77459184    0.54%
Tlb-Total-Accesses:   14297913148  100.00%



--------
Two level Cache hierarchy
--------
  L1-Data Cache:
    Size(KB):          32
    Block Size(B):     64
    Associativity:      8

  L2-Data Cache:
    Size(KB):        1024
    Block Size(B):    128
    Associativity:      8

Latencies:    1   10  150
L1-Sets:   64 - LRU - assoc:   8
L2-Sets: 1024 - LRU - assoc:   8
Store_allocation: Yes
L2_inclusive: Yes
L2_prefetching: Yes ( 16)

L1 Cache Stats:
L1-Load-Hits:        9337592282   99.44%
L1-Load-Misses:        52146335    0.56%
L1-Load-Accesses:    9389738617  100.00%

L1-Store-Hits:        4898469803   99.80%
L1-Store-Misses:         9704728    0.20%
L1-Store-Accesses:    4908174531  100.00%

L1-Total-Hits:       14236062085   99.57%
L1-Total-Misses:        61851063    0.43%
L1-Total-Accesses:   14297913148  100.00%

L2 Cache Stats:
L2-Load-Hits:          45063801   86.42%
L2-Load-Misses:         7082534   13.58%
L2-Load-Accesses:      52146335  100.00%

L2-Store-Hits:           8105475   83.52%
L2-Store-Misses:         1599253   16.48%
L2-Store-Accesses:       9704728  100.00%

L2-Total-Hits:          53169276   85.96%
L2-Total-Misses:         8681787   14.04%
L2-Total-Accesses:      61851063  100.00%

