--------
Total Statistics
--------
Total Instructions: 31246957013
Total Cycles: 47901527591
IPC: 0.652317

--------
Single level Tlb hierarchy
--------
  Data Tlb:
    Entries:          64
    Page Size(B):   4096
    Associativity:      4

Latencies:    0   50
Tlb-Sets:   16 - LRU - assoc:   4

Tlb Stats:
Tlb-Load-Hits:        9377126667   99.87%
Tlb-Load-Misses:        12611950    0.13%
Tlb-Load-Accesses:    9389738617  100.00%

Tlb-Store-Hits:        4904454457   99.92%
Tlb-Store-Misses:         3720074    0.08%
Tlb-Store-Accesses:    4908174531  100.00%

Tlb-Total-Hits:       14281581124   99.89%
Tlb-Total-Misses:        16332024    0.11%
Tlb-Total-Accesses:   14297913148  100.00%



--------
Two level Cache hierarchy
--------
  L1-Data Cache:
    Size(KB):          32
    Block Size(B):     64
    Associativity:      8

  L2-Data Cache:
    Size(KB):        1024
    Block Size(B):    128
    Associativity:      8

Latencies:    1   10  150
L1-Sets:   64 - LRU - assoc:   8
L2-Sets: 1024 - LRU - assoc:   8
Store_allocation: Yes
L2_inclusive: Yes
L2_prefetching: Yes (  1)

L1 Cache Stats:
L1-Load-Hits:        9340281074   99.47%
L1-Load-Misses:        49457543    0.53%
L1-Load-Accesses:    9389738617  100.00%

L1-Store-Hits:        4898907666   99.81%
L1-Store-Misses:         9266865    0.19%
L1-Store-Accesses:    4908174531  100.00%

L1-Total-Hits:       14239188740   99.59%
L1-Total-Misses:        58724408    0.41%
L1-Total-Accesses:   14297913148  100.00%

L2 Cache Stats:
L2-Load-Hits:          44420316   89.82%
L2-Load-Misses:         5037227   10.18%
L2-Load-Accesses:      49457543  100.00%

L2-Store-Hits:           7952011   85.81%
L2-Store-Misses:         1314854   14.19%
L2-Store-Accesses:       9266865  100.00%

L2-Total-Hits:          52372327   89.18%
L2-Total-Misses:         6352081   10.82%
L2-Total-Accesses:      58724408  100.00%

