--------
Total Statistics
--------
Total Instructions: 31246957047
Total Cycles: 48354003114
IPC: 0.646212

--------
Single level Tlb hierarchy
--------
  Data Tlb:
    Entries:          64
    Page Size(B):   4096
    Associativity:      4

Latencies:    0   50
Tlb-Sets:   16 - LRU - assoc:   4

Tlb Stats:
Tlb-Load-Hits:        9372673994   99.82%
Tlb-Load-Misses:        17064637    0.18%
Tlb-Load-Accesses:    9389738631  100.00%

Tlb-Store-Hits:        4900495718   99.84%
Tlb-Store-Misses:         7678818    0.16%
Tlb-Store-Accesses:    4908174536  100.00%

Tlb-Total-Hits:       14273169712   99.83%
Tlb-Total-Misses:        24743455    0.17%
Tlb-Total-Accesses:   14297913167  100.00%



--------
Two level Cache hierarchy
--------
  L1-Data Cache:
    Size(KB):          32
    Block Size(B):     64
    Associativity:      8

  L2-Data Cache:
    Size(KB):        1024
    Block Size(B):    128
    Associativity:      8

Latencies:    1   10  150
L1-Sets:   64 - LRU - assoc:   8
L2-Sets: 1024 - LRU - assoc:   8
Store_allocation: Yes
L2_inclusive: Yes
L2_prefetching: Yes (  4)

L1 Cache Stats:
L1-Load-Hits:        9338972379   99.46%
L1-Load-Misses:        50766252    0.54%
L1-Load-Accesses:    9389738631  100.00%

L1-Store-Hits:        4899478803   99.82%
L1-Store-Misses:         8695733    0.18%
L1-Store-Accesses:    4908174536  100.00%

L1-Total-Hits:       14238451182   99.58%
L1-Total-Misses:        59461985    0.42%
L1-Total-Accesses:   14297913167  100.00%

L2 Cache Stats:
L2-Load-Hits:          45060877   88.76%
L2-Load-Misses:         5705375   11.24%
L2-Load-Accesses:      50766252  100.00%

L2-Store-Hits:           7885506   90.68%
L2-Store-Misses:          810227    9.32%
L2-Store-Accesses:       8695733  100.00%

L2-Total-Hits:          52946383   89.04%
L2-Total-Misses:         6515602   10.96%
L2-Total-Accesses:      59461985  100.00%

