--------
Total Statistics
--------
Total Instructions: 31246957047
Total Cycles: 53293423824
IPC: 0.586319

--------
Single level Tlb hierarchy
--------
  Data Tlb:
    Entries:          64
    Page Size(B):   4096
    Associativity:      4

Latencies:    0   50
Tlb-Sets:   16 - LRU - assoc:   4

Tlb Stats:
Tlb-Load-Hits:        9274254752   98.77%
Tlb-Load-Misses:       115483879    1.23%
Tlb-Load-Accesses:    9389738631  100.00%

Tlb-Store-Hits:        4898920416   99.81%
Tlb-Store-Misses:         9254120    0.19%
Tlb-Store-Accesses:    4908174536  100.00%

Tlb-Total-Hits:       14173175168   99.13%
Tlb-Total-Misses:       124737999    0.87%
Tlb-Total-Accesses:   14297913167  100.00%



--------
Two level Cache hierarchy
--------
  L1-Data Cache:
    Size(KB):          32
    Block Size(B):     64
    Associativity:      8

  L2-Data Cache:
    Size(KB):        1024
    Block Size(B):    128
    Associativity:      8

Latencies:    1   10  150
L1-Sets:   64 - LRU - assoc:   8
L2-Sets: 1024 - LRU - assoc:   8
Store_allocation: Yes
L2_inclusive: Yes
L2_prefetching: Yes (  2)

L1 Cache Stats:
L1-Load-Hits:        9339924036   99.47%
L1-Load-Misses:        49814595    0.53%
L1-Load-Accesses:    9389738631  100.00%

L1-Store-Hits:        4899305860   99.82%
L1-Store-Misses:         8868676    0.18%
L1-Store-Accesses:    4908174536  100.00%

L1-Total-Hits:       14239229896   99.59%
L1-Total-Misses:        58683271    0.41%
L1-Total-Accesses:   14297913167  100.00%

L2 Cache Stats:
L2-Load-Hits:          44661441   89.66%
L2-Load-Misses:         5153154   10.34%
L2-Load-Accesses:      49814595  100.00%

L2-Store-Hits:           7856357   88.59%
L2-Store-Misses:         1012319   11.41%
L2-Store-Accesses:       8868676  100.00%

L2-Total-Hits:          52517798   89.49%
L2-Total-Misses:         6165473   10.51%
L2-Total-Accesses:      58683271  100.00%

