--------
Total Statistics
--------
Total Instructions: 31246957013
Total Cycles: 48058663561
IPC: 0.650184

--------
Single level Tlb hierarchy
--------
  Data Tlb:
    Entries:          64
    Page Size(B):   4096
    Associativity:      4

Latencies:    0   50
Tlb-Sets:   16 - LRU - assoc:   4

Tlb Stats:
Tlb-Load-Hits:        9377279995   99.87%
Tlb-Load-Misses:        12458622    0.13%
Tlb-Load-Accesses:    9389738617  100.00%

Tlb-Store-Hits:        4904468621   99.92%
Tlb-Store-Misses:         3705910    0.08%
Tlb-Store-Accesses:    4908174531  100.00%

Tlb-Total-Hits:       14281748616   99.89%
Tlb-Total-Misses:        16164532    0.11%
Tlb-Total-Accesses:   14297913148  100.00%



--------
Two level Cache hierarchy
--------
  L1-Data Cache:
    Size(KB):          32
    Block Size(B):     64
    Associativity:      8

  L2-Data Cache:
    Size(KB):        1024
    Block Size(B):    128
    Associativity:      8

Latencies:    1   10  150
L1-Sets:   64 - LRU - assoc:   8
L2-Sets: 1024 - LRU - assoc:   8
Store_allocation: Yes
L2_inclusive: Yes
L2_prefetching: Yes (  8)

L1 Cache Stats:
L1-Load-Hits:        9337900162   99.45%
L1-Load-Misses:        51838455    0.55%
L1-Load-Accesses:    9389738617  100.00%

L1-Store-Hits:        4899320626   99.82%
L1-Store-Misses:         8853905    0.18%
L1-Store-Accesses:    4908174531  100.00%

L1-Total-Hits:       14237220788   99.58%
L1-Total-Misses:        60692360    0.42%
L1-Total-Accesses:   14297913148  100.00%

L2 Cache Stats:
L2-Load-Hits:          45368654   87.52%
L2-Load-Misses:         6469801   12.48%
L2-Load-Accesses:      51838455  100.00%

L2-Store-Hits:           7999418   90.35%
L2-Store-Misses:          854487    9.65%
L2-Store-Accesses:       8853905  100.00%

L2-Total-Hits:          53368072   87.93%
L2-Total-Misses:         7324288   12.07%
L2-Total-Accesses:      60692360  100.00%

