--------
Total Statistics
--------
Total Instructions: 6899721493
Total Cycles: 9537595316
IPC: 0.723424

--------
Single level Tlb hierarchy
--------
  Data Tlb:
    Entries:          64
    Page Size(B):   4096
    Associativity:      4

Latencies:    0   50
Tlb-Sets:   16 - LRU - assoc:   4

Tlb Stats:
Tlb-Load-Hits:        1840018985   99.97%
Tlb-Load-Misses:          559465    0.03%
Tlb-Load-Accesses:    1840578450  100.00%

Tlb-Store-Hits:         682038716   99.99%
Tlb-Store-Misses:           54747    0.01%
Tlb-Store-Accesses:     682093463  100.00%

Tlb-Total-Hits:        2522057701   99.98%
Tlb-Total-Misses:          614212    0.02%
Tlb-Total-Accesses:    2522671913  100.00%



--------
Two level Cache hierarchy
--------
  L1-Data Cache:
    Size(KB):          32
    Block Size(B):     64
    Associativity:      8

  L2-Data Cache:
    Size(KB):        1024
    Block Size(B):    128
    Associativity:      8

Latencies:    1   10  150
L1-Sets:   64 - LRU - assoc:   8
L2-Sets: 1024 - LRU - assoc:   8
Store_allocation: Yes
L2_inclusive: Yes
L2_prefetching: Yes ( 16)

L1 Cache Stats:
L1-Load-Hits:        1837365530   99.83%
L1-Load-Misses:         3212920    0.17%
L1-Load-Accesses:    1840578450  100.00%

L1-Store-Hits:         681652257   99.94%
L1-Store-Misses:          441206    0.06%
L1-Store-Accesses:     682093463  100.00%

L1-Total-Hits:        2519017787   99.86%
L1-Total-Misses:         3654126    0.14%
L1-Total-Accesses:    2522671913  100.00%

L2 Cache Stats:
L2-Load-Hits:           2906588   90.47%
L2-Load-Misses:          306332    9.53%
L2-Load-Accesses:       3212920  100.00%

L2-Store-Hits:            427871   96.98%
L2-Store-Misses:           13335    3.02%
L2-Store-Accesses:        441206  100.00%

L2-Total-Hits:           3334459   91.25%
L2-Total-Misses:          319667    8.75%
L2-Total-Accesses:       3654126  100.00%

