--------
Total Statistics
--------
Total Instructions: 6899721527
Total Cycles: 9595723899
IPC: 0.719041

--------
Single level Tlb hierarchy
--------
  Data Tlb:
    Entries:          64
    Page Size(B):   4096
    Associativity:      4

Latencies:    0   50
Tlb-Sets:   16 - LRU - assoc:   4

Tlb Stats:
Tlb-Load-Hits:        1839899813   99.96%
Tlb-Load-Misses:          678651    0.04%
Tlb-Load-Accesses:    1840578464  100.00%

Tlb-Store-Hits:         681945482   99.98%
Tlb-Store-Misses:          147986    0.02%
Tlb-Store-Accesses:     682093468  100.00%

Tlb-Total-Hits:        2521845295   99.97%
Tlb-Total-Misses:          826637    0.03%
Tlb-Total-Accesses:    2522671932  100.00%



--------
Two level Cache hierarchy
--------
  L1-Data Cache:
    Size(KB):          32
    Block Size(B):     64
    Associativity:      8

  L2-Data Cache:
    Size(KB):        1024
    Block Size(B):    128
    Associativity:      8

Latencies:    1   10  150
L1-Sets:   64 - LRU - assoc:   8
L2-Sets: 1024 - LRU - assoc:   8
Store_allocation: Yes
L2_inclusive: Yes
L2_prefetching: Yes (  1)

L1 Cache Stats:
L1-Load-Hits:        1837193096   99.82%
L1-Load-Misses:         3385368    0.18%
L1-Load-Accesses:    1840578464  100.00%

L1-Store-Hits:         681555877   99.92%
L1-Store-Misses:          537591    0.08%
L1-Store-Accesses:     682093468  100.00%

L1-Total-Hits:        2518748973   99.84%
L1-Total-Misses:         3922959    0.16%
L1-Total-Accesses:    2522671932  100.00%

L2 Cache Stats:
L2-Load-Hits:           2864365   84.61%
L2-Load-Misses:          521003   15.39%
L2-Load-Accesses:       3385368  100.00%

L2-Store-Hits:            440134   81.87%
L2-Store-Misses:           97457   18.13%
L2-Store-Accesses:        537591  100.00%

L2-Total-Hits:           3304499   84.23%
L2-Total-Misses:          618460   15.77%
L2-Total-Accesses:       3922959  100.00%

