--------
Total Statistics
--------
Total Instructions: 6899721493
Total Cycles: 9549383496
IPC: 0.722531

--------
Single level Tlb hierarchy
--------
  Data Tlb:
    Entries:          64
    Page Size(B):   4096
    Associativity:      4

Latencies:    0   50
Tlb-Sets:   16 - LRU - assoc:   4

Tlb Stats:
Tlb-Load-Hits:        1840005594   99.97%
Tlb-Load-Misses:          572856    0.03%
Tlb-Load-Accesses:    1840578450  100.00%

Tlb-Store-Hits:         682038717   99.99%
Tlb-Store-Misses:           54746    0.01%
Tlb-Store-Accesses:     682093463  100.00%

Tlb-Total-Hits:        2522044311   99.98%
Tlb-Total-Misses:          627602    0.02%
Tlb-Total-Accesses:    2522671913  100.00%



--------
Two level Cache hierarchy
--------
  L1-Data Cache:
    Size(KB):          32
    Block Size(B):     64
    Associativity:      8

  L2-Data Cache:
    Size(KB):        1024
    Block Size(B):    128
    Associativity:      8

Latencies:    1   10  150
L1-Sets:   64 - LRU - assoc:   8
L2-Sets: 1024 - LRU - assoc:   8
Store_allocation: Yes
L2_inclusive: Yes
L2_prefetching: Yes (  4)

L1 Cache Stats:
L1-Load-Hits:        1837350004   99.82%
L1-Load-Misses:         3228446    0.18%
L1-Load-Accesses:    1840578450  100.00%

L1-Store-Hits:         681612035   99.93%
L1-Store-Misses:          481428    0.07%
L1-Store-Accesses:     682093463  100.00%

L1-Total-Hits:        2518962039   99.85%
L1-Total-Misses:         3709874    0.15%
L1-Total-Accesses:    2522671913  100.00%

L2 Cache Stats:
L2-Load-Hits:           2877508   89.13%
L2-Load-Misses:          350938   10.87%
L2-Load-Accesses:       3228446  100.00%

L2-Store-Hits:            442291   91.87%
L2-Store-Misses:           39137    8.13%
L2-Store-Accesses:        481428  100.00%

L2-Total-Hits:           3319799   89.49%
L2-Total-Misses:          390075   10.51%
L2-Total-Accesses:       3709874  100.00%

