--------
Total Statistics
--------
Total Instructions: 6899721493
Total Cycles: 9537793706
IPC: 0.723409

--------
Single level Tlb hierarchy
--------
  Data Tlb:
    Entries:          64
    Page Size(B):   4096
    Associativity:      4

Latencies:    0   50
Tlb-Sets:   16 - LRU - assoc:   4

Tlb Stats:
Tlb-Load-Hits:        1840034449   99.97%
Tlb-Load-Misses:          544001    0.03%
Tlb-Load-Accesses:    1840578450  100.00%

Tlb-Store-Hits:         682041320   99.99%
Tlb-Store-Misses:           52143    0.01%
Tlb-Store-Accesses:     682093463  100.00%

Tlb-Total-Hits:        2522075769   99.98%
Tlb-Total-Misses:          596144    0.02%
Tlb-Total-Accesses:    2522671913  100.00%



--------
Two level Cache hierarchy
--------
  L1-Data Cache:
    Size(KB):          32
    Block Size(B):     64
    Associativity:      8

  L2-Data Cache:
    Size(KB):        1024
    Block Size(B):    128
    Associativity:      8

Latencies:    1   10  150
L1-Sets:   64 - LRU - assoc:   8
L2-Sets: 1024 - LRU - assoc:   8
Store_allocation: Yes
L2_inclusive: Yes
L2_prefetching: Yes (  8)

L1 Cache Stats:
L1-Load-Hits:        1837422295   99.83%
L1-Load-Misses:         3156155    0.17%
L1-Load-Accesses:    1840578450  100.00%

L1-Store-Hits:         681636333   99.93%
L1-Store-Misses:          457130    0.07%
L1-Store-Accesses:     682093463  100.00%

L1-Total-Hits:        2519058628   99.86%
L1-Total-Misses:         3613285    0.14%
L1-Total-Accesses:    2522671913  100.00%

L2 Cache Stats:
L2-Load-Hits:           2849330   90.28%
L2-Load-Misses:          306825    9.72%
L2-Load-Accesses:       3156155  100.00%

L2-Store-Hits:            434220   94.99%
L2-Store-Misses:           22910    5.01%
L2-Store-Accesses:        457130  100.00%

L2-Total-Hits:           3283550   90.87%
L2-Total-Misses:          329735    9.13%
L2-Total-Accesses:       3613285  100.00%

