--------
Total Statistics
--------
Total Instructions: 6899721527
Total Cycles: 9537345099
IPC: 0.723443

--------
Single level Tlb hierarchy
--------
  Data Tlb:
    Entries:          64
    Page Size(B):   4096
    Associativity:      4

Latencies:    0   50
Tlb-Sets:   16 - LRU - assoc:   4

Tlb Stats:
Tlb-Load-Hits:        1840022080   99.97%
Tlb-Load-Misses:          556384    0.03%
Tlb-Load-Accesses:    1840578464  100.00%

Tlb-Store-Hits:         682039151   99.99%
Tlb-Store-Misses:           54317    0.01%
Tlb-Store-Accesses:     682093468  100.00%

Tlb-Total-Hits:        2522061231   99.98%
Tlb-Total-Misses:          610701    0.02%
Tlb-Total-Accesses:    2522671932  100.00%



--------
Two level Cache hierarchy
--------
  L1-Data Cache:
    Size(KB):          32
    Block Size(B):     64
    Associativity:      8

  L2-Data Cache:
    Size(KB):        1024
    Block Size(B):    128
    Associativity:      8

Latencies:    1   10  150
L1-Sets:   64 - LRU - assoc:   8
L2-Sets: 1024 - LRU - assoc:   8
Store_allocation: Yes
L2_inclusive: Yes
L2_prefetching: Yes ( 32)

L1 Cache Stats:
L1-Load-Hits:        1837516656   99.83%
L1-Load-Misses:         3061808    0.17%
L1-Load-Accesses:    1840578464  100.00%

L1-Store-Hits:         681665357   99.94%
L1-Store-Misses:          428111    0.06%
L1-Store-Accesses:     682093468  100.00%

L1-Total-Hits:        2519182013   99.86%
L1-Total-Misses:         3489919    0.14%
L1-Total-Accesses:    2522671932  100.00%

L2 Cache Stats:
L2-Load-Hits:           2740851   89.52%
L2-Load-Misses:          320957   10.48%
L2-Load-Accesses:       3061808  100.00%

L2-Store-Hits:            418952   97.86%
L2-Store-Misses:            9159    2.14%
L2-Store-Accesses:        428111  100.00%

L2-Total-Hits:           3159803   90.54%
L2-Total-Misses:          330116    9.46%
L2-Total-Accesses:       3489919  100.00%

