--------
Total Statistics
--------
Total Instructions: 19352350950
Total Cycles: 38014050788
IPC: 0.509084

--------
Single level Tlb hierarchy
--------
  Data Tlb:
    Entries:          64
    Page Size(B):   4096
    Associativity:      4

Latencies:    0   50
Tlb-Sets:   16 - LRU - assoc:   4

Tlb Stats:
Tlb-Load-Hits:        8634624956   99.62%
Tlb-Load-Misses:        33345349    0.38%
Tlb-Load-Accesses:    8667970305  100.00%

Tlb-Store-Hits:         326733747   99.96%
Tlb-Store-Misses:          146966    0.04%
Tlb-Store-Accesses:     326880713  100.00%

Tlb-Total-Hits:        8961358703   99.63%
Tlb-Total-Misses:        33492315    0.37%
Tlb-Total-Accesses:    8994851018  100.00%



--------
Two level Cache hierarchy
--------
  L1-Data Cache:
    Size(KB):          32
    Block Size(B):     64
    Associativity:      8

  L2-Data Cache:
    Size(KB):        1024
    Block Size(B):    128
    Associativity:      8

Latencies:    1   10  150
L1-Sets:   64 - LRU - assoc:   8
L2-Sets: 1024 - LRU - assoc:   8
Store_allocation: Yes
L2_inclusive: Yes
L2_prefetching: Yes (  4)

L1 Cache Stats:
L1-Load-Hits:        8342163405   96.24%
L1-Load-Misses:       325806900    3.76%
L1-Load-Accesses:    8667970305  100.00%

L1-Store-Hits:         325601906   99.61%
L1-Store-Misses:         1278807    0.39%
L1-Store-Accesses:     326880713  100.00%

L1-Total-Hits:        8667765311   96.36%
L1-Total-Misses:       327085707    3.64%
L1-Total-Accesses:    8994851018  100.00%

L2 Cache Stats:
L2-Load-Hits:         294432677   90.37%
L2-Load-Misses:        31374223    9.63%
L2-Load-Accesses:     325806900  100.00%

L2-Store-Hits:           1177190   92.05%
L2-Store-Misses:          101617    7.95%
L2-Store-Accesses:       1278807  100.00%

L2-Total-Hits:         295609867   90.38%
L2-Total-Misses:        31475840    9.62%
L2-Total-Accesses:     327085707  100.00%

