--------
Total Statistics
--------
Total Instructions: 19352350950
Total Cycles: 37357627678
IPC: 0.518029

--------
Single level Tlb hierarchy
--------
  Data Tlb:
    Entries:          64
    Page Size(B):   4096
    Associativity:      4

Latencies:    0   50
Tlb-Sets:   16 - LRU - assoc:   4

Tlb Stats:
Tlb-Load-Hits:        8634616603   99.62%
Tlb-Load-Misses:        33353702    0.38%
Tlb-Load-Accesses:    8667970305  100.00%

Tlb-Store-Hits:         326737028   99.96%
Tlb-Store-Misses:          143685    0.04%
Tlb-Store-Accesses:     326880713  100.00%

Tlb-Total-Hits:        8961353631   99.63%
Tlb-Total-Misses:        33497387    0.37%
Tlb-Total-Accesses:    8994851018  100.00%



--------
Two level Cache hierarchy
--------
  L1-Data Cache:
    Size(KB):          32
    Block Size(B):     64
    Associativity:      8

  L2-Data Cache:
    Size(KB):        1024
    Block Size(B):    128
    Associativity:      8

Latencies:    1   10  150
L1-Sets:   64 - LRU - assoc:   8
L2-Sets: 1024 - LRU - assoc:   8
Store_allocation: Yes
L2_inclusive: Yes
L2_prefetching: Yes ( 32)

L1 Cache Stats:
L1-Load-Hits:        8350062821   96.33%
L1-Load-Misses:       317907484    3.67%
L1-Load-Accesses:    8667970305  100.00%

L1-Store-Hits:         325659581   99.63%
L1-Store-Misses:         1221132    0.37%
L1-Store-Accesses:     326880713  100.00%

L1-Total-Hits:        8675722402   96.45%
L1-Total-Misses:       319128616    3.55%
L1-Total-Accesses:    8994851018  100.00%

L2 Cache Stats:
L2-Load-Hits:         290369910   91.34%
L2-Load-Misses:        27537574    8.66%
L2-Load-Accesses:     317907484  100.00%

L2-Store-Hits:           1130238   92.56%
L2-Store-Misses:           90894    7.44%
L2-Store-Accesses:       1221132  100.00%

L2-Total-Hits:         291500148   91.34%
L2-Total-Misses:        27628468    8.66%
L2-Total-Accesses:     319128616  100.00%

