--------
Total Statistics
--------
Total Instructions: 19352350950
Total Cycles: 37311245508
IPC: 0.518673

--------
Single level Tlb hierarchy
--------
  Data Tlb:
    Entries:          64
    Page Size(B):   4096
    Associativity:      4

Latencies:    0   50
Tlb-Sets:   16 - LRU - assoc:   4

Tlb Stats:
Tlb-Load-Hits:        8634634385   99.62%
Tlb-Load-Misses:        33335920    0.38%
Tlb-Load-Accesses:    8667970305  100.00%

Tlb-Store-Hits:         326735939   99.96%
Tlb-Store-Misses:          144774    0.04%
Tlb-Store-Accesses:     326880713  100.00%

Tlb-Total-Hits:        8961370324   99.63%
Tlb-Total-Misses:        33480694    0.37%
Tlb-Total-Accesses:    8994851018  100.00%



--------
Two level Cache hierarchy
--------
  L1-Data Cache:
    Size(KB):          32
    Block Size(B):     64
    Associativity:      8

  L2-Data Cache:
    Size(KB):        1024
    Block Size(B):    128
    Associativity:      8

Latencies:    1   10  150
L1-Sets:   64 - LRU - assoc:   8
L2-Sets: 1024 - LRU - assoc:   8
Store_allocation: Yes
L2_inclusive: Yes
L2_prefetching: Yes ( 64)

L1 Cache Stats:
L1-Load-Hits:        8350529481   96.34%
L1-Load-Misses:       317440824    3.66%
L1-Load-Accesses:    8667970305  100.00%

L1-Store-Hits:         325642533   99.62%
L1-Store-Misses:         1238180    0.38%
L1-Store-Accesses:     326880713  100.00%

L1-Total-Hits:        8676172014   96.46%
L1-Total-Misses:       318679004    3.54%
L1-Total-Accesses:    8994851018  100.00%

L2 Cache Stats:
L2-Load-Hits:         290217085   91.42%
L2-Load-Misses:        27223739    8.58%
L2-Load-Accesses:     317440824  100.00%

L2-Store-Hits:           1107127   89.42%
L2-Store-Misses:          131053   10.58%
L2-Store-Accesses:       1238180  100.00%

L2-Total-Hits:         291324212   91.42%
L2-Total-Misses:        27354792    8.58%
L2-Total-Accesses:     318679004  100.00%

