--------
Total Statistics
--------
Total Instructions: 19352350950
Total Cycles: 47407814518
IPC: 0.40821

--------
Single level Tlb hierarchy
--------
  Data Tlb:
    Entries:          64
    Page Size(B):   4096
    Associativity:      4

Latencies:    0   50
Tlb-Sets:   16 - LRU - assoc:   4

Tlb Stats:
Tlb-Load-Hits:        8634619274   99.62%
Tlb-Load-Misses:        33351031    0.38%
Tlb-Load-Accesses:    8667970305  100.00%

Tlb-Store-Hits:         326737197   99.96%
Tlb-Store-Misses:          143516    0.04%
Tlb-Store-Accesses:     326880713  100.00%

Tlb-Total-Hits:        8961356471   99.63%
Tlb-Total-Misses:        33494547    0.37%
Tlb-Total-Accesses:    8994851018  100.00%



--------
Two level Cache hierarchy
--------
  L1-Data Cache:
    Size(KB):          32
    Block Size(B):     64
    Associativity:      8

  L2-Data Cache:
    Size(KB):        1024
    Block Size(B):    128
    Associativity:      8

Latencies:    1   10  150
L1-Sets:   64 - LRU - assoc:   8
L2-Sets: 1024 - LRU - assoc:   8
Store_allocation: Yes
L2_inclusive: Yes
L2_prefetching: Yes (  1)

L1 Cache Stats:
L1-Load-Hits:        8277903696   95.50%
L1-Load-Misses:       390066609    4.50%
L1-Load-Accesses:    8667970305  100.00%

L1-Store-Hits:         325357182   99.53%
L1-Store-Misses:         1523531    0.47%
L1-Store-Accesses:     326880713  100.00%

L1-Total-Hits:        8603260878   95.65%
L1-Total-Misses:       391590140    4.35%
L1-Total-Accesses:    8994851018  100.00%

L2 Cache Stats:
L2-Load-Hits:         300504917   77.04%
L2-Load-Misses:        89561692   22.96%
L2-Load-Accesses:     390066609  100.00%

L2-Store-Hits:           1285331   84.37%
L2-Store-Misses:          238200   15.63%
L2-Store-Accesses:       1523531  100.00%

L2-Total-Hits:         301790248   77.07%
L2-Total-Misses:        89799892   22.93%
L2-Total-Accesses:     391590140  100.00%

