--------
Total Statistics
--------
Total Instructions: 19352350950
Total Cycles: 42697211518
IPC: 0.453246

--------
Single level Tlb hierarchy
--------
  Data Tlb:
    Entries:          64
    Page Size(B):   4096
    Associativity:      4

Latencies:    0   50
Tlb-Sets:   16 - LRU - assoc:   4

Tlb Stats:
Tlb-Load-Hits:        8634633622   99.62%
Tlb-Load-Misses:        33336683    0.38%
Tlb-Load-Accesses:    8667970305  100.00%

Tlb-Store-Hits:         326717138   99.95%
Tlb-Store-Misses:          163575    0.05%
Tlb-Store-Accesses:     326880713  100.00%

Tlb-Total-Hits:        8961350760   99.63%
Tlb-Total-Misses:        33500258    0.37%
Tlb-Total-Accesses:    8994851018  100.00%



--------
Two level Cache hierarchy
--------
  L1-Data Cache:
    Size(KB):          32
    Block Size(B):     64
    Associativity:      8

  L2-Data Cache:
    Size(KB):        1024
    Block Size(B):    128
    Associativity:      8

Latencies:    1   10  150
L1-Sets:   64 - LRU - assoc:   8
L2-Sets: 1024 - LRU - assoc:   8
Store_allocation: Yes
L2_inclusive: Yes
L2_prefetching: Yes (  2)

L1 Cache Stats:
L1-Load-Hits:        8311214911   95.88%
L1-Load-Misses:       356755394    4.12%
L1-Load-Accesses:    8667970305  100.00%

L1-Store-Hits:         325391037   99.54%
L1-Store-Misses:         1489676    0.46%
L1-Store-Accesses:     326880713  100.00%

L1-Total-Hits:        8636605948   96.02%
L1-Total-Misses:       358245070    3.98%
L1-Total-Accesses:    8994851018  100.00%

L2 Cache Stats:
L2-Load-Hits:         296299408   83.05%
L2-Load-Misses:        60455986   16.95%
L2-Load-Accesses:     356755394  100.00%

L2-Store-Hits:           1328689   89.19%
L2-Store-Misses:          160987   10.81%
L2-Store-Accesses:       1489676  100.00%

L2-Total-Hits:         297628097   83.08%
L2-Total-Misses:        60616973   16.92%
L2-Total-Accesses:     358245070  100.00%

