--------
Total Statistics
--------
Total Instructions: 19352350950
Total Cycles: 37752112298
IPC: 0.512616

--------
Single level Tlb hierarchy
--------
  Data Tlb:
    Entries:          64
    Page Size(B):   4096
    Associativity:      4

Latencies:    0   50
Tlb-Sets:   16 - LRU - assoc:   4

Tlb Stats:
Tlb-Load-Hits:        8634580978   99.61%
Tlb-Load-Misses:        33389327    0.39%
Tlb-Load-Accesses:    8667970305  100.00%

Tlb-Store-Hits:         326733399   99.95%
Tlb-Store-Misses:          147314    0.05%
Tlb-Store-Accesses:     326880713  100.00%

Tlb-Total-Hits:        8961314377   99.63%
Tlb-Total-Misses:        33536641    0.37%
Tlb-Total-Accesses:    8994851018  100.00%



--------
Two level Cache hierarchy
--------
  L1-Data Cache:
    Size(KB):          32
    Block Size(B):     64
    Associativity:      8

  L2-Data Cache:
    Size(KB):        1024
    Block Size(B):    128
    Associativity:      8

Latencies:    1   10  150
L1-Sets:   64 - LRU - assoc:   8
L2-Sets: 1024 - LRU - assoc:   8
Store_allocation: Yes
L2_inclusive: Yes
L2_prefetching: Yes (  8)

L1 Cache Stats:
L1-Load-Hits:        8341439030   96.23%
L1-Load-Misses:       326531275    3.77%
L1-Load-Accesses:    8667970305  100.00%

L1-Store-Hits:         325694015   99.64%
L1-Store-Misses:         1186698    0.36%
L1-Store-Accesses:     326880713  100.00%

L1-Total-Hits:        8667133045   96.36%
L1-Total-Misses:       327717973    3.64%
L1-Total-Accesses:    8994851018  100.00%

L2 Cache Stats:
L2-Load-Hits:         296929837   90.93%
L2-Load-Misses:        29601438    9.07%
L2-Load-Accesses:     326531275  100.00%

L2-Store-Hits:           1115479   94.00%
L2-Store-Misses:           71219    6.00%
L2-Store-Accesses:       1186698  100.00%

L2-Total-Hits:         298045316   90.95%
L2-Total-Misses:        29672657    9.05%
L2-Total-Accesses:     327717973  100.00%

