--------
Total Statistics
--------
Total Instructions: 27912973132
Total Cycles: 39096720230
IPC: 0.713947

--------
Single level Tlb hierarchy
--------
  Data Tlb:
    Entries:          64
    Page Size(B):   4096
    Associativity:      4

Latencies:    0   50
Tlb-Sets:   16 - LRU - assoc:   4

Tlb Stats:
Tlb-Load-Hits:        7669285899  100.00%
Tlb-Load-Misses:           17684    0.00%
Tlb-Load-Accesses:    7669303583  100.00%

Tlb-Store-Hits:        2317371888  100.00%
Tlb-Store-Misses:             387    0.00%
Tlb-Store-Accesses:    2317372275  100.00%

Tlb-Total-Hits:        9986657787  100.00%
Tlb-Total-Misses:           18071    0.00%
Tlb-Total-Accesses:    9986675858  100.00%



--------
Two level Cache hierarchy
--------
  L1-Data Cache:
    Size(KB):          32
    Block Size(B):     64
    Associativity:      8

  L2-Data Cache:
    Size(KB):        1024
    Block Size(B):    128
    Associativity:      8

Latencies:    1   10  150
L1-Sets:   64 - LRU - assoc:   8
L2-Sets: 1024 - LRU - assoc:   8
Store_allocation: Yes
L2_inclusive: Yes
L2_prefetching: Yes (  8)

L1 Cache Stats:
L1-Load-Hits:        7603385794   99.14%
L1-Load-Misses:        65917789    0.86%
L1-Load-Accesses:    7669303583  100.00%

L1-Store-Hits:        2263703505   97.68%
L1-Store-Misses:        53668770    2.32%
L1-Store-Accesses:    2317372275  100.00%

L1-Total-Hits:        9867089299   98.80%
L1-Total-Misses:       119586559    1.20%
L1-Total-Accesses:    9986675858  100.00%

L2 Cache Stats:
L2-Load-Hits:          65917463  100.00%
L2-Load-Misses:             326    0.00%
L2-Load-Accesses:      65917789  100.00%

L2-Store-Hits:          53667082  100.00%
L2-Store-Misses:            1688    0.00%
L2-Store-Accesses:      53668770  100.00%

L2-Total-Hits:         119584545  100.00%
L2-Total-Misses:            2014    0.00%
L2-Total-Accesses:     119586559  100.00%

