--------
Total Statistics
--------
Total Instructions: 27912973132
Total Cycles: 39116520800
IPC: 0.713585

--------
Single level Tlb hierarchy
--------
  Data Tlb:
    Entries:          64
    Page Size(B):   4096
    Associativity:      4

Latencies:    0   50
Tlb-Sets:   16 - LRU - assoc:   4

Tlb Stats:
Tlb-Load-Hits:        7668975255  100.00%
Tlb-Load-Misses:          328328    0.00%
Tlb-Load-Accesses:    7669303583  100.00%

Tlb-Store-Hits:        2317356682  100.00%
Tlb-Store-Misses:           15593    0.00%
Tlb-Store-Accesses:    2317372275  100.00%

Tlb-Total-Hits:        9986331937  100.00%
Tlb-Total-Misses:          343921    0.00%
Tlb-Total-Accesses:    9986675858  100.00%



--------
Two level Cache hierarchy
--------
  L1-Data Cache:
    Size(KB):          32
    Block Size(B):     64
    Associativity:      8

  L2-Data Cache:
    Size(KB):        1024
    Block Size(B):    128
    Associativity:      8

Latencies:    1   10  150
L1-Sets:   64 - LRU - assoc:   8
L2-Sets: 1024 - LRU - assoc:   8
Store_allocation: Yes
L2_inclusive: Yes
L2_prefetching: Yes ( 64)

L1 Cache Stats:
L1-Load-Hits:        7603191451   99.14%
L1-Load-Misses:        66112132    0.86%
L1-Load-Accesses:    7669303583  100.00%

L1-Store-Hits:        2263522276   97.68%
L1-Store-Misses:        53849999    2.32%
L1-Store-Accesses:    2317372275  100.00%

L1-Total-Hits:        9866713727   98.80%
L1-Total-Misses:       119962131    1.20%
L1-Total-Accesses:    9986675858  100.00%

L2 Cache Stats:
L2-Load-Hits:          66112039  100.00%
L2-Load-Misses:              93    0.00%
L2-Load-Accesses:      66112132  100.00%

L2-Store-Hits:          53849729  100.00%
L2-Store-Misses:             270    0.00%
L2-Store-Accesses:      53849999  100.00%

L2-Total-Hits:         119961768  100.00%
L2-Total-Misses:             363    0.00%
L2-Total-Accesses:     119962131  100.00%

