--------
Total Statistics
--------
Total Instructions: 27912973132
Total Cycles: 39099200010
IPC: 0.713901

--------
Single level Tlb hierarchy
--------
  Data Tlb:
    Entries:          64
    Page Size(B):   4096
    Associativity:      4

Latencies:    0   50
Tlb-Sets:   16 - LRU - assoc:   4

Tlb Stats:
Tlb-Load-Hits:        7669295805  100.00%
Tlb-Load-Misses:            7778    0.00%
Tlb-Load-Accesses:    7669303583  100.00%

Tlb-Store-Hits:        2317371834  100.00%
Tlb-Store-Misses:             441    0.00%
Tlb-Store-Accesses:    2317372275  100.00%

Tlb-Total-Hits:        9986667639  100.00%
Tlb-Total-Misses:            8219    0.00%
Tlb-Total-Accesses:    9986675858  100.00%



--------
Two level Cache hierarchy
--------
  L1-Data Cache:
    Size(KB):          32
    Block Size(B):     64
    Associativity:      8

  L2-Data Cache:
    Size(KB):        1024
    Block Size(B):    128
    Associativity:      8

Latencies:    1   10  150
L1-Sets:   64 - LRU - assoc:   8
L2-Sets: 1024 - LRU - assoc:   8
Store_allocation: Yes
L2_inclusive: Yes
L2_prefetching: Yes (  4)

L1 Cache Stats:
L1-Load-Hits:        7603404662   99.14%
L1-Load-Misses:        65898921    0.86%
L1-Load-Accesses:    7669303583  100.00%

L1-Store-Hits:        2263401019   97.67%
L1-Store-Misses:        53971256    2.33%
L1-Store-Accesses:    2317372275  100.00%

L1-Total-Hits:        9866805681   98.80%
L1-Total-Misses:       119870177    1.20%
L1-Total-Accesses:    9986675858  100.00%

L2 Cache Stats:
L2-Load-Hits:          65898456  100.00%
L2-Load-Misses:             465    0.00%
L2-Load-Accesses:      65898921  100.00%

L2-Store-Hits:          53968799  100.00%
L2-Store-Misses:            2457    0.00%
L2-Store-Accesses:      53971256  100.00%

L2-Total-Hits:         119867255  100.00%
L2-Total-Misses:            2922    0.00%
L2-Total-Accesses:     119870177  100.00%

