--------
Total Statistics
--------
Total Instructions: 27912973166
Total Cycles: 39099469473
IPC: 0.713896

--------
Single level Tlb hierarchy
--------
  Data Tlb:
    Entries:          64
    Page Size(B):   4096
    Associativity:      4

Latencies:    0   50
Tlb-Sets:   16 - LRU - assoc:   4

Tlb Stats:
Tlb-Load-Hits:        7669281867  100.00%
Tlb-Load-Misses:           21730    0.00%
Tlb-Load-Accesses:    7669303597  100.00%

Tlb-Store-Hits:        2317371934  100.00%
Tlb-Store-Misses:             346    0.00%
Tlb-Store-Accesses:    2317372280  100.00%

Tlb-Total-Hits:        9986653801  100.00%
Tlb-Total-Misses:           22076    0.00%
Tlb-Total-Accesses:    9986675877  100.00%



--------
Two level Cache hierarchy
--------
  L1-Data Cache:
    Size(KB):          32
    Block Size(B):     64
    Associativity:      8

  L2-Data Cache:
    Size(KB):        1024
    Block Size(B):    128
    Associativity:      8

Latencies:    1   10  150
L1-Sets:   64 - LRU - assoc:   8
L2-Sets: 1024 - LRU - assoc:   8
Store_allocation: Yes
L2_inclusive: Yes
L2_prefetching: Yes ( 16)

L1 Cache Stats:
L1-Load-Hits:        7603403308   99.14%
L1-Load-Misses:        65900289    0.86%
L1-Load-Accesses:    7669303597  100.00%

L1-Store-Hits:        2263416671   97.67%
L1-Store-Misses:        53955609    2.33%
L1-Store-Accesses:    2317372280  100.00%

L1-Total-Hits:        9866819979   98.80%
L1-Total-Misses:       119855898    1.20%
L1-Total-Accesses:    9986675877  100.00%

L2 Cache Stats:
L2-Load-Hits:          65900086  100.00%
L2-Load-Misses:             203    0.00%
L2-Load-Accesses:      65900289  100.00%

L2-Store-Hits:          53954761  100.00%
L2-Store-Misses:             848    0.00%
L2-Store-Accesses:      53955609  100.00%

L2-Total-Hits:         119854847  100.00%
L2-Total-Misses:            1051    0.00%
L2-Total-Accesses:     119855898  100.00%

